[INFO ] 2019-01-09 09:26:19,768 [main] Logback logging API implementation is configured.
[WARN ] 2019-01-09 09:26:20,383 [main] Removing invalid lock 2532@DESKTOP-6MSIDIV
[INFO ] 2019-01-09 09:26:20,821 [main] FrameworkServlet 'openrdf-http-server': initialization completed in 2318 ms
[WARN ] 2019-01-09 09:43:31,799 [repositories/kiln] Removing invalid lock 272@NuovoAvalon
[INFO ] 2019-01-09 09:43:32,082 [repositories/kiln] POST transaction to repository
[WARN ] 2019-01-09 09:43:32,098 [repositories/kiln] Class org.apache.xerces.parsers.SAXParser not found
[INFO ] 2019-01-09 09:43:33,797 [repositories/kiln] POST data to repository
[INFO ] 2019-01-09 09:43:34,445 [repositories/kiln] no base URI specified, using dummy 'foo:bar'
[WARN ] 2019-01-09 09:43:34,492 [repositories/kiln] Class org.apache.xerces.parsers.SAXParser not found
[INFO ] 2019-01-09 09:43:34,774 [repositories/kiln] POST transaction to repository
[WARN ] 2019-01-09 09:43:34,774 [repositories/kiln] Class org.apache.xerces.parsers.SAXParser not found
[INFO ] 2019-01-09 09:43:35,305 [repositories/kiln] POST data to repository
[INFO ] 2019-01-09 09:43:35,305 [repositories/kiln] no base URI specified, using dummy 'foo:bar'
[WARN ] 2019-01-09 09:43:35,305 [repositories/kiln] Class org.apache.xerces.parsers.SAXParser not found
[INFO ] 2019-01-09 09:43:35,523 [repositories/kiln] POST transaction to repository
[WARN ] 2019-01-09 09:43:35,523 [repositories/kiln] Class org.apache.xerces.parsers.SAXParser not found
[INFO ] 2019-01-09 09:43:35,992 [repositories/kiln] POST data to repository
[INFO ] 2019-01-09 09:43:35,992 [repositories/kiln] no base URI specified, using dummy 'foo:bar'
[WARN ] 2019-01-09 09:43:35,992 [repositories/kiln] Class org.apache.xerces.parsers.SAXParser not found
[INFO ] 2019-01-09 09:43:36,195 [repositories/kiln] POST transaction to repository
[WARN ] 2019-01-09 09:43:36,195 [repositories/kiln] Class org.apache.xerces.parsers.SAXParser not found
[INFO ] 2019-01-09 09:43:36,578 [repositories/kiln] POST data to repository
[INFO ] 2019-01-09 09:43:36,578 [repositories/kiln] no base URI specified, using dummy 'foo:bar'
[WARN ] 2019-01-09 09:43:36,594 [repositories/kiln] Class org.apache.xerces.parsers.SAXParser not found
[INFO ] 2019-01-09 09:43:36,828 [repositories/kiln] POST transaction to repository
[WARN ] 2019-01-09 09:43:36,828 [repositories/kiln] Class org.apache.xerces.parsers.SAXParser not found
[INFO ] 2019-01-09 09:43:37,297 [repositories/kiln] POST data to repository
[INFO ] 2019-01-09 09:43:37,297 [repositories/kiln] no base URI specified, using dummy 'foo:bar'
[WARN ] 2019-01-09 09:43:37,297 [repositories/kiln] Class org.apache.xerces.parsers.SAXParser not found
[INFO ] 2019-01-09 09:43:50,595 [repositories/kiln] POST transaction to repository
[WARN ] 2019-01-09 09:43:50,595 [repositories/kiln] Class org.apache.xerces.parsers.SAXParser not found
[INFO ] 2019-01-09 09:43:52,579 [repositories/kiln] POST data to repository
[INFO ] 2019-01-09 09:43:52,579 [repositories/kiln] no base URI specified, using dummy 'foo:bar'
[WARN ] 2019-01-09 09:43:52,579 [repositories/kiln] Class org.apache.xerces.parsers.SAXParser not found
[INFO ] 2019-01-09 09:43:52,860 [repositories/kiln] POST transaction to repository
[WARN ] 2019-01-09 09:43:52,860 [repositories/kiln] Class org.apache.xerces.parsers.SAXParser not found
[INFO ] 2019-01-09 09:43:53,423 [repositories/kiln] POST data to repository
[INFO ] 2019-01-09 09:43:53,423 [repositories/kiln] no base URI specified, using dummy 'foo:bar'
[WARN ] 2019-01-09 09:43:53,423 [repositories/kiln] Class org.apache.xerces.parsers.SAXParser not found
[INFO ] 2019-01-09 09:43:53,735 [repositories/kiln] POST transaction to repository
[WARN ] 2019-01-09 09:43:53,735 [repositories/kiln] Class org.apache.xerces.parsers.SAXParser not found
[INFO ] 2019-01-09 09:43:54,766 [repositories/kiln] POST data to repository
[INFO ] 2019-01-09 09:43:54,766 [repositories/kiln] no base URI specified, using dummy 'foo:bar'
[WARN ] 2019-01-09 09:43:54,782 [repositories/kiln] Class org.apache.xerces.parsers.SAXParser not found
[INFO ] 2019-01-09 09:43:55,251 [repositories/kiln] POST transaction to repository
[WARN ] 2019-01-09 09:43:55,251 [repositories/kiln] Class org.apache.xerces.parsers.SAXParser not found
[INFO ] 2019-01-09 09:43:56,360 [repositories/kiln] POST data to repository
[INFO ] 2019-01-09 09:43:56,360 [repositories/kiln] no base URI specified, using dummy 'foo:bar'
[WARN ] 2019-01-09 09:43:56,360 [repositories/kiln] Class org.apache.xerces.parsers.SAXParser not found
[INFO ] 2019-01-09 09:43:56,610 [repositories/kiln] POST transaction to repository
[WARN ] 2019-01-09 09:43:56,610 [repositories/kiln] Class org.apache.xerces.parsers.SAXParser not found
[INFO ] 2019-01-09 09:43:57,484 [repositories/kiln] POST data to repository
[INFO ] 2019-01-09 09:43:57,484 [repositories/kiln] no base URI specified, using dummy 'foo:bar'
[WARN ] 2019-01-09 09:43:57,484 [repositories/kiln] Class org.apache.xerces.parsers.SAXParser not found
[INFO ] 2019-01-09 09:43:57,703 [repositories/kiln] POST transaction to repository
[WARN ] 2019-01-09 09:43:57,703 [repositories/kiln] Class org.apache.xerces.parsers.SAXParser not found
[INFO ] 2019-01-09 09:43:58,234 [repositories/kiln] POST data to repository
[INFO ] 2019-01-09 09:43:58,234 [repositories/kiln] no base URI specified, using dummy 'foo:bar'
[WARN ] 2019-01-09 09:43:58,234 [repositories/kiln] Class org.apache.xerces.parsers.SAXParser not found
[INFO ] 2019-01-09 09:43:58,453 [repositories/kiln] POST transaction to repository
[WARN ] 2019-01-09 09:43:58,453 [repositories/kiln] Class org.apache.xerces.parsers.SAXParser not found
[INFO ] 2019-01-09 09:43:59,874 [repositories/kiln] POST data to repository
[INFO ] 2019-01-09 09:43:59,874 [repositories/kiln] no base URI specified, using dummy 'foo:bar'
[WARN ] 2019-01-09 09:43:59,874 [repositories/kiln] Class org.apache.xerces.parsers.SAXParser not found
[INFO ] 2019-01-09 09:44:00,124 [repositories/kiln] POST transaction to repository
[WARN ] 2019-01-09 09:44:00,124 [repositories/kiln] Class org.apache.xerces.parsers.SAXParser not found
[INFO ] 2019-01-09 09:44:00,770 [repositories/kiln] POST data to repository
[INFO ] 2019-01-09 09:44:00,770 [repositories/kiln] no base URI specified, using dummy 'foo:bar'
[WARN ] 2019-01-09 09:44:00,770 [repositories/kiln] Class org.apache.xerces.parsers.SAXParser not found
[INFO ] 2019-01-09 09:44:00,958 [repositories/kiln] POST transaction to repository
[WARN ] 2019-01-09 09:44:00,958 [repositories/kiln] Class org.apache.xerces.parsers.SAXParser not found
[INFO ] 2019-01-09 09:44:02,176 [repositories/kiln] POST data to repository
[INFO ] 2019-01-09 09:44:02,176 [repositories/kiln] no base URI specified, using dummy 'foo:bar'
[WARN ] 2019-01-09 09:44:02,176 [repositories/kiln] Class org.apache.xerces.parsers.SAXParser not found
[INFO ] 2019-01-09 09:44:02,457 [repositories/kiln] POST transaction to repository
[WARN ] 2019-01-09 09:44:02,457 [repositories/kiln] Class org.apache.xerces.parsers.SAXParser not found
[INFO ] 2019-01-09 09:44:03,067 [repositories/kiln] POST data to repository
[INFO ] 2019-01-09 09:44:03,067 [repositories/kiln] no base URI specified, using dummy 'foo:bar'
[WARN ] 2019-01-09 09:44:03,067 [repositories/kiln] Class org.apache.xerces.parsers.SAXParser not found
[INFO ] 2019-01-09 09:44:03,348 [repositories/kiln] POST transaction to repository
[WARN ] 2019-01-09 09:44:03,348 [repositories/kiln] Class org.apache.xerces.parsers.SAXParser not found
[INFO ] 2019-01-09 09:44:04,395 [repositories/kiln] POST data to repository
[INFO ] 2019-01-09 09:44:04,395 [repositories/kiln] no base URI specified, using dummy 'foo:bar'
[WARN ] 2019-01-09 09:44:04,395 [repositories/kiln] Class org.apache.xerces.parsers.SAXParser not found
[INFO ] 2019-01-09 09:44:04,738 [repositories/kiln] POST transaction to repository
[WARN ] 2019-01-09 09:44:04,738 [repositories/kiln] Class org.apache.xerces.parsers.SAXParser not found
[INFO ] 2019-01-09 09:44:05,816 [repositories/kiln] POST data to repository
[INFO ] 2019-01-09 09:44:05,816 [repositories/kiln] no base URI specified, using dummy 'foo:bar'
[WARN ] 2019-01-09 09:44:05,816 [repositories/kiln] Class org.apache.xerces.parsers.SAXParser not found
[INFO ] 2019-01-09 09:44:06,019 [repositories/kiln] POST transaction to repository
[WARN ] 2019-01-09 09:44:06,019 [repositories/kiln] Class org.apache.xerces.parsers.SAXParser not found
[INFO ] 2019-01-09 09:44:06,831 [repositories/kiln] POST data to repository
[INFO ] 2019-01-09 09:44:06,831 [repositories/kiln] no base URI specified, using dummy 'foo:bar'
[WARN ] 2019-01-09 09:44:06,831 [repositories/kiln] Class org.apache.xerces.parsers.SAXParser not found
[INFO ] 2019-01-09 09:44:07,035 [repositories/kiln] POST transaction to repository
[WARN ] 2019-01-09 09:44:07,035 [repositories/kiln] Class org.apache.xerces.parsers.SAXParser not found
[INFO ] 2019-01-09 09:44:07,613 [repositories/kiln] POST data to repository
[INFO ] 2019-01-09 09:44:07,613 [repositories/kiln] no base URI specified, using dummy 'foo:bar'
[WARN ] 2019-01-09 09:44:07,613 [repositories/kiln] Class org.apache.xerces.parsers.SAXParser not found
[INFO ] 2019-01-09 09:44:08,269 [repositories/kiln] POST transaction to repository
[WARN ] 2019-01-09 09:44:08,269 [repositories/kiln] Class org.apache.xerces.parsers.SAXParser not found
[INFO ] 2019-01-09 09:44:09,206 [repositories/kiln] POST data to repository
[INFO ] 2019-01-09 09:44:09,206 [repositories/kiln] no base URI specified, using dummy 'foo:bar'
[WARN ] 2019-01-09 09:44:09,206 [repositories/kiln] Class org.apache.xerces.parsers.SAXParser not found
[INFO ] 2019-01-09 09:44:09,862 [repositories/kiln] POST transaction to repository
[WARN ] 2019-01-09 09:44:09,862 [repositories/kiln] Class org.apache.xerces.parsers.SAXParser not found
[INFO ] 2019-01-09 09:44:10,377 [repositories/kiln] POST data to repository
[INFO ] 2019-01-09 09:44:10,377 [repositories/kiln] no base URI specified, using dummy 'foo:bar'
[WARN ] 2019-01-09 09:44:10,377 [repositories/kiln] Class org.apache.xerces.parsers.SAXParser not found
[INFO ] 2019-01-09 09:44:10,581 [repositories/kiln] POST transaction to repository
[WARN ] 2019-01-09 09:44:10,581 [repositories/kiln] Class org.apache.xerces.parsers.SAXParser not found
[INFO ] 2019-01-09 09:44:11,330 [repositories/kiln] POST data to repository
[INFO ] 2019-01-09 09:44:11,330 [repositories/kiln] no base URI specified, using dummy 'foo:bar'
[WARN ] 2019-01-09 09:44:11,330 [repositories/kiln] Class org.apache.xerces.parsers.SAXParser not found
[INFO ] 2019-01-09 09:44:11,674 [repositories/kiln] POST transaction to repository
[WARN ] 2019-01-09 09:44:11,674 [repositories/kiln] Class org.apache.xerces.parsers.SAXParser not found
[INFO ] 2019-01-09 09:44:11,862 [repositories/kiln] POST data to repository
[INFO ] 2019-01-09 09:44:11,862 [repositories/kiln] no base URI specified, using dummy 'foo:bar'
[WARN ] 2019-01-09 09:44:11,862 [repositories/kiln] Class org.apache.xerces.parsers.SAXParser not found
[ERROR] 2019-01-09 09:44:12,174 [repositories/kiln] [Rio fatal] Fin prématurée du fichier. (1, 39)
[INFO ] 2019-01-09 09:44:12,174 [repositories/kiln] Client sent bad request (400): MALFORMED DATA: Fin prématurée du fichier. [line 1, column 39]
[INFO ] 2019-01-09 09:44:12,236 [repositories/kiln] POST transaction to repository
[WARN ] 2019-01-09 09:44:12,252 [repositories/kiln] Class org.apache.xerces.parsers.SAXParser not found
[WARN ] 2019-01-09 09:44:12,268 [repositories/kiln] Rolling back transaction due to connection close
java.lang.Throwable: null
	at org.openrdf.sail.helpers.SailConnectionBase.close(SailConnectionBase.java:240)
	at org.openrdf.sail.helpers.SailConnectionWrapper.close(SailConnectionWrapper.java:88)
	at org.openrdf.sail.helpers.SailConnectionWrapper.close(SailConnectionWrapper.java:88)
	at org.openrdf.repository.sail.SailRepositoryConnection.close(SailRepositoryConnection.java:129)
	at org.openrdf.http.server.repository.RepositoryInterceptor.cleanUpResources(RepositoryInterceptor.java:150)
	at org.openrdf.http.server.ServerInterceptor.afterCompletion(ServerInterceptor.java:55)
	at org.openrdf.http.server.ServerInterceptor$$FastClassByCGLIB$$966e62ef.invoke(<generated>)
	at net.sf.cglib.proxy.MethodProxy.invoke(MethodProxy.java:191)
	at org.springframework.aop.framework.Cglib2AopProxy$CglibMethodInvocation.invokeJoinpoint(Cglib2AopProxy.java:700)
	at org.springframework.aop.framework.ReflectiveMethodInvocation.proceed(ReflectiveMethodInvocation.java:149)
	at org.springframework.aop.support.DelegatingIntroductionInterceptor.doProceed(DelegatingIntroductionInterceptor.java:131)
	at org.springframework.aop.support.DelegatingIntroductionInterceptor.invoke(DelegatingIntroductionInterceptor.java:119)
	at org.springframework.aop.framework.ReflectiveMethodInvocation.proceed(ReflectiveMethodInvocation.java:171)
	at org.springframework.aop.framework.Cglib2AopProxy$DynamicAdvisedInterceptor.intercept(Cglib2AopProxy.java:635)
	at org.openrdf.http.server.repository.RepositoryInterceptor$$EnhancerByCGLIB$$41dab463.afterCompletion(<generated>)
	at org.springframework.web.servlet.DispatcherServlet.triggerAfterCompletion(DispatcherServlet.java:1244)
	at org.springframework.web.servlet.DispatcherServlet.doDispatch(DispatcherServlet.java:915)
	at org.springframework.web.servlet.DispatcherServlet.doService(DispatcherServlet.java:807)
	at org.springframework.web.servlet.FrameworkServlet.processRequest(FrameworkServlet.java:571)
	at org.springframework.web.servlet.FrameworkServlet.doPost(FrameworkServlet.java:511)
	at javax.servlet.http.HttpServlet.service(HttpServlet.java:755)
	at javax.servlet.http.HttpServlet.service(HttpServlet.java:848)
	at org.eclipse.jetty.servlet.ServletHolder.handle(ServletHolder.java:698)
	at org.eclipse.jetty.servlet.ServletHandler.doHandle(ServletHandler.java:505)
	at org.eclipse.jetty.server.handler.ScopedHandler.handle(ScopedHandler.java:138)
	at org.eclipse.jetty.security.SecurityHandler.handle(SecurityHandler.java:564)
	at org.eclipse.jetty.server.session.SessionHandler.doHandle(SessionHandler.java:213)
	at org.eclipse.jetty.server.handler.ContextHandler.doHandle(ContextHandler.java:1094)
	at org.eclipse.jetty.servlet.ServletHandler.doScope(ServletHandler.java:432)
	at org.eclipse.jetty.server.session.SessionHandler.doScope(SessionHandler.java:175)
	at org.eclipse.jetty.server.handler.ContextHandler.doScope(ContextHandler.java:1028)
	at org.eclipse.jetty.server.handler.ScopedHandler.handle(ScopedHandler.java:136)
	at org.eclipse.jetty.server.handler.ContextHandlerCollection.handle(ContextHandlerCollection.java:258)
	at org.eclipse.jetty.server.handler.HandlerCollection.handle(HandlerCollection.java:109)
	at org.eclipse.jetty.server.handler.HandlerWrapper.handle(HandlerWrapper.java:97)
	at org.eclipse.jetty.server.Server.handle(Server.java:445)
	at org.eclipse.jetty.server.HttpChannel.handle(HttpChannel.java:267)
	at org.eclipse.jetty.server.HttpConnection.onFillable(HttpConnection.java:224)
	at org.eclipse.jetty.io.AbstractConnection$ReadCallback.run(AbstractConnection.java:358)
	at org.eclipse.jetty.util.thread.QueuedThreadPool.runJob(QueuedThreadPool.java:601)
	at org.eclipse.jetty.util.thread.QueuedThreadPool$3.run(QueuedThreadPool.java:532)
	at java.lang.Thread.run(Unknown Source)
[INFO ] 2019-01-09 09:44:12,674 [repositories/kiln] POST data to repository
[INFO ] 2019-01-09 09:44:12,674 [repositories/kiln] no base URI specified, using dummy 'foo:bar'
[WARN ] 2019-01-09 09:44:12,674 [repositories/kiln] Class org.apache.xerces.parsers.SAXParser not found
[INFO ] 2019-01-09 09:44:12,955 [repositories/kiln] POST transaction to repository
[WARN ] 2019-01-09 09:44:12,955 [repositories/kiln] Class org.apache.xerces.parsers.SAXParser not found
[INFO ] 2019-01-09 09:44:13,330 [repositories/kiln] POST data to repository
[INFO ] 2019-01-09 09:44:13,330 [repositories/kiln] no base URI specified, using dummy 'foo:bar'
[WARN ] 2019-01-09 09:44:13,330 [repositories/kiln] Class org.apache.xerces.parsers.SAXParser not found
[INFO ] 2019-01-09 09:44:13,549 [repositories/kiln] POST transaction to repository
[WARN ] 2019-01-09 09:44:13,549 [repositories/kiln] Class org.apache.xerces.parsers.SAXParser not found
[INFO ] 2019-01-09 09:44:13,955 [repositories/kiln] POST data to repository
[INFO ] 2019-01-09 09:44:13,955 [repositories/kiln] no base URI specified, using dummy 'foo:bar'
[WARN ] 2019-01-09 09:44:13,955 [repositories/kiln] Class org.apache.xerces.parsers.SAXParser not found
[INFO ] 2019-01-09 09:44:14,173 [repositories/kiln] POST transaction to repository
[WARN ] 2019-01-09 09:44:14,173 [repositories/kiln] Class org.apache.xerces.parsers.SAXParser not found
[INFO ] 2019-01-09 09:44:14,548 [repositories/kiln] POST data to repository
[INFO ] 2019-01-09 09:44:14,548 [repositories/kiln] no base URI specified, using dummy 'foo:bar'
[WARN ] 2019-01-09 09:44:14,548 [repositories/kiln] Class org.apache.xerces.parsers.SAXParser not found
[INFO ] 2019-01-09 09:44:14,814 [repositories/kiln] POST transaction to repository
[WARN ] 2019-01-09 09:44:14,814 [repositories/kiln] Class org.apache.xerces.parsers.SAXParser not found
[INFO ] 2019-01-09 09:44:15,173 [repositories/kiln] POST data to repository
[INFO ] 2019-01-09 09:44:15,173 [repositories/kiln] no base URI specified, using dummy 'foo:bar'
[WARN ] 2019-01-09 09:44:15,173 [repositories/kiln] Class org.apache.xerces.parsers.SAXParser not found
[INFO ] 2019-01-09 09:44:15,423 [repositories/kiln] POST transaction to repository
[WARN ] 2019-01-09 09:44:15,423 [repositories/kiln] Class org.apache.xerces.parsers.SAXParser not found
[INFO ] 2019-01-09 09:44:15,814 [repositories/kiln] POST data to repository
[INFO ] 2019-01-09 09:44:15,814 [repositories/kiln] no base URI specified, using dummy 'foo:bar'
[WARN ] 2019-01-09 09:44:15,814 [repositories/kiln] Class org.apache.xerces.parsers.SAXParser not found
[INFO ] 2019-01-09 09:44:16,048 [repositories/kiln] POST transaction to repository
[WARN ] 2019-01-09 09:44:16,048 [repositories/kiln] Class org.apache.xerces.parsers.SAXParser not found
[INFO ] 2019-01-09 09:44:16,392 [repositories/kiln] POST data to repository
[INFO ] 2019-01-09 09:44:16,392 [repositories/kiln] no base URI specified, using dummy 'foo:bar'
[WARN ] 2019-01-09 09:44:16,392 [repositories/kiln] Class org.apache.xerces.parsers.SAXParser not found
[INFO ] 2019-01-09 09:44:16,626 [repositories/kiln] POST transaction to repository
[WARN ] 2019-01-09 09:44:16,626 [repositories/kiln] Class org.apache.xerces.parsers.SAXParser not found
[INFO ] 2019-01-09 09:44:16,970 [repositories/kiln] POST data to repository
[INFO ] 2019-01-09 09:44:16,970 [repositories/kiln] no base URI specified, using dummy 'foo:bar'
[WARN ] 2019-01-09 09:44:16,970 [repositories/kiln] Class org.apache.xerces.parsers.SAXParser not found
[INFO ] 2019-01-09 09:44:17,173 [repositories/kiln] POST transaction to repository
[WARN ] 2019-01-09 09:44:17,173 [repositories/kiln] Class org.apache.xerces.parsers.SAXParser not found
[INFO ] 2019-01-09 09:44:17,579 [repositories/kiln] POST data to repository
[INFO ] 2019-01-09 09:44:17,579 [repositories/kiln] no base URI specified, using dummy 'foo:bar'
[WARN ] 2019-01-09 09:44:17,579 [repositories/kiln] Class org.apache.xerces.parsers.SAXParser not found
[INFO ] 2019-01-09 09:44:17,782 [repositories/kiln] POST transaction to repository
[WARN ] 2019-01-09 09:44:17,782 [repositories/kiln] Class org.apache.xerces.parsers.SAXParser not found
[INFO ] 2019-01-09 09:44:18,204 [repositories/kiln] POST data to repository
[INFO ] 2019-01-09 09:44:18,204 [repositories/kiln] no base URI specified, using dummy 'foo:bar'
[WARN ] 2019-01-09 09:44:18,204 [repositories/kiln] Class org.apache.xerces.parsers.SAXParser not found
[INFO ] 2019-01-09 09:44:18,407 [repositories/kiln] POST transaction to repository
[WARN ] 2019-01-09 09:44:18,407 [repositories/kiln] Class org.apache.xerces.parsers.SAXParser not found
[INFO ] 2019-01-09 09:44:18,766 [repositories/kiln] POST data to repository
[INFO ] 2019-01-09 09:44:18,766 [repositories/kiln] no base URI specified, using dummy 'foo:bar'
[WARN ] 2019-01-09 09:44:18,782 [repositories/kiln] Class org.apache.xerces.parsers.SAXParser not found
[INFO ] 2019-01-09 09:44:18,969 [repositories/kiln] POST transaction to repository
[WARN ] 2019-01-09 09:44:18,969 [repositories/kiln] Class org.apache.xerces.parsers.SAXParser not found
[INFO ] 2019-01-09 09:44:19,422 [repositories/kiln] POST data to repository
[INFO ] 2019-01-09 09:44:19,422 [repositories/kiln] no base URI specified, using dummy 'foo:bar'
[WARN ] 2019-01-09 09:44:19,422 [repositories/kiln] Class org.apache.xerces.parsers.SAXParser not found
[INFO ] 2019-01-09 09:44:19,688 [repositories/kiln] POST transaction to repository
[WARN ] 2019-01-09 09:44:19,688 [repositories/kiln] Class org.apache.xerces.parsers.SAXParser not found
[INFO ] 2019-01-09 09:44:19,703 [repositories/kiln] POST data to repository
[INFO ] 2019-01-09 09:44:19,703 [repositories/kiln] no base URI specified, using dummy 'foo:bar'
[WARN ] 2019-01-09 09:44:19,703 [repositories/kiln] Class org.apache.xerces.parsers.SAXParser not found
[INFO ] 2019-01-09 09:44:19,719 [repositories/kiln] POST transaction to repository
[WARN ] 2019-01-09 09:44:19,719 [repositories/kiln] Class org.apache.xerces.parsers.SAXParser not found
[INFO ] 2019-01-09 09:44:19,766 [repositories/kiln] POST data to repository
[INFO ] 2019-01-09 09:44:19,766 [repositories/kiln] no base URI specified, using dummy 'foo:bar'
[WARN ] 2019-01-09 09:44:19,766 [repositories/kiln] Class org.apache.xerces.parsers.SAXParser not found
[INFO ] 2019-01-09 09:44:19,782 [repositories/kiln] POST transaction to repository
[WARN ] 2019-01-09 09:44:19,782 [repositories/kiln] Class org.apache.xerces.parsers.SAXParser not found
[INFO ] 2019-01-09 09:44:19,813 [repositories/kiln] POST data to repository
[INFO ] 2019-01-09 09:44:19,813 [repositories/kiln] no base URI specified, using dummy 'foo:bar'
[WARN ] 2019-01-09 09:44:19,813 [repositories/kiln] Class org.apache.xerces.parsers.SAXParser not found
[INFO ] 2019-01-09 09:44:19,828 [repositories/kiln] POST transaction to repository
[WARN ] 2019-01-09 09:44:19,828 [repositories/kiln] Class org.apache.xerces.parsers.SAXParser not found
[INFO ] 2019-01-09 09:44:19,860 [repositories/kiln] POST data to repository
[INFO ] 2019-01-09 09:44:19,860 [repositories/kiln] no base URI specified, using dummy 'foo:bar'
[WARN ] 2019-01-09 09:44:19,860 [repositories/kiln] Class org.apache.xerces.parsers.SAXParser not found
[INFO ] 2019-01-09 09:44:19,875 [repositories/kiln] POST transaction to repository
[WARN ] 2019-01-09 09:44:19,875 [repositories/kiln] Class org.apache.xerces.parsers.SAXParser not found
[INFO ] 2019-01-09 09:44:19,907 [repositories/kiln] POST data to repository
[INFO ] 2019-01-09 09:44:19,907 [repositories/kiln] no base URI specified, using dummy 'foo:bar'
[WARN ] 2019-01-09 09:44:19,907 [repositories/kiln] Class org.apache.xerces.parsers.SAXParser not found
[INFO ] 2019-01-09 09:44:19,922 [repositories/kiln] POST transaction to repository
[WARN ] 2019-01-09 09:44:19,922 [repositories/kiln] Class org.apache.xerces.parsers.SAXParser not found
[INFO ] 2019-01-09 09:44:19,969 [repositories/kiln] POST data to repository
[INFO ] 2019-01-09 09:44:19,969 [repositories/kiln] no base URI specified, using dummy 'foo:bar'
[WARN ] 2019-01-09 09:44:19,969 [repositories/kiln] Class org.apache.xerces.parsers.SAXParser not found
[INFO ] 2019-01-09 09:44:19,985 [repositories/kiln] POST transaction to repository
[WARN ] 2019-01-09 09:44:19,985 [repositories/kiln] Class org.apache.xerces.parsers.SAXParser not found
[INFO ] 2019-01-09 09:44:20,016 [repositories/kiln] POST data to repository
[INFO ] 2019-01-09 09:44:20,016 [repositories/kiln] no base URI specified, using dummy 'foo:bar'
[WARN ] 2019-01-09 09:44:20,016 [repositories/kiln] Class org.apache.xerces.parsers.SAXParser not found
[INFO ] 2019-01-09 09:44:20,031 [repositories/kiln] POST transaction to repository
[WARN ] 2019-01-09 09:44:20,031 [repositories/kiln] Class org.apache.xerces.parsers.SAXParser not found
[INFO ] 2019-01-09 09:44:20,078 [repositories/kiln] POST data to repository
[INFO ] 2019-01-09 09:44:20,078 [repositories/kiln] no base URI specified, using dummy 'foo:bar'
[WARN ] 2019-01-09 09:44:20,078 [repositories/kiln] Class org.apache.xerces.parsers.SAXParser not found
[INFO ] 2019-01-09 09:44:20,094 [repositories/kiln] POST transaction to repository
[WARN ] 2019-01-09 09:44:20,094 [repositories/kiln] Class org.apache.xerces.parsers.SAXParser not found
[INFO ] 2019-01-09 09:44:20,110 [repositories/kiln] POST data to repository
[INFO ] 2019-01-09 09:44:20,110 [repositories/kiln] no base URI specified, using dummy 'foo:bar'
[WARN ] 2019-01-09 09:44:20,110 [repositories/kiln] Class org.apache.xerces.parsers.SAXParser not found
[INFO ] 2019-01-09 09:44:20,125 [repositories/kiln] POST transaction to repository
[WARN ] 2019-01-09 09:44:20,125 [repositories/kiln] Class org.apache.xerces.parsers.SAXParser not found
[INFO ] 2019-01-09 09:44:20,156 [repositories/kiln] POST data to repository
[INFO ] 2019-01-09 09:44:20,156 [repositories/kiln] no base URI specified, using dummy 'foo:bar'
[WARN ] 2019-01-09 09:44:20,156 [repositories/kiln] Class org.apache.xerces.parsers.SAXParser not found
[INFO ] 2019-01-09 09:44:20,172 [repositories/kiln] POST transaction to repository
[WARN ] 2019-01-09 09:44:20,188 [repositories/kiln] Class org.apache.xerces.parsers.SAXParser not found
[INFO ] 2019-01-09 09:44:20,203 [repositories/kiln] POST data to repository
[INFO ] 2019-01-09 09:44:20,203 [repositories/kiln] no base URI specified, using dummy 'foo:bar'
[WARN ] 2019-01-09 09:44:20,203 [repositories/kiln] Class org.apache.xerces.parsers.SAXParser not found
[INFO ] 2019-01-09 09:44:20,219 [repositories/kiln] POST transaction to repository
[WARN ] 2019-01-09 09:44:20,219 [repositories/kiln] Class org.apache.xerces.parsers.SAXParser not found
[INFO ] 2019-01-09 09:44:20,235 [repositories/kiln] POST data to repository
[INFO ] 2019-01-09 09:44:20,235 [repositories/kiln] no base URI specified, using dummy 'foo:bar'
[WARN ] 2019-01-09 09:44:20,235 [repositories/kiln] Class org.apache.xerces.parsers.SAXParser not found
[INFO ] 2019-01-09 09:44:20,266 [repositories/kiln] POST transaction to repository
[WARN ] 2019-01-09 09:44:20,266 [repositories/kiln] Class org.apache.xerces.parsers.SAXParser not found
[INFO ] 2019-01-09 09:44:20,297 [repositories/kiln] POST data to repository
[INFO ] 2019-01-09 09:44:20,297 [repositories/kiln] no base URI specified, using dummy 'foo:bar'
[WARN ] 2019-01-09 09:44:20,297 [repositories/kiln] Class org.apache.xerces.parsers.SAXParser not found
[INFO ] 2019-01-09 09:44:20,328 [repositories/kiln] POST transaction to repository
[WARN ] 2019-01-09 09:44:20,328 [repositories/kiln] Class org.apache.xerces.parsers.SAXParser not found
[INFO ] 2019-01-09 09:44:20,344 [repositories/kiln] POST data to repository
[INFO ] 2019-01-09 09:44:20,344 [repositories/kiln] no base URI specified, using dummy 'foo:bar'
[WARN ] 2019-01-09 09:44:20,344 [repositories/kiln] Class org.apache.xerces.parsers.SAXParser not found
[INFO ] 2019-01-09 09:44:20,360 [repositories/kiln] POST transaction to repository
[WARN ] 2019-01-09 09:44:20,360 [repositories/kiln] Class org.apache.xerces.parsers.SAXParser not found
[INFO ] 2019-01-09 09:44:20,406 [repositories/kiln] POST data to repository
[INFO ] 2019-01-09 09:44:20,406 [repositories/kiln] no base URI specified, using dummy 'foo:bar'
[WARN ] 2019-01-09 09:44:20,406 [repositories/kiln] Class org.apache.xerces.parsers.SAXParser not found
[INFO ] 2019-01-09 09:44:20,422 [repositories/kiln] POST transaction to repository
[WARN ] 2019-01-09 09:44:20,422 [repositories/kiln] Class org.apache.xerces.parsers.SAXParser not found
[INFO ] 2019-01-09 09:44:20,453 [repositories/kiln] POST data to repository
[INFO ] 2019-01-09 09:44:20,453 [repositories/kiln] no base URI specified, using dummy 'foo:bar'
[WARN ] 2019-01-09 09:44:20,453 [repositories/kiln] Class org.apache.xerces.parsers.SAXParser not found
[INFO ] 2019-01-09 09:44:20,469 [repositories/kiln] POST transaction to repository
[WARN ] 2019-01-09 09:44:20,484 [repositories/kiln] Class org.apache.xerces.parsers.SAXParser not found
[INFO ] 2019-01-09 09:44:20,531 [repositories/kiln] POST data to repository
[INFO ] 2019-01-09 09:44:20,531 [repositories/kiln] no base URI specified, using dummy 'foo:bar'
[WARN ] 2019-01-09 09:44:20,531 [repositories/kiln] Class org.apache.xerces.parsers.SAXParser not found
[INFO ] 2019-01-09 09:44:20,547 [repositories/kiln] POST transaction to repository
[WARN ] 2019-01-09 09:44:20,547 [repositories/kiln] Class org.apache.xerces.parsers.SAXParser not found
[INFO ] 2019-01-09 09:44:20,578 [repositories/kiln] POST data to repository
[INFO ] 2019-01-09 09:44:20,578 [repositories/kiln] no base URI specified, using dummy 'foo:bar'
[WARN ] 2019-01-09 09:44:20,578 [repositories/kiln] Class org.apache.xerces.parsers.SAXParser not found
[INFO ] 2019-01-09 09:44:20,594 [repositories/kiln] POST transaction to repository
[WARN ] 2019-01-09 09:44:20,594 [repositories/kiln] Class org.apache.xerces.parsers.SAXParser not found
[INFO ] 2019-01-09 09:44:20,625 [repositories/kiln] POST data to repository
[INFO ] 2019-01-09 09:44:20,625 [repositories/kiln] no base URI specified, using dummy 'foo:bar'
[WARN ] 2019-01-09 09:44:20,625 [repositories/kiln] Class org.apache.xerces.parsers.SAXParser not found
[INFO ] 2019-01-09 09:44:20,641 [repositories/kiln] POST transaction to repository
[WARN ] 2019-01-09 09:44:20,641 [repositories/kiln] Class org.apache.xerces.parsers.SAXParser not found
[INFO ] 2019-01-09 09:44:20,672 [repositories/kiln] POST data to repository
[INFO ] 2019-01-09 09:44:20,672 [repositories/kiln] no base URI specified, using dummy 'foo:bar'
[WARN ] 2019-01-09 09:44:20,672 [repositories/kiln] Class org.apache.xerces.parsers.SAXParser not found
[INFO ] 2019-01-09 09:44:20,688 [repositories/kiln] POST transaction to repository
[WARN ] 2019-01-09 09:44:20,688 [repositories/kiln] Class org.apache.xerces.parsers.SAXParser not found
[INFO ] 2019-01-09 09:44:20,719 [repositories/kiln] POST data to repository
[INFO ] 2019-01-09 09:44:20,719 [repositories/kiln] no base URI specified, using dummy 'foo:bar'
[WARN ] 2019-01-09 09:44:20,719 [repositories/kiln] Class org.apache.xerces.parsers.SAXParser not found
[INFO ] 2019-01-09 09:44:20,734 [repositories/kiln] POST transaction to repository
[WARN ] 2019-01-09 09:44:20,734 [repositories/kiln] Class org.apache.xerces.parsers.SAXParser not found
[INFO ] 2019-01-09 09:44:20,750 [repositories/kiln] POST data to repository
[INFO ] 2019-01-09 09:44:20,750 [repositories/kiln] no base URI specified, using dummy 'foo:bar'
[WARN ] 2019-01-09 09:44:20,750 [repositories/kiln] Class org.apache.xerces.parsers.SAXParser not found
[INFO ] 2019-01-09 09:44:20,781 [repositories/kiln] POST transaction to repository
[WARN ] 2019-01-09 09:44:20,781 [repositories/kiln] Class org.apache.xerces.parsers.SAXParser not found
[INFO ] 2019-01-09 09:44:20,797 [repositories/kiln] POST data to repository
[INFO ] 2019-01-09 09:44:20,797 [repositories/kiln] no base URI specified, using dummy 'foo:bar'
[WARN ] 2019-01-09 09:44:20,797 [repositories/kiln] Class org.apache.xerces.parsers.SAXParser not found
[INFO ] 2019-01-09 09:44:20,813 [repositories/kiln] POST transaction to repository
[WARN ] 2019-01-09 09:44:20,813 [repositories/kiln] Class org.apache.xerces.parsers.SAXParser not found
[INFO ] 2019-01-09 09:44:21,203 [repositories/kiln] POST data to repository
[INFO ] 2019-01-09 09:44:21,203 [repositories/kiln] no base URI specified, using dummy 'foo:bar'
[WARN ] 2019-01-09 09:44:21,203 [repositories/kiln] Class org.apache.xerces.parsers.SAXParser not found
[INFO ] 2019-01-09 09:46:01,942 [repositories/kiln] POST query -1227659729
[INFO ] 2019-01-09 09:46:02,910 [repositories/kiln] Request for query -1227659729 is finished
[INFO ] 2019-01-09 09:46:15,994 [repositories/kiln] POST query -1227659729
[INFO ] 2019-01-09 09:46:16,072 [repositories/kiln] Request for query -1227659729 is finished
[INFO ] 2019-01-09 09:46:48,508 [repositories/kiln] POST query -1227659729
[INFO ] 2019-01-09 09:46:48,586 [repositories/kiln] Request for query -1227659729 is finished
[INFO ] 2019-01-09 09:46:56,575 [repositories/kiln] POST query -1227659729
[INFO ] 2019-01-09 09:46:57,135 [repositories/kiln] Request for query -1227659729 is finished
[INFO ] 2019-01-09 09:47:14,339 [repositories/kiln] POST query -1227659729
[INFO ] 2019-01-09 09:47:14,401 [repositories/kiln] Request for query -1227659729 is finished
[INFO ] 2019-01-09 10:03:18,994 [repositories/kiln] POST query -1227659729
[INFO ] 2019-01-09 10:03:19,057 [repositories/kiln] Request for query -1227659729 is finished
[INFO ] 2019-01-09 10:19:24,411 [repositories/kiln] POST transaction to repository
[WARN ] 2019-01-09 10:19:24,411 [repositories/kiln] Class org.apache.xerces.parsers.SAXParser not found
[INFO ] 2019-01-09 10:19:24,905 [repositories/kiln] POST data to repository
[INFO ] 2019-01-09 10:19:24,905 [repositories/kiln] no base URI specified, using dummy 'foo:bar'
[WARN ] 2019-01-09 10:19:24,905 [repositories/kiln] Class org.apache.xerces.parsers.SAXParser not found
[INFO ] 2019-01-09 10:19:25,124 [repositories/kiln] POST transaction to repository
[WARN ] 2019-01-09 10:19:25,124 [repositories/kiln] Class org.apache.xerces.parsers.SAXParser not found
[INFO ] 2019-01-09 10:19:25,483 [repositories/kiln] POST data to repository
[INFO ] 2019-01-09 10:19:25,483 [repositories/kiln] no base URI specified, using dummy 'foo:bar'
[WARN ] 2019-01-09 10:19:25,483 [repositories/kiln] Class org.apache.xerces.parsers.SAXParser not found
[INFO ] 2019-01-09 10:19:25,702 [repositories/kiln] POST transaction to repository
[WARN ] 2019-01-09 10:19:25,702 [repositories/kiln] Class org.apache.xerces.parsers.SAXParser not found
[INFO ] 2019-01-09 10:19:26,046 [repositories/kiln] POST data to repository
[INFO ] 2019-01-09 10:19:26,046 [repositories/kiln] no base URI specified, using dummy 'foo:bar'
[WARN ] 2019-01-09 10:19:26,046 [repositories/kiln] Class org.apache.xerces.parsers.SAXParser not found
[INFO ] 2019-01-09 10:19:26,233 [repositories/kiln] POST transaction to repository
[WARN ] 2019-01-09 10:19:26,233 [repositories/kiln] Class org.apache.xerces.parsers.SAXParser not found
[INFO ] 2019-01-09 10:19:26,546 [repositories/kiln] POST data to repository
[INFO ] 2019-01-09 10:19:26,546 [repositories/kiln] no base URI specified, using dummy 'foo:bar'
[WARN ] 2019-01-09 10:19:26,546 [repositories/kiln] Class org.apache.xerces.parsers.SAXParser not found
[INFO ] 2019-01-09 10:19:26,764 [repositories/kiln] POST transaction to repository
[WARN ] 2019-01-09 10:19:26,764 [repositories/kiln] Class org.apache.xerces.parsers.SAXParser not found
[INFO ] 2019-01-09 10:19:27,077 [repositories/kiln] POST data to repository
[INFO ] 2019-01-09 10:19:27,077 [repositories/kiln] no base URI specified, using dummy 'foo:bar'
[WARN ] 2019-01-09 10:19:27,077 [repositories/kiln] Class org.apache.xerces.parsers.SAXParser not found
[INFO ] 2019-01-09 10:19:27,280 [repositories/kiln] POST transaction to repository
[WARN ] 2019-01-09 10:19:27,295 [repositories/kiln] Class org.apache.xerces.parsers.SAXParser not found
[INFO ] 2019-01-09 10:19:27,592 [repositories/kiln] POST data to repository
[INFO ] 2019-01-09 10:19:27,592 [repositories/kiln] no base URI specified, using dummy 'foo:bar'
[WARN ] 2019-01-09 10:19:27,592 [repositories/kiln] Class org.apache.xerces.parsers.SAXParser not found
[INFO ] 2019-01-09 10:19:27,811 [repositories/kiln] POST transaction to repository
[WARN ] 2019-01-09 10:19:27,811 [repositories/kiln] Class org.apache.xerces.parsers.SAXParser not found
[INFO ] 2019-01-09 10:19:28,170 [repositories/kiln] POST data to repository
[INFO ] 2019-01-09 10:19:28,170 [repositories/kiln] no base URI specified, using dummy 'foo:bar'
[WARN ] 2019-01-09 10:19:28,170 [repositories/kiln] Class org.apache.xerces.parsers.SAXParser not found
[INFO ] 2019-01-09 10:19:28,342 [repositories/kiln] POST transaction to repository
[WARN ] 2019-01-09 10:19:28,342 [repositories/kiln] Class org.apache.xerces.parsers.SAXParser not found
[INFO ] 2019-01-09 10:19:28,670 [repositories/kiln] POST data to repository
[INFO ] 2019-01-09 10:19:28,670 [repositories/kiln] no base URI specified, using dummy 'foo:bar'
[WARN ] 2019-01-09 10:19:28,670 [repositories/kiln] Class org.apache.xerces.parsers.SAXParser not found
[INFO ] 2019-01-09 10:19:28,858 [repositories/kiln] POST transaction to repository
[WARN ] 2019-01-09 10:19:28,873 [repositories/kiln] Class org.apache.xerces.parsers.SAXParser not found
[INFO ] 2019-01-09 10:19:29,217 [repositories/kiln] POST data to repository
[INFO ] 2019-01-09 10:19:29,217 [repositories/kiln] no base URI specified, using dummy 'foo:bar'
[WARN ] 2019-01-09 10:19:29,217 [repositories/kiln] Class org.apache.xerces.parsers.SAXParser not found
[INFO ] 2019-01-09 10:19:29,389 [repositories/kiln] POST transaction to repository
[WARN ] 2019-01-09 10:19:29,389 [repositories/kiln] Class org.apache.xerces.parsers.SAXParser not found
[INFO ] 2019-01-09 10:19:29,701 [repositories/kiln] POST data to repository
[INFO ] 2019-01-09 10:19:29,701 [repositories/kiln] no base URI specified, using dummy 'foo:bar'
[WARN ] 2019-01-09 10:19:29,701 [repositories/kiln] Class org.apache.xerces.parsers.SAXParser not found
[INFO ] 2019-01-09 10:19:29,920 [repositories/kiln] POST transaction to repository
[WARN ] 2019-01-09 10:19:29,920 [repositories/kiln] Class org.apache.xerces.parsers.SAXParser not found
[INFO ] 2019-01-09 10:19:30,248 [repositories/kiln] POST data to repository
[INFO ] 2019-01-09 10:19:30,248 [repositories/kiln] no base URI specified, using dummy 'foo:bar'
[WARN ] 2019-01-09 10:19:30,248 [repositories/kiln] Class org.apache.xerces.parsers.SAXParser not found
[INFO ] 2019-01-09 10:19:30,435 [repositories/kiln] POST transaction to repository
[WARN ] 2019-01-09 10:19:30,435 [repositories/kiln] Class org.apache.xerces.parsers.SAXParser not found
[INFO ] 2019-01-09 10:19:30,795 [repositories/kiln] POST data to repository
[INFO ] 2019-01-09 10:19:30,795 [repositories/kiln] no base URI specified, using dummy 'foo:bar'
[WARN ] 2019-01-09 10:19:30,795 [repositories/kiln] Class org.apache.xerces.parsers.SAXParser not found
[INFO ] 2019-01-09 10:19:30,982 [repositories/kiln] POST transaction to repository
[WARN ] 2019-01-09 10:19:30,998 [repositories/kiln] Class org.apache.xerces.parsers.SAXParser not found
[INFO ] 2019-01-09 10:19:31,341 [repositories/kiln] POST data to repository
[INFO ] 2019-01-09 10:19:31,341 [repositories/kiln] no base URI specified, using dummy 'foo:bar'
[WARN ] 2019-01-09 10:19:31,341 [repositories/kiln] Class org.apache.xerces.parsers.SAXParser not found
[INFO ] 2019-01-09 10:19:31,544 [repositories/kiln] POST transaction to repository
[WARN ] 2019-01-09 10:19:31,544 [repositories/kiln] Class org.apache.xerces.parsers.SAXParser not found
[INFO ] 2019-01-09 10:19:31,888 [repositories/kiln] POST data to repository
[INFO ] 2019-01-09 10:19:31,888 [repositories/kiln] no base URI specified, using dummy 'foo:bar'
[WARN ] 2019-01-09 10:19:31,888 [repositories/kiln] Class org.apache.xerces.parsers.SAXParser not found
[INFO ] 2019-01-09 10:19:32,138 [repositories/kiln] POST transaction to repository
[WARN ] 2019-01-09 10:19:32,138 [repositories/kiln] Class org.apache.xerces.parsers.SAXParser not found
[INFO ] 2019-01-09 10:19:32,513 [repositories/kiln] POST data to repository
[INFO ] 2019-01-09 10:19:32,513 [repositories/kiln] no base URI specified, using dummy 'foo:bar'
[WARN ] 2019-01-09 10:19:32,513 [repositories/kiln] Class org.apache.xerces.parsers.SAXParser not found
[INFO ] 2019-01-09 10:19:32,716 [repositories/kiln] POST transaction to repository
[WARN ] 2019-01-09 10:19:32,732 [repositories/kiln] Class org.apache.xerces.parsers.SAXParser not found
[INFO ] 2019-01-09 10:19:33,044 [repositories/kiln] POST data to repository
[INFO ] 2019-01-09 10:19:33,044 [repositories/kiln] no base URI specified, using dummy 'foo:bar'
[WARN ] 2019-01-09 10:19:33,044 [repositories/kiln] Class org.apache.xerces.parsers.SAXParser not found
[INFO ] 2019-01-09 10:19:33,232 [repositories/kiln] POST transaction to repository
[WARN ] 2019-01-09 10:19:33,232 [repositories/kiln] Class org.apache.xerces.parsers.SAXParser not found
[INFO ] 2019-01-09 10:19:33,575 [repositories/kiln] POST data to repository
[INFO ] 2019-01-09 10:19:33,575 [repositories/kiln] no base URI specified, using dummy 'foo:bar'
[WARN ] 2019-01-09 10:19:33,575 [repositories/kiln] Class org.apache.xerces.parsers.SAXParser not found
[INFO ] 2019-01-09 10:19:33,763 [repositories/kiln] POST transaction to repository
[WARN ] 2019-01-09 10:19:33,763 [repositories/kiln] Class org.apache.xerces.parsers.SAXParser not found
[INFO ] 2019-01-09 10:19:34,106 [repositories/kiln] POST data to repository
[INFO ] 2019-01-09 10:19:34,106 [repositories/kiln] no base URI specified, using dummy 'foo:bar'
[WARN ] 2019-01-09 10:19:34,122 [repositories/kiln] Class org.apache.xerces.parsers.SAXParser not found
[INFO ] 2019-01-09 10:19:34,309 [repositories/kiln] POST transaction to repository
[WARN ] 2019-01-09 10:19:34,309 [repositories/kiln] Class org.apache.xerces.parsers.SAXParser not found
[INFO ] 2019-01-09 10:19:34,638 [repositories/kiln] POST data to repository
[INFO ] 2019-01-09 10:19:34,638 [repositories/kiln] no base URI specified, using dummy 'foo:bar'
[WARN ] 2019-01-09 10:19:34,638 [repositories/kiln] Class org.apache.xerces.parsers.SAXParser not found
[INFO ] 2019-01-09 10:19:34,825 [repositories/kiln] POST transaction to repository
[WARN ] 2019-01-09 10:19:34,825 [repositories/kiln] Class org.apache.xerces.parsers.SAXParser not found
[INFO ] 2019-01-09 10:19:35,137 [repositories/kiln] POST data to repository
[INFO ] 2019-01-09 10:19:35,153 [repositories/kiln] no base URI specified, using dummy 'foo:bar'
[WARN ] 2019-01-09 10:19:35,153 [repositories/kiln] Class org.apache.xerces.parsers.SAXParser not found
[INFO ] 2019-01-09 10:19:35,356 [repositories/kiln] POST transaction to repository
[WARN ] 2019-01-09 10:19:35,356 [repositories/kiln] Class org.apache.xerces.parsers.SAXParser not found
[INFO ] 2019-01-09 10:19:35,669 [repositories/kiln] POST data to repository
[INFO ] 2019-01-09 10:19:35,669 [repositories/kiln] no base URI specified, using dummy 'foo:bar'
[WARN ] 2019-01-09 10:19:35,669 [repositories/kiln] Class org.apache.xerces.parsers.SAXParser not found
[INFO ] 2019-01-09 10:19:35,856 [repositories/kiln] POST transaction to repository
[WARN ] 2019-01-09 10:19:35,872 [repositories/kiln] Class org.apache.xerces.parsers.SAXParser not found
[INFO ] 2019-01-09 10:19:36,215 [repositories/kiln] POST data to repository
[INFO ] 2019-01-09 10:19:36,215 [repositories/kiln] no base URI specified, using dummy 'foo:bar'
[WARN ] 2019-01-09 10:19:36,215 [repositories/kiln] Class org.apache.xerces.parsers.SAXParser not found
[INFO ] 2019-01-09 10:19:36,403 [repositories/kiln] POST transaction to repository
[WARN ] 2019-01-09 10:19:36,403 [repositories/kiln] Class org.apache.xerces.parsers.SAXParser not found
[INFO ] 2019-01-09 10:19:36,403 [repositories/kiln] POST data to repository
[INFO ] 2019-01-09 10:19:36,403 [repositories/kiln] no base URI specified, using dummy 'foo:bar'
[WARN ] 2019-01-09 10:19:36,403 [repositories/kiln] Class org.apache.xerces.parsers.SAXParser not found
[ERROR] 2019-01-09 10:19:36,450 [repositories/kiln] [Rio fatal] Fin prématurée du fichier. (1, 39)
[INFO ] 2019-01-09 10:19:36,450 [repositories/kiln] Client sent bad request (400): MALFORMED DATA: Fin prématurée du fichier. [line 1, column 39]
[WARN ] 2019-01-09 10:19:36,450 [repositories/kiln] Rolling back transaction due to connection close
java.lang.Throwable: null
	at org.openrdf.sail.helpers.SailConnectionBase.close(SailConnectionBase.java:240)
	at org.openrdf.sail.helpers.SailConnectionWrapper.close(SailConnectionWrapper.java:88)
	at org.openrdf.sail.helpers.SailConnectionWrapper.close(SailConnectionWrapper.java:88)
	at org.openrdf.repository.sail.SailRepositoryConnection.close(SailRepositoryConnection.java:129)
	at org.openrdf.http.server.repository.RepositoryInterceptor.cleanUpResources(RepositoryInterceptor.java:150)
	at org.openrdf.http.server.ServerInterceptor.afterCompletion(ServerInterceptor.java:55)
	at org.openrdf.http.server.ServerInterceptor$$FastClassByCGLIB$$966e62ef.invoke(<generated>)
	at net.sf.cglib.proxy.MethodProxy.invoke(MethodProxy.java:191)
	at org.springframework.aop.framework.Cglib2AopProxy$CglibMethodInvocation.invokeJoinpoint(Cglib2AopProxy.java:700)
	at org.springframework.aop.framework.ReflectiveMethodInvocation.proceed(ReflectiveMethodInvocation.java:149)
	at org.springframework.aop.support.DelegatingIntroductionInterceptor.doProceed(DelegatingIntroductionInterceptor.java:131)
	at org.springframework.aop.support.DelegatingIntroductionInterceptor.invoke(DelegatingIntroductionInterceptor.java:119)
	at org.springframework.aop.framework.ReflectiveMethodInvocation.proceed(ReflectiveMethodInvocation.java:171)
	at org.springframework.aop.framework.Cglib2AopProxy$DynamicAdvisedInterceptor.intercept(Cglib2AopProxy.java:635)
	at org.openrdf.http.server.repository.RepositoryInterceptor$$EnhancerByCGLIB$$41dab463.afterCompletion(<generated>)
	at org.springframework.web.servlet.DispatcherServlet.triggerAfterCompletion(DispatcherServlet.java:1244)
	at org.springframework.web.servlet.DispatcherServlet.doDispatch(DispatcherServlet.java:915)
	at org.springframework.web.servlet.DispatcherServlet.doService(DispatcherServlet.java:807)
	at org.springframework.web.servlet.FrameworkServlet.processRequest(FrameworkServlet.java:571)
	at org.springframework.web.servlet.FrameworkServlet.doPost(FrameworkServlet.java:511)
	at javax.servlet.http.HttpServlet.service(HttpServlet.java:755)
	at javax.servlet.http.HttpServlet.service(HttpServlet.java:848)
	at org.eclipse.jetty.servlet.ServletHolder.handle(ServletHolder.java:698)
	at org.eclipse.jetty.servlet.ServletHandler.doHandle(ServletHandler.java:505)
	at org.eclipse.jetty.server.handler.ScopedHandler.handle(ScopedHandler.java:138)
	at org.eclipse.jetty.security.SecurityHandler.handle(SecurityHandler.java:564)
	at org.eclipse.jetty.server.session.SessionHandler.doHandle(SessionHandler.java:213)
	at org.eclipse.jetty.server.handler.ContextHandler.doHandle(ContextHandler.java:1094)
	at org.eclipse.jetty.servlet.ServletHandler.doScope(ServletHandler.java:432)
	at org.eclipse.jetty.server.session.SessionHandler.doScope(SessionHandler.java:175)
	at org.eclipse.jetty.server.handler.ContextHandler.doScope(ContextHandler.java:1028)
	at org.eclipse.jetty.server.handler.ScopedHandler.handle(ScopedHandler.java:136)
	at org.eclipse.jetty.server.handler.ContextHandlerCollection.handle(ContextHandlerCollection.java:258)
	at org.eclipse.jetty.server.handler.HandlerCollection.handle(HandlerCollection.java:109)
	at org.eclipse.jetty.server.handler.HandlerWrapper.handle(HandlerWrapper.java:97)
	at org.eclipse.jetty.server.Server.handle(Server.java:445)
	at org.eclipse.jetty.server.HttpChannel.handle(HttpChannel.java:267)
	at org.eclipse.jetty.server.HttpConnection.onFillable(HttpConnection.java:224)
	at org.eclipse.jetty.io.AbstractConnection$ReadCallback.run(AbstractConnection.java:358)
	at org.eclipse.jetty.util.thread.QueuedThreadPool.runJob(QueuedThreadPool.java:601)
	at org.eclipse.jetty.util.thread.QueuedThreadPool$3.run(QueuedThreadPool.java:532)
	at java.lang.Thread.run(Unknown Source)
[INFO ] 2019-01-09 10:19:36,481 [repositories/kiln] POST transaction to repository
[WARN ] 2019-01-09 10:19:36,481 [repositories/kiln] Class org.apache.xerces.parsers.SAXParser not found
[INFO ] 2019-01-09 10:19:36,809 [repositories/kiln] POST data to repository
[INFO ] 2019-01-09 10:19:36,809 [repositories/kiln] no base URI specified, using dummy 'foo:bar'
[WARN ] 2019-01-09 10:19:36,809 [repositories/kiln] Class org.apache.xerces.parsers.SAXParser not found
[INFO ] 2019-01-09 10:19:37,012 [repositories/kiln] POST transaction to repository
[WARN ] 2019-01-09 10:19:37,012 [repositories/kiln] Class org.apache.xerces.parsers.SAXParser not found
[INFO ] 2019-01-09 10:19:37,340 [repositories/kiln] POST data to repository
[INFO ] 2019-01-09 10:19:37,340 [repositories/kiln] no base URI specified, using dummy 'foo:bar'
[WARN ] 2019-01-09 10:19:37,340 [repositories/kiln] Class org.apache.xerces.parsers.SAXParser not found
[INFO ] 2019-01-09 10:19:37,543 [repositories/kiln] POST transaction to repository
[WARN ] 2019-01-09 10:19:37,543 [repositories/kiln] Class org.apache.xerces.parsers.SAXParser not found
[INFO ] 2019-01-09 10:19:37,856 [repositories/kiln] POST data to repository
[INFO ] 2019-01-09 10:19:37,856 [repositories/kiln] no base URI specified, using dummy 'foo:bar'
[WARN ] 2019-01-09 10:19:37,856 [repositories/kiln] Class org.apache.xerces.parsers.SAXParser not found
[INFO ] 2019-01-09 10:19:38,527 [repositories/kiln] POST transaction to repository
[WARN ] 2019-01-09 10:19:38,527 [repositories/kiln] Class org.apache.xerces.parsers.SAXParser not found
[INFO ] 2019-01-09 10:19:38,824 [repositories/kiln] POST data to repository
[INFO ] 2019-01-09 10:19:38,824 [repositories/kiln] no base URI specified, using dummy 'foo:bar'
[WARN ] 2019-01-09 10:19:38,824 [repositories/kiln] Class org.apache.xerces.parsers.SAXParser not found
[INFO ] 2019-01-09 10:19:39,011 [repositories/kiln] POST transaction to repository
[WARN ] 2019-01-09 10:19:39,011 [repositories/kiln] Class org.apache.xerces.parsers.SAXParser not found
[INFO ] 2019-01-09 10:19:39,355 [repositories/kiln] POST data to repository
[INFO ] 2019-01-09 10:19:39,355 [repositories/kiln] no base URI specified, using dummy 'foo:bar'
[WARN ] 2019-01-09 10:19:39,355 [repositories/kiln] Class org.apache.xerces.parsers.SAXParser not found
[INFO ] 2019-01-09 10:19:39,589 [repositories/kiln] POST transaction to repository
[WARN ] 2019-01-09 10:19:39,589 [repositories/kiln] Class org.apache.xerces.parsers.SAXParser not found
[INFO ] 2019-01-09 10:19:39,933 [repositories/kiln] POST data to repository
[INFO ] 2019-01-09 10:19:39,933 [repositories/kiln] no base URI specified, using dummy 'foo:bar'
[WARN ] 2019-01-09 10:19:39,933 [repositories/kiln] Class org.apache.xerces.parsers.SAXParser not found
[INFO ] 2019-01-09 10:19:40,121 [repositories/kiln] POST transaction to repository
[WARN ] 2019-01-09 10:19:40,121 [repositories/kiln] Class org.apache.xerces.parsers.SAXParser not found
[INFO ] 2019-01-09 10:19:40,464 [repositories/kiln] POST data to repository
[INFO ] 2019-01-09 10:19:40,464 [repositories/kiln] no base URI specified, using dummy 'foo:bar'
[WARN ] 2019-01-09 10:19:40,464 [repositories/kiln] Class org.apache.xerces.parsers.SAXParser not found
[INFO ] 2019-01-09 10:19:40,652 [repositories/kiln] POST transaction to repository
[WARN ] 2019-01-09 10:19:40,652 [repositories/kiln] Class org.apache.xerces.parsers.SAXParser not found
[INFO ] 2019-01-09 10:19:40,964 [repositories/kiln] POST data to repository
[INFO ] 2019-01-09 10:19:40,964 [repositories/kiln] no base URI specified, using dummy 'foo:bar'
[WARN ] 2019-01-09 10:19:40,964 [repositories/kiln] Class org.apache.xerces.parsers.SAXParser not found
[INFO ] 2019-01-09 10:19:41,183 [repositories/kiln] POST transaction to repository
[WARN ] 2019-01-09 10:19:41,183 [repositories/kiln] Class org.apache.xerces.parsers.SAXParser not found
[INFO ] 2019-01-09 10:19:41,511 [repositories/kiln] POST data to repository
[INFO ] 2019-01-09 10:19:41,511 [repositories/kiln] no base URI specified, using dummy 'foo:bar'
[WARN ] 2019-01-09 10:19:41,511 [repositories/kiln] Class org.apache.xerces.parsers.SAXParser not found
[INFO ] 2019-01-09 10:19:41,683 [repositories/kiln] POST transaction to repository
[WARN ] 2019-01-09 10:19:41,683 [repositories/kiln] Class org.apache.xerces.parsers.SAXParser not found
[INFO ] 2019-01-09 10:19:42,167 [repositories/kiln] POST data to repository
[INFO ] 2019-01-09 10:19:42,167 [repositories/kiln] no base URI specified, using dummy 'foo:bar'
[WARN ] 2019-01-09 10:19:42,167 [repositories/kiln] Class org.apache.xerces.parsers.SAXParser not found
[INFO ] 2019-01-09 10:19:42,354 [repositories/kiln] POST transaction to repository
[WARN ] 2019-01-09 10:19:42,354 [repositories/kiln] Class org.apache.xerces.parsers.SAXParser not found
[INFO ] 2019-01-09 10:19:42,714 [repositories/kiln] POST data to repository
[INFO ] 2019-01-09 10:19:42,714 [repositories/kiln] no base URI specified, using dummy 'foo:bar'
[WARN ] 2019-01-09 10:19:42,714 [repositories/kiln] Class org.apache.xerces.parsers.SAXParser not found
[INFO ] 2019-01-09 10:19:42,917 [repositories/kiln] POST transaction to repository
[WARN ] 2019-01-09 10:19:42,917 [repositories/kiln] Class org.apache.xerces.parsers.SAXParser not found
[INFO ] 2019-01-09 10:19:43,261 [repositories/kiln] POST data to repository
[INFO ] 2019-01-09 10:19:43,261 [repositories/kiln] no base URI specified, using dummy 'foo:bar'
[WARN ] 2019-01-09 10:19:43,261 [repositories/kiln] Class org.apache.xerces.parsers.SAXParser not found
[INFO ] 2019-01-09 10:19:43,448 [repositories/kiln] POST transaction to repository
[WARN ] 2019-01-09 10:19:43,448 [repositories/kiln] Class org.apache.xerces.parsers.SAXParser not found
[INFO ] 2019-01-09 10:19:43,448 [repositories/kiln] POST data to repository
[INFO ] 2019-01-09 10:19:43,448 [repositories/kiln] no base URI specified, using dummy 'foo:bar'
[WARN ] 2019-01-09 10:19:43,448 [repositories/kiln] Class org.apache.xerces.parsers.SAXParser not found
[INFO ] 2019-01-09 10:19:43,464 [repositories/kiln] POST transaction to repository
[WARN ] 2019-01-09 10:19:43,464 [repositories/kiln] Class org.apache.xerces.parsers.SAXParser not found
[INFO ] 2019-01-09 10:19:43,479 [repositories/kiln] POST data to repository
[INFO ] 2019-01-09 10:19:43,479 [repositories/kiln] no base URI specified, using dummy 'foo:bar'
[WARN ] 2019-01-09 10:19:43,479 [repositories/kiln] Class org.apache.xerces.parsers.SAXParser not found
[INFO ] 2019-01-09 10:19:43,495 [repositories/kiln] POST transaction to repository
[WARN ] 2019-01-09 10:19:43,495 [repositories/kiln] Class org.apache.xerces.parsers.SAXParser not found
[INFO ] 2019-01-09 10:19:43,510 [repositories/kiln] POST data to repository
[INFO ] 2019-01-09 10:19:43,510 [repositories/kiln] no base URI specified, using dummy 'foo:bar'
[WARN ] 2019-01-09 10:19:43,510 [repositories/kiln] Class org.apache.xerces.parsers.SAXParser not found
[INFO ] 2019-01-09 10:19:43,526 [repositories/kiln] POST transaction to repository
[WARN ] 2019-01-09 10:19:43,526 [repositories/kiln] Class org.apache.xerces.parsers.SAXParser not found
[INFO ] 2019-01-09 10:19:43,526 [repositories/kiln] POST data to repository
[INFO ] 2019-01-09 10:19:43,526 [repositories/kiln] no base URI specified, using dummy 'foo:bar'
[WARN ] 2019-01-09 10:19:43,526 [repositories/kiln] Class org.apache.xerces.parsers.SAXParser not found
[INFO ] 2019-01-09 10:19:43,557 [repositories/kiln] POST transaction to repository
[WARN ] 2019-01-09 10:19:43,557 [repositories/kiln] Class org.apache.xerces.parsers.SAXParser not found
[INFO ] 2019-01-09 10:19:43,635 [repositories/kiln] POST data to repository
[INFO ] 2019-01-09 10:19:43,635 [repositories/kiln] no base URI specified, using dummy 'foo:bar'
[WARN ] 2019-01-09 10:19:43,635 [repositories/kiln] Class org.apache.xerces.parsers.SAXParser not found
[INFO ] 2019-01-09 10:19:43,651 [repositories/kiln] POST transaction to repository
[WARN ] 2019-01-09 10:19:43,651 [repositories/kiln] Class org.apache.xerces.parsers.SAXParser not found
[INFO ] 2019-01-09 10:19:43,667 [repositories/kiln] POST data to repository
[INFO ] 2019-01-09 10:19:43,667 [repositories/kiln] no base URI specified, using dummy 'foo:bar'
[WARN ] 2019-01-09 10:19:43,667 [repositories/kiln] Class org.apache.xerces.parsers.SAXParser not found
[INFO ] 2019-01-09 10:19:43,682 [repositories/kiln] POST transaction to repository
[WARN ] 2019-01-09 10:19:43,682 [repositories/kiln] Class org.apache.xerces.parsers.SAXParser not found
[INFO ] 2019-01-09 10:19:43,698 [repositories/kiln] POST data to repository
[INFO ] 2019-01-09 10:19:43,698 [repositories/kiln] no base URI specified, using dummy 'foo:bar'
[WARN ] 2019-01-09 10:19:43,698 [repositories/kiln] Class org.apache.xerces.parsers.SAXParser not found
[INFO ] 2019-01-09 10:19:43,713 [repositories/kiln] POST transaction to repository
[WARN ] 2019-01-09 10:19:43,713 [repositories/kiln] Class org.apache.xerces.parsers.SAXParser not found
[INFO ] 2019-01-09 10:19:43,729 [repositories/kiln] POST data to repository
[INFO ] 2019-01-09 10:19:43,729 [repositories/kiln] no base URI specified, using dummy 'foo:bar'
[WARN ] 2019-01-09 10:19:43,729 [repositories/kiln] Class org.apache.xerces.parsers.SAXParser not found
[INFO ] 2019-01-09 10:19:43,745 [repositories/kiln] POST transaction to repository
[WARN ] 2019-01-09 10:19:43,745 [repositories/kiln] Class org.apache.xerces.parsers.SAXParser not found
[INFO ] 2019-01-09 10:19:43,745 [repositories/kiln] POST data to repository
[INFO ] 2019-01-09 10:19:43,745 [repositories/kiln] no base URI specified, using dummy 'foo:bar'
[WARN ] 2019-01-09 10:19:43,745 [repositories/kiln] Class org.apache.xerces.parsers.SAXParser not found
[INFO ] 2019-01-09 10:19:43,760 [repositories/kiln] POST transaction to repository
[WARN ] 2019-01-09 10:19:43,760 [repositories/kiln] Class org.apache.xerces.parsers.SAXParser not found
[INFO ] 2019-01-09 10:19:43,776 [repositories/kiln] POST data to repository
[INFO ] 2019-01-09 10:19:43,776 [repositories/kiln] no base URI specified, using dummy 'foo:bar'
[WARN ] 2019-01-09 10:19:43,776 [repositories/kiln] Class org.apache.xerces.parsers.SAXParser not found
[INFO ] 2019-01-09 10:19:43,792 [repositories/kiln] POST transaction to repository
[WARN ] 2019-01-09 10:19:43,792 [repositories/kiln] Class org.apache.xerces.parsers.SAXParser not found
[INFO ] 2019-01-09 10:19:43,792 [repositories/kiln] POST data to repository
[INFO ] 2019-01-09 10:19:43,792 [repositories/kiln] no base URI specified, using dummy 'foo:bar'
[WARN ] 2019-01-09 10:19:43,792 [repositories/kiln] Class org.apache.xerces.parsers.SAXParser not found
[INFO ] 2019-01-09 10:19:43,807 [repositories/kiln] POST transaction to repository
[WARN ] 2019-01-09 10:19:43,823 [repositories/kiln] Class org.apache.xerces.parsers.SAXParser not found
[INFO ] 2019-01-09 10:19:43,823 [repositories/kiln] POST data to repository
[INFO ] 2019-01-09 10:19:43,823 [repositories/kiln] no base URI specified, using dummy 'foo:bar'
[WARN ] 2019-01-09 10:19:43,823 [repositories/kiln] Class org.apache.xerces.parsers.SAXParser not found
[INFO ] 2019-01-09 10:19:43,838 [repositories/kiln] POST transaction to repository
[WARN ] 2019-01-09 10:19:43,838 [repositories/kiln] Class org.apache.xerces.parsers.SAXParser not found
[INFO ] 2019-01-09 10:19:43,854 [repositories/kiln] POST data to repository
[INFO ] 2019-01-09 10:19:43,854 [repositories/kiln] no base URI specified, using dummy 'foo:bar'
[WARN ] 2019-01-09 10:19:43,854 [repositories/kiln] Class org.apache.xerces.parsers.SAXParser not found
[INFO ] 2019-01-09 10:19:43,870 [repositories/kiln] POST transaction to repository
[WARN ] 2019-01-09 10:19:43,870 [repositories/kiln] Class org.apache.xerces.parsers.SAXParser not found
[INFO ] 2019-01-09 10:19:43,870 [repositories/kiln] POST data to repository
[INFO ] 2019-01-09 10:19:43,870 [repositories/kiln] no base URI specified, using dummy 'foo:bar'
[WARN ] 2019-01-09 10:19:43,870 [repositories/kiln] Class org.apache.xerces.parsers.SAXParser not found
[INFO ] 2019-01-09 10:19:43,901 [repositories/kiln] POST transaction to repository
[WARN ] 2019-01-09 10:19:43,901 [repositories/kiln] Class org.apache.xerces.parsers.SAXParser not found
[INFO ] 2019-01-09 10:19:43,901 [repositories/kiln] POST data to repository
[INFO ] 2019-01-09 10:19:43,901 [repositories/kiln] no base URI specified, using dummy 'foo:bar'
[WARN ] 2019-01-09 10:19:43,901 [repositories/kiln] Class org.apache.xerces.parsers.SAXParser not found
[INFO ] 2019-01-09 10:19:43,917 [repositories/kiln] POST transaction to repository
[WARN ] 2019-01-09 10:19:43,917 [repositories/kiln] Class org.apache.xerces.parsers.SAXParser not found
[INFO ] 2019-01-09 10:19:43,932 [repositories/kiln] POST data to repository
[INFO ] 2019-01-09 10:19:43,932 [repositories/kiln] no base URI specified, using dummy 'foo:bar'
[WARN ] 2019-01-09 10:19:43,932 [repositories/kiln] Class org.apache.xerces.parsers.SAXParser not found
[INFO ] 2019-01-09 10:19:43,948 [repositories/kiln] POST transaction to repository
[WARN ] 2019-01-09 10:19:43,948 [repositories/kiln] Class org.apache.xerces.parsers.SAXParser not found
[INFO ] 2019-01-09 10:19:43,963 [repositories/kiln] POST data to repository
[INFO ] 2019-01-09 10:19:43,963 [repositories/kiln] no base URI specified, using dummy 'foo:bar'
[WARN ] 2019-01-09 10:19:43,963 [repositories/kiln] Class org.apache.xerces.parsers.SAXParser not found
[INFO ] 2019-01-09 10:19:43,979 [repositories/kiln] POST transaction to repository
[WARN ] 2019-01-09 10:19:43,979 [repositories/kiln] Class org.apache.xerces.parsers.SAXParser not found
[INFO ] 2019-01-09 10:19:43,979 [repositories/kiln] POST data to repository
[INFO ] 2019-01-09 10:19:43,979 [repositories/kiln] no base URI specified, using dummy 'foo:bar'
[WARN ] 2019-01-09 10:19:43,979 [repositories/kiln] Class org.apache.xerces.parsers.SAXParser not found
[INFO ] 2019-01-09 10:19:43,995 [repositories/kiln] POST transaction to repository
[WARN ] 2019-01-09 10:19:43,995 [repositories/kiln] Class org.apache.xerces.parsers.SAXParser not found
[INFO ] 2019-01-09 10:19:44,010 [repositories/kiln] POST data to repository
[INFO ] 2019-01-09 10:19:44,010 [repositories/kiln] no base URI specified, using dummy 'foo:bar'
[WARN ] 2019-01-09 10:19:44,010 [repositories/kiln] Class org.apache.xerces.parsers.SAXParser not found
[INFO ] 2019-01-09 10:19:44,026 [repositories/kiln] POST transaction to repository
[WARN ] 2019-01-09 10:19:44,026 [repositories/kiln] Class org.apache.xerces.parsers.SAXParser not found
[INFO ] 2019-01-09 10:19:44,026 [repositories/kiln] POST data to repository
[INFO ] 2019-01-09 10:19:44,026 [repositories/kiln] no base URI specified, using dummy 'foo:bar'
[WARN ] 2019-01-09 10:19:44,026 [repositories/kiln] Class org.apache.xerces.parsers.SAXParser not found
[INFO ] 2019-01-09 10:19:44,042 [repositories/kiln] POST transaction to repository
[WARN ] 2019-01-09 10:19:44,042 [repositories/kiln] Class org.apache.xerces.parsers.SAXParser not found
[INFO ] 2019-01-09 10:19:44,042 [repositories/kiln] POST data to repository
[INFO ] 2019-01-09 10:19:44,042 [repositories/kiln] no base URI specified, using dummy 'foo:bar'
[WARN ] 2019-01-09 10:19:44,042 [repositories/kiln] Class org.apache.xerces.parsers.SAXParser not found
[INFO ] 2019-01-09 10:19:44,057 [repositories/kiln] POST transaction to repository
[WARN ] 2019-01-09 10:19:44,057 [repositories/kiln] Class org.apache.xerces.parsers.SAXParser not found
[INFO ] 2019-01-09 10:19:44,260 [repositories/kiln] POST data to repository
[INFO ] 2019-01-09 10:19:44,260 [repositories/kiln] no base URI specified, using dummy 'foo:bar'
[WARN ] 2019-01-09 10:19:44,260 [repositories/kiln] Class org.apache.xerces.parsers.SAXParser not found
[INFO ] 2019-01-09 10:19:44,276 [repositories/kiln] POST transaction to repository
[WARN ] 2019-01-09 10:19:44,276 [repositories/kiln] Class org.apache.xerces.parsers.SAXParser not found
[INFO ] 2019-01-09 10:19:44,291 [repositories/kiln] POST data to repository
[INFO ] 2019-01-09 10:19:44,291 [repositories/kiln] no base URI specified, using dummy 'foo:bar'
[WARN ] 2019-01-09 10:19:44,291 [repositories/kiln] Class org.apache.xerces.parsers.SAXParser not found
[INFO ] 2019-01-09 10:19:44,307 [repositories/kiln] POST transaction to repository
[WARN ] 2019-01-09 10:19:44,307 [repositories/kiln] Class org.apache.xerces.parsers.SAXParser not found
[INFO ] 2019-01-09 10:19:44,323 [repositories/kiln] POST data to repository
[INFO ] 2019-01-09 10:19:44,323 [repositories/kiln] no base URI specified, using dummy 'foo:bar'
[WARN ] 2019-01-09 10:19:44,323 [repositories/kiln] Class org.apache.xerces.parsers.SAXParser not found
[INFO ] 2019-01-09 10:19:44,338 [repositories/kiln] POST transaction to repository
[WARN ] 2019-01-09 10:19:44,338 [repositories/kiln] Class org.apache.xerces.parsers.SAXParser not found
[INFO ] 2019-01-09 10:19:44,698 [repositories/kiln] POST data to repository
[INFO ] 2019-01-09 10:19:44,698 [repositories/kiln] no base URI specified, using dummy 'foo:bar'
[WARN ] 2019-01-09 10:19:44,698 [repositories/kiln] Class org.apache.xerces.parsers.SAXParser not found
[INFO ] 2019-01-09 10:31:53,840 [repositories/kiln] POST query -1227659729
[INFO ] 2019-01-09 10:31:53,899 [repositories/kiln] Request for query -1227659729 is finished
[INFO ] 2019-01-09 10:32:08,354 [repositories/kiln] POST query -1227659729
[INFO ] 2019-01-09 10:32:08,401 [repositories/kiln] Request for query -1227659729 is finished
[INFO ] 2019-01-09 10:32:17,390 [repositories/kiln] POST query -1227659729
[INFO ] 2019-01-09 10:32:17,432 [repositories/kiln] Request for query -1227659729 is finished
[INFO ] 2019-01-09 10:32:25,528 [repositories/kiln] POST query -1227659729
[INFO ] 2019-01-09 10:32:25,577 [repositories/kiln] Request for query -1227659729 is finished
[INFO ] 2019-01-09 10:32:44,431 [repositories/kiln] POST query -1227659729
[INFO ] 2019-01-09 10:32:44,494 [repositories/kiln] Request for query -1227659729 is finished
[INFO ] 2019-01-09 10:34:01,073 [repositories/kiln] POST query -1227659729
[INFO ] 2019-01-09 10:34:01,113 [repositories/kiln] Request for query -1227659729 is finished
[INFO ] 2019-01-09 10:34:43,870 [repositories/kiln] POST query -1227659729
[INFO ] 2019-01-09 10:34:43,891 [repositories/kiln] Request for query -1227659729 is finished
[INFO ] 2019-01-09 10:36:30,509 [repositories/kiln] POST query -1227659729
[INFO ] 2019-01-09 10:36:30,540 [repositories/kiln] Request for query -1227659729 is finished
[INFO ] 2019-01-09 10:55:56,339 [repositories/kiln] POST transaction to repository
[WARN ] 2019-01-09 10:55:56,339 [repositories/kiln] Class org.apache.xerces.parsers.SAXParser not found
[INFO ] 2019-01-09 10:55:56,634 [repositories/kiln] POST data to repository
[INFO ] 2019-01-09 10:55:56,634 [repositories/kiln] no base URI specified, using dummy 'foo:bar'
[WARN ] 2019-01-09 10:55:56,634 [repositories/kiln] Class org.apache.xerces.parsers.SAXParser not found
[INFO ] 2019-01-09 10:55:56,846 [repositories/kiln] POST transaction to repository
[WARN ] 2019-01-09 10:55:56,846 [repositories/kiln] Class org.apache.xerces.parsers.SAXParser not found
[INFO ] 2019-01-09 10:55:57,189 [repositories/kiln] POST data to repository
[INFO ] 2019-01-09 10:55:57,189 [repositories/kiln] no base URI specified, using dummy 'foo:bar'
[WARN ] 2019-01-09 10:55:57,189 [repositories/kiln] Class org.apache.xerces.parsers.SAXParser not found
[INFO ] 2019-01-09 10:55:57,408 [repositories/kiln] POST transaction to repository
[WARN ] 2019-01-09 10:55:57,408 [repositories/kiln] Class org.apache.xerces.parsers.SAXParser not found
[INFO ] 2019-01-09 10:55:57,736 [repositories/kiln] POST data to repository
[INFO ] 2019-01-09 10:55:57,736 [repositories/kiln] no base URI specified, using dummy 'foo:bar'
[WARN ] 2019-01-09 10:55:57,736 [repositories/kiln] Class org.apache.xerces.parsers.SAXParser not found
[INFO ] 2019-01-09 10:55:57,970 [repositories/kiln] POST transaction to repository
[WARN ] 2019-01-09 10:55:57,970 [repositories/kiln] Class org.apache.xerces.parsers.SAXParser not found
[INFO ] 2019-01-09 10:55:58,267 [repositories/kiln] POST data to repository
[INFO ] 2019-01-09 10:55:58,267 [repositories/kiln] no base URI specified, using dummy 'foo:bar'
[WARN ] 2019-01-09 10:55:58,267 [repositories/kiln] Class org.apache.xerces.parsers.SAXParser not found
[INFO ] 2019-01-09 10:55:58,455 [repositories/kiln] POST transaction to repository
[WARN ] 2019-01-09 10:55:58,455 [repositories/kiln] Class org.apache.xerces.parsers.SAXParser not found
[INFO ] 2019-01-09 10:55:58,814 [repositories/kiln] POST data to repository
[INFO ] 2019-01-09 10:55:58,814 [repositories/kiln] no base URI specified, using dummy 'foo:bar'
[WARN ] 2019-01-09 10:55:58,814 [repositories/kiln] Class org.apache.xerces.parsers.SAXParser not found
[INFO ] 2019-01-09 10:55:59,002 [repositories/kiln] POST transaction to repository
[WARN ] 2019-01-09 10:55:59,002 [repositories/kiln] Class org.apache.xerces.parsers.SAXParser not found
[INFO ] 2019-01-09 10:55:59,376 [repositories/kiln] POST data to repository
[INFO ] 2019-01-09 10:55:59,376 [repositories/kiln] no base URI specified, using dummy 'foo:bar'
[WARN ] 2019-01-09 10:55:59,376 [repositories/kiln] Class org.apache.xerces.parsers.SAXParser not found
[INFO ] 2019-01-09 10:55:59,564 [repositories/kiln] POST transaction to repository
[WARN ] 2019-01-09 10:55:59,564 [repositories/kiln] Class org.apache.xerces.parsers.SAXParser not found
[INFO ] 2019-01-09 10:55:59,923 [repositories/kiln] POST data to repository
[INFO ] 2019-01-09 10:55:59,923 [repositories/kiln] no base URI specified, using dummy 'foo:bar'
[WARN ] 2019-01-09 10:55:59,923 [repositories/kiln] Class org.apache.xerces.parsers.SAXParser not found
[INFO ] 2019-01-09 10:56:00,111 [repositories/kiln] POST transaction to repository
[WARN ] 2019-01-09 10:56:00,111 [repositories/kiln] Class org.apache.xerces.parsers.SAXParser not found
[INFO ] 2019-01-09 10:56:00,414 [repositories/kiln] POST data to repository
[INFO ] 2019-01-09 10:56:00,414 [repositories/kiln] no base URI specified, using dummy 'foo:bar'
[WARN ] 2019-01-09 10:56:00,414 [repositories/kiln] Class org.apache.xerces.parsers.SAXParser not found
[INFO ] 2019-01-09 10:56:00,679 [repositories/kiln] POST transaction to repository
[WARN ] 2019-01-09 10:56:00,679 [repositories/kiln] Class org.apache.xerces.parsers.SAXParser not found
[INFO ] 2019-01-09 10:56:01,007 [repositories/kiln] POST data to repository
[INFO ] 2019-01-09 10:56:01,007 [repositories/kiln] no base URI specified, using dummy 'foo:bar'
[WARN ] 2019-01-09 10:56:01,007 [repositories/kiln] Class org.apache.xerces.parsers.SAXParser not found
[INFO ] 2019-01-09 10:56:01,195 [repositories/kiln] POST transaction to repository
[WARN ] 2019-01-09 10:56:01,195 [repositories/kiln] Class org.apache.xerces.parsers.SAXParser not found
[INFO ] 2019-01-09 10:56:01,539 [repositories/kiln] POST data to repository
[INFO ] 2019-01-09 10:56:01,539 [repositories/kiln] no base URI specified, using dummy 'foo:bar'
[WARN ] 2019-01-09 10:56:01,539 [repositories/kiln] Class org.apache.xerces.parsers.SAXParser not found
[INFO ] 2019-01-09 10:56:01,726 [repositories/kiln] POST transaction to repository
[WARN ] 2019-01-09 10:56:01,726 [repositories/kiln] Class org.apache.xerces.parsers.SAXParser not found
[INFO ] 2019-01-09 10:56:02,085 [repositories/kiln] POST data to repository
[INFO ] 2019-01-09 10:56:02,085 [repositories/kiln] no base URI specified, using dummy 'foo:bar'
[WARN ] 2019-01-09 10:56:02,085 [repositories/kiln] Class org.apache.xerces.parsers.SAXParser not found
[INFO ] 2019-01-09 10:56:02,273 [repositories/kiln] POST transaction to repository
[WARN ] 2019-01-09 10:56:02,273 [repositories/kiln] Class org.apache.xerces.parsers.SAXParser not found
[INFO ] 2019-01-09 10:56:02,616 [repositories/kiln] POST data to repository
[INFO ] 2019-01-09 10:56:02,616 [repositories/kiln] no base URI specified, using dummy 'foo:bar'
[WARN ] 2019-01-09 10:56:02,616 [repositories/kiln] Class org.apache.xerces.parsers.SAXParser not found
[INFO ] 2019-01-09 10:56:02,804 [repositories/kiln] POST transaction to repository
[WARN ] 2019-01-09 10:56:02,804 [repositories/kiln] Class org.apache.xerces.parsers.SAXParser not found
[INFO ] 2019-01-09 10:56:03,163 [repositories/kiln] POST data to repository
[INFO ] 2019-01-09 10:56:03,163 [repositories/kiln] no base URI specified, using dummy 'foo:bar'
[WARN ] 2019-01-09 10:56:03,163 [repositories/kiln] Class org.apache.xerces.parsers.SAXParser not found
[INFO ] 2019-01-09 10:56:03,398 [repositories/kiln] POST transaction to repository
[WARN ] 2019-01-09 10:56:03,398 [repositories/kiln] Class org.apache.xerces.parsers.SAXParser not found
[INFO ] 2019-01-09 10:56:03,710 [repositories/kiln] POST data to repository
[INFO ] 2019-01-09 10:56:03,710 [repositories/kiln] no base URI specified, using dummy 'foo:bar'
[WARN ] 2019-01-09 10:56:03,710 [repositories/kiln] Class org.apache.xerces.parsers.SAXParser not found
[INFO ] 2019-01-09 10:56:03,944 [repositories/kiln] POST transaction to repository
[WARN ] 2019-01-09 10:56:03,944 [repositories/kiln] Class org.apache.xerces.parsers.SAXParser not found
[INFO ] 2019-01-09 10:56:04,257 [repositories/kiln] POST data to repository
[INFO ] 2019-01-09 10:56:04,257 [repositories/kiln] no base URI specified, using dummy 'foo:bar'
[WARN ] 2019-01-09 10:56:04,257 [repositories/kiln] Class org.apache.xerces.parsers.SAXParser not found
[INFO ] 2019-01-09 10:56:04,444 [repositories/kiln] POST transaction to repository
[WARN ] 2019-01-09 10:56:04,444 [repositories/kiln] Class org.apache.xerces.parsers.SAXParser not found
[INFO ] 2019-01-09 10:56:04,819 [repositories/kiln] POST data to repository
[INFO ] 2019-01-09 10:56:04,819 [repositories/kiln] no base URI specified, using dummy 'foo:bar'
[WARN ] 2019-01-09 10:56:04,819 [repositories/kiln] Class org.apache.xerces.parsers.SAXParser not found
[INFO ] 2019-01-09 10:56:05,022 [repositories/kiln] POST transaction to repository
[WARN ] 2019-01-09 10:56:05,022 [repositories/kiln] Class org.apache.xerces.parsers.SAXParser not found
[INFO ] 2019-01-09 10:56:05,366 [repositories/kiln] POST data to repository
[INFO ] 2019-01-09 10:56:05,366 [repositories/kiln] no base URI specified, using dummy 'foo:bar'
[WARN ] 2019-01-09 10:56:05,366 [repositories/kiln] Class org.apache.xerces.parsers.SAXParser not found
[INFO ] 2019-01-09 10:56:05,553 [repositories/kiln] POST transaction to repository
[WARN ] 2019-01-09 10:56:05,553 [repositories/kiln] Class org.apache.xerces.parsers.SAXParser not found
[INFO ] 2019-01-09 10:56:05,897 [repositories/kiln] POST data to repository
[INFO ] 2019-01-09 10:56:05,897 [repositories/kiln] no base URI specified, using dummy 'foo:bar'
[WARN ] 2019-01-09 10:56:05,897 [repositories/kiln] Class org.apache.xerces.parsers.SAXParser not found
[INFO ] 2019-01-09 10:56:06,069 [repositories/kiln] POST transaction to repository
[WARN ] 2019-01-09 10:56:06,069 [repositories/kiln] Class org.apache.xerces.parsers.SAXParser not found
[INFO ] 2019-01-09 10:56:06,381 [repositories/kiln] POST data to repository
[INFO ] 2019-01-09 10:56:06,381 [repositories/kiln] no base URI specified, using dummy 'foo:bar'
[WARN ] 2019-01-09 10:56:06,381 [repositories/kiln] Class org.apache.xerces.parsers.SAXParser not found
[INFO ] 2019-01-09 10:56:06,600 [repositories/kiln] POST transaction to repository
[WARN ] 2019-01-09 10:56:06,600 [repositories/kiln] Class org.apache.xerces.parsers.SAXParser not found
[INFO ] 2019-01-09 10:56:06,944 [repositories/kiln] POST data to repository
[INFO ] 2019-01-09 10:56:06,944 [repositories/kiln] no base URI specified, using dummy 'foo:bar'
[WARN ] 2019-01-09 10:56:06,959 [repositories/kiln] Class org.apache.xerces.parsers.SAXParser not found
[INFO ] 2019-01-09 10:56:07,131 [repositories/kiln] POST transaction to repository
[WARN ] 2019-01-09 10:56:07,131 [repositories/kiln] Class org.apache.xerces.parsers.SAXParser not found
[INFO ] 2019-01-09 10:56:07,490 [repositories/kiln] POST data to repository
[INFO ] 2019-01-09 10:56:07,490 [repositories/kiln] no base URI specified, using dummy 'foo:bar'
[WARN ] 2019-01-09 10:56:07,490 [repositories/kiln] Class org.apache.xerces.parsers.SAXParser not found
[INFO ] 2019-01-09 10:56:07,678 [repositories/kiln] POST transaction to repository
[WARN ] 2019-01-09 10:56:07,678 [repositories/kiln] Class org.apache.xerces.parsers.SAXParser not found
[INFO ] 2019-01-09 10:56:08,021 [repositories/kiln] POST data to repository
[INFO ] 2019-01-09 10:56:08,021 [repositories/kiln] no base URI specified, using dummy 'foo:bar'
[WARN ] 2019-01-09 10:56:08,021 [repositories/kiln] Class org.apache.xerces.parsers.SAXParser not found
[INFO ] 2019-01-09 10:56:08,193 [repositories/kiln] POST transaction to repository
[WARN ] 2019-01-09 10:56:08,209 [repositories/kiln] Class org.apache.xerces.parsers.SAXParser not found
[INFO ] 2019-01-09 10:56:08,209 [repositories/kiln] POST data to repository
[INFO ] 2019-01-09 10:56:08,209 [repositories/kiln] no base URI specified, using dummy 'foo:bar'
[WARN ] 2019-01-09 10:56:08,209 [repositories/kiln] Class org.apache.xerces.parsers.SAXParser not found
[ERROR] 2019-01-09 10:56:08,209 [repositories/kiln] [Rio fatal] Fin prématurée du fichier. (1, 39)
[INFO ] 2019-01-09 10:56:08,209 [repositories/kiln] Client sent bad request (400): MALFORMED DATA: Fin prématurée du fichier. [line 1, column 39]
[WARN ] 2019-01-09 10:56:08,209 [repositories/kiln] Rolling back transaction due to connection close
java.lang.Throwable: null
	at org.openrdf.sail.helpers.SailConnectionBase.close(SailConnectionBase.java:240)
	at org.openrdf.sail.helpers.SailConnectionWrapper.close(SailConnectionWrapper.java:88)
	at org.openrdf.sail.helpers.SailConnectionWrapper.close(SailConnectionWrapper.java:88)
	at org.openrdf.repository.sail.SailRepositoryConnection.close(SailRepositoryConnection.java:129)
	at org.openrdf.http.server.repository.RepositoryInterceptor.cleanUpResources(RepositoryInterceptor.java:150)
	at org.openrdf.http.server.ServerInterceptor.afterCompletion(ServerInterceptor.java:55)
	at org.openrdf.http.server.ServerInterceptor$$FastClassByCGLIB$$966e62ef.invoke(<generated>)
	at net.sf.cglib.proxy.MethodProxy.invoke(MethodProxy.java:191)
	at org.springframework.aop.framework.Cglib2AopProxy$CglibMethodInvocation.invokeJoinpoint(Cglib2AopProxy.java:700)
	at org.springframework.aop.framework.ReflectiveMethodInvocation.proceed(ReflectiveMethodInvocation.java:149)
	at org.springframework.aop.support.DelegatingIntroductionInterceptor.doProceed(DelegatingIntroductionInterceptor.java:131)
	at org.springframework.aop.support.DelegatingIntroductionInterceptor.invoke(DelegatingIntroductionInterceptor.java:119)
	at org.springframework.aop.framework.ReflectiveMethodInvocation.proceed(ReflectiveMethodInvocation.java:171)
	at org.springframework.aop.framework.Cglib2AopProxy$DynamicAdvisedInterceptor.intercept(Cglib2AopProxy.java:635)
	at org.openrdf.http.server.repository.RepositoryInterceptor$$EnhancerByCGLIB$$41dab463.afterCompletion(<generated>)
	at org.springframework.web.servlet.DispatcherServlet.triggerAfterCompletion(DispatcherServlet.java:1244)
	at org.springframework.web.servlet.DispatcherServlet.doDispatch(DispatcherServlet.java:915)
	at org.springframework.web.servlet.DispatcherServlet.doService(DispatcherServlet.java:807)
	at org.springframework.web.servlet.FrameworkServlet.processRequest(FrameworkServlet.java:571)
	at org.springframework.web.servlet.FrameworkServlet.doPost(FrameworkServlet.java:511)
	at javax.servlet.http.HttpServlet.service(HttpServlet.java:755)
	at javax.servlet.http.HttpServlet.service(HttpServlet.java:848)
	at org.eclipse.jetty.servlet.ServletHolder.handle(ServletHolder.java:698)
	at org.eclipse.jetty.servlet.ServletHandler.doHandle(ServletHandler.java:505)
	at org.eclipse.jetty.server.handler.ScopedHandler.handle(ScopedHandler.java:138)
	at org.eclipse.jetty.security.SecurityHandler.handle(SecurityHandler.java:564)
	at org.eclipse.jetty.server.session.SessionHandler.doHandle(SessionHandler.java:213)
	at org.eclipse.jetty.server.handler.ContextHandler.doHandle(ContextHandler.java:1094)
	at org.eclipse.jetty.servlet.ServletHandler.doScope(ServletHandler.java:432)
	at org.eclipse.jetty.server.session.SessionHandler.doScope(SessionHandler.java:175)
	at org.eclipse.jetty.server.handler.ContextHandler.doScope(ContextHandler.java:1028)
	at org.eclipse.jetty.server.handler.ScopedHandler.handle(ScopedHandler.java:136)
	at org.eclipse.jetty.server.handler.ContextHandlerCollection.handle(ContextHandlerCollection.java:258)
	at org.eclipse.jetty.server.handler.HandlerCollection.handle(HandlerCollection.java:109)
	at org.eclipse.jetty.server.handler.HandlerWrapper.handle(HandlerWrapper.java:97)
	at org.eclipse.jetty.server.Server.handle(Server.java:445)
	at org.eclipse.jetty.server.HttpChannel.handle(HttpChannel.java:267)
	at org.eclipse.jetty.server.HttpConnection.onFillable(HttpConnection.java:224)
	at org.eclipse.jetty.io.AbstractConnection$ReadCallback.run(AbstractConnection.java:358)
	at org.eclipse.jetty.util.thread.QueuedThreadPool.runJob(QueuedThreadPool.java:601)
	at org.eclipse.jetty.util.thread.QueuedThreadPool$3.run(QueuedThreadPool.java:532)
	at java.lang.Thread.run(Unknown Source)
[INFO ] 2019-01-09 10:56:08,224 [repositories/kiln] POST transaction to repository
[WARN ] 2019-01-09 10:56:08,224 [repositories/kiln] Class org.apache.xerces.parsers.SAXParser not found
[INFO ] 2019-01-09 10:56:08,553 [repositories/kiln] POST data to repository
[INFO ] 2019-01-09 10:56:08,553 [repositories/kiln] no base URI specified, using dummy 'foo:bar'
[WARN ] 2019-01-09 10:56:08,553 [repositories/kiln] Class org.apache.xerces.parsers.SAXParser not found
[INFO ] 2019-01-09 10:56:08,740 [repositories/kiln] POST transaction to repository
[WARN ] 2019-01-09 10:56:08,740 [repositories/kiln] Class org.apache.xerces.parsers.SAXParser not found
[INFO ] 2019-01-09 10:56:09,052 [repositories/kiln] POST data to repository
[INFO ] 2019-01-09 10:56:09,052 [repositories/kiln] no base URI specified, using dummy 'foo:bar'
[WARN ] 2019-01-09 10:56:09,052 [repositories/kiln] Class org.apache.xerces.parsers.SAXParser not found
[INFO ] 2019-01-09 10:56:09,334 [repositories/kiln] POST transaction to repository
[WARN ] 2019-01-09 10:56:09,334 [repositories/kiln] Class org.apache.xerces.parsers.SAXParser not found
[INFO ] 2019-01-09 10:56:09,646 [repositories/kiln] POST data to repository
[INFO ] 2019-01-09 10:56:09,646 [repositories/kiln] no base URI specified, using dummy 'foo:bar'
[WARN ] 2019-01-09 10:56:09,646 [repositories/kiln] Class org.apache.xerces.parsers.SAXParser not found
[INFO ] 2019-01-09 10:56:09,833 [repositories/kiln] POST transaction to repository
[WARN ] 2019-01-09 10:56:09,833 [repositories/kiln] Class org.apache.xerces.parsers.SAXParser not found
[INFO ] 2019-01-09 10:56:10,177 [repositories/kiln] POST data to repository
[INFO ] 2019-01-09 10:56:10,177 [repositories/kiln] no base URI specified, using dummy 'foo:bar'
[WARN ] 2019-01-09 10:56:10,177 [repositories/kiln] Class org.apache.xerces.parsers.SAXParser not found
[INFO ] 2019-01-09 10:56:10,365 [repositories/kiln] POST transaction to repository
[WARN ] 2019-01-09 10:56:10,365 [repositories/kiln] Class org.apache.xerces.parsers.SAXParser not found
[INFO ] 2019-01-09 10:56:10,740 [repositories/kiln] POST data to repository
[INFO ] 2019-01-09 10:56:10,740 [repositories/kiln] no base URI specified, using dummy 'foo:bar'
[WARN ] 2019-01-09 10:56:10,740 [repositories/kiln] Class org.apache.xerces.parsers.SAXParser not found
[INFO ] 2019-01-09 10:56:10,958 [repositories/kiln] POST transaction to repository
[WARN ] 2019-01-09 10:56:10,958 [repositories/kiln] Class org.apache.xerces.parsers.SAXParser not found
[INFO ] 2019-01-09 10:56:11,286 [repositories/kiln] POST data to repository
[INFO ] 2019-01-09 10:56:11,286 [repositories/kiln] no base URI specified, using dummy 'foo:bar'
[WARN ] 2019-01-09 10:56:11,286 [repositories/kiln] Class org.apache.xerces.parsers.SAXParser not found
[INFO ] 2019-01-09 10:56:11,474 [repositories/kiln] POST transaction to repository
[WARN ] 2019-01-09 10:56:11,474 [repositories/kiln] Class org.apache.xerces.parsers.SAXParser not found
[INFO ] 2019-01-09 10:56:11,786 [repositories/kiln] POST data to repository
[INFO ] 2019-01-09 10:56:11,786 [repositories/kiln] no base URI specified, using dummy 'foo:bar'
[WARN ] 2019-01-09 10:56:11,786 [repositories/kiln] Class org.apache.xerces.parsers.SAXParser not found
[INFO ] 2019-01-09 10:56:12,005 [repositories/kiln] POST transaction to repository
[WARN ] 2019-01-09 10:56:12,005 [repositories/kiln] Class org.apache.xerces.parsers.SAXParser not found
[INFO ] 2019-01-09 10:56:12,317 [repositories/kiln] POST data to repository
[INFO ] 2019-01-09 10:56:12,317 [repositories/kiln] no base URI specified, using dummy 'foo:bar'
[WARN ] 2019-01-09 10:56:12,317 [repositories/kiln] Class org.apache.xerces.parsers.SAXParser not found
[INFO ] 2019-01-09 10:56:12,505 [repositories/kiln] POST transaction to repository
[WARN ] 2019-01-09 10:56:12,505 [repositories/kiln] Class org.apache.xerces.parsers.SAXParser not found
[INFO ] 2019-01-09 10:56:12,864 [repositories/kiln] POST data to repository
[INFO ] 2019-01-09 10:56:12,864 [repositories/kiln] no base URI specified, using dummy 'foo:bar'
[WARN ] 2019-01-09 10:56:12,864 [repositories/kiln] Class org.apache.xerces.parsers.SAXParser not found
[INFO ] 2019-01-09 10:56:13,051 [repositories/kiln] POST transaction to repository
[WARN ] 2019-01-09 10:56:13,051 [repositories/kiln] Class org.apache.xerces.parsers.SAXParser not found
[INFO ] 2019-01-09 10:56:13,395 [repositories/kiln] POST data to repository
[INFO ] 2019-01-09 10:56:13,395 [repositories/kiln] no base URI specified, using dummy 'foo:bar'
[WARN ] 2019-01-09 10:56:13,395 [repositories/kiln] Class org.apache.xerces.parsers.SAXParser not found
[INFO ] 2019-01-09 10:56:13,583 [repositories/kiln] POST transaction to repository
[WARN ] 2019-01-09 10:56:13,583 [repositories/kiln] Class org.apache.xerces.parsers.SAXParser not found
[INFO ] 2019-01-09 10:56:13,942 [repositories/kiln] POST data to repository
[INFO ] 2019-01-09 10:56:13,942 [repositories/kiln] no base URI specified, using dummy 'foo:bar'
[WARN ] 2019-01-09 10:56:13,942 [repositories/kiln] Class org.apache.xerces.parsers.SAXParser not found
[INFO ] 2019-01-09 10:56:14,114 [repositories/kiln] POST transaction to repository
[WARN ] 2019-01-09 10:56:14,114 [repositories/kiln] Class org.apache.xerces.parsers.SAXParser not found
[INFO ] 2019-01-09 10:56:14,442 [repositories/kiln] POST data to repository
[INFO ] 2019-01-09 10:56:14,442 [repositories/kiln] no base URI specified, using dummy 'foo:bar'
[WARN ] 2019-01-09 10:56:14,442 [repositories/kiln] Class org.apache.xerces.parsers.SAXParser not found
[INFO ] 2019-01-09 10:56:14,645 [repositories/kiln] POST transaction to repository
[WARN ] 2019-01-09 10:56:14,645 [repositories/kiln] Class org.apache.xerces.parsers.SAXParser not found
[INFO ] 2019-01-09 10:56:14,660 [repositories/kiln] POST data to repository
[INFO ] 2019-01-09 10:56:14,660 [repositories/kiln] no base URI specified, using dummy 'foo:bar'
[WARN ] 2019-01-09 10:56:14,660 [repositories/kiln] Class org.apache.xerces.parsers.SAXParser not found
[INFO ] 2019-01-09 10:56:14,676 [repositories/kiln] POST transaction to repository
[WARN ] 2019-01-09 10:56:14,676 [repositories/kiln] Class org.apache.xerces.parsers.SAXParser not found
[INFO ] 2019-01-09 10:56:14,676 [repositories/kiln] POST data to repository
[INFO ] 2019-01-09 10:56:14,676 [repositories/kiln] no base URI specified, using dummy 'foo:bar'
[WARN ] 2019-01-09 10:56:14,676 [repositories/kiln] Class org.apache.xerces.parsers.SAXParser not found
[INFO ] 2019-01-09 10:56:14,692 [repositories/kiln] POST transaction to repository
[WARN ] 2019-01-09 10:56:14,692 [repositories/kiln] Class org.apache.xerces.parsers.SAXParser not found
[INFO ] 2019-01-09 10:56:14,707 [repositories/kiln] POST data to repository
[INFO ] 2019-01-09 10:56:14,707 [repositories/kiln] no base URI specified, using dummy 'foo:bar'
[WARN ] 2019-01-09 10:56:14,707 [repositories/kiln] Class org.apache.xerces.parsers.SAXParser not found
[INFO ] 2019-01-09 10:56:14,723 [repositories/kiln] POST transaction to repository
[WARN ] 2019-01-09 10:56:14,723 [repositories/kiln] Class org.apache.xerces.parsers.SAXParser not found
[INFO ] 2019-01-09 10:56:14,723 [repositories/kiln] POST data to repository
[INFO ] 2019-01-09 10:56:14,723 [repositories/kiln] no base URI specified, using dummy 'foo:bar'
[WARN ] 2019-01-09 10:56:14,723 [repositories/kiln] Class org.apache.xerces.parsers.SAXParser not found
[INFO ] 2019-01-09 10:56:14,739 [repositories/kiln] POST transaction to repository
[WARN ] 2019-01-09 10:56:14,739 [repositories/kiln] Class org.apache.xerces.parsers.SAXParser not found
[INFO ] 2019-01-09 10:56:14,754 [repositories/kiln] POST data to repository
[INFO ] 2019-01-09 10:56:14,754 [repositories/kiln] no base URI specified, using dummy 'foo:bar'
[WARN ] 2019-01-09 10:56:14,754 [repositories/kiln] Class org.apache.xerces.parsers.SAXParser not found
[INFO ] 2019-01-09 10:56:14,770 [repositories/kiln] POST transaction to repository
[WARN ] 2019-01-09 10:56:14,770 [repositories/kiln] Class org.apache.xerces.parsers.SAXParser not found
[INFO ] 2019-01-09 10:56:14,770 [repositories/kiln] POST data to repository
[INFO ] 2019-01-09 10:56:14,770 [repositories/kiln] no base URI specified, using dummy 'foo:bar'
[WARN ] 2019-01-09 10:56:14,770 [repositories/kiln] Class org.apache.xerces.parsers.SAXParser not found
[INFO ] 2019-01-09 10:56:14,785 [repositories/kiln] POST transaction to repository
[WARN ] 2019-01-09 10:56:14,785 [repositories/kiln] Class org.apache.xerces.parsers.SAXParser not found
[INFO ] 2019-01-09 10:56:14,785 [repositories/kiln] POST data to repository
[INFO ] 2019-01-09 10:56:14,785 [repositories/kiln] no base URI specified, using dummy 'foo:bar'
[WARN ] 2019-01-09 10:56:14,785 [repositories/kiln] Class org.apache.xerces.parsers.SAXParser not found
[INFO ] 2019-01-09 10:56:14,801 [repositories/kiln] POST transaction to repository
[WARN ] 2019-01-09 10:56:14,801 [repositories/kiln] Class org.apache.xerces.parsers.SAXParser not found
[INFO ] 2019-01-09 10:56:14,817 [repositories/kiln] POST data to repository
[INFO ] 2019-01-09 10:56:14,817 [repositories/kiln] no base URI specified, using dummy 'foo:bar'
[WARN ] 2019-01-09 10:56:14,817 [repositories/kiln] Class org.apache.xerces.parsers.SAXParser not found
[INFO ] 2019-01-09 10:56:14,817 [repositories/kiln] POST transaction to repository
[WARN ] 2019-01-09 10:56:14,832 [repositories/kiln] Class org.apache.xerces.parsers.SAXParser not found
[INFO ] 2019-01-09 10:56:14,832 [repositories/kiln] POST data to repository
[INFO ] 2019-01-09 10:56:14,832 [repositories/kiln] no base URI specified, using dummy 'foo:bar'
[WARN ] 2019-01-09 10:56:14,832 [repositories/kiln] Class org.apache.xerces.parsers.SAXParser not found
[INFO ] 2019-01-09 10:56:14,848 [repositories/kiln] POST transaction to repository
[WARN ] 2019-01-09 10:56:14,848 [repositories/kiln] Class org.apache.xerces.parsers.SAXParser not found
[INFO ] 2019-01-09 10:56:14,848 [repositories/kiln] POST data to repository
[INFO ] 2019-01-09 10:56:14,848 [repositories/kiln] no base URI specified, using dummy 'foo:bar'
[WARN ] 2019-01-09 10:56:14,848 [repositories/kiln] Class org.apache.xerces.parsers.SAXParser not found
[INFO ] 2019-01-09 10:56:14,864 [repositories/kiln] POST transaction to repository
[WARN ] 2019-01-09 10:56:14,864 [repositories/kiln] Class org.apache.xerces.parsers.SAXParser not found
[INFO ] 2019-01-09 10:56:14,879 [repositories/kiln] POST data to repository
[INFO ] 2019-01-09 10:56:14,879 [repositories/kiln] no base URI specified, using dummy 'foo:bar'
[WARN ] 2019-01-09 10:56:14,879 [repositories/kiln] Class org.apache.xerces.parsers.SAXParser not found
[INFO ] 2019-01-09 10:56:14,895 [repositories/kiln] POST transaction to repository
[WARN ] 2019-01-09 10:56:14,895 [repositories/kiln] Class org.apache.xerces.parsers.SAXParser not found
[INFO ] 2019-01-09 10:56:14,895 [repositories/kiln] POST data to repository
[INFO ] 2019-01-09 10:56:14,895 [repositories/kiln] no base URI specified, using dummy 'foo:bar'
[WARN ] 2019-01-09 10:56:14,910 [repositories/kiln] Class org.apache.xerces.parsers.SAXParser not found
[INFO ] 2019-01-09 10:56:14,910 [repositories/kiln] POST transaction to repository
[WARN ] 2019-01-09 10:56:14,910 [repositories/kiln] Class org.apache.xerces.parsers.SAXParser not found
[INFO ] 2019-01-09 10:56:14,926 [repositories/kiln] POST data to repository
[INFO ] 2019-01-09 10:56:14,926 [repositories/kiln] no base URI specified, using dummy 'foo:bar'
[WARN ] 2019-01-09 10:56:14,926 [repositories/kiln] Class org.apache.xerces.parsers.SAXParser not found
[INFO ] 2019-01-09 10:56:14,942 [repositories/kiln] POST transaction to repository
[WARN ] 2019-01-09 10:56:14,942 [repositories/kiln] Class org.apache.xerces.parsers.SAXParser not found
[INFO ] 2019-01-09 10:56:14,957 [repositories/kiln] POST data to repository
[INFO ] 2019-01-09 10:56:14,957 [repositories/kiln] no base URI specified, using dummy 'foo:bar'
[WARN ] 2019-01-09 10:56:14,957 [repositories/kiln] Class org.apache.xerces.parsers.SAXParser not found
[INFO ] 2019-01-09 10:56:14,973 [repositories/kiln] POST transaction to repository
[WARN ] 2019-01-09 10:56:14,973 [repositories/kiln] Class org.apache.xerces.parsers.SAXParser not found
[INFO ] 2019-01-09 10:56:14,989 [repositories/kiln] POST data to repository
[INFO ] 2019-01-09 10:56:14,989 [repositories/kiln] no base URI specified, using dummy 'foo:bar'
[WARN ] 2019-01-09 10:56:14,989 [repositories/kiln] Class org.apache.xerces.parsers.SAXParser not found
[INFO ] 2019-01-09 10:56:14,989 [repositories/kiln] POST transaction to repository
[WARN ] 2019-01-09 10:56:14,989 [repositories/kiln] Class org.apache.xerces.parsers.SAXParser not found
[INFO ] 2019-01-09 10:56:15,004 [repositories/kiln] POST data to repository
[INFO ] 2019-01-09 10:56:15,004 [repositories/kiln] no base URI specified, using dummy 'foo:bar'
[WARN ] 2019-01-09 10:56:15,004 [repositories/kiln] Class org.apache.xerces.parsers.SAXParser not found
[INFO ] 2019-01-09 10:56:15,020 [repositories/kiln] POST transaction to repository
[WARN ] 2019-01-09 10:56:15,020 [repositories/kiln] Class org.apache.xerces.parsers.SAXParser not found
[INFO ] 2019-01-09 10:56:15,020 [repositories/kiln] POST data to repository
[INFO ] 2019-01-09 10:56:15,020 [repositories/kiln] no base URI specified, using dummy 'foo:bar'
[WARN ] 2019-01-09 10:56:15,020 [repositories/kiln] Class org.apache.xerces.parsers.SAXParser not found
[INFO ] 2019-01-09 10:56:15,035 [repositories/kiln] POST transaction to repository
[WARN ] 2019-01-09 10:56:15,051 [repositories/kiln] Class org.apache.xerces.parsers.SAXParser not found
[INFO ] 2019-01-09 10:56:15,051 [repositories/kiln] POST data to repository
[INFO ] 2019-01-09 10:56:15,051 [repositories/kiln] no base URI specified, using dummy 'foo:bar'
[WARN ] 2019-01-09 10:56:15,051 [repositories/kiln] Class org.apache.xerces.parsers.SAXParser not found
[INFO ] 2019-01-09 10:56:15,067 [repositories/kiln] POST transaction to repository
[WARN ] 2019-01-09 10:56:15,067 [repositories/kiln] Class org.apache.xerces.parsers.SAXParser not found
[INFO ] 2019-01-09 10:56:15,082 [repositories/kiln] POST data to repository
[INFO ] 2019-01-09 10:56:15,082 [repositories/kiln] no base URI specified, using dummy 'foo:bar'
[WARN ] 2019-01-09 10:56:15,082 [repositories/kiln] Class org.apache.xerces.parsers.SAXParser not found
[INFO ] 2019-01-09 10:56:15,098 [repositories/kiln] POST transaction to repository
[WARN ] 2019-01-09 10:56:15,098 [repositories/kiln] Class org.apache.xerces.parsers.SAXParser not found
[INFO ] 2019-01-09 10:56:15,098 [repositories/kiln] POST data to repository
[INFO ] 2019-01-09 10:56:15,098 [repositories/kiln] no base URI specified, using dummy 'foo:bar'
[WARN ] 2019-01-09 10:56:15,113 [repositories/kiln] Class org.apache.xerces.parsers.SAXParser not found
[INFO ] 2019-01-09 10:56:15,113 [repositories/kiln] POST transaction to repository
[WARN ] 2019-01-09 10:56:15,113 [repositories/kiln] Class org.apache.xerces.parsers.SAXParser not found
[INFO ] 2019-01-09 10:56:15,129 [repositories/kiln] POST data to repository
[INFO ] 2019-01-09 10:56:15,129 [repositories/kiln] no base URI specified, using dummy 'foo:bar'
[WARN ] 2019-01-09 10:56:15,129 [repositories/kiln] Class org.apache.xerces.parsers.SAXParser not found
[INFO ] 2019-01-09 10:56:15,145 [repositories/kiln] POST transaction to repository
[WARN ] 2019-01-09 10:56:15,145 [repositories/kiln] Class org.apache.xerces.parsers.SAXParser not found
[INFO ] 2019-01-09 10:56:15,145 [repositories/kiln] POST data to repository
[INFO ] 2019-01-09 10:56:15,145 [repositories/kiln] no base URI specified, using dummy 'foo:bar'
[WARN ] 2019-01-09 10:56:15,145 [repositories/kiln] Class org.apache.xerces.parsers.SAXParser not found
[INFO ] 2019-01-09 10:56:15,160 [repositories/kiln] POST transaction to repository
[WARN ] 2019-01-09 10:56:15,160 [repositories/kiln] Class org.apache.xerces.parsers.SAXParser not found
[INFO ] 2019-01-09 10:56:15,176 [repositories/kiln] POST data to repository
[INFO ] 2019-01-09 10:56:15,176 [repositories/kiln] no base URI specified, using dummy 'foo:bar'
[WARN ] 2019-01-09 10:56:15,176 [repositories/kiln] Class org.apache.xerces.parsers.SAXParser not found
[INFO ] 2019-01-09 10:56:15,192 [repositories/kiln] POST transaction to repository
[WARN ] 2019-01-09 10:56:15,192 [repositories/kiln] Class org.apache.xerces.parsers.SAXParser not found
[INFO ] 2019-01-09 10:56:15,192 [repositories/kiln] POST data to repository
[INFO ] 2019-01-09 10:56:15,192 [repositories/kiln] no base URI specified, using dummy 'foo:bar'
[WARN ] 2019-01-09 10:56:15,192 [repositories/kiln] Class org.apache.xerces.parsers.SAXParser not found
[INFO ] 2019-01-09 10:56:15,207 [repositories/kiln] POST transaction to repository
[WARN ] 2019-01-09 10:56:15,207 [repositories/kiln] Class org.apache.xerces.parsers.SAXParser not found
[INFO ] 2019-01-09 10:56:15,223 [repositories/kiln] POST data to repository
[INFO ] 2019-01-09 10:56:15,223 [repositories/kiln] no base URI specified, using dummy 'foo:bar'
[WARN ] 2019-01-09 10:56:15,223 [repositories/kiln] Class org.apache.xerces.parsers.SAXParser not found
[INFO ] 2019-01-09 10:56:15,238 [repositories/kiln] POST transaction to repository
[WARN ] 2019-01-09 10:56:15,238 [repositories/kiln] Class org.apache.xerces.parsers.SAXParser not found
[INFO ] 2019-01-09 10:56:15,582 [repositories/kiln] POST data to repository
[INFO ] 2019-01-09 10:56:15,582 [repositories/kiln] no base URI specified, using dummy 'foo:bar'
[WARN ] 2019-01-09 10:56:15,582 [repositories/kiln] Class org.apache.xerces.parsers.SAXParser not found
[INFO ] 2019-01-09 10:56:33,632 [repositories/kiln] POST query -1227659729
[INFO ] 2019-01-09 10:56:33,702 [repositories/kiln] Request for query -1227659729 is finished
[INFO ] 2019-01-09 10:56:45,143 [repositories/kiln] POST query -1227659729
[INFO ] 2019-01-09 10:56:45,174 [repositories/kiln] Request for query -1227659729 is finished
[INFO ] 2019-01-09 10:56:57,111 [repositories/kiln] POST query -1227659729
[INFO ] 2019-01-09 10:56:57,146 [repositories/kiln] Request for query -1227659729 is finished
[INFO ] 2019-01-09 10:57:11,792 [repositories/kiln] POST query -1227659729
[INFO ] 2019-01-09 10:57:11,808 [repositories/kiln] Request for query -1227659729 is finished
[INFO ] 2019-01-09 10:59:03,951 [repositories/kiln] POST query -1227659729
[INFO ] 2019-01-09 10:59:03,982 [repositories/kiln] Request for query -1227659729 is finished
[INFO ] 2019-01-09 11:01:22,461 [repositories/kiln] POST query -1227659729
[INFO ] 2019-01-09 11:01:22,507 [repositories/kiln] Request for query -1227659729 is finished
[INFO ] 2019-01-09 11:01:41,097 [repositories/kiln] POST query -1227659729
[INFO ] 2019-01-09 11:01:41,128 [repositories/kiln] Request for query -1227659729 is finished
[INFO ] 2019-01-09 11:01:49,094 [repositories/kiln] POST query -1227659729
[INFO ] 2019-01-09 11:01:49,130 [repositories/kiln] Request for query -1227659729 is finished
