[INFO ] 2018-11-20 18:21:16,614 [main] Logback logging API implementation is configured.
[INFO ] 2018-11-20 18:21:17,211 [main] FrameworkServlet 'openrdf-http-server': initialization completed in 1253 ms
[INFO ] 2018-11-20 18:22:44,493 [repositories/SYSTEM] GET statements
[INFO ] 2018-11-20 18:22:45,293 [qtp1805013491-38] Request for query 3392903 is finished
[INFO ] 2018-11-20 18:23:56,611 [repositories/SYSTEM] GET statements
[INFO ] 2018-11-20 18:23:56,840 [repositories/SYSTEM] GET statements
[INFO ] 2018-11-20 18:23:56,879 [repositories/SYSTEM] POST transaction to repository
[WARN ] 2018-11-20 18:23:56,883 [repositories/SYSTEM] Class org.apache.xerces.parsers.SAXParser not found
[INFO ] 2018-11-20 18:23:56,968 [repositories/SYSTEM] GET statements
[INFO ] 2018-11-20 18:23:56,968 [qtp1805013491-15] Request for query 3392903 is finished
[INFO ] 2018-11-20 18:23:57,202 [repositories/SYSTEM] GET statements
[INFO ] 2018-11-20 18:24:44,837 [repositories/kiln] POST transaction to repository
[WARN ] 2018-11-20 18:24:44,837 [repositories/kiln] Class org.apache.xerces.parsers.SAXParser not found
[INFO ] 2018-11-20 18:24:45,025 [repositories/kiln] POST data to repository
[INFO ] 2018-11-20 18:24:45,040 [repositories/kiln] no base URI specified, using dummy 'foo:bar'
[WARN ] 2018-11-20 18:24:45,071 [repositories/kiln] Class org.apache.xerces.parsers.SAXParser not found
[INFO ] 2018-11-20 18:24:45,353 [repositories/kiln] POST transaction to repository
[WARN ] 2018-11-20 18:24:45,353 [repositories/kiln] Class org.apache.xerces.parsers.SAXParser not found
[INFO ] 2018-11-20 18:24:45,400 [repositories/kiln] POST data to repository
[INFO ] 2018-11-20 18:24:45,400 [repositories/kiln] no base URI specified, using dummy 'foo:bar'
[WARN ] 2018-11-20 18:24:45,400 [repositories/kiln] Class org.apache.xerces.parsers.SAXParser not found
[INFO ] 2018-11-20 18:24:45,524 [repositories/kiln] POST transaction to repository
[WARN ] 2018-11-20 18:24:45,524 [repositories/kiln] Class org.apache.xerces.parsers.SAXParser not found
[INFO ] 2018-11-20 18:24:45,603 [repositories/kiln] POST data to repository
[INFO ] 2018-11-20 18:24:45,603 [repositories/kiln] no base URI specified, using dummy 'foo:bar'
[WARN ] 2018-11-20 18:24:45,618 [repositories/kiln] Class org.apache.xerces.parsers.SAXParser not found
[INFO ] 2018-11-20 18:24:45,774 [repositories/kiln] POST transaction to repository
[WARN ] 2018-11-20 18:24:45,774 [repositories/kiln] Class org.apache.xerces.parsers.SAXParser not found
[INFO ] 2018-11-20 18:24:45,806 [repositories/kiln] POST data to repository
[INFO ] 2018-11-20 18:24:45,806 [repositories/kiln] no base URI specified, using dummy 'foo:bar'
[WARN ] 2018-11-20 18:24:45,806 [repositories/kiln] Class org.apache.xerces.parsers.SAXParser not found
[INFO ] 2018-11-20 18:24:45,946 [repositories/kiln] POST transaction to repository
[WARN ] 2018-11-20 18:24:45,946 [repositories/kiln] Class org.apache.xerces.parsers.SAXParser not found
[INFO ] 2018-11-20 18:24:45,978 [repositories/kiln] POST data to repository
[INFO ] 2018-11-20 18:24:45,978 [repositories/kiln] no base URI specified, using dummy 'foo:bar'
[WARN ] 2018-11-20 18:24:45,978 [repositories/kiln] Class org.apache.xerces.parsers.SAXParser not found
[INFO ] 2018-11-20 18:24:46,118 [repositories/kiln] POST transaction to repository
[WARN ] 2018-11-20 18:24:46,118 [repositories/kiln] Class org.apache.xerces.parsers.SAXParser not found
[INFO ] 2018-11-20 18:24:46,134 [repositories/kiln] POST data to repository
[INFO ] 2018-11-20 18:24:46,134 [repositories/kiln] no base URI specified, using dummy 'foo:bar'
[WARN ] 2018-11-20 18:24:46,134 [repositories/kiln] Class org.apache.xerces.parsers.SAXParser not found
[INFO ] 2018-11-20 18:24:46,306 [repositories/kiln] POST transaction to repository
[WARN ] 2018-11-20 18:24:46,306 [repositories/kiln] Class org.apache.xerces.parsers.SAXParser not found
[INFO ] 2018-11-20 18:24:46,352 [repositories/kiln] POST data to repository
[INFO ] 2018-11-20 18:24:46,352 [repositories/kiln] no base URI specified, using dummy 'foo:bar'
[WARN ] 2018-11-20 18:24:46,352 [repositories/kiln] Class org.apache.xerces.parsers.SAXParser not found
[ERROR] 2018-11-20 18:24:46,368 [repositories/kiln] [Rio fatal] Fin prématurée du fichier. (1, 39)
[INFO ] 2018-11-20 18:24:46,384 [repositories/kiln] Client sent bad request (400): MALFORMED DATA: Fin prématurée du fichier. [line 1, column 39]
[WARN ] 2018-11-20 18:24:46,384 [repositories/kiln] Rolling back transaction due to connection close
java.lang.Throwable: null
	at org.openrdf.sail.helpers.SailConnectionBase.close(SailConnectionBase.java:240)
	at org.openrdf.sail.helpers.SailConnectionWrapper.close(SailConnectionWrapper.java:88)
	at org.openrdf.sail.helpers.SailConnectionWrapper.close(SailConnectionWrapper.java:88)
	at org.openrdf.repository.sail.SailRepositoryConnection.close(SailRepositoryConnection.java:129)
	at org.openrdf.http.server.repository.RepositoryInterceptor.cleanUpResources(RepositoryInterceptor.java:150)
	at org.openrdf.http.server.ServerInterceptor.afterCompletion(ServerInterceptor.java:55)
	at org.openrdf.http.server.ServerInterceptor$$FastClassByCGLIB$$966e62ef.invoke(<generated>)
	at net.sf.cglib.proxy.MethodProxy.invoke(MethodProxy.java:191)
	at org.springframework.aop.framework.Cglib2AopProxy$CglibMethodInvocation.invokeJoinpoint(Cglib2AopProxy.java:700)
	at org.springframework.aop.framework.ReflectiveMethodInvocation.proceed(ReflectiveMethodInvocation.java:149)
	at org.springframework.aop.support.DelegatingIntroductionInterceptor.doProceed(DelegatingIntroductionInterceptor.java:131)
	at org.springframework.aop.support.DelegatingIntroductionInterceptor.invoke(DelegatingIntroductionInterceptor.java:119)
	at org.springframework.aop.framework.ReflectiveMethodInvocation.proceed(ReflectiveMethodInvocation.java:171)
	at org.springframework.aop.framework.Cglib2AopProxy$DynamicAdvisedInterceptor.intercept(Cglib2AopProxy.java:635)
	at org.openrdf.http.server.repository.RepositoryInterceptor$$EnhancerByCGLIB$$5d298e74.afterCompletion(<generated>)
	at org.springframework.web.servlet.DispatcherServlet.triggerAfterCompletion(DispatcherServlet.java:1244)
	at org.springframework.web.servlet.DispatcherServlet.doDispatch(DispatcherServlet.java:915)
	at org.springframework.web.servlet.DispatcherServlet.doService(DispatcherServlet.java:807)
	at org.springframework.web.servlet.FrameworkServlet.processRequest(FrameworkServlet.java:571)
	at org.springframework.web.servlet.FrameworkServlet.doPost(FrameworkServlet.java:511)
	at javax.servlet.http.HttpServlet.service(HttpServlet.java:755)
	at javax.servlet.http.HttpServlet.service(HttpServlet.java:848)
	at org.eclipse.jetty.servlet.ServletHolder.handle(ServletHolder.java:698)
	at org.eclipse.jetty.servlet.ServletHandler.doHandle(ServletHandler.java:505)
	at org.eclipse.jetty.server.handler.ScopedHandler.handle(ScopedHandler.java:138)
	at org.eclipse.jetty.security.SecurityHandler.handle(SecurityHandler.java:564)
	at org.eclipse.jetty.server.session.SessionHandler.doHandle(SessionHandler.java:213)
	at org.eclipse.jetty.server.handler.ContextHandler.doHandle(ContextHandler.java:1094)
	at org.eclipse.jetty.servlet.ServletHandler.doScope(ServletHandler.java:432)
	at org.eclipse.jetty.server.session.SessionHandler.doScope(SessionHandler.java:175)
	at org.eclipse.jetty.server.handler.ContextHandler.doScope(ContextHandler.java:1028)
	at org.eclipse.jetty.server.handler.ScopedHandler.handle(ScopedHandler.java:136)
	at org.eclipse.jetty.server.handler.ContextHandlerCollection.handle(ContextHandlerCollection.java:258)
	at org.eclipse.jetty.server.handler.HandlerCollection.handle(HandlerCollection.java:109)
	at org.eclipse.jetty.server.handler.HandlerWrapper.handle(HandlerWrapper.java:97)
	at org.eclipse.jetty.server.Server.handle(Server.java:445)
	at org.eclipse.jetty.server.HttpChannel.handle(HttpChannel.java:267)
	at org.eclipse.jetty.server.HttpConnection.onFillable(HttpConnection.java:224)
	at org.eclipse.jetty.io.AbstractConnection$ReadCallback.run(AbstractConnection.java:358)
	at org.eclipse.jetty.util.thread.QueuedThreadPool.runJob(QueuedThreadPool.java:601)
	at org.eclipse.jetty.util.thread.QueuedThreadPool$3.run(QueuedThreadPool.java:532)
	at java.lang.Thread.run(Unknown Source)
[INFO ] 2018-11-20 18:24:46,415 [repositories/kiln] POST transaction to repository
[WARN ] 2018-11-20 18:24:46,415 [repositories/kiln] Class org.apache.xerces.parsers.SAXParser not found
[INFO ] 2018-11-20 18:24:46,462 [repositories/kiln] POST data to repository
[INFO ] 2018-11-20 18:24:46,462 [repositories/kiln] no base URI specified, using dummy 'foo:bar'
[WARN ] 2018-11-20 18:24:46,462 [repositories/kiln] Class org.apache.xerces.parsers.SAXParser not found
[INFO ] 2018-11-20 18:24:46,587 [repositories/kiln] POST transaction to repository
[WARN ] 2018-11-20 18:24:46,587 [repositories/kiln] Class org.apache.xerces.parsers.SAXParser not found
[INFO ] 2018-11-20 18:24:46,634 [repositories/kiln] POST data to repository
[INFO ] 2018-11-20 18:24:46,634 [repositories/kiln] no base URI specified, using dummy 'foo:bar'
[WARN ] 2018-11-20 18:24:46,634 [repositories/kiln] Class org.apache.xerces.parsers.SAXParser not found
[INFO ] 2018-11-20 18:24:46,790 [repositories/kiln] POST transaction to repository
[WARN ] 2018-11-20 18:24:46,790 [repositories/kiln] Class org.apache.xerces.parsers.SAXParser not found
[INFO ] 2018-11-20 18:24:46,821 [repositories/kiln] POST data to repository
[INFO ] 2018-11-20 18:24:46,821 [repositories/kiln] no base URI specified, using dummy 'foo:bar'
[WARN ] 2018-11-20 18:24:46,821 [repositories/kiln] Class org.apache.xerces.parsers.SAXParser not found
[INFO ] 2018-11-20 18:24:46,977 [repositories/kiln] POST transaction to repository
[WARN ] 2018-11-20 18:24:46,977 [repositories/kiln] Class org.apache.xerces.parsers.SAXParser not found
[INFO ] 2018-11-20 18:24:46,993 [repositories/kiln] POST data to repository
[INFO ] 2018-11-20 18:24:46,993 [repositories/kiln] no base URI specified, using dummy 'foo:bar'
[WARN ] 2018-11-20 18:24:46,993 [repositories/kiln] Class org.apache.xerces.parsers.SAXParser not found
[INFO ] 2018-11-20 18:24:47,165 [repositories/kiln] POST transaction to repository
[WARN ] 2018-11-20 18:24:47,180 [repositories/kiln] Class org.apache.xerces.parsers.SAXParser not found
[INFO ] 2018-11-20 18:24:47,196 [repositories/kiln] POST data to repository
[INFO ] 2018-11-20 18:24:47,196 [repositories/kiln] no base URI specified, using dummy 'foo:bar'
[WARN ] 2018-11-20 18:24:47,212 [repositories/kiln] Class org.apache.xerces.parsers.SAXParser not found
[INFO ] 2018-11-20 18:24:47,227 [repositories/kiln] POST transaction to repository
[WARN ] 2018-11-20 18:24:47,227 [repositories/kiln] Class org.apache.xerces.parsers.SAXParser not found
[INFO ] 2018-11-20 18:24:47,258 [repositories/kiln] POST data to repository
[INFO ] 2018-11-20 18:24:47,258 [repositories/kiln] no base URI specified, using dummy 'foo:bar'
[WARN ] 2018-11-20 18:24:47,258 [repositories/kiln] Class org.apache.xerces.parsers.SAXParser not found
[INFO ] 2018-11-20 18:24:47,290 [repositories/kiln] POST transaction to repository
[WARN ] 2018-11-20 18:24:47,290 [repositories/kiln] Class org.apache.xerces.parsers.SAXParser not found
[INFO ] 2018-11-20 18:24:47,305 [repositories/kiln] POST data to repository
[INFO ] 2018-11-20 18:24:47,305 [repositories/kiln] no base URI specified, using dummy 'foo:bar'
[WARN ] 2018-11-20 18:24:47,305 [repositories/kiln] Class org.apache.xerces.parsers.SAXParser not found
[INFO ] 2018-11-20 18:24:47,321 [repositories/kiln] POST transaction to repository
[WARN ] 2018-11-20 18:24:47,321 [repositories/kiln] Class org.apache.xerces.parsers.SAXParser not found
[INFO ] 2018-11-20 18:24:47,337 [repositories/kiln] POST data to repository
[INFO ] 2018-11-20 18:24:47,337 [repositories/kiln] no base URI specified, using dummy 'foo:bar'
[WARN ] 2018-11-20 18:24:47,337 [repositories/kiln] Class org.apache.xerces.parsers.SAXParser not found
[INFO ] 2018-11-20 18:24:47,368 [repositories/kiln] POST transaction to repository
[WARN ] 2018-11-20 18:24:47,368 [repositories/kiln] Class org.apache.xerces.parsers.SAXParser not found
[INFO ] 2018-11-20 18:24:47,383 [repositories/kiln] POST data to repository
[INFO ] 2018-11-20 18:24:47,383 [repositories/kiln] no base URI specified, using dummy 'foo:bar'
[WARN ] 2018-11-20 18:24:47,383 [repositories/kiln] Class org.apache.xerces.parsers.SAXParser not found
[INFO ] 2018-11-20 18:24:47,399 [repositories/kiln] POST transaction to repository
[WARN ] 2018-11-20 18:24:47,399 [repositories/kiln] Class org.apache.xerces.parsers.SAXParser not found
[INFO ] 2018-11-20 18:24:47,415 [repositories/kiln] POST data to repository
[INFO ] 2018-11-20 18:24:47,415 [repositories/kiln] no base URI specified, using dummy 'foo:bar'
[WARN ] 2018-11-20 18:24:47,415 [repositories/kiln] Class org.apache.xerces.parsers.SAXParser not found
[INFO ] 2018-11-20 18:24:47,446 [repositories/kiln] POST transaction to repository
[WARN ] 2018-11-20 18:24:47,446 [repositories/kiln] Class org.apache.xerces.parsers.SAXParser not found
[INFO ] 2018-11-20 18:24:47,493 [repositories/kiln] POST data to repository
[INFO ] 2018-11-20 18:24:47,493 [repositories/kiln] no base URI specified, using dummy 'foo:bar'
[WARN ] 2018-11-20 18:24:47,493 [repositories/kiln] Class org.apache.xerces.parsers.SAXParser not found
[INFO ] 2018-11-20 18:24:47,508 [repositories/kiln] POST transaction to repository
[WARN ] 2018-11-20 18:24:47,508 [repositories/kiln] Class org.apache.xerces.parsers.SAXParser not found
[INFO ] 2018-11-20 18:24:47,540 [repositories/kiln] POST data to repository
[INFO ] 2018-11-20 18:24:47,540 [repositories/kiln] no base URI specified, using dummy 'foo:bar'
[WARN ] 2018-11-20 18:24:47,540 [repositories/kiln] Class org.apache.xerces.parsers.SAXParser not found
[INFO ] 2018-11-20 18:24:47,571 [repositories/kiln] POST transaction to repository
[WARN ] 2018-11-20 18:24:47,571 [repositories/kiln] Class org.apache.xerces.parsers.SAXParser not found
[INFO ] 2018-11-20 18:24:47,602 [repositories/kiln] POST data to repository
[INFO ] 2018-11-20 18:24:47,602 [repositories/kiln] no base URI specified, using dummy 'foo:bar'
[WARN ] 2018-11-20 18:24:47,602 [repositories/kiln] Class org.apache.xerces.parsers.SAXParser not found
[INFO ] 2018-11-20 18:24:47,618 [repositories/kiln] POST transaction to repository
[WARN ] 2018-11-20 18:24:47,618 [repositories/kiln] Class org.apache.xerces.parsers.SAXParser not found
[INFO ] 2018-11-20 18:24:47,649 [repositories/kiln] POST data to repository
[INFO ] 2018-11-20 18:24:47,649 [repositories/kiln] no base URI specified, using dummy 'foo:bar'
[WARN ] 2018-11-20 18:24:47,649 [repositories/kiln] Class org.apache.xerces.parsers.SAXParser not found
[INFO ] 2018-11-20 18:24:47,665 [repositories/kiln] POST transaction to repository
[WARN ] 2018-11-20 18:24:47,665 [repositories/kiln] Class org.apache.xerces.parsers.SAXParser not found
[INFO ] 2018-11-20 18:24:47,680 [repositories/kiln] POST data to repository
[INFO ] 2018-11-20 18:24:47,680 [repositories/kiln] no base URI specified, using dummy 'foo:bar'
[WARN ] 2018-11-20 18:24:47,680 [repositories/kiln] Class org.apache.xerces.parsers.SAXParser not found
[INFO ] 2018-11-20 18:24:47,696 [repositories/kiln] POST transaction to repository
[WARN ] 2018-11-20 18:24:47,696 [repositories/kiln] Class org.apache.xerces.parsers.SAXParser not found
[INFO ] 2018-11-20 18:24:47,711 [repositories/kiln] POST data to repository
[INFO ] 2018-11-20 18:24:47,711 [repositories/kiln] no base URI specified, using dummy 'foo:bar'
[WARN ] 2018-11-20 18:24:47,711 [repositories/kiln] Class org.apache.xerces.parsers.SAXParser not found
[INFO ] 2018-11-20 18:24:47,727 [repositories/kiln] POST transaction to repository
[WARN ] 2018-11-20 18:24:47,727 [repositories/kiln] Class org.apache.xerces.parsers.SAXParser not found
[INFO ] 2018-11-20 18:24:47,743 [repositories/kiln] POST data to repository
[INFO ] 2018-11-20 18:24:47,743 [repositories/kiln] no base URI specified, using dummy 'foo:bar'
[WARN ] 2018-11-20 18:24:47,743 [repositories/kiln] Class org.apache.xerces.parsers.SAXParser not found
[INFO ] 2018-11-20 18:24:47,774 [repositories/kiln] POST transaction to repository
[WARN ] 2018-11-20 18:24:47,774 [repositories/kiln] Class org.apache.xerces.parsers.SAXParser not found
[INFO ] 2018-11-20 18:24:47,790 [repositories/kiln] POST data to repository
[INFO ] 2018-11-20 18:24:47,790 [repositories/kiln] no base URI specified, using dummy 'foo:bar'
[WARN ] 2018-11-20 18:24:47,790 [repositories/kiln] Class org.apache.xerces.parsers.SAXParser not found
[INFO ] 2018-11-20 18:24:47,805 [repositories/kiln] POST transaction to repository
[WARN ] 2018-11-20 18:24:47,805 [repositories/kiln] Class org.apache.xerces.parsers.SAXParser not found
[INFO ] 2018-11-20 18:24:47,836 [repositories/kiln] POST data to repository
[INFO ] 2018-11-20 18:24:47,836 [repositories/kiln] no base URI specified, using dummy 'foo:bar'
[WARN ] 2018-11-20 18:24:47,836 [repositories/kiln] Class org.apache.xerces.parsers.SAXParser not found
[INFO ] 2018-11-20 18:24:47,852 [repositories/kiln] POST transaction to repository
[WARN ] 2018-11-20 18:24:47,852 [repositories/kiln] Class org.apache.xerces.parsers.SAXParser not found
[INFO ] 2018-11-20 18:24:47,868 [repositories/kiln] POST data to repository
[INFO ] 2018-11-20 18:24:47,868 [repositories/kiln] no base URI specified, using dummy 'foo:bar'
[WARN ] 2018-11-20 18:24:47,868 [repositories/kiln] Class org.apache.xerces.parsers.SAXParser not found
[INFO ] 2018-11-20 18:27:19,085 [repositories/kiln] POST transaction to repository
[WARN ] 2018-11-20 18:27:19,086 [repositories/kiln] Class org.apache.xerces.parsers.SAXParser not found
[INFO ] 2018-11-20 18:27:19,357 [repositories/kiln] POST data to repository
[INFO ] 2018-11-20 18:27:19,357 [repositories/kiln] no base URI specified, using dummy 'foo:bar'
[WARN ] 2018-11-20 18:27:19,357 [repositories/kiln] Class org.apache.xerces.parsers.SAXParser not found
[INFO ] 2018-11-20 18:27:19,583 [repositories/kiln] POST transaction to repository
[WARN ] 2018-11-20 18:27:19,583 [repositories/kiln] Class org.apache.xerces.parsers.SAXParser not found
[INFO ] 2018-11-20 18:27:19,833 [repositories/kiln] POST data to repository
[INFO ] 2018-11-20 18:27:19,833 [repositories/kiln] no base URI specified, using dummy 'foo:bar'
[WARN ] 2018-11-20 18:27:19,833 [repositories/kiln] Class org.apache.xerces.parsers.SAXParser not found
[INFO ] 2018-11-20 18:27:19,958 [repositories/kiln] POST transaction to repository
[WARN ] 2018-11-20 18:27:19,958 [repositories/kiln] Class org.apache.xerces.parsers.SAXParser not found
[INFO ] 2018-11-20 18:27:20,145 [repositories/kiln] POST data to repository
[INFO ] 2018-11-20 18:27:20,145 [repositories/kiln] no base URI specified, using dummy 'foo:bar'
[WARN ] 2018-11-20 18:27:20,145 [repositories/kiln] Class org.apache.xerces.parsers.SAXParser not found
[INFO ] 2018-11-20 18:27:20,333 [repositories/kiln] POST transaction to repository
[WARN ] 2018-11-20 18:27:20,333 [repositories/kiln] Class org.apache.xerces.parsers.SAXParser not found
[INFO ] 2018-11-20 18:27:20,520 [repositories/kiln] POST data to repository
[INFO ] 2018-11-20 18:27:20,520 [repositories/kiln] no base URI specified, using dummy 'foo:bar'
[WARN ] 2018-11-20 18:27:20,520 [repositories/kiln] Class org.apache.xerces.parsers.SAXParser not found
[INFO ] 2018-11-20 18:27:20,645 [repositories/kiln] POST transaction to repository
[WARN ] 2018-11-20 18:27:20,645 [repositories/kiln] Class org.apache.xerces.parsers.SAXParser not found
[INFO ] 2018-11-20 18:27:20,879 [repositories/kiln] POST data to repository
[INFO ] 2018-11-20 18:27:20,879 [repositories/kiln] no base URI specified, using dummy 'foo:bar'
[WARN ] 2018-11-20 18:27:20,879 [repositories/kiln] Class org.apache.xerces.parsers.SAXParser not found
[INFO ] 2018-11-20 18:27:21,004 [repositories/kiln] POST transaction to repository
[WARN ] 2018-11-20 18:27:21,004 [repositories/kiln] Class org.apache.xerces.parsers.SAXParser not found
[INFO ] 2018-11-20 18:27:21,192 [repositories/kiln] POST data to repository
[INFO ] 2018-11-20 18:27:21,192 [repositories/kiln] no base URI specified, using dummy 'foo:bar'
[WARN ] 2018-11-20 18:27:21,192 [repositories/kiln] Class org.apache.xerces.parsers.SAXParser not found
[INFO ] 2018-11-20 18:27:21,317 [repositories/kiln] POST transaction to repository
[WARN ] 2018-11-20 18:27:21,317 [repositories/kiln] Class org.apache.xerces.parsers.SAXParser not found
[INFO ] 2018-11-20 18:27:21,348 [repositories/kiln] POST data to repository
[INFO ] 2018-11-20 18:27:21,348 [repositories/kiln] no base URI specified, using dummy 'foo:bar'
[WARN ] 2018-11-20 18:27:21,364 [repositories/kiln] Class org.apache.xerces.parsers.SAXParser not found
[ERROR] 2018-11-20 18:27:21,364 [repositories/kiln] [Rio fatal] Fin prématurée du fichier. (1, 39)
[INFO ] 2018-11-20 18:27:21,364 [repositories/kiln] Client sent bad request (400): MALFORMED DATA: Fin prématurée du fichier. [line 1, column 39]
[WARN ] 2018-11-20 18:27:21,364 [repositories/kiln] Rolling back transaction due to connection close
java.lang.Throwable: null
	at org.openrdf.sail.helpers.SailConnectionBase.close(SailConnectionBase.java:240)
	at org.openrdf.sail.helpers.SailConnectionWrapper.close(SailConnectionWrapper.java:88)
	at org.openrdf.sail.helpers.SailConnectionWrapper.close(SailConnectionWrapper.java:88)
	at org.openrdf.repository.sail.SailRepositoryConnection.close(SailRepositoryConnection.java:129)
	at org.openrdf.http.server.repository.RepositoryInterceptor.cleanUpResources(RepositoryInterceptor.java:150)
	at org.openrdf.http.server.ServerInterceptor.afterCompletion(ServerInterceptor.java:55)
	at org.openrdf.http.server.ServerInterceptor$$FastClassByCGLIB$$966e62ef.invoke(<generated>)
	at net.sf.cglib.proxy.MethodProxy.invoke(MethodProxy.java:191)
	at org.springframework.aop.framework.Cglib2AopProxy$CglibMethodInvocation.invokeJoinpoint(Cglib2AopProxy.java:700)
	at org.springframework.aop.framework.ReflectiveMethodInvocation.proceed(ReflectiveMethodInvocation.java:149)
	at org.springframework.aop.support.DelegatingIntroductionInterceptor.doProceed(DelegatingIntroductionInterceptor.java:131)
	at org.springframework.aop.support.DelegatingIntroductionInterceptor.invoke(DelegatingIntroductionInterceptor.java:119)
	at org.springframework.aop.framework.ReflectiveMethodInvocation.proceed(ReflectiveMethodInvocation.java:171)
	at org.springframework.aop.framework.Cglib2AopProxy$DynamicAdvisedInterceptor.intercept(Cglib2AopProxy.java:635)
	at org.openrdf.http.server.repository.RepositoryInterceptor$$EnhancerByCGLIB$$5d298e74.afterCompletion(<generated>)
	at org.springframework.web.servlet.DispatcherServlet.triggerAfterCompletion(DispatcherServlet.java:1244)
	at org.springframework.web.servlet.DispatcherServlet.doDispatch(DispatcherServlet.java:915)
	at org.springframework.web.servlet.DispatcherServlet.doService(DispatcherServlet.java:807)
	at org.springframework.web.servlet.FrameworkServlet.processRequest(FrameworkServlet.java:571)
	at org.springframework.web.servlet.FrameworkServlet.doPost(FrameworkServlet.java:511)
	at javax.servlet.http.HttpServlet.service(HttpServlet.java:755)
	at javax.servlet.http.HttpServlet.service(HttpServlet.java:848)
	at org.eclipse.jetty.servlet.ServletHolder.handle(ServletHolder.java:698)
	at org.eclipse.jetty.servlet.ServletHandler.doHandle(ServletHandler.java:505)
	at org.eclipse.jetty.server.handler.ScopedHandler.handle(ScopedHandler.java:138)
	at org.eclipse.jetty.security.SecurityHandler.handle(SecurityHandler.java:564)
	at org.eclipse.jetty.server.session.SessionHandler.doHandle(SessionHandler.java:213)
	at org.eclipse.jetty.server.handler.ContextHandler.doHandle(ContextHandler.java:1094)
	at org.eclipse.jetty.servlet.ServletHandler.doScope(ServletHandler.java:432)
	at org.eclipse.jetty.server.session.SessionHandler.doScope(SessionHandler.java:175)
	at org.eclipse.jetty.server.handler.ContextHandler.doScope(ContextHandler.java:1028)
	at org.eclipse.jetty.server.handler.ScopedHandler.handle(ScopedHandler.java:136)
	at org.eclipse.jetty.server.handler.ContextHandlerCollection.handle(ContextHandlerCollection.java:258)
	at org.eclipse.jetty.server.handler.HandlerCollection.handle(HandlerCollection.java:109)
	at org.eclipse.jetty.server.handler.HandlerWrapper.handle(HandlerWrapper.java:97)
	at org.eclipse.jetty.server.Server.handle(Server.java:445)
	at org.eclipse.jetty.server.HttpChannel.handle(HttpChannel.java:267)
	at org.eclipse.jetty.server.HttpConnection.onFillable(HttpConnection.java:224)
	at org.eclipse.jetty.io.AbstractConnection$ReadCallback.run(AbstractConnection.java:358)
	at org.eclipse.jetty.util.thread.QueuedThreadPool.runJob(QueuedThreadPool.java:601)
	at org.eclipse.jetty.util.thread.QueuedThreadPool$3.run(QueuedThreadPool.java:532)
	at java.lang.Thread.run(Unknown Source)
[INFO ] 2018-11-20 18:27:21,379 [repositories/kiln] POST transaction to repository
[WARN ] 2018-11-20 18:27:21,379 [repositories/kiln] Class org.apache.xerces.parsers.SAXParser not found
[INFO ] 2018-11-20 18:27:21,582 [repositories/kiln] POST data to repository
[INFO ] 2018-11-20 18:27:21,582 [repositories/kiln] no base URI specified, using dummy 'foo:bar'
[WARN ] 2018-11-20 18:27:21,582 [repositories/kiln] Class org.apache.xerces.parsers.SAXParser not found
[INFO ] 2018-11-20 18:27:21,692 [repositories/kiln] POST transaction to repository
[WARN ] 2018-11-20 18:27:21,692 [repositories/kiln] Class org.apache.xerces.parsers.SAXParser not found
[INFO ] 2018-11-20 18:27:21,723 [repositories/kiln] POST data to repository
[INFO ] 2018-11-20 18:27:21,723 [repositories/kiln] no base URI specified, using dummy 'foo:bar'
[WARN ] 2018-11-20 18:27:21,723 [repositories/kiln] Class org.apache.xerces.parsers.SAXParser not found
[INFO ] 2018-11-20 18:27:21,879 [repositories/kiln] POST transaction to repository
[WARN ] 2018-11-20 18:27:21,879 [repositories/kiln] Class org.apache.xerces.parsers.SAXParser not found
[INFO ] 2018-11-20 18:27:22,145 [repositories/kiln] POST data to repository
[INFO ] 2018-11-20 18:27:22,145 [repositories/kiln] no base URI specified, using dummy 'foo:bar'
[WARN ] 2018-11-20 18:27:22,145 [repositories/kiln] Class org.apache.xerces.parsers.SAXParser not found
[INFO ] 2018-11-20 18:27:22,285 [repositories/kiln] POST transaction to repository
[WARN ] 2018-11-20 18:27:22,285 [repositories/kiln] Class org.apache.xerces.parsers.SAXParser not found
[INFO ] 2018-11-20 18:27:22,473 [repositories/kiln] POST data to repository
[INFO ] 2018-11-20 18:27:22,473 [repositories/kiln] no base URI specified, using dummy 'foo:bar'
[WARN ] 2018-11-20 18:27:22,473 [repositories/kiln] Class org.apache.xerces.parsers.SAXParser not found
[INFO ] 2018-11-20 18:27:22,613 [repositories/kiln] POST transaction to repository
[WARN ] 2018-11-20 18:27:22,613 [repositories/kiln] Class org.apache.xerces.parsers.SAXParser not found
[INFO ] 2018-11-20 18:27:22,863 [repositories/kiln] POST data to repository
[INFO ] 2018-11-20 18:27:22,863 [repositories/kiln] no base URI specified, using dummy 'foo:bar'
[WARN ] 2018-11-20 18:27:22,863 [repositories/kiln] Class org.apache.xerces.parsers.SAXParser not found
[INFO ] 2018-11-20 18:27:22,988 [repositories/kiln] POST transaction to repository
[WARN ] 2018-11-20 18:27:22,988 [repositories/kiln] Class org.apache.xerces.parsers.SAXParser not found
[INFO ] 2018-11-20 18:27:23,004 [repositories/kiln] POST data to repository
[INFO ] 2018-11-20 18:27:23,004 [repositories/kiln] no base URI specified, using dummy 'foo:bar'
[WARN ] 2018-11-20 18:27:23,004 [repositories/kiln] Class org.apache.xerces.parsers.SAXParser not found
[INFO ] 2018-11-20 18:27:23,020 [repositories/kiln] POST transaction to repository
[WARN ] 2018-11-20 18:27:23,020 [repositories/kiln] Class org.apache.xerces.parsers.SAXParser not found
[INFO ] 2018-11-20 18:27:23,035 [repositories/kiln] POST data to repository
[INFO ] 2018-11-20 18:27:23,035 [repositories/kiln] no base URI specified, using dummy 'foo:bar'
[WARN ] 2018-11-20 18:27:23,035 [repositories/kiln] Class org.apache.xerces.parsers.SAXParser not found
[INFO ] 2018-11-20 18:27:23,051 [repositories/kiln] POST transaction to repository
[WARN ] 2018-11-20 18:27:23,066 [repositories/kiln] Class org.apache.xerces.parsers.SAXParser not found
[INFO ] 2018-11-20 18:27:23,066 [repositories/kiln] POST data to repository
[INFO ] 2018-11-20 18:27:23,066 [repositories/kiln] no base URI specified, using dummy 'foo:bar'
[WARN ] 2018-11-20 18:27:23,066 [repositories/kiln] Class org.apache.xerces.parsers.SAXParser not found
[INFO ] 2018-11-20 18:27:23,098 [repositories/kiln] POST transaction to repository
[WARN ] 2018-11-20 18:27:23,098 [repositories/kiln] Class org.apache.xerces.parsers.SAXParser not found
[INFO ] 2018-11-20 18:27:23,098 [repositories/kiln] POST data to repository
[INFO ] 2018-11-20 18:27:23,098 [repositories/kiln] no base URI specified, using dummy 'foo:bar'
[WARN ] 2018-11-20 18:27:23,098 [repositories/kiln] Class org.apache.xerces.parsers.SAXParser not found
[INFO ] 2018-11-20 18:27:23,113 [repositories/kiln] POST transaction to repository
[WARN ] 2018-11-20 18:27:23,113 [repositories/kiln] Class org.apache.xerces.parsers.SAXParser not found
[INFO ] 2018-11-20 18:27:23,129 [repositories/kiln] POST data to repository
[INFO ] 2018-11-20 18:27:23,129 [repositories/kiln] no base URI specified, using dummy 'foo:bar'
[WARN ] 2018-11-20 18:27:23,129 [repositories/kiln] Class org.apache.xerces.parsers.SAXParser not found
[INFO ] 2018-11-20 18:27:23,145 [repositories/kiln] POST transaction to repository
[WARN ] 2018-11-20 18:27:23,145 [repositories/kiln] Class org.apache.xerces.parsers.SAXParser not found
[INFO ] 2018-11-20 18:27:23,160 [repositories/kiln] POST data to repository
[INFO ] 2018-11-20 18:27:23,160 [repositories/kiln] no base URI specified, using dummy 'foo:bar'
[WARN ] 2018-11-20 18:27:23,160 [repositories/kiln] Class org.apache.xerces.parsers.SAXParser not found
[INFO ] 2018-11-20 18:27:23,160 [repositories/kiln] POST transaction to repository
[WARN ] 2018-11-20 18:27:23,160 [repositories/kiln] Class org.apache.xerces.parsers.SAXParser not found
[INFO ] 2018-11-20 18:27:23,176 [repositories/kiln] POST data to repository
[INFO ] 2018-11-20 18:27:23,176 [repositories/kiln] no base URI specified, using dummy 'foo:bar'
[WARN ] 2018-11-20 18:27:23,176 [repositories/kiln] Class org.apache.xerces.parsers.SAXParser not found
[INFO ] 2018-11-20 18:27:23,191 [repositories/kiln] POST transaction to repository
[WARN ] 2018-11-20 18:27:23,191 [repositories/kiln] Class org.apache.xerces.parsers.SAXParser not found
[INFO ] 2018-11-20 18:27:23,207 [repositories/kiln] POST data to repository
[INFO ] 2018-11-20 18:27:23,207 [repositories/kiln] no base URI specified, using dummy 'foo:bar'
[WARN ] 2018-11-20 18:27:23,207 [repositories/kiln] Class org.apache.xerces.parsers.SAXParser not found
[INFO ] 2018-11-20 18:27:23,223 [repositories/kiln] POST transaction to repository
[WARN ] 2018-11-20 18:27:23,223 [repositories/kiln] Class org.apache.xerces.parsers.SAXParser not found
[INFO ] 2018-11-20 18:27:23,238 [repositories/kiln] POST data to repository
[INFO ] 2018-11-20 18:27:23,238 [repositories/kiln] no base URI specified, using dummy 'foo:bar'
[WARN ] 2018-11-20 18:27:23,238 [repositories/kiln] Class org.apache.xerces.parsers.SAXParser not found
[INFO ] 2018-11-20 18:27:23,254 [repositories/kiln] POST transaction to repository
[WARN ] 2018-11-20 18:27:23,254 [repositories/kiln] Class org.apache.xerces.parsers.SAXParser not found
[INFO ] 2018-11-20 18:27:23,254 [repositories/kiln] POST data to repository
[INFO ] 2018-11-20 18:27:23,254 [repositories/kiln] no base URI specified, using dummy 'foo:bar'
[WARN ] 2018-11-20 18:27:23,254 [repositories/kiln] Class org.apache.xerces.parsers.SAXParser not found
[INFO ] 2018-11-20 18:27:23,270 [repositories/kiln] POST transaction to repository
[WARN ] 2018-11-20 18:27:23,270 [repositories/kiln] Class org.apache.xerces.parsers.SAXParser not found
[INFO ] 2018-11-20 18:27:23,285 [repositories/kiln] POST data to repository
[INFO ] 2018-11-20 18:27:23,285 [repositories/kiln] no base URI specified, using dummy 'foo:bar'
[WARN ] 2018-11-20 18:27:23,285 [repositories/kiln] Class org.apache.xerces.parsers.SAXParser not found
[INFO ] 2018-11-20 18:27:23,301 [repositories/kiln] POST transaction to repository
[WARN ] 2018-11-20 18:27:23,301 [repositories/kiln] Class org.apache.xerces.parsers.SAXParser not found
[INFO ] 2018-11-20 18:27:23,316 [repositories/kiln] POST data to repository
[INFO ] 2018-11-20 18:27:23,316 [repositories/kiln] no base URI specified, using dummy 'foo:bar'
[WARN ] 2018-11-20 18:27:23,316 [repositories/kiln] Class org.apache.xerces.parsers.SAXParser not found
[INFO ] 2018-11-20 18:27:23,332 [repositories/kiln] POST transaction to repository
[WARN ] 2018-11-20 18:27:23,332 [repositories/kiln] Class org.apache.xerces.parsers.SAXParser not found
[INFO ] 2018-11-20 18:27:23,332 [repositories/kiln] POST data to repository
[INFO ] 2018-11-20 18:27:23,332 [repositories/kiln] no base URI specified, using dummy 'foo:bar'
[WARN ] 2018-11-20 18:27:23,332 [repositories/kiln] Class org.apache.xerces.parsers.SAXParser not found
[INFO ] 2018-11-20 18:27:23,348 [repositories/kiln] POST transaction to repository
[WARN ] 2018-11-20 18:27:23,363 [repositories/kiln] Class org.apache.xerces.parsers.SAXParser not found
[INFO ] 2018-11-20 18:27:23,363 [repositories/kiln] POST data to repository
[INFO ] 2018-11-20 18:27:23,363 [repositories/kiln] no base URI specified, using dummy 'foo:bar'
[WARN ] 2018-11-20 18:27:23,363 [repositories/kiln] Class org.apache.xerces.parsers.SAXParser not found
[INFO ] 2018-11-20 18:27:23,379 [repositories/kiln] POST transaction to repository
[WARN ] 2018-11-20 18:27:23,379 [repositories/kiln] Class org.apache.xerces.parsers.SAXParser not found
[INFO ] 2018-11-20 18:27:23,395 [repositories/kiln] POST data to repository
[INFO ] 2018-11-20 18:27:23,395 [repositories/kiln] no base URI specified, using dummy 'foo:bar'
[WARN ] 2018-11-20 18:27:23,395 [repositories/kiln] Class org.apache.xerces.parsers.SAXParser not found
[INFO ] 2018-11-20 18:27:23,410 [repositories/kiln] POST transaction to repository
[WARN ] 2018-11-20 18:27:23,410 [repositories/kiln] Class org.apache.xerces.parsers.SAXParser not found
[INFO ] 2018-11-20 18:27:23,676 [repositories/kiln] POST data to repository
[INFO ] 2018-11-20 18:27:23,676 [repositories/kiln] no base URI specified, using dummy 'foo:bar'
[WARN ] 2018-11-20 18:27:23,676 [repositories/kiln] Class org.apache.xerces.parsers.SAXParser not found
[INFO ] 2018-11-20 18:33:00,089 [repositories/kiln] POST transaction to repository
[WARN ] 2018-11-20 18:33:00,089 [repositories/kiln] Class org.apache.xerces.parsers.SAXParser not found
[INFO ] 2018-11-20 18:33:00,105 [repositories/kiln] POST data to repository
[INFO ] 2018-11-20 18:33:00,105 [repositories/kiln] no base URI specified, using dummy 'foo:bar'
[WARN ] 2018-11-20 18:33:00,105 [repositories/kiln] Class org.apache.xerces.parsers.SAXParser not found
[INFO ] 2018-11-20 18:33:00,276 [repositories/kiln] POST transaction to repository
[WARN ] 2018-11-20 18:33:00,276 [repositories/kiln] Class org.apache.xerces.parsers.SAXParser not found
[INFO ] 2018-11-20 18:33:00,303 [repositories/kiln] POST data to repository
[INFO ] 2018-11-20 18:33:00,303 [repositories/kiln] no base URI specified, using dummy 'foo:bar'
[WARN ] 2018-11-20 18:33:00,304 [repositories/kiln] Class org.apache.xerces.parsers.SAXParser not found
[INFO ] 2018-11-20 18:33:00,433 [repositories/kiln] POST transaction to repository
[WARN ] 2018-11-20 18:33:00,433 [repositories/kiln] Class org.apache.xerces.parsers.SAXParser not found
[INFO ] 2018-11-20 18:33:00,449 [repositories/kiln] POST data to repository
[INFO ] 2018-11-20 18:33:00,449 [repositories/kiln] no base URI specified, using dummy 'foo:bar'
[WARN ] 2018-11-20 18:33:00,449 [repositories/kiln] Class org.apache.xerces.parsers.SAXParser not found
[INFO ] 2018-11-20 18:33:00,636 [repositories/kiln] POST transaction to repository
[WARN ] 2018-11-20 18:33:00,636 [repositories/kiln] Class org.apache.xerces.parsers.SAXParser not found
[INFO ] 2018-11-20 18:33:00,867 [repositories/kiln] POST data to repository
[INFO ] 2018-11-20 18:33:00,867 [repositories/kiln] no base URI specified, using dummy 'foo:bar'
[WARN ] 2018-11-20 18:33:00,867 [repositories/kiln] Class org.apache.xerces.parsers.SAXParser not found
[INFO ] 2018-11-20 18:33:01,008 [repositories/kiln] POST transaction to repository
[WARN ] 2018-11-20 18:33:01,008 [repositories/kiln] Class org.apache.xerces.parsers.SAXParser not found
[INFO ] 2018-11-20 18:33:01,023 [repositories/kiln] POST data to repository
[INFO ] 2018-11-20 18:33:01,023 [repositories/kiln] no base URI specified, using dummy 'foo:bar'
[WARN ] 2018-11-20 18:33:01,023 [repositories/kiln] Class org.apache.xerces.parsers.SAXParser not found
[INFO ] 2018-11-20 18:33:01,179 [repositories/kiln] POST transaction to repository
[WARN ] 2018-11-20 18:33:01,179 [repositories/kiln] Class org.apache.xerces.parsers.SAXParser not found
[INFO ] 2018-11-20 18:33:01,414 [repositories/kiln] POST data to repository
[INFO ] 2018-11-20 18:33:01,414 [repositories/kiln] no base URI specified, using dummy 'foo:bar'
[WARN ] 2018-11-20 18:33:01,414 [repositories/kiln] Class org.apache.xerces.parsers.SAXParser not found
[INFO ] 2018-11-20 18:33:01,617 [repositories/kiln] POST transaction to repository
[WARN ] 2018-11-20 18:33:01,617 [repositories/kiln] Class org.apache.xerces.parsers.SAXParser not found
[INFO ] 2018-11-20 18:33:01,632 [repositories/kiln] POST data to repository
[INFO ] 2018-11-20 18:33:01,632 [repositories/kiln] no base URI specified, using dummy 'foo:bar'
[WARN ] 2018-11-20 18:33:01,632 [repositories/kiln] Class org.apache.xerces.parsers.SAXParser not found
[INFO ] 2018-11-20 18:33:01,773 [repositories/kiln] POST transaction to repository
[WARN ] 2018-11-20 18:33:01,773 [repositories/kiln] Class org.apache.xerces.parsers.SAXParser not found
[INFO ] 2018-11-20 18:33:02,007 [repositories/kiln] POST data to repository
[INFO ] 2018-11-20 18:33:02,007 [repositories/kiln] no base URI specified, using dummy 'foo:bar'
[WARN ] 2018-11-20 18:33:02,007 [repositories/kiln] Class org.apache.xerces.parsers.SAXParser not found
[INFO ] 2018-11-20 18:33:02,148 [repositories/kiln] POST transaction to repository
[WARN ] 2018-11-20 18:33:02,148 [repositories/kiln] Class org.apache.xerces.parsers.SAXParser not found
[INFO ] 2018-11-20 18:33:02,179 [repositories/kiln] POST data to repository
[INFO ] 2018-11-20 18:33:02,179 [repositories/kiln] no base URI specified, using dummy 'foo:bar'
[WARN ] 2018-11-20 18:33:02,195 [repositories/kiln] Class org.apache.xerces.parsers.SAXParser not found
[INFO ] 2018-11-20 18:33:02,320 [repositories/kiln] POST transaction to repository
[WARN ] 2018-11-20 18:33:02,335 [repositories/kiln] Class org.apache.xerces.parsers.SAXParser not found
[INFO ] 2018-11-20 18:33:02,351 [repositories/kiln] POST data to repository
[INFO ] 2018-11-20 18:33:02,351 [repositories/kiln] no base URI specified, using dummy 'foo:bar'
[WARN ] 2018-11-20 18:33:02,351 [repositories/kiln] Class org.apache.xerces.parsers.SAXParser not found
[INFO ] 2018-11-20 18:33:02,492 [repositories/kiln] POST transaction to repository
[WARN ] 2018-11-20 18:33:02,492 [repositories/kiln] Class org.apache.xerces.parsers.SAXParser not found
[INFO ] 2018-11-20 18:33:02,757 [repositories/kiln] POST data to repository
[INFO ] 2018-11-20 18:33:02,757 [repositories/kiln] no base URI specified, using dummy 'foo:bar'
[WARN ] 2018-11-20 18:33:02,757 [repositories/kiln] Class org.apache.xerces.parsers.SAXParser not found
[INFO ] 2018-11-20 18:33:02,945 [repositories/kiln] POST transaction to repository
[WARN ] 2018-11-20 18:33:02,945 [repositories/kiln] Class org.apache.xerces.parsers.SAXParser not found
[INFO ] 2018-11-20 18:33:02,960 [repositories/kiln] POST data to repository
[INFO ] 2018-11-20 18:33:02,960 [repositories/kiln] no base URI specified, using dummy 'foo:bar'
[WARN ] 2018-11-20 18:33:02,960 [repositories/kiln] Class org.apache.xerces.parsers.SAXParser not found
[INFO ] 2018-11-20 18:33:03,085 [repositories/kiln] POST transaction to repository
[WARN ] 2018-11-20 18:33:03,085 [repositories/kiln] Class org.apache.xerces.parsers.SAXParser not found
[INFO ] 2018-11-20 18:33:03,101 [repositories/kiln] POST data to repository
[INFO ] 2018-11-20 18:33:03,101 [repositories/kiln] no base URI specified, using dummy 'foo:bar'
[WARN ] 2018-11-20 18:33:03,101 [repositories/kiln] Class org.apache.xerces.parsers.SAXParser not found
[INFO ] 2018-11-20 18:33:03,241 [repositories/kiln] POST transaction to repository
[WARN ] 2018-11-20 18:33:03,241 [repositories/kiln] Class org.apache.xerces.parsers.SAXParser not found
[INFO ] 2018-11-20 18:33:03,257 [repositories/kiln] POST data to repository
[INFO ] 2018-11-20 18:33:03,257 [repositories/kiln] no base URI specified, using dummy 'foo:bar'
[WARN ] 2018-11-20 18:33:03,257 [repositories/kiln] Class org.apache.xerces.parsers.SAXParser not found
[INFO ] 2018-11-20 18:33:03,398 [repositories/kiln] POST transaction to repository
[WARN ] 2018-11-20 18:33:03,398 [repositories/kiln] Class org.apache.xerces.parsers.SAXParser not found
[INFO ] 2018-11-20 18:33:03,413 [repositories/kiln] POST data to repository
[INFO ] 2018-11-20 18:33:03,413 [repositories/kiln] no base URI specified, using dummy 'foo:bar'
[WARN ] 2018-11-20 18:33:03,413 [repositories/kiln] Class org.apache.xerces.parsers.SAXParser not found
[INFO ] 2018-11-20 18:33:03,554 [repositories/kiln] POST transaction to repository
[WARN ] 2018-11-20 18:33:03,554 [repositories/kiln] Class org.apache.xerces.parsers.SAXParser not found
[INFO ] 2018-11-20 18:33:03,804 [repositories/kiln] POST data to repository
[INFO ] 2018-11-20 18:33:03,804 [repositories/kiln] no base URI specified, using dummy 'foo:bar'
[WARN ] 2018-11-20 18:33:03,804 [repositories/kiln] Class org.apache.xerces.parsers.SAXParser not found
[INFO ] 2018-11-20 18:33:03,960 [repositories/kiln] POST transaction to repository
[WARN ] 2018-11-20 18:33:03,960 [repositories/kiln] Class org.apache.xerces.parsers.SAXParser not found
[INFO ] 2018-11-20 18:33:04,194 [repositories/kiln] POST data to repository
[INFO ] 2018-11-20 18:33:04,194 [repositories/kiln] no base URI specified, using dummy 'foo:bar'
[WARN ] 2018-11-20 18:33:04,194 [repositories/kiln] Class org.apache.xerces.parsers.SAXParser not found
[INFO ] 2018-11-20 18:33:04,366 [repositories/kiln] POST transaction to repository
[WARN ] 2018-11-20 18:33:04,366 [repositories/kiln] Class org.apache.xerces.parsers.SAXParser not found
[INFO ] 2018-11-20 18:33:04,382 [repositories/kiln] POST data to repository
[INFO ] 2018-11-20 18:33:04,382 [repositories/kiln] no base URI specified, using dummy 'foo:bar'
[WARN ] 2018-11-20 18:33:04,382 [repositories/kiln] Class org.apache.xerces.parsers.SAXParser not found
[INFO ] 2018-11-20 18:33:04,522 [repositories/kiln] POST transaction to repository
[WARN ] 2018-11-20 18:33:04,522 [repositories/kiln] Class org.apache.xerces.parsers.SAXParser not found
[INFO ] 2018-11-20 18:33:04,538 [repositories/kiln] POST data to repository
[INFO ] 2018-11-20 18:33:04,538 [repositories/kiln] no base URI specified, using dummy 'foo:bar'
[WARN ] 2018-11-20 18:33:04,538 [repositories/kiln] Class org.apache.xerces.parsers.SAXParser not found
[ERROR] 2018-11-20 18:33:04,538 [repositories/kiln] [Rio fatal] Fin prématurée du fichier. (1, 39)
[INFO ] 2018-11-20 18:33:04,538 [repositories/kiln] Client sent bad request (400): MALFORMED DATA: Fin prématurée du fichier. [line 1, column 39]
[WARN ] 2018-11-20 18:33:04,538 [repositories/kiln] Rolling back transaction due to connection close
java.lang.Throwable: null
	at org.openrdf.sail.helpers.SailConnectionBase.close(SailConnectionBase.java:240)
	at org.openrdf.sail.helpers.SailConnectionWrapper.close(SailConnectionWrapper.java:88)
	at org.openrdf.sail.helpers.SailConnectionWrapper.close(SailConnectionWrapper.java:88)
	at org.openrdf.repository.sail.SailRepositoryConnection.close(SailRepositoryConnection.java:129)
	at org.openrdf.http.server.repository.RepositoryInterceptor.cleanUpResources(RepositoryInterceptor.java:150)
	at org.openrdf.http.server.ServerInterceptor.afterCompletion(ServerInterceptor.java:55)
	at org.openrdf.http.server.ServerInterceptor$$FastClassByCGLIB$$966e62ef.invoke(<generated>)
	at net.sf.cglib.proxy.MethodProxy.invoke(MethodProxy.java:191)
	at org.springframework.aop.framework.Cglib2AopProxy$CglibMethodInvocation.invokeJoinpoint(Cglib2AopProxy.java:700)
	at org.springframework.aop.framework.ReflectiveMethodInvocation.proceed(ReflectiveMethodInvocation.java:149)
	at org.springframework.aop.support.DelegatingIntroductionInterceptor.doProceed(DelegatingIntroductionInterceptor.java:131)
	at org.springframework.aop.support.DelegatingIntroductionInterceptor.invoke(DelegatingIntroductionInterceptor.java:119)
	at org.springframework.aop.framework.ReflectiveMethodInvocation.proceed(ReflectiveMethodInvocation.java:171)
	at org.springframework.aop.framework.Cglib2AopProxy$DynamicAdvisedInterceptor.intercept(Cglib2AopProxy.java:635)
	at org.openrdf.http.server.repository.RepositoryInterceptor$$EnhancerByCGLIB$$5d298e74.afterCompletion(<generated>)
	at org.springframework.web.servlet.DispatcherServlet.triggerAfterCompletion(DispatcherServlet.java:1244)
	at org.springframework.web.servlet.DispatcherServlet.doDispatch(DispatcherServlet.java:915)
	at org.springframework.web.servlet.DispatcherServlet.doService(DispatcherServlet.java:807)
	at org.springframework.web.servlet.FrameworkServlet.processRequest(FrameworkServlet.java:571)
	at org.springframework.web.servlet.FrameworkServlet.doPost(FrameworkServlet.java:511)
	at javax.servlet.http.HttpServlet.service(HttpServlet.java:755)
	at javax.servlet.http.HttpServlet.service(HttpServlet.java:848)
	at org.eclipse.jetty.servlet.ServletHolder.handle(ServletHolder.java:698)
	at org.eclipse.jetty.servlet.ServletHandler.doHandle(ServletHandler.java:505)
	at org.eclipse.jetty.server.handler.ScopedHandler.handle(ScopedHandler.java:138)
	at org.eclipse.jetty.security.SecurityHandler.handle(SecurityHandler.java:564)
	at org.eclipse.jetty.server.session.SessionHandler.doHandle(SessionHandler.java:213)
	at org.eclipse.jetty.server.handler.ContextHandler.doHandle(ContextHandler.java:1094)
	at org.eclipse.jetty.servlet.ServletHandler.doScope(ServletHandler.java:432)
	at org.eclipse.jetty.server.session.SessionHandler.doScope(SessionHandler.java:175)
	at org.eclipse.jetty.server.handler.ContextHandler.doScope(ContextHandler.java:1028)
	at org.eclipse.jetty.server.handler.ScopedHandler.handle(ScopedHandler.java:136)
	at org.eclipse.jetty.server.handler.ContextHandlerCollection.handle(ContextHandlerCollection.java:258)
	at org.eclipse.jetty.server.handler.HandlerCollection.handle(HandlerCollection.java:109)
	at org.eclipse.jetty.server.handler.HandlerWrapper.handle(HandlerWrapper.java:97)
	at org.eclipse.jetty.server.Server.handle(Server.java:445)
	at org.eclipse.jetty.server.HttpChannel.handle(HttpChannel.java:267)
	at org.eclipse.jetty.server.HttpConnection.onFillable(HttpConnection.java:224)
	at org.eclipse.jetty.io.AbstractConnection$ReadCallback.run(AbstractConnection.java:358)
	at org.eclipse.jetty.util.thread.QueuedThreadPool.runJob(QueuedThreadPool.java:601)
	at org.eclipse.jetty.util.thread.QueuedThreadPool$3.run(QueuedThreadPool.java:532)
	at java.lang.Thread.run(Unknown Source)
[INFO ] 2018-11-20 18:33:04,554 [repositories/kiln] POST transaction to repository
[WARN ] 2018-11-20 18:33:04,554 [repositories/kiln] Class org.apache.xerces.parsers.SAXParser not found
[INFO ] 2018-11-20 18:33:04,803 [repositories/kiln] POST data to repository
[INFO ] 2018-11-20 18:33:04,803 [repositories/kiln] no base URI specified, using dummy 'foo:bar'
[WARN ] 2018-11-20 18:33:04,803 [repositories/kiln] Class org.apache.xerces.parsers.SAXParser not found
[INFO ] 2018-11-20 18:33:04,944 [repositories/kiln] POST transaction to repository
[WARN ] 2018-11-20 18:33:04,944 [repositories/kiln] Class org.apache.xerces.parsers.SAXParser not found
[INFO ] 2018-11-20 18:33:05,194 [repositories/kiln] POST data to repository
[INFO ] 2018-11-20 18:33:05,194 [repositories/kiln] no base URI specified, using dummy 'foo:bar'
[WARN ] 2018-11-20 18:33:05,194 [repositories/kiln] Class org.apache.xerces.parsers.SAXParser not found
[INFO ] 2018-11-20 18:33:05,350 [repositories/kiln] POST transaction to repository
[WARN ] 2018-11-20 18:33:05,350 [repositories/kiln] Class org.apache.xerces.parsers.SAXParser not found
[INFO ] 2018-11-20 18:33:05,585 [repositories/kiln] POST data to repository
[INFO ] 2018-11-20 18:33:05,585 [repositories/kiln] no base URI specified, using dummy 'foo:bar'
[WARN ] 2018-11-20 18:33:05,600 [repositories/kiln] Class org.apache.xerces.parsers.SAXParser not found
[INFO ] 2018-11-20 18:33:05,803 [repositories/kiln] POST transaction to repository
[WARN ] 2018-11-20 18:33:05,803 [repositories/kiln] Class org.apache.xerces.parsers.SAXParser not found
[INFO ] 2018-11-20 18:33:05,834 [repositories/kiln] POST data to repository
[INFO ] 2018-11-20 18:33:05,834 [repositories/kiln] no base URI specified, using dummy 'foo:bar'
[WARN ] 2018-11-20 18:33:05,834 [repositories/kiln] Class org.apache.xerces.parsers.SAXParser not found
[INFO ] 2018-11-20 18:33:06,006 [repositories/kiln] POST transaction to repository
[WARN ] 2018-11-20 18:33:06,006 [repositories/kiln] Class org.apache.xerces.parsers.SAXParser not found
[INFO ] 2018-11-20 18:33:06,256 [repositories/kiln] POST data to repository
[INFO ] 2018-11-20 18:33:06,256 [repositories/kiln] no base URI specified, using dummy 'foo:bar'
[WARN ] 2018-11-20 18:33:06,256 [repositories/kiln] Class org.apache.xerces.parsers.SAXParser not found
[INFO ] 2018-11-20 18:33:06,444 [repositories/kiln] POST transaction to repository
[WARN ] 2018-11-20 18:33:06,444 [repositories/kiln] Class org.apache.xerces.parsers.SAXParser not found
[INFO ] 2018-11-20 18:33:06,459 [repositories/kiln] POST data to repository
[INFO ] 2018-11-20 18:33:06,459 [repositories/kiln] no base URI specified, using dummy 'foo:bar'
[WARN ] 2018-11-20 18:33:06,459 [repositories/kiln] Class org.apache.xerces.parsers.SAXParser not found
[INFO ] 2018-11-20 18:33:06,616 [repositories/kiln] POST transaction to repository
[WARN ] 2018-11-20 18:33:06,616 [repositories/kiln] Class org.apache.xerces.parsers.SAXParser not found
[INFO ] 2018-11-20 18:33:06,631 [repositories/kiln] POST data to repository
[INFO ] 2018-11-20 18:33:06,631 [repositories/kiln] no base URI specified, using dummy 'foo:bar'
[WARN ] 2018-11-20 18:33:06,631 [repositories/kiln] Class org.apache.xerces.parsers.SAXParser not found
[INFO ] 2018-11-20 18:33:06,803 [repositories/kiln] POST transaction to repository
[WARN ] 2018-11-20 18:33:06,803 [repositories/kiln] Class org.apache.xerces.parsers.SAXParser not found
[INFO ] 2018-11-20 18:33:06,819 [repositories/kiln] POST data to repository
[INFO ] 2018-11-20 18:33:06,819 [repositories/kiln] no base URI specified, using dummy 'foo:bar'
[WARN ] 2018-11-20 18:33:06,819 [repositories/kiln] Class org.apache.xerces.parsers.SAXParser not found
[INFO ] 2018-11-20 18:33:06,975 [repositories/kiln] POST transaction to repository
[WARN ] 2018-11-20 18:33:06,975 [repositories/kiln] Class org.apache.xerces.parsers.SAXParser not found
[INFO ] 2018-11-20 18:33:06,990 [repositories/kiln] POST data to repository
[INFO ] 2018-11-20 18:33:06,990 [repositories/kiln] no base URI specified, using dummy 'foo:bar'
[WARN ] 2018-11-20 18:33:06,990 [repositories/kiln] Class org.apache.xerces.parsers.SAXParser not found
[INFO ] 2018-11-20 18:33:07,147 [repositories/kiln] POST transaction to repository
[WARN ] 2018-11-20 18:33:07,147 [repositories/kiln] Class org.apache.xerces.parsers.SAXParser not found
[INFO ] 2018-11-20 18:33:07,428 [repositories/kiln] POST data to repository
[INFO ] 2018-11-20 18:33:07,428 [repositories/kiln] no base URI specified, using dummy 'foo:bar'
[WARN ] 2018-11-20 18:33:07,428 [repositories/kiln] Class org.apache.xerces.parsers.SAXParser not found
[INFO ] 2018-11-20 18:33:07,584 [repositories/kiln] POST transaction to repository
[WARN ] 2018-11-20 18:33:07,584 [repositories/kiln] Class org.apache.xerces.parsers.SAXParser not found
[INFO ] 2018-11-20 18:33:07,600 [repositories/kiln] POST data to repository
[INFO ] 2018-11-20 18:33:07,600 [repositories/kiln] no base URI specified, using dummy 'foo:bar'
[WARN ] 2018-11-20 18:33:07,600 [repositories/kiln] Class org.apache.xerces.parsers.SAXParser not found
[INFO ] 2018-11-20 18:33:07,756 [repositories/kiln] POST transaction to repository
[WARN ] 2018-11-20 18:33:07,756 [repositories/kiln] Class org.apache.xerces.parsers.SAXParser not found
[INFO ] 2018-11-20 18:33:07,772 [repositories/kiln] POST data to repository
[INFO ] 2018-11-20 18:33:07,772 [repositories/kiln] no base URI specified, using dummy 'foo:bar'
[WARN ] 2018-11-20 18:33:07,772 [repositories/kiln] Class org.apache.xerces.parsers.SAXParser not found
[INFO ] 2018-11-20 18:33:07,787 [repositories/kiln] POST transaction to repository
[WARN ] 2018-11-20 18:33:07,787 [repositories/kiln] Class org.apache.xerces.parsers.SAXParser not found
[INFO ] 2018-11-20 18:33:07,787 [repositories/kiln] POST data to repository
[INFO ] 2018-11-20 18:33:07,787 [repositories/kiln] no base URI specified, using dummy 'foo:bar'
[WARN ] 2018-11-20 18:33:07,787 [repositories/kiln] Class org.apache.xerces.parsers.SAXParser not found
[INFO ] 2018-11-20 18:33:07,803 [repositories/kiln] POST transaction to repository
[WARN ] 2018-11-20 18:33:07,803 [repositories/kiln] Class org.apache.xerces.parsers.SAXParser not found
[INFO ] 2018-11-20 18:33:07,818 [repositories/kiln] POST data to repository
[INFO ] 2018-11-20 18:33:07,818 [repositories/kiln] no base URI specified, using dummy 'foo:bar'
[WARN ] 2018-11-20 18:33:07,818 [repositories/kiln] Class org.apache.xerces.parsers.SAXParser not found
[INFO ] 2018-11-20 18:33:07,834 [repositories/kiln] POST transaction to repository
[WARN ] 2018-11-20 18:33:07,834 [repositories/kiln] Class org.apache.xerces.parsers.SAXParser not found
[INFO ] 2018-11-20 18:33:07,850 [repositories/kiln] POST data to repository
[INFO ] 2018-11-20 18:33:07,850 [repositories/kiln] no base URI specified, using dummy 'foo:bar'
[WARN ] 2018-11-20 18:33:07,850 [repositories/kiln] Class org.apache.xerces.parsers.SAXParser not found
[INFO ] 2018-11-20 18:33:07,865 [repositories/kiln] POST transaction to repository
[WARN ] 2018-11-20 18:33:07,865 [repositories/kiln] Class org.apache.xerces.parsers.SAXParser not found
[INFO ] 2018-11-20 18:33:07,865 [repositories/kiln] POST data to repository
[INFO ] 2018-11-20 18:33:07,865 [repositories/kiln] no base URI specified, using dummy 'foo:bar'
[WARN ] 2018-11-20 18:33:07,865 [repositories/kiln] Class org.apache.xerces.parsers.SAXParser not found
[INFO ] 2018-11-20 18:33:07,881 [repositories/kiln] POST transaction to repository
[WARN ] 2018-11-20 18:33:07,881 [repositories/kiln] Class org.apache.xerces.parsers.SAXParser not found
[INFO ] 2018-11-20 18:33:07,897 [repositories/kiln] POST data to repository
[INFO ] 2018-11-20 18:33:07,897 [repositories/kiln] no base URI specified, using dummy 'foo:bar'
[WARN ] 2018-11-20 18:33:07,897 [repositories/kiln] Class org.apache.xerces.parsers.SAXParser not found
[INFO ] 2018-11-20 18:33:07,912 [repositories/kiln] POST transaction to repository
[WARN ] 2018-11-20 18:33:07,912 [repositories/kiln] Class org.apache.xerces.parsers.SAXParser not found
[INFO ] 2018-11-20 18:33:07,912 [repositories/kiln] POST data to repository
[INFO ] 2018-11-20 18:33:07,912 [repositories/kiln] no base URI specified, using dummy 'foo:bar'
[WARN ] 2018-11-20 18:33:07,912 [repositories/kiln] Class org.apache.xerces.parsers.SAXParser not found
[INFO ] 2018-11-20 18:33:07,943 [repositories/kiln] POST transaction to repository
[WARN ] 2018-11-20 18:33:07,943 [repositories/kiln] Class org.apache.xerces.parsers.SAXParser not found
[INFO ] 2018-11-20 18:33:07,943 [repositories/kiln] POST data to repository
[INFO ] 2018-11-20 18:33:07,943 [repositories/kiln] no base URI specified, using dummy 'foo:bar'
[WARN ] 2018-11-20 18:33:07,959 [repositories/kiln] Class org.apache.xerces.parsers.SAXParser not found
[INFO ] 2018-11-20 18:33:07,959 [repositories/kiln] POST transaction to repository
[WARN ] 2018-11-20 18:33:07,959 [repositories/kiln] Class org.apache.xerces.parsers.SAXParser not found
[INFO ] 2018-11-20 18:33:07,975 [repositories/kiln] POST data to repository
[INFO ] 2018-11-20 18:33:07,975 [repositories/kiln] no base URI specified, using dummy 'foo:bar'
[WARN ] 2018-11-20 18:33:07,975 [repositories/kiln] Class org.apache.xerces.parsers.SAXParser not found
[INFO ] 2018-11-20 18:33:07,990 [repositories/kiln] POST transaction to repository
[WARN ] 2018-11-20 18:33:07,990 [repositories/kiln] Class org.apache.xerces.parsers.SAXParser not found
[INFO ] 2018-11-20 18:33:08,006 [repositories/kiln] POST data to repository
[INFO ] 2018-11-20 18:33:08,006 [repositories/kiln] no base URI specified, using dummy 'foo:bar'
[WARN ] 2018-11-20 18:33:08,006 [repositories/kiln] Class org.apache.xerces.parsers.SAXParser not found
[INFO ] 2018-11-20 18:33:08,021 [repositories/kiln] POST transaction to repository
[WARN ] 2018-11-20 18:33:08,021 [repositories/kiln] Class org.apache.xerces.parsers.SAXParser not found
[INFO ] 2018-11-20 18:33:08,037 [repositories/kiln] POST data to repository
[INFO ] 2018-11-20 18:33:08,037 [repositories/kiln] no base URI specified, using dummy 'foo:bar'
[WARN ] 2018-11-20 18:33:08,053 [repositories/kiln] Class org.apache.xerces.parsers.SAXParser not found
[INFO ] 2018-11-20 18:33:08,068 [repositories/kiln] POST transaction to repository
[WARN ] 2018-11-20 18:33:08,068 [repositories/kiln] Class org.apache.xerces.parsers.SAXParser not found
[INFO ] 2018-11-20 18:33:08,068 [repositories/kiln] POST data to repository
[INFO ] 2018-11-20 18:33:08,068 [repositories/kiln] no base URI specified, using dummy 'foo:bar'
[WARN ] 2018-11-20 18:33:08,068 [repositories/kiln] Class org.apache.xerces.parsers.SAXParser not found
[INFO ] 2018-11-20 18:33:08,115 [repositories/kiln] POST transaction to repository
[WARN ] 2018-11-20 18:33:08,115 [repositories/kiln] Class org.apache.xerces.parsers.SAXParser not found
[INFO ] 2018-11-20 18:33:08,115 [repositories/kiln] POST data to repository
[INFO ] 2018-11-20 18:33:08,115 [repositories/kiln] no base URI specified, using dummy 'foo:bar'
[WARN ] 2018-11-20 18:33:08,115 [repositories/kiln] Class org.apache.xerces.parsers.SAXParser not found
[INFO ] 2018-11-20 18:33:08,131 [repositories/kiln] POST transaction to repository
[WARN ] 2018-11-20 18:33:08,131 [repositories/kiln] Class org.apache.xerces.parsers.SAXParser not found
[INFO ] 2018-11-20 18:33:08,146 [repositories/kiln] POST data to repository
[INFO ] 2018-11-20 18:33:08,146 [repositories/kiln] no base URI specified, using dummy 'foo:bar'
[WARN ] 2018-11-20 18:33:08,146 [repositories/kiln] Class org.apache.xerces.parsers.SAXParser not found
[INFO ] 2018-11-20 18:33:08,162 [repositories/kiln] POST transaction to repository
[WARN ] 2018-11-20 18:33:08,162 [repositories/kiln] Class org.apache.xerces.parsers.SAXParser not found
[INFO ] 2018-11-20 18:33:08,178 [repositories/kiln] POST data to repository
[INFO ] 2018-11-20 18:33:08,178 [repositories/kiln] no base URI specified, using dummy 'foo:bar'
[WARN ] 2018-11-20 18:33:08,178 [repositories/kiln] Class org.apache.xerces.parsers.SAXParser not found
[INFO ] 2018-11-20 18:33:08,193 [repositories/kiln] POST transaction to repository
[WARN ] 2018-11-20 18:33:08,193 [repositories/kiln] Class org.apache.xerces.parsers.SAXParser not found
[INFO ] 2018-11-20 18:33:08,490 [repositories/kiln] POST data to repository
[INFO ] 2018-11-20 18:33:08,490 [repositories/kiln] no base URI specified, using dummy 'foo:bar'
[WARN ] 2018-11-20 18:33:08,490 [repositories/kiln] Class org.apache.xerces.parsers.SAXParser not found
[INFO ] 2018-11-20 18:36:48,521 [repositories/kiln] POST transaction to repository
[WARN ] 2018-11-20 18:36:48,521 [repositories/kiln] Class org.apache.xerces.parsers.SAXParser not found
[INFO ] 2018-11-20 18:36:48,773 [repositories/kiln] POST data to repository
[INFO ] 2018-11-20 18:36:48,773 [repositories/kiln] no base URI specified, using dummy 'foo:bar'
[WARN ] 2018-11-20 18:36:48,773 [repositories/kiln] Class org.apache.xerces.parsers.SAXParser not found
[INFO ] 2018-11-20 18:36:49,011 [repositories/kiln] POST transaction to repository
[WARN ] 2018-11-20 18:36:49,011 [repositories/kiln] Class org.apache.xerces.parsers.SAXParser not found
[INFO ] 2018-11-20 18:36:49,308 [repositories/kiln] POST data to repository
[INFO ] 2018-11-20 18:36:49,308 [repositories/kiln] no base URI specified, using dummy 'foo:bar'
[WARN ] 2018-11-20 18:36:49,308 [repositories/kiln] Class org.apache.xerces.parsers.SAXParser not found
[INFO ] 2018-11-20 18:36:49,496 [repositories/kiln] POST transaction to repository
[WARN ] 2018-11-20 18:36:49,496 [repositories/kiln] Class org.apache.xerces.parsers.SAXParser not found
[INFO ] 2018-11-20 18:36:49,777 [repositories/kiln] POST data to repository
[INFO ] 2018-11-20 18:36:49,777 [repositories/kiln] no base URI specified, using dummy 'foo:bar'
[WARN ] 2018-11-20 18:36:49,777 [repositories/kiln] Class org.apache.xerces.parsers.SAXParser not found
[INFO ] 2018-11-20 18:36:49,949 [repositories/kiln] POST transaction to repository
[WARN ] 2018-11-20 18:36:49,949 [repositories/kiln] Class org.apache.xerces.parsers.SAXParser not found
[INFO ] 2018-11-20 18:36:50,230 [repositories/kiln] POST data to repository
[INFO ] 2018-11-20 18:36:50,230 [repositories/kiln] no base URI specified, using dummy 'foo:bar'
[WARN ] 2018-11-20 18:36:50,230 [repositories/kiln] Class org.apache.xerces.parsers.SAXParser not found
[INFO ] 2018-11-20 18:36:50,433 [repositories/kiln] POST transaction to repository
[WARN ] 2018-11-20 18:36:50,433 [repositories/kiln] Class org.apache.xerces.parsers.SAXParser not found
[INFO ] 2018-11-20 18:36:50,745 [repositories/kiln] POST data to repository
[INFO ] 2018-11-20 18:36:50,745 [repositories/kiln] no base URI specified, using dummy 'foo:bar'
[WARN ] 2018-11-20 18:36:50,745 [repositories/kiln] Class org.apache.xerces.parsers.SAXParser not found
[INFO ] 2018-11-20 18:36:50,917 [repositories/kiln] POST transaction to repository
[WARN ] 2018-11-20 18:36:50,917 [repositories/kiln] Class org.apache.xerces.parsers.SAXParser not found
[INFO ] 2018-11-20 18:36:51,214 [repositories/kiln] POST data to repository
[INFO ] 2018-11-20 18:36:51,214 [repositories/kiln] no base URI specified, using dummy 'foo:bar'
[WARN ] 2018-11-20 18:36:51,214 [repositories/kiln] Class org.apache.xerces.parsers.SAXParser not found
[INFO ] 2018-11-20 18:36:51,433 [repositories/kiln] POST transaction to repository
[WARN ] 2018-11-20 18:36:51,433 [repositories/kiln] Class org.apache.xerces.parsers.SAXParser not found
[INFO ] 2018-11-20 18:36:51,745 [repositories/kiln] POST data to repository
[INFO ] 2018-11-20 18:36:51,745 [repositories/kiln] no base URI specified, using dummy 'foo:bar'
[WARN ] 2018-11-20 18:36:51,745 [repositories/kiln] Class org.apache.xerces.parsers.SAXParser not found
[INFO ] 2018-11-20 18:36:51,901 [repositories/kiln] POST transaction to repository
[WARN ] 2018-11-20 18:36:51,901 [repositories/kiln] Class org.apache.xerces.parsers.SAXParser not found
[INFO ] 2018-11-20 18:36:52,183 [repositories/kiln] POST data to repository
[INFO ] 2018-11-20 18:36:52,183 [repositories/kiln] no base URI specified, using dummy 'foo:bar'
[WARN ] 2018-11-20 18:36:52,183 [repositories/kiln] Class org.apache.xerces.parsers.SAXParser not found
[INFO ] 2018-11-20 18:36:52,386 [repositories/kiln] POST transaction to repository
[WARN ] 2018-11-20 18:36:52,386 [repositories/kiln] Class org.apache.xerces.parsers.SAXParser not found
[INFO ] 2018-11-20 18:36:52,667 [repositories/kiln] POST data to repository
[INFO ] 2018-11-20 18:36:52,667 [repositories/kiln] no base URI specified, using dummy 'foo:bar'
[WARN ] 2018-11-20 18:36:52,682 [repositories/kiln] Class org.apache.xerces.parsers.SAXParser not found
[INFO ] 2018-11-20 18:36:52,854 [repositories/kiln] POST transaction to repository
[WARN ] 2018-11-20 18:36:52,854 [repositories/kiln] Class org.apache.xerces.parsers.SAXParser not found
[INFO ] 2018-11-20 18:36:53,104 [repositories/kiln] POST data to repository
[INFO ] 2018-11-20 18:36:53,104 [repositories/kiln] no base URI specified, using dummy 'foo:bar'
[WARN ] 2018-11-20 18:36:53,104 [repositories/kiln] Class org.apache.xerces.parsers.SAXParser not found
[INFO ] 2018-11-20 18:36:53,276 [repositories/kiln] POST transaction to repository
[WARN ] 2018-11-20 18:36:53,276 [repositories/kiln] Class org.apache.xerces.parsers.SAXParser not found
[INFO ] 2018-11-20 18:36:53,573 [repositories/kiln] POST data to repository
[INFO ] 2018-11-20 18:36:53,573 [repositories/kiln] no base URI specified, using dummy 'foo:bar'
[WARN ] 2018-11-20 18:36:53,573 [repositories/kiln] Class org.apache.xerces.parsers.SAXParser not found
[INFO ] 2018-11-20 18:36:53,776 [repositories/kiln] POST transaction to repository
[WARN ] 2018-11-20 18:36:53,776 [repositories/kiln] Class org.apache.xerces.parsers.SAXParser not found
[INFO ] 2018-11-20 18:36:54,057 [repositories/kiln] POST data to repository
[INFO ] 2018-11-20 18:36:54,057 [repositories/kiln] no base URI specified, using dummy 'foo:bar'
[WARN ] 2018-11-20 18:36:54,057 [repositories/kiln] Class org.apache.xerces.parsers.SAXParser not found
[INFO ] 2018-11-20 18:36:54,245 [repositories/kiln] POST transaction to repository
[WARN ] 2018-11-20 18:36:54,245 [repositories/kiln] Class org.apache.xerces.parsers.SAXParser not found
[INFO ] 2018-11-20 18:36:54,495 [repositories/kiln] POST data to repository
[INFO ] 2018-11-20 18:36:54,495 [repositories/kiln] no base URI specified, using dummy 'foo:bar'
[WARN ] 2018-11-20 18:36:54,495 [repositories/kiln] Class org.apache.xerces.parsers.SAXParser not found
[INFO ] 2018-11-20 18:36:54,666 [repositories/kiln] POST transaction to repository
[WARN ] 2018-11-20 18:36:54,666 [repositories/kiln] Class org.apache.xerces.parsers.SAXParser not found
[INFO ] 2018-11-20 18:36:54,979 [repositories/kiln] POST data to repository
[INFO ] 2018-11-20 18:36:54,979 [repositories/kiln] no base URI specified, using dummy 'foo:bar'
[WARN ] 2018-11-20 18:36:54,979 [repositories/kiln] Class org.apache.xerces.parsers.SAXParser not found
[INFO ] 2018-11-20 18:36:55,151 [repositories/kiln] POST transaction to repository
[WARN ] 2018-11-20 18:36:55,151 [repositories/kiln] Class org.apache.xerces.parsers.SAXParser not found
[INFO ] 2018-11-20 18:36:55,479 [repositories/kiln] POST data to repository
[INFO ] 2018-11-20 18:36:55,479 [repositories/kiln] no base URI specified, using dummy 'foo:bar'
[WARN ] 2018-11-20 18:36:55,479 [repositories/kiln] Class org.apache.xerces.parsers.SAXParser not found
[INFO ] 2018-11-20 18:36:55,666 [repositories/kiln] POST transaction to repository
[WARN ] 2018-11-20 18:36:55,666 [repositories/kiln] Class org.apache.xerces.parsers.SAXParser not found
[INFO ] 2018-11-20 18:36:55,963 [repositories/kiln] POST data to repository
[INFO ] 2018-11-20 18:36:55,963 [repositories/kiln] no base URI specified, using dummy 'foo:bar'
[WARN ] 2018-11-20 18:36:55,963 [repositories/kiln] Class org.apache.xerces.parsers.SAXParser not found
[INFO ] 2018-11-20 18:36:56,166 [repositories/kiln] POST transaction to repository
[WARN ] 2018-11-20 18:36:56,166 [repositories/kiln] Class org.apache.xerces.parsers.SAXParser not found
[INFO ] 2018-11-20 18:36:56,447 [repositories/kiln] POST data to repository
[INFO ] 2018-11-20 18:36:56,447 [repositories/kiln] no base URI specified, using dummy 'foo:bar'
[WARN ] 2018-11-20 18:36:56,447 [repositories/kiln] Class org.apache.xerces.parsers.SAXParser not found
[INFO ] 2018-11-20 18:36:56,619 [repositories/kiln] POST transaction to repository
[WARN ] 2018-11-20 18:36:56,619 [repositories/kiln] Class org.apache.xerces.parsers.SAXParser not found
[INFO ] 2018-11-20 18:36:56,931 [repositories/kiln] POST data to repository
[INFO ] 2018-11-20 18:36:56,931 [repositories/kiln] no base URI specified, using dummy 'foo:bar'
[WARN ] 2018-11-20 18:36:56,931 [repositories/kiln] Class org.apache.xerces.parsers.SAXParser not found
[INFO ] 2018-11-20 18:36:57,103 [repositories/kiln] POST transaction to repository
[WARN ] 2018-11-20 18:36:57,119 [repositories/kiln] Class org.apache.xerces.parsers.SAXParser not found
[INFO ] 2018-11-20 18:36:57,119 [repositories/kiln] POST data to repository
[INFO ] 2018-11-20 18:36:57,119 [repositories/kiln] no base URI specified, using dummy 'foo:bar'
[WARN ] 2018-11-20 18:36:57,119 [repositories/kiln] Class org.apache.xerces.parsers.SAXParser not found
[ERROR] 2018-11-20 18:36:57,119 [repositories/kiln] [Rio fatal] Fin prématurée du fichier. (1, 39)
[INFO ] 2018-11-20 18:36:57,119 [repositories/kiln] Client sent bad request (400): MALFORMED DATA: Fin prématurée du fichier. [line 1, column 39]
[WARN ] 2018-11-20 18:36:57,119 [repositories/kiln] Rolling back transaction due to connection close
java.lang.Throwable: null
	at org.openrdf.sail.helpers.SailConnectionBase.close(SailConnectionBase.java:240)
	at org.openrdf.sail.helpers.SailConnectionWrapper.close(SailConnectionWrapper.java:88)
	at org.openrdf.sail.helpers.SailConnectionWrapper.close(SailConnectionWrapper.java:88)
	at org.openrdf.repository.sail.SailRepositoryConnection.close(SailRepositoryConnection.java:129)
	at org.openrdf.http.server.repository.RepositoryInterceptor.cleanUpResources(RepositoryInterceptor.java:150)
	at org.openrdf.http.server.ServerInterceptor.afterCompletion(ServerInterceptor.java:55)
	at org.openrdf.http.server.ServerInterceptor$$FastClassByCGLIB$$966e62ef.invoke(<generated>)
	at net.sf.cglib.proxy.MethodProxy.invoke(MethodProxy.java:191)
	at org.springframework.aop.framework.Cglib2AopProxy$CglibMethodInvocation.invokeJoinpoint(Cglib2AopProxy.java:700)
	at org.springframework.aop.framework.ReflectiveMethodInvocation.proceed(ReflectiveMethodInvocation.java:149)
	at org.springframework.aop.support.DelegatingIntroductionInterceptor.doProceed(DelegatingIntroductionInterceptor.java:131)
	at org.springframework.aop.support.DelegatingIntroductionInterceptor.invoke(DelegatingIntroductionInterceptor.java:119)
	at org.springframework.aop.framework.ReflectiveMethodInvocation.proceed(ReflectiveMethodInvocation.java:171)
	at org.springframework.aop.framework.Cglib2AopProxy$DynamicAdvisedInterceptor.intercept(Cglib2AopProxy.java:635)
	at org.openrdf.http.server.repository.RepositoryInterceptor$$EnhancerByCGLIB$$5d298e74.afterCompletion(<generated>)
	at org.springframework.web.servlet.DispatcherServlet.triggerAfterCompletion(DispatcherServlet.java:1244)
	at org.springframework.web.servlet.DispatcherServlet.doDispatch(DispatcherServlet.java:915)
	at org.springframework.web.servlet.DispatcherServlet.doService(DispatcherServlet.java:807)
	at org.springframework.web.servlet.FrameworkServlet.processRequest(FrameworkServlet.java:571)
	at org.springframework.web.servlet.FrameworkServlet.doPost(FrameworkServlet.java:511)
	at javax.servlet.http.HttpServlet.service(HttpServlet.java:755)
	at javax.servlet.http.HttpServlet.service(HttpServlet.java:848)
	at org.eclipse.jetty.servlet.ServletHolder.handle(ServletHolder.java:698)
	at org.eclipse.jetty.servlet.ServletHandler.doHandle(ServletHandler.java:505)
	at org.eclipse.jetty.server.handler.ScopedHandler.handle(ScopedHandler.java:138)
	at org.eclipse.jetty.security.SecurityHandler.handle(SecurityHandler.java:564)
	at org.eclipse.jetty.server.session.SessionHandler.doHandle(SessionHandler.java:213)
	at org.eclipse.jetty.server.handler.ContextHandler.doHandle(ContextHandler.java:1094)
	at org.eclipse.jetty.servlet.ServletHandler.doScope(ServletHandler.java:432)
	at org.eclipse.jetty.server.session.SessionHandler.doScope(SessionHandler.java:175)
	at org.eclipse.jetty.server.handler.ContextHandler.doScope(ContextHandler.java:1028)
	at org.eclipse.jetty.server.handler.ScopedHandler.handle(ScopedHandler.java:136)
	at org.eclipse.jetty.server.handler.ContextHandlerCollection.handle(ContextHandlerCollection.java:258)
	at org.eclipse.jetty.server.handler.HandlerCollection.handle(HandlerCollection.java:109)
	at org.eclipse.jetty.server.handler.HandlerWrapper.handle(HandlerWrapper.java:97)
	at org.eclipse.jetty.server.Server.handle(Server.java:445)
	at org.eclipse.jetty.server.HttpChannel.handle(HttpChannel.java:267)
	at org.eclipse.jetty.server.HttpConnection.onFillable(HttpConnection.java:224)
	at org.eclipse.jetty.io.AbstractConnection$ReadCallback.run(AbstractConnection.java:358)
	at org.eclipse.jetty.util.thread.QueuedThreadPool.runJob(QueuedThreadPool.java:601)
	at org.eclipse.jetty.util.thread.QueuedThreadPool$3.run(QueuedThreadPool.java:532)
	at java.lang.Thread.run(Unknown Source)
[INFO ] 2018-11-20 18:36:57,135 [repositories/kiln] POST transaction to repository
[WARN ] 2018-11-20 18:36:57,135 [repositories/kiln] Class org.apache.xerces.parsers.SAXParser not found
[INFO ] 2018-11-20 18:36:57,384 [repositories/kiln] POST data to repository
[INFO ] 2018-11-20 18:36:57,384 [repositories/kiln] no base URI specified, using dummy 'foo:bar'
[WARN ] 2018-11-20 18:36:57,384 [repositories/kiln] Class org.apache.xerces.parsers.SAXParser not found
[INFO ] 2018-11-20 18:36:57,572 [repositories/kiln] POST transaction to repository
[WARN ] 2018-11-20 18:36:57,572 [repositories/kiln] Class org.apache.xerces.parsers.SAXParser not found
[INFO ] 2018-11-20 18:36:57,853 [repositories/kiln] POST data to repository
[INFO ] 2018-11-20 18:36:57,853 [repositories/kiln] no base URI specified, using dummy 'foo:bar'
[WARN ] 2018-11-20 18:36:57,853 [repositories/kiln] Class org.apache.xerces.parsers.SAXParser not found
[INFO ] 2018-11-20 18:36:58,025 [repositories/kiln] POST transaction to repository
[WARN ] 2018-11-20 18:36:58,025 [repositories/kiln] Class org.apache.xerces.parsers.SAXParser not found
[INFO ] 2018-11-20 18:36:58,390 [repositories/kiln] POST data to repository
[INFO ] 2018-11-20 18:36:58,390 [repositories/kiln] no base URI specified, using dummy 'foo:bar'
[WARN ] 2018-11-20 18:36:58,390 [repositories/kiln] Class org.apache.xerces.parsers.SAXParser not found
[INFO ] 2018-11-20 18:36:58,671 [repositories/kiln] POST transaction to repository
[WARN ] 2018-11-20 18:36:58,671 [repositories/kiln] Class org.apache.xerces.parsers.SAXParser not found
[INFO ] 2018-11-20 18:36:58,921 [repositories/kiln] POST data to repository
[INFO ] 2018-11-20 18:36:58,921 [repositories/kiln] no base URI specified, using dummy 'foo:bar'
[WARN ] 2018-11-20 18:36:58,937 [repositories/kiln] Class org.apache.xerces.parsers.SAXParser not found
[INFO ] 2018-11-20 18:36:59,108 [repositories/kiln] POST transaction to repository
[WARN ] 2018-11-20 18:36:59,124 [repositories/kiln] Class org.apache.xerces.parsers.SAXParser not found
[INFO ] 2018-11-20 18:36:59,390 [repositories/kiln] POST data to repository
[INFO ] 2018-11-20 18:36:59,390 [repositories/kiln] no base URI specified, using dummy 'foo:bar'
[WARN ] 2018-11-20 18:36:59,390 [repositories/kiln] Class org.apache.xerces.parsers.SAXParser not found
[INFO ] 2018-11-20 18:36:59,561 [repositories/kiln] POST transaction to repository
[WARN ] 2018-11-20 18:36:59,561 [repositories/kiln] Class org.apache.xerces.parsers.SAXParser not found
[INFO ] 2018-11-20 18:36:59,843 [repositories/kiln] POST data to repository
[INFO ] 2018-11-20 18:36:59,843 [repositories/kiln] no base URI specified, using dummy 'foo:bar'
[WARN ] 2018-11-20 18:36:59,858 [repositories/kiln] Class org.apache.xerces.parsers.SAXParser not found
[INFO ] 2018-11-20 18:37:00,015 [repositories/kiln] POST transaction to repository
[WARN ] 2018-11-20 18:37:00,015 [repositories/kiln] Class org.apache.xerces.parsers.SAXParser not found
[INFO ] 2018-11-20 18:37:00,296 [repositories/kiln] POST data to repository
[INFO ] 2018-11-20 18:37:00,296 [repositories/kiln] no base URI specified, using dummy 'foo:bar'
[WARN ] 2018-11-20 18:37:00,296 [repositories/kiln] Class org.apache.xerces.parsers.SAXParser not found
[INFO ] 2018-11-20 18:37:00,467 [repositories/kiln] POST transaction to repository
[WARN ] 2018-11-20 18:37:00,467 [repositories/kiln] Class org.apache.xerces.parsers.SAXParser not found
[INFO ] 2018-11-20 18:37:00,740 [repositories/kiln] POST data to repository
[INFO ] 2018-11-20 18:37:00,740 [repositories/kiln] no base URI specified, using dummy 'foo:bar'
[WARN ] 2018-11-20 18:37:00,740 [repositories/kiln] Class org.apache.xerces.parsers.SAXParser not found
[INFO ] 2018-11-20 18:37:00,912 [repositories/kiln] POST transaction to repository
[WARN ] 2018-11-20 18:37:00,927 [repositories/kiln] Class org.apache.xerces.parsers.SAXParser not found
[INFO ] 2018-11-20 18:37:01,177 [repositories/kiln] POST data to repository
[INFO ] 2018-11-20 18:37:01,177 [repositories/kiln] no base URI specified, using dummy 'foo:bar'
[WARN ] 2018-11-20 18:37:01,177 [repositories/kiln] Class org.apache.xerces.parsers.SAXParser not found
[INFO ] 2018-11-20 18:37:01,365 [repositories/kiln] POST transaction to repository
[WARN ] 2018-11-20 18:37:01,365 [repositories/kiln] Class org.apache.xerces.parsers.SAXParser not found
[INFO ] 2018-11-20 18:37:01,662 [repositories/kiln] POST data to repository
[INFO ] 2018-11-20 18:37:01,662 [repositories/kiln] no base URI specified, using dummy 'foo:bar'
[WARN ] 2018-11-20 18:37:01,677 [repositories/kiln] Class org.apache.xerces.parsers.SAXParser not found
[INFO ] 2018-11-20 18:37:01,865 [repositories/kiln] POST transaction to repository
[WARN ] 2018-11-20 18:37:01,865 [repositories/kiln] Class org.apache.xerces.parsers.SAXParser not found
[INFO ] 2018-11-20 18:37:02,146 [repositories/kiln] POST data to repository
[INFO ] 2018-11-20 18:37:02,146 [repositories/kiln] no base URI specified, using dummy 'foo:bar'
[WARN ] 2018-11-20 18:37:02,146 [repositories/kiln] Class org.apache.xerces.parsers.SAXParser not found
[INFO ] 2018-11-20 18:37:02,333 [repositories/kiln] POST transaction to repository
[WARN ] 2018-11-20 18:37:02,333 [repositories/kiln] Class org.apache.xerces.parsers.SAXParser not found
[INFO ] 2018-11-20 18:37:02,333 [repositories/kiln] POST data to repository
[INFO ] 2018-11-20 18:37:02,333 [repositories/kiln] no base URI specified, using dummy 'foo:bar'
[WARN ] 2018-11-20 18:37:02,333 [repositories/kiln] Class org.apache.xerces.parsers.SAXParser not found
[INFO ] 2018-11-20 18:37:02,349 [repositories/kiln] POST transaction to repository
[WARN ] 2018-11-20 18:37:02,349 [repositories/kiln] Class org.apache.xerces.parsers.SAXParser not found
[INFO ] 2018-11-20 18:37:02,615 [repositories/kiln] POST data to repository
[INFO ] 2018-11-20 18:37:02,615 [repositories/kiln] no base URI specified, using dummy 'foo:bar'
[WARN ] 2018-11-20 18:37:02,630 [repositories/kiln] Class org.apache.xerces.parsers.SAXParser not found
