[INFO ] 2020-05-04 16:57:50,216 [main] Logback logging API implementation is configured.
[WARN ] 2020-05-04 16:57:50,512 [main] Removing invalid lock 13108@DESKTOP-6MSIDIV
[INFO ] 2020-05-04 16:57:50,919 [main] FrameworkServlet 'openrdf-http-server': initialization completed in 1500 ms
[WARN ] 2020-05-04 16:58:25,393 [repositories/kiln] Removing invalid lock 11436@DESKTOP-6MSIDIV
[INFO ] 2020-05-04 16:58:25,643 [repositories/kiln] POST query -1227659729
[INFO ] 2020-05-04 16:58:26,158 [repositories/kiln] Request for query -1227659729 is finished
[INFO ] 2020-05-04 16:59:55,894 [repositories/kiln] POST query -1227659729
[INFO ] 2020-05-04 16:59:56,066 [repositories/kiln] Request for query -1227659729 is finished
[INFO ] 2020-05-04 17:00:19,402 [repositories/kiln] POST query -1227659729
[INFO ] 2020-05-04 17:00:19,496 [repositories/kiln] Request for query -1227659729 is finished
[INFO ] 2020-05-04 17:00:53,408 [repositories/kiln] POST query -1227659729
[INFO ] 2020-05-04 17:00:53,501 [repositories/kiln] Request for query -1227659729 is finished
[INFO ] 2020-05-04 17:08:32,612 [repositories/kiln] POST query -1227659729
[INFO ] 2020-05-04 17:08:32,721 [repositories/kiln] Request for query -1227659729 is finished
[INFO ] 2020-05-04 17:10:05,262 [repositories/kiln] POST query -1227659729
[INFO ] 2020-05-04 17:10:05,325 [repositories/kiln] Request for query -1227659729 is finished
[INFO ] 2020-05-04 17:10:12,137 [repositories/kiln] POST query -1227659729
[INFO ] 2020-05-04 17:10:12,215 [repositories/kiln] Request for query -1227659729 is finished
[INFO ] 2020-05-04 17:11:16,464 [repositories/kiln] POST query -1227659729
[INFO ] 2020-05-04 17:11:16,542 [repositories/kiln] Request for query -1227659729 is finished
[INFO ] 2020-05-04 17:11:26,709 [repositories/kiln] POST query -1227659729
[INFO ] 2020-05-04 17:11:26,771 [repositories/kiln] Request for query -1227659729 is finished
[INFO ] 2020-05-04 17:11:30,286 [repositories/kiln] POST query -1227659729
[INFO ] 2020-05-04 17:11:30,349 [repositories/kiln] Request for query -1227659729 is finished
[INFO ] 2020-05-04 17:12:01,834 [repositories/kiln] POST query -1227659729
[INFO ] 2020-05-04 17:12:01,865 [repositories/kiln] Request for query -1227659729 is finished
[INFO ] 2020-05-04 17:12:20,015 [repositories/kiln] POST query -1227659729
[INFO ] 2020-05-04 17:12:20,047 [repositories/kiln] Request for query -1227659729 is finished
[INFO ] 2020-05-04 17:12:37,392 [repositories/kiln] POST query -1227659729
[INFO ] 2020-05-04 17:12:37,454 [repositories/kiln] Request for query -1227659729 is finished
[INFO ] 2020-05-04 17:12:40,095 [repositories/kiln] POST query -1227659729
[INFO ] 2020-05-04 17:12:40,126 [repositories/kiln] Request for query -1227659729 is finished
[INFO ] 2020-05-04 17:13:12,609 [repositories/kiln] POST query -1227659729
[INFO ] 2020-05-04 17:13:12,640 [repositories/kiln] Request for query -1227659729 is finished
[INFO ] 2020-05-04 17:29:29,390 [repositories/kiln] POST query -1227659729
[INFO ] 2020-05-04 17:29:29,421 [repositories/kiln] Request for query -1227659729 is finished
[INFO ] 2020-05-04 17:54:08,036 [repositories/kiln] POST transaction to repository
[WARN ] 2020-05-04 17:54:08,098 [repositories/kiln] Class org.apache.xerces.parsers.SAXParser not found
[INFO ] 2020-05-04 17:54:09,176 [repositories/kiln] POST data to repository
[INFO ] 2020-05-04 17:54:09,364 [repositories/kiln] no base URI specified, using dummy 'foo:bar'
[WARN ] 2020-05-04 17:54:09,457 [repositories/kiln] Class org.apache.xerces.parsers.SAXParser not found
[INFO ] 2020-05-04 17:54:09,723 [repositories/kiln] POST transaction to repository
[WARN ] 2020-05-04 17:54:09,723 [repositories/kiln] Class org.apache.xerces.parsers.SAXParser not found
[INFO ] 2020-05-04 17:54:10,176 [repositories/kiln] POST data to repository
[INFO ] 2020-05-04 17:54:10,176 [repositories/kiln] no base URI specified, using dummy 'foo:bar'
[WARN ] 2020-05-04 17:54:10,176 [repositories/kiln] Class org.apache.xerces.parsers.SAXParser not found
[INFO ] 2020-05-04 17:54:10,598 [repositories/kiln] POST transaction to repository
[WARN ] 2020-05-04 17:54:10,598 [repositories/kiln] Class org.apache.xerces.parsers.SAXParser not found
[INFO ] 2020-05-04 17:54:10,988 [repositories/kiln] POST data to repository
[INFO ] 2020-05-04 17:54:10,988 [repositories/kiln] no base URI specified, using dummy 'foo:bar'
[WARN ] 2020-05-04 17:54:10,988 [repositories/kiln] Class org.apache.xerces.parsers.SAXParser not found
[INFO ] 2020-05-04 17:54:11,191 [repositories/kiln] POST transaction to repository
[WARN ] 2020-05-04 17:54:11,191 [repositories/kiln] Class org.apache.xerces.parsers.SAXParser not found
[INFO ] 2020-05-04 17:54:11,535 [repositories/kiln] POST data to repository
[INFO ] 2020-05-04 17:54:11,535 [repositories/kiln] no base URI specified, using dummy 'foo:bar'
[WARN ] 2020-05-04 17:54:11,535 [repositories/kiln] Class org.apache.xerces.parsers.SAXParser not found
[INFO ] 2020-05-04 17:54:11,769 [repositories/kiln] POST transaction to repository
[WARN ] 2020-05-04 17:54:11,769 [repositories/kiln] Class org.apache.xerces.parsers.SAXParser not found
[INFO ] 2020-05-04 17:54:12,129 [repositories/kiln] POST data to repository
[INFO ] 2020-05-04 17:54:12,129 [repositories/kiln] no base URI specified, using dummy 'foo:bar'
[WARN ] 2020-05-04 17:54:12,129 [repositories/kiln] Class org.apache.xerces.parsers.SAXParser not found
[INFO ] 2020-05-04 17:54:12,332 [repositories/kiln] POST transaction to repository
[WARN ] 2020-05-04 17:54:12,332 [repositories/kiln] Class org.apache.xerces.parsers.SAXParser not found
[INFO ] 2020-05-04 17:54:12,707 [repositories/kiln] POST data to repository
[INFO ] 2020-05-04 17:54:12,707 [repositories/kiln] no base URI specified, using dummy 'foo:bar'
[WARN ] 2020-05-04 17:54:12,707 [repositories/kiln] Class org.apache.xerces.parsers.SAXParser not found
[INFO ] 2020-05-04 17:54:12,878 [repositories/kiln] POST transaction to repository
[WARN ] 2020-05-04 17:54:12,878 [repositories/kiln] Class org.apache.xerces.parsers.SAXParser not found
[INFO ] 2020-05-04 17:54:13,253 [repositories/kiln] POST data to repository
[INFO ] 2020-05-04 17:54:13,253 [repositories/kiln] no base URI specified, using dummy 'foo:bar'
[WARN ] 2020-05-04 17:54:13,253 [repositories/kiln] Class org.apache.xerces.parsers.SAXParser not found
[INFO ] 2020-05-04 17:54:13,456 [repositories/kiln] POST transaction to repository
[WARN ] 2020-05-04 17:54:13,456 [repositories/kiln] Class org.apache.xerces.parsers.SAXParser not found
[INFO ] 2020-05-04 17:54:13,816 [repositories/kiln] POST data to repository
[INFO ] 2020-05-04 17:54:13,816 [repositories/kiln] no base URI specified, using dummy 'foo:bar'
[WARN ] 2020-05-04 17:54:13,816 [repositories/kiln] Class org.apache.xerces.parsers.SAXParser not found
[INFO ] 2020-05-04 17:54:14,050 [repositories/kiln] POST transaction to repository
[WARN ] 2020-05-04 17:54:14,050 [repositories/kiln] Class org.apache.xerces.parsers.SAXParser not found
[INFO ] 2020-05-04 17:54:14,425 [repositories/kiln] POST data to repository
[INFO ] 2020-05-04 17:54:14,425 [repositories/kiln] no base URI specified, using dummy 'foo:bar'
[WARN ] 2020-05-04 17:54:14,425 [repositories/kiln] Class org.apache.xerces.parsers.SAXParser not found
[INFO ] 2020-05-04 17:54:14,659 [repositories/kiln] POST transaction to repository
[WARN ] 2020-05-04 17:54:14,659 [repositories/kiln] Class org.apache.xerces.parsers.SAXParser not found
[INFO ] 2020-05-04 17:54:15,081 [repositories/kiln] POST data to repository
[INFO ] 2020-05-04 17:54:15,081 [repositories/kiln] no base URI specified, using dummy 'foo:bar'
[WARN ] 2020-05-04 17:54:15,081 [repositories/kiln] Class org.apache.xerces.parsers.SAXParser not found
[INFO ] 2020-05-04 17:54:15,268 [repositories/kiln] POST transaction to repository
[WARN ] 2020-05-04 17:54:15,268 [repositories/kiln] Class org.apache.xerces.parsers.SAXParser not found
[INFO ] 2020-05-04 17:54:15,659 [repositories/kiln] POST data to repository
[INFO ] 2020-05-04 17:54:15,659 [repositories/kiln] no base URI specified, using dummy 'foo:bar'
[WARN ] 2020-05-04 17:54:15,659 [repositories/kiln] Class org.apache.xerces.parsers.SAXParser not found
[INFO ] 2020-05-04 17:54:15,878 [repositories/kiln] POST transaction to repository
[WARN ] 2020-05-04 17:54:15,878 [repositories/kiln] Class org.apache.xerces.parsers.SAXParser not found
[INFO ] 2020-05-04 17:54:16,253 [repositories/kiln] POST data to repository
[INFO ] 2020-05-04 17:54:16,253 [repositories/kiln] no base URI specified, using dummy 'foo:bar'
[WARN ] 2020-05-04 17:54:16,253 [repositories/kiln] Class org.apache.xerces.parsers.SAXParser not found
[INFO ] 2020-05-04 17:54:16,471 [repositories/kiln] POST transaction to repository
[WARN ] 2020-05-04 17:54:16,471 [repositories/kiln] Class org.apache.xerces.parsers.SAXParser not found
[INFO ] 2020-05-04 17:54:16,784 [repositories/kiln] POST data to repository
[INFO ] 2020-05-04 17:54:16,784 [repositories/kiln] no base URI specified, using dummy 'foo:bar'
[WARN ] 2020-05-04 17:54:16,784 [repositories/kiln] Class org.apache.xerces.parsers.SAXParser not found
[INFO ] 2020-05-04 17:54:17,002 [repositories/kiln] POST transaction to repository
[WARN ] 2020-05-04 17:54:17,002 [repositories/kiln] Class org.apache.xerces.parsers.SAXParser not found
[INFO ] 2020-05-04 17:54:17,299 [repositories/kiln] POST data to repository
[INFO ] 2020-05-04 17:54:17,299 [repositories/kiln] no base URI specified, using dummy 'foo:bar'
[WARN ] 2020-05-04 17:54:17,299 [repositories/kiln] Class org.apache.xerces.parsers.SAXParser not found
[INFO ] 2020-05-04 17:54:17,487 [repositories/kiln] POST transaction to repository
[WARN ] 2020-05-04 17:54:17,487 [repositories/kiln] Class org.apache.xerces.parsers.SAXParser not found
[INFO ] 2020-05-04 17:54:17,830 [repositories/kiln] POST data to repository
[INFO ] 2020-05-04 17:54:17,830 [repositories/kiln] no base URI specified, using dummy 'foo:bar'
[WARN ] 2020-05-04 17:54:17,830 [repositories/kiln] Class org.apache.xerces.parsers.SAXParser not found
[INFO ] 2020-05-04 17:54:18,018 [repositories/kiln] POST transaction to repository
[WARN ] 2020-05-04 17:54:18,018 [repositories/kiln] Class org.apache.xerces.parsers.SAXParser not found
[INFO ] 2020-05-04 17:54:18,330 [repositories/kiln] POST data to repository
[INFO ] 2020-05-04 17:54:18,330 [repositories/kiln] no base URI specified, using dummy 'foo:bar'
[WARN ] 2020-05-04 17:54:18,330 [repositories/kiln] Class org.apache.xerces.parsers.SAXParser not found
[INFO ] 2020-05-04 17:54:18,502 [repositories/kiln] POST transaction to repository
[WARN ] 2020-05-04 17:54:18,502 [repositories/kiln] Class org.apache.xerces.parsers.SAXParser not found
[INFO ] 2020-05-04 17:54:18,518 [repositories/kiln] POST data to repository
[INFO ] 2020-05-04 17:54:18,518 [repositories/kiln] no base URI specified, using dummy 'foo:bar'
[WARN ] 2020-05-04 17:54:18,518 [repositories/kiln] Class org.apache.xerces.parsers.SAXParser not found
[INFO ] 2020-05-04 17:54:18,768 [repositories/kiln] POST transaction to repository
[WARN ] 2020-05-04 17:54:18,768 [repositories/kiln] Class org.apache.xerces.parsers.SAXParser not found
[INFO ] 2020-05-04 17:54:19,096 [repositories/kiln] POST data to repository
[INFO ] 2020-05-04 17:54:19,096 [repositories/kiln] no base URI specified, using dummy 'foo:bar'
[WARN ] 2020-05-04 17:54:19,096 [repositories/kiln] Class org.apache.xerces.parsers.SAXParser not found
[INFO ] 2020-05-04 17:54:19,299 [repositories/kiln] POST transaction to repository
[WARN ] 2020-05-04 17:54:19,299 [repositories/kiln] Class org.apache.xerces.parsers.SAXParser not found
[INFO ] 2020-05-04 17:54:19,596 [repositories/kiln] POST data to repository
[INFO ] 2020-05-04 17:54:19,596 [repositories/kiln] no base URI specified, using dummy 'foo:bar'
[WARN ] 2020-05-04 17:54:19,596 [repositories/kiln] Class org.apache.xerces.parsers.SAXParser not found
[INFO ] 2020-05-04 17:54:19,767 [repositories/kiln] POST transaction to repository
[WARN ] 2020-05-04 17:54:19,767 [repositories/kiln] Class org.apache.xerces.parsers.SAXParser not found
[INFO ] 2020-05-04 17:54:20,095 [repositories/kiln] POST data to repository
[INFO ] 2020-05-04 17:54:20,095 [repositories/kiln] no base URI specified, using dummy 'foo:bar'
[WARN ] 2020-05-04 17:54:20,095 [repositories/kiln] Class org.apache.xerces.parsers.SAXParser not found
[INFO ] 2020-05-04 17:54:20,283 [repositories/kiln] POST transaction to repository
[WARN ] 2020-05-04 17:54:20,283 [repositories/kiln] Class org.apache.xerces.parsers.SAXParser not found
[INFO ] 2020-05-04 17:54:20,611 [repositories/kiln] POST data to repository
[INFO ] 2020-05-04 17:54:20,611 [repositories/kiln] no base URI specified, using dummy 'foo:bar'
[WARN ] 2020-05-04 17:54:20,611 [repositories/kiln] Class org.apache.xerces.parsers.SAXParser not found
[INFO ] 2020-05-04 17:54:20,783 [repositories/kiln] POST transaction to repository
[WARN ] 2020-05-04 17:54:20,798 [repositories/kiln] Class org.apache.xerces.parsers.SAXParser not found
[INFO ] 2020-05-04 17:54:21,126 [repositories/kiln] POST data to repository
[INFO ] 2020-05-04 17:54:21,126 [repositories/kiln] no base URI specified, using dummy 'foo:bar'
[WARN ] 2020-05-04 17:54:21,126 [repositories/kiln] Class org.apache.xerces.parsers.SAXParser not found
[INFO ] 2020-05-04 17:54:21,298 [repositories/kiln] POST transaction to repository
[WARN ] 2020-05-04 17:54:21,298 [repositories/kiln] Class org.apache.xerces.parsers.SAXParser not found
[INFO ] 2020-05-04 17:54:21,314 [repositories/kiln] POST data to repository
[INFO ] 2020-05-04 17:54:21,314 [repositories/kiln] no base URI specified, using dummy 'foo:bar'
[WARN ] 2020-05-04 17:54:21,314 [repositories/kiln] Class org.apache.xerces.parsers.SAXParser not found
[ERROR] 2020-05-04 17:54:21,345 [repositories/kiln] [Rio fatal] Fin prématurée du fichier. (1, 39)
[INFO ] 2020-05-04 17:54:21,361 [repositories/kiln] Client sent bad request (400): MALFORMED DATA: Fin prématurée du fichier. [line 1, column 39]
[WARN ] 2020-05-04 17:54:21,376 [repositories/kiln] Rolling back transaction due to connection close
java.lang.Throwable: null
	at org.openrdf.sail.helpers.SailConnectionBase.close(SailConnectionBase.java:240)
	at org.openrdf.sail.helpers.SailConnectionWrapper.close(SailConnectionWrapper.java:88)
	at org.openrdf.sail.helpers.SailConnectionWrapper.close(SailConnectionWrapper.java:88)
	at org.openrdf.repository.sail.SailRepositoryConnection.close(SailRepositoryConnection.java:129)
	at org.openrdf.http.server.repository.RepositoryInterceptor.cleanUpResources(RepositoryInterceptor.java:150)
	at org.openrdf.http.server.ServerInterceptor.afterCompletion(ServerInterceptor.java:55)
	at org.openrdf.http.server.ServerInterceptor$$FastClassByCGLIB$$966e62ef.invoke(<generated>)
	at net.sf.cglib.proxy.MethodProxy.invoke(MethodProxy.java:191)
	at org.springframework.aop.framework.Cglib2AopProxy$CglibMethodInvocation.invokeJoinpoint(Cglib2AopProxy.java:700)
	at org.springframework.aop.framework.ReflectiveMethodInvocation.proceed(ReflectiveMethodInvocation.java:149)
	at org.springframework.aop.support.DelegatingIntroductionInterceptor.doProceed(DelegatingIntroductionInterceptor.java:131)
	at org.springframework.aop.support.DelegatingIntroductionInterceptor.invoke(DelegatingIntroductionInterceptor.java:119)
	at org.springframework.aop.framework.ReflectiveMethodInvocation.proceed(ReflectiveMethodInvocation.java:171)
	at org.springframework.aop.framework.Cglib2AopProxy$DynamicAdvisedInterceptor.intercept(Cglib2AopProxy.java:635)
	at org.openrdf.http.server.repository.RepositoryInterceptor$$EnhancerByCGLIB$$41dab463.afterCompletion(<generated>)
	at org.springframework.web.servlet.DispatcherServlet.triggerAfterCompletion(DispatcherServlet.java:1244)
	at org.springframework.web.servlet.DispatcherServlet.doDispatch(DispatcherServlet.java:915)
	at org.springframework.web.servlet.DispatcherServlet.doService(DispatcherServlet.java:807)
	at org.springframework.web.servlet.FrameworkServlet.processRequest(FrameworkServlet.java:571)
	at org.springframework.web.servlet.FrameworkServlet.doPost(FrameworkServlet.java:511)
	at javax.servlet.http.HttpServlet.service(HttpServlet.java:755)
	at javax.servlet.http.HttpServlet.service(HttpServlet.java:848)
	at org.eclipse.jetty.servlet.ServletHolder.handle(ServletHolder.java:698)
	at org.eclipse.jetty.servlet.ServletHandler.doHandle(ServletHandler.java:505)
	at org.eclipse.jetty.server.handler.ScopedHandler.handle(ScopedHandler.java:138)
	at org.eclipse.jetty.security.SecurityHandler.handle(SecurityHandler.java:564)
	at org.eclipse.jetty.server.session.SessionHandler.doHandle(SessionHandler.java:213)
	at org.eclipse.jetty.server.handler.ContextHandler.doHandle(ContextHandler.java:1094)
	at org.eclipse.jetty.servlet.ServletHandler.doScope(ServletHandler.java:432)
	at org.eclipse.jetty.server.session.SessionHandler.doScope(SessionHandler.java:175)
	at org.eclipse.jetty.server.handler.ContextHandler.doScope(ContextHandler.java:1028)
	at org.eclipse.jetty.server.handler.ScopedHandler.handle(ScopedHandler.java:136)
	at org.eclipse.jetty.server.handler.ContextHandlerCollection.handle(ContextHandlerCollection.java:258)
	at org.eclipse.jetty.server.handler.HandlerCollection.handle(HandlerCollection.java:109)
	at org.eclipse.jetty.server.handler.HandlerWrapper.handle(HandlerWrapper.java:97)
	at org.eclipse.jetty.server.Server.handle(Server.java:445)
	at org.eclipse.jetty.server.HttpChannel.handle(HttpChannel.java:267)
	at org.eclipse.jetty.server.HttpConnection.onFillable(HttpConnection.java:224)
	at org.eclipse.jetty.io.AbstractConnection$ReadCallback.run(AbstractConnection.java:358)
	at org.eclipse.jetty.util.thread.QueuedThreadPool.runJob(QueuedThreadPool.java:601)
	at org.eclipse.jetty.util.thread.QueuedThreadPool$3.run(QueuedThreadPool.java:532)
	at java.lang.Thread.run(Unknown Source)
[INFO ] 2020-05-04 17:54:21,376 [repositories/kiln] POST transaction to repository
[WARN ] 2020-05-04 17:54:21,376 [repositories/kiln] Class org.apache.xerces.parsers.SAXParser not found
[INFO ] 2020-05-04 17:54:21,736 [repositories/kiln] POST data to repository
[INFO ] 2020-05-04 17:54:21,736 [repositories/kiln] no base URI specified, using dummy 'foo:bar'
[WARN ] 2020-05-04 17:54:21,736 [repositories/kiln] Class org.apache.xerces.parsers.SAXParser not found
[INFO ] 2020-05-04 17:54:21,923 [repositories/kiln] POST transaction to repository
[WARN ] 2020-05-04 17:54:21,923 [repositories/kiln] Class org.apache.xerces.parsers.SAXParser not found
[INFO ] 2020-05-04 17:54:22,236 [repositories/kiln] POST data to repository
[INFO ] 2020-05-04 17:54:22,236 [repositories/kiln] no base URI specified, using dummy 'foo:bar'
[WARN ] 2020-05-04 17:54:22,236 [repositories/kiln] Class org.apache.xerces.parsers.SAXParser not found
[INFO ] 2020-05-04 17:54:22,407 [repositories/kiln] POST transaction to repository
[WARN ] 2020-05-04 17:54:22,407 [repositories/kiln] Class org.apache.xerces.parsers.SAXParser not found
[INFO ] 2020-05-04 17:54:22,735 [repositories/kiln] POST data to repository
[INFO ] 2020-05-04 17:54:22,735 [repositories/kiln] no base URI specified, using dummy 'foo:bar'
[WARN ] 2020-05-04 17:54:22,735 [repositories/kiln] Class org.apache.xerces.parsers.SAXParser not found
[INFO ] 2020-05-04 17:54:22,907 [repositories/kiln] POST transaction to repository
[WARN ] 2020-05-04 17:54:22,907 [repositories/kiln] Class org.apache.xerces.parsers.SAXParser not found
[INFO ] 2020-05-04 17:54:23,235 [repositories/kiln] POST data to repository
[INFO ] 2020-05-04 17:54:23,235 [repositories/kiln] no base URI specified, using dummy 'foo:bar'
[WARN ] 2020-05-04 17:54:23,235 [repositories/kiln] Class org.apache.xerces.parsers.SAXParser not found
[INFO ] 2020-05-04 17:54:23,454 [repositories/kiln] POST transaction to repository
[WARN ] 2020-05-04 17:54:23,454 [repositories/kiln] Class org.apache.xerces.parsers.SAXParser not found
[INFO ] 2020-05-04 17:54:23,751 [repositories/kiln] POST data to repository
[INFO ] 2020-05-04 17:54:23,751 [repositories/kiln] no base URI specified, using dummy 'foo:bar'
[WARN ] 2020-05-04 17:54:23,751 [repositories/kiln] Class org.apache.xerces.parsers.SAXParser not found
[INFO ] 2020-05-04 17:54:23,970 [repositories/kiln] POST transaction to repository
[WARN ] 2020-05-04 17:54:23,970 [repositories/kiln] Class org.apache.xerces.parsers.SAXParser not found
[INFO ] 2020-05-04 17:54:24,266 [repositories/kiln] POST data to repository
[INFO ] 2020-05-04 17:54:24,266 [repositories/kiln] no base URI specified, using dummy 'foo:bar'
[WARN ] 2020-05-04 17:54:24,266 [repositories/kiln] Class org.apache.xerces.parsers.SAXParser not found
[INFO ] 2020-05-04 17:54:24,438 [repositories/kiln] POST transaction to repository
[WARN ] 2020-05-04 17:54:24,438 [repositories/kiln] Class org.apache.xerces.parsers.SAXParser not found
[INFO ] 2020-05-04 17:54:24,782 [repositories/kiln] POST data to repository
[INFO ] 2020-05-04 17:54:24,782 [repositories/kiln] no base URI specified, using dummy 'foo:bar'
[WARN ] 2020-05-04 17:54:24,782 [repositories/kiln] Class org.apache.xerces.parsers.SAXParser not found
[INFO ] 2020-05-04 17:54:24,969 [repositories/kiln] POST transaction to repository
[WARN ] 2020-05-04 17:54:24,969 [repositories/kiln] Class org.apache.xerces.parsers.SAXParser not found
[INFO ] 2020-05-04 17:54:25,297 [repositories/kiln] POST data to repository
[INFO ] 2020-05-04 17:54:25,297 [repositories/kiln] no base URI specified, using dummy 'foo:bar'
[WARN ] 2020-05-04 17:54:25,297 [repositories/kiln] Class org.apache.xerces.parsers.SAXParser not found
[INFO ] 2020-05-04 17:54:25,469 [repositories/kiln] POST transaction to repository
[WARN ] 2020-05-04 17:54:25,469 [repositories/kiln] Class org.apache.xerces.parsers.SAXParser not found
[INFO ] 2020-05-04 17:54:25,813 [repositories/kiln] POST data to repository
[INFO ] 2020-05-04 17:54:25,813 [repositories/kiln] no base URI specified, using dummy 'foo:bar'
[WARN ] 2020-05-04 17:54:25,828 [repositories/kiln] Class org.apache.xerces.parsers.SAXParser not found
[INFO ] 2020-05-04 17:54:26,000 [repositories/kiln] POST transaction to repository
[WARN ] 2020-05-04 17:54:26,000 [repositories/kiln] Class org.apache.xerces.parsers.SAXParser not found
[INFO ] 2020-05-04 17:54:26,328 [repositories/kiln] POST data to repository
[INFO ] 2020-05-04 17:54:26,328 [repositories/kiln] no base URI specified, using dummy 'foo:bar'
[WARN ] 2020-05-04 17:54:26,328 [repositories/kiln] Class org.apache.xerces.parsers.SAXParser not found
[INFO ] 2020-05-04 17:54:26,531 [repositories/kiln] POST transaction to repository
[WARN ] 2020-05-04 17:54:26,531 [repositories/kiln] Class org.apache.xerces.parsers.SAXParser not found
[INFO ] 2020-05-04 17:54:26,844 [repositories/kiln] POST data to repository
[INFO ] 2020-05-04 17:54:26,844 [repositories/kiln] no base URI specified, using dummy 'foo:bar'
[WARN ] 2020-05-04 17:54:26,844 [repositories/kiln] Class org.apache.xerces.parsers.SAXParser not found
[INFO ] 2020-05-04 17:54:27,047 [repositories/kiln] POST transaction to repository
[WARN ] 2020-05-04 17:54:27,047 [repositories/kiln] Class org.apache.xerces.parsers.SAXParser not found
[INFO ] 2020-05-04 17:54:27,344 [repositories/kiln] POST data to repository
[INFO ] 2020-05-04 17:54:27,344 [repositories/kiln] no base URI specified, using dummy 'foo:bar'
[WARN ] 2020-05-04 17:54:27,344 [repositories/kiln] Class org.apache.xerces.parsers.SAXParser not found
[INFO ] 2020-05-04 17:54:27,562 [repositories/kiln] POST transaction to repository
[WARN ] 2020-05-04 17:54:27,562 [repositories/kiln] Class org.apache.xerces.parsers.SAXParser not found
[INFO ] 2020-05-04 17:54:27,891 [repositories/kiln] POST data to repository
[INFO ] 2020-05-04 17:54:27,891 [repositories/kiln] no base URI specified, using dummy 'foo:bar'
[WARN ] 2020-05-04 17:54:27,891 [repositories/kiln] Class org.apache.xerces.parsers.SAXParser not found
[INFO ] 2020-05-04 17:54:28,078 [repositories/kiln] POST transaction to repository
[WARN ] 2020-05-04 17:54:28,078 [repositories/kiln] Class org.apache.xerces.parsers.SAXParser not found
[INFO ] 2020-05-04 17:54:28,094 [repositories/kiln] POST data to repository
[INFO ] 2020-05-04 17:54:28,094 [repositories/kiln] no base URI specified, using dummy 'foo:bar'
[WARN ] 2020-05-04 17:54:28,094 [repositories/kiln] Class org.apache.xerces.parsers.SAXParser not found
[INFO ] 2020-05-04 17:54:28,094 [repositories/kiln] POST transaction to repository
[WARN ] 2020-05-04 17:54:28,094 [repositories/kiln] Class org.apache.xerces.parsers.SAXParser not found
[INFO ] 2020-05-04 17:54:28,125 [repositories/kiln] POST data to repository
[INFO ] 2020-05-04 17:54:28,125 [repositories/kiln] no base URI specified, using dummy 'foo:bar'
[WARN ] 2020-05-04 17:54:28,125 [repositories/kiln] Class org.apache.xerces.parsers.SAXParser not found
[INFO ] 2020-05-04 17:54:28,140 [repositories/kiln] POST transaction to repository
[WARN ] 2020-05-04 17:54:28,140 [repositories/kiln] Class org.apache.xerces.parsers.SAXParser not found
[INFO ] 2020-05-04 17:54:28,156 [repositories/kiln] POST data to repository
[INFO ] 2020-05-04 17:54:28,156 [repositories/kiln] no base URI specified, using dummy 'foo:bar'
[WARN ] 2020-05-04 17:54:28,156 [repositories/kiln] Class org.apache.xerces.parsers.SAXParser not found
[INFO ] 2020-05-04 17:54:28,172 [repositories/kiln] POST transaction to repository
[WARN ] 2020-05-04 17:54:28,172 [repositories/kiln] Class org.apache.xerces.parsers.SAXParser not found
[INFO ] 2020-05-04 17:54:28,187 [repositories/kiln] POST data to repository
[INFO ] 2020-05-04 17:54:28,187 [repositories/kiln] no base URI specified, using dummy 'foo:bar'
[WARN ] 2020-05-04 17:54:28,187 [repositories/kiln] Class org.apache.xerces.parsers.SAXParser not found
[INFO ] 2020-05-04 17:54:28,203 [repositories/kiln] POST transaction to repository
[WARN ] 2020-05-04 17:54:28,203 [repositories/kiln] Class org.apache.xerces.parsers.SAXParser not found
[INFO ] 2020-05-04 17:54:28,219 [repositories/kiln] POST data to repository
[INFO ] 2020-05-04 17:54:28,219 [repositories/kiln] no base URI specified, using dummy 'foo:bar'
[WARN ] 2020-05-04 17:54:28,219 [repositories/kiln] Class org.apache.xerces.parsers.SAXParser not found
[INFO ] 2020-05-04 17:54:28,234 [repositories/kiln] POST transaction to repository
[WARN ] 2020-05-04 17:54:28,234 [repositories/kiln] Class org.apache.xerces.parsers.SAXParser not found
[INFO ] 2020-05-04 17:54:28,250 [repositories/kiln] POST data to repository
[INFO ] 2020-05-04 17:54:28,250 [repositories/kiln] no base URI specified, using dummy 'foo:bar'
[WARN ] 2020-05-04 17:54:28,250 [repositories/kiln] Class org.apache.xerces.parsers.SAXParser not found
[INFO ] 2020-05-04 17:54:28,250 [repositories/kiln] POST transaction to repository
[WARN ] 2020-05-04 17:54:28,265 [repositories/kiln] Class org.apache.xerces.parsers.SAXParser not found
[INFO ] 2020-05-04 17:54:28,281 [repositories/kiln] POST data to repository
[INFO ] 2020-05-04 17:54:28,281 [repositories/kiln] no base URI specified, using dummy 'foo:bar'
[WARN ] 2020-05-04 17:54:28,281 [repositories/kiln] Class org.apache.xerces.parsers.SAXParser not found
[INFO ] 2020-05-04 17:54:28,297 [repositories/kiln] POST transaction to repository
[WARN ] 2020-05-04 17:54:28,297 [repositories/kiln] Class org.apache.xerces.parsers.SAXParser not found
[INFO ] 2020-05-04 17:54:28,328 [repositories/kiln] POST data to repository
[INFO ] 2020-05-04 17:54:28,328 [repositories/kiln] no base URI specified, using dummy 'foo:bar'
[WARN ] 2020-05-04 17:54:28,328 [repositories/kiln] Class org.apache.xerces.parsers.SAXParser not found
[INFO ] 2020-05-04 17:54:28,328 [repositories/kiln] POST transaction to repository
[WARN ] 2020-05-04 17:54:28,344 [repositories/kiln] Class org.apache.xerces.parsers.SAXParser not found
[INFO ] 2020-05-04 17:54:28,406 [repositories/kiln] POST data to repository
[INFO ] 2020-05-04 17:54:28,406 [repositories/kiln] no base URI specified, using dummy 'foo:bar'
[WARN ] 2020-05-04 17:54:28,406 [repositories/kiln] Class org.apache.xerces.parsers.SAXParser not found
[INFO ] 2020-05-04 17:54:28,422 [repositories/kiln] POST transaction to repository
[WARN ] 2020-05-04 17:54:28,422 [repositories/kiln] Class org.apache.xerces.parsers.SAXParser not found
[INFO ] 2020-05-04 17:54:28,453 [repositories/kiln] POST data to repository
[INFO ] 2020-05-04 17:54:28,453 [repositories/kiln] no base URI specified, using dummy 'foo:bar'
[WARN ] 2020-05-04 17:54:28,453 [repositories/kiln] Class org.apache.xerces.parsers.SAXParser not found
[INFO ] 2020-05-04 17:54:28,453 [repositories/kiln] POST transaction to repository
[WARN ] 2020-05-04 17:54:28,453 [repositories/kiln] Class org.apache.xerces.parsers.SAXParser not found
[INFO ] 2020-05-04 17:54:28,468 [repositories/kiln] POST data to repository
[INFO ] 2020-05-04 17:54:28,468 [repositories/kiln] no base URI specified, using dummy 'foo:bar'
[WARN ] 2020-05-04 17:54:28,468 [repositories/kiln] Class org.apache.xerces.parsers.SAXParser not found
[INFO ] 2020-05-04 17:54:28,484 [repositories/kiln] POST transaction to repository
[WARN ] 2020-05-04 17:54:28,484 [repositories/kiln] Class org.apache.xerces.parsers.SAXParser not found
[INFO ] 2020-05-04 17:54:28,500 [repositories/kiln] POST data to repository
[INFO ] 2020-05-04 17:54:28,500 [repositories/kiln] no base URI specified, using dummy 'foo:bar'
[WARN ] 2020-05-04 17:54:28,500 [repositories/kiln] Class org.apache.xerces.parsers.SAXParser not found
[INFO ] 2020-05-04 17:54:28,515 [repositories/kiln] POST transaction to repository
[WARN ] 2020-05-04 17:54:28,515 [repositories/kiln] Class org.apache.xerces.parsers.SAXParser not found
[INFO ] 2020-05-04 17:54:28,531 [repositories/kiln] POST data to repository
[INFO ] 2020-05-04 17:54:28,531 [repositories/kiln] no base URI specified, using dummy 'foo:bar'
[WARN ] 2020-05-04 17:54:28,531 [repositories/kiln] Class org.apache.xerces.parsers.SAXParser not found
[INFO ] 2020-05-04 17:54:28,531 [repositories/kiln] POST transaction to repository
[WARN ] 2020-05-04 17:54:28,531 [repositories/kiln] Class org.apache.xerces.parsers.SAXParser not found
[INFO ] 2020-05-04 17:54:28,562 [repositories/kiln] POST data to repository
[INFO ] 2020-05-04 17:54:28,562 [repositories/kiln] no base URI specified, using dummy 'foo:bar'
[WARN ] 2020-05-04 17:54:28,562 [repositories/kiln] Class org.apache.xerces.parsers.SAXParser not found
[INFO ] 2020-05-04 17:54:28,562 [repositories/kiln] POST transaction to repository
[WARN ] 2020-05-04 17:54:28,562 [repositories/kiln] Class org.apache.xerces.parsers.SAXParser not found
[INFO ] 2020-05-04 17:54:28,578 [repositories/kiln] POST data to repository
[INFO ] 2020-05-04 17:54:28,578 [repositories/kiln] no base URI specified, using dummy 'foo:bar'
[WARN ] 2020-05-04 17:54:28,578 [repositories/kiln] Class org.apache.xerces.parsers.SAXParser not found
[INFO ] 2020-05-04 17:54:28,593 [repositories/kiln] POST transaction to repository
[WARN ] 2020-05-04 17:54:28,593 [repositories/kiln] Class org.apache.xerces.parsers.SAXParser not found
[INFO ] 2020-05-04 17:54:28,609 [repositories/kiln] POST data to repository
[INFO ] 2020-05-04 17:54:28,609 [repositories/kiln] no base URI specified, using dummy 'foo:bar'
[WARN ] 2020-05-04 17:54:28,609 [repositories/kiln] Class org.apache.xerces.parsers.SAXParser not found
[INFO ] 2020-05-04 17:54:28,625 [repositories/kiln] POST transaction to repository
[WARN ] 2020-05-04 17:54:28,625 [repositories/kiln] Class org.apache.xerces.parsers.SAXParser not found
[INFO ] 2020-05-04 17:54:28,640 [repositories/kiln] POST data to repository
[INFO ] 2020-05-04 17:54:28,640 [repositories/kiln] no base URI specified, using dummy 'foo:bar'
[WARN ] 2020-05-04 17:54:28,640 [repositories/kiln] Class org.apache.xerces.parsers.SAXParser not found
[INFO ] 2020-05-04 17:54:28,656 [repositories/kiln] POST transaction to repository
[WARN ] 2020-05-04 17:54:28,656 [repositories/kiln] Class org.apache.xerces.parsers.SAXParser not found
[INFO ] 2020-05-04 17:54:28,672 [repositories/kiln] POST data to repository
[INFO ] 2020-05-04 17:54:28,672 [repositories/kiln] no base URI specified, using dummy 'foo:bar'
[WARN ] 2020-05-04 17:54:28,672 [repositories/kiln] Class org.apache.xerces.parsers.SAXParser not found
[INFO ] 2020-05-04 17:54:28,687 [repositories/kiln] POST transaction to repository
[WARN ] 2020-05-04 17:54:28,687 [repositories/kiln] Class org.apache.xerces.parsers.SAXParser not found
[INFO ] 2020-05-04 17:54:28,718 [repositories/kiln] POST data to repository
[INFO ] 2020-05-04 17:54:28,718 [repositories/kiln] no base URI specified, using dummy 'foo:bar'
[WARN ] 2020-05-04 17:54:28,718 [repositories/kiln] Class org.apache.xerces.parsers.SAXParser not found
[INFO ] 2020-05-04 17:54:28,734 [repositories/kiln] POST transaction to repository
[WARN ] 2020-05-04 17:54:28,734 [repositories/kiln] Class org.apache.xerces.parsers.SAXParser not found
[INFO ] 2020-05-04 17:54:28,750 [repositories/kiln] POST data to repository
[INFO ] 2020-05-04 17:54:28,750 [repositories/kiln] no base URI specified, using dummy 'foo:bar'
[WARN ] 2020-05-04 17:54:28,750 [repositories/kiln] Class org.apache.xerces.parsers.SAXParser not found
[INFO ] 2020-05-04 17:54:28,765 [repositories/kiln] POST transaction to repository
[WARN ] 2020-05-04 17:54:28,765 [repositories/kiln] Class org.apache.xerces.parsers.SAXParser not found
[INFO ] 2020-05-04 17:54:28,797 [repositories/kiln] POST data to repository
[INFO ] 2020-05-04 17:54:28,797 [repositories/kiln] no base URI specified, using dummy 'foo:bar'
[WARN ] 2020-05-04 17:54:28,797 [repositories/kiln] Class org.apache.xerces.parsers.SAXParser not found
[INFO ] 2020-05-04 17:54:28,812 [repositories/kiln] POST transaction to repository
[WARN ] 2020-05-04 17:54:28,812 [repositories/kiln] Class org.apache.xerces.parsers.SAXParser not found
[INFO ] 2020-05-04 17:54:28,843 [repositories/kiln] POST data to repository
[INFO ] 2020-05-04 17:54:28,843 [repositories/kiln] no base URI specified, using dummy 'foo:bar'
[WARN ] 2020-05-04 17:54:28,843 [repositories/kiln] Class org.apache.xerces.parsers.SAXParser not found
[INFO ] 2020-05-04 17:54:28,859 [repositories/kiln] POST transaction to repository
[WARN ] 2020-05-04 17:54:28,859 [repositories/kiln] Class org.apache.xerces.parsers.SAXParser not found
[INFO ] 2020-05-04 17:54:28,890 [repositories/kiln] POST data to repository
[INFO ] 2020-05-04 17:54:28,890 [repositories/kiln] no base URI specified, using dummy 'foo:bar'
[WARN ] 2020-05-04 17:54:28,890 [repositories/kiln] Class org.apache.xerces.parsers.SAXParser not found
[INFO ] 2020-05-04 17:54:28,906 [repositories/kiln] POST transaction to repository
[WARN ] 2020-05-04 17:54:28,906 [repositories/kiln] Class org.apache.xerces.parsers.SAXParser not found
[INFO ] 2020-05-04 17:54:28,922 [repositories/kiln] POST data to repository
[INFO ] 2020-05-04 17:54:28,922 [repositories/kiln] no base URI specified, using dummy 'foo:bar'
[WARN ] 2020-05-04 17:54:28,922 [repositories/kiln] Class org.apache.xerces.parsers.SAXParser not found
[INFO ] 2020-05-04 17:54:28,937 [repositories/kiln] POST transaction to repository
[WARN ] 2020-05-04 17:54:28,937 [repositories/kiln] Class org.apache.xerces.parsers.SAXParser not found
[INFO ] 2020-05-04 17:54:28,953 [repositories/kiln] POST data to repository
[INFO ] 2020-05-04 17:54:28,953 [repositories/kiln] no base URI specified, using dummy 'foo:bar'
[WARN ] 2020-05-04 17:54:28,953 [repositories/kiln] Class org.apache.xerces.parsers.SAXParser not found
[INFO ] 2020-05-04 17:54:28,953 [repositories/kiln] POST transaction to repository
[WARN ] 2020-05-04 17:54:28,953 [repositories/kiln] Class org.apache.xerces.parsers.SAXParser not found
[INFO ] 2020-05-04 17:54:28,968 [repositories/kiln] POST data to repository
[INFO ] 2020-05-04 17:54:28,968 [repositories/kiln] no base URI specified, using dummy 'foo:bar'
[WARN ] 2020-05-04 17:54:28,968 [repositories/kiln] Class org.apache.xerces.parsers.SAXParser not found
[INFO ] 2020-05-04 17:54:28,984 [repositories/kiln] POST transaction to repository
[WARN ] 2020-05-04 17:54:28,984 [repositories/kiln] Class org.apache.xerces.parsers.SAXParser not found
[INFO ] 2020-05-04 17:54:29,000 [repositories/kiln] POST data to repository
[INFO ] 2020-05-04 17:54:29,000 [repositories/kiln] no base URI specified, using dummy 'foo:bar'
[WARN ] 2020-05-04 17:54:29,000 [repositories/kiln] Class org.apache.xerces.parsers.SAXParser not found
[INFO ] 2020-05-04 17:54:29,015 [repositories/kiln] POST transaction to repository
[WARN ] 2020-05-04 17:54:29,015 [repositories/kiln] Class org.apache.xerces.parsers.SAXParser not found
[INFO ] 2020-05-04 17:54:29,031 [repositories/kiln] POST data to repository
[INFO ] 2020-05-04 17:54:29,031 [repositories/kiln] no base URI specified, using dummy 'foo:bar'
[WARN ] 2020-05-04 17:54:29,031 [repositories/kiln] Class org.apache.xerces.parsers.SAXParser not found
[INFO ] 2020-05-04 17:54:29,046 [repositories/kiln] POST transaction to repository
[WARN ] 2020-05-04 17:54:29,046 [repositories/kiln] Class org.apache.xerces.parsers.SAXParser not found
[INFO ] 2020-05-04 17:54:29,062 [repositories/kiln] POST data to repository
[INFO ] 2020-05-04 17:54:29,062 [repositories/kiln] no base URI specified, using dummy 'foo:bar'
[WARN ] 2020-05-04 17:54:29,062 [repositories/kiln] Class org.apache.xerces.parsers.SAXParser not found
[INFO ] 2020-05-04 17:54:29,078 [repositories/kiln] POST transaction to repository
[WARN ] 2020-05-04 17:54:29,078 [repositories/kiln] Class org.apache.xerces.parsers.SAXParser not found
[INFO ] 2020-05-04 17:54:29,109 [repositories/kiln] POST data to repository
[INFO ] 2020-05-04 17:54:29,109 [repositories/kiln] no base URI specified, using dummy 'foo:bar'
[WARN ] 2020-05-04 17:54:29,109 [repositories/kiln] Class org.apache.xerces.parsers.SAXParser not found
[INFO ] 2020-05-04 17:54:29,109 [repositories/kiln] POST transaction to repository
[WARN ] 2020-05-04 17:54:29,109 [repositories/kiln] Class org.apache.xerces.parsers.SAXParser not found
[INFO ] 2020-05-04 17:54:29,140 [repositories/kiln] POST data to repository
[INFO ] 2020-05-04 17:54:29,140 [repositories/kiln] no base URI specified, using dummy 'foo:bar'
[WARN ] 2020-05-04 17:54:29,140 [repositories/kiln] Class org.apache.xerces.parsers.SAXParser not found
[INFO ] 2020-05-04 17:54:29,156 [repositories/kiln] POST transaction to repository
[WARN ] 2020-05-04 17:54:29,156 [repositories/kiln] Class org.apache.xerces.parsers.SAXParser not found
[INFO ] 2020-05-04 17:54:29,171 [repositories/kiln] POST data to repository
[INFO ] 2020-05-04 17:54:29,171 [repositories/kiln] no base URI specified, using dummy 'foo:bar'
[WARN ] 2020-05-04 17:54:29,171 [repositories/kiln] Class org.apache.xerces.parsers.SAXParser not found
[INFO ] 2020-05-04 17:54:29,187 [repositories/kiln] POST transaction to repository
[WARN ] 2020-05-04 17:54:29,187 [repositories/kiln] Class org.apache.xerces.parsers.SAXParser not found
[INFO ] 2020-05-04 17:54:29,203 [repositories/kiln] POST data to repository
[INFO ] 2020-05-04 17:54:29,203 [repositories/kiln] no base URI specified, using dummy 'foo:bar'
[WARN ] 2020-05-04 17:54:29,203 [repositories/kiln] Class org.apache.xerces.parsers.SAXParser not found
[INFO ] 2020-05-04 17:54:29,218 [repositories/kiln] POST transaction to repository
[WARN ] 2020-05-04 17:54:29,218 [repositories/kiln] Class org.apache.xerces.parsers.SAXParser not found
[INFO ] 2020-05-04 17:54:29,234 [repositories/kiln] POST data to repository
[INFO ] 2020-05-04 17:54:29,234 [repositories/kiln] no base URI specified, using dummy 'foo:bar'
[WARN ] 2020-05-04 17:54:29,234 [repositories/kiln] Class org.apache.xerces.parsers.SAXParser not found
[INFO ] 2020-05-04 17:54:29,250 [repositories/kiln] POST transaction to repository
[WARN ] 2020-05-04 17:54:29,250 [repositories/kiln] Class org.apache.xerces.parsers.SAXParser not found
[INFO ] 2020-05-04 17:54:29,265 [repositories/kiln] POST data to repository
[INFO ] 2020-05-04 17:54:29,265 [repositories/kiln] no base URI specified, using dummy 'foo:bar'
[WARN ] 2020-05-04 17:54:29,265 [repositories/kiln] Class org.apache.xerces.parsers.SAXParser not found
[INFO ] 2020-05-04 17:54:29,265 [repositories/kiln] POST transaction to repository
[WARN ] 2020-05-04 17:54:29,265 [repositories/kiln] Class org.apache.xerces.parsers.SAXParser not found
[INFO ] 2020-05-04 17:54:29,296 [repositories/kiln] POST data to repository
[INFO ] 2020-05-04 17:54:29,296 [repositories/kiln] no base URI specified, using dummy 'foo:bar'
[WARN ] 2020-05-04 17:54:29,296 [repositories/kiln] Class org.apache.xerces.parsers.SAXParser not found
[INFO ] 2020-05-04 17:54:29,296 [repositories/kiln] POST transaction to repository
[WARN ] 2020-05-04 17:54:29,296 [repositories/kiln] Class org.apache.xerces.parsers.SAXParser not found
[INFO ] 2020-05-04 17:54:29,312 [repositories/kiln] POST data to repository
[INFO ] 2020-05-04 17:54:29,312 [repositories/kiln] no base URI specified, using dummy 'foo:bar'
[WARN ] 2020-05-04 17:54:29,328 [repositories/kiln] Class org.apache.xerces.parsers.SAXParser not found
[INFO ] 2020-05-04 17:54:29,328 [repositories/kiln] POST transaction to repository
[WARN ] 2020-05-04 17:54:29,328 [repositories/kiln] Class org.apache.xerces.parsers.SAXParser not found
[INFO ] 2020-05-04 17:54:29,359 [repositories/kiln] POST data to repository
[INFO ] 2020-05-04 17:54:29,359 [repositories/kiln] no base URI specified, using dummy 'foo:bar'
[WARN ] 2020-05-04 17:54:29,359 [repositories/kiln] Class org.apache.xerces.parsers.SAXParser not found
[INFO ] 2020-05-04 17:54:29,359 [repositories/kiln] POST transaction to repository
[WARN ] 2020-05-04 17:54:29,359 [repositories/kiln] Class org.apache.xerces.parsers.SAXParser not found
[INFO ] 2020-05-04 17:54:29,390 [repositories/kiln] POST data to repository
[INFO ] 2020-05-04 17:54:29,390 [repositories/kiln] no base URI specified, using dummy 'foo:bar'
[WARN ] 2020-05-04 17:54:29,390 [repositories/kiln] Class org.apache.xerces.parsers.SAXParser not found
[INFO ] 2020-05-04 17:54:29,390 [repositories/kiln] POST transaction to repository
[WARN ] 2020-05-04 17:54:29,406 [repositories/kiln] Class org.apache.xerces.parsers.SAXParser not found
[INFO ] 2020-05-04 17:54:29,406 [repositories/kiln] POST data to repository
[INFO ] 2020-05-04 17:54:29,406 [repositories/kiln] no base URI specified, using dummy 'foo:bar'
[WARN ] 2020-05-04 17:54:29,406 [repositories/kiln] Class org.apache.xerces.parsers.SAXParser not found
[INFO ] 2020-05-04 17:54:29,421 [repositories/kiln] POST transaction to repository
[WARN ] 2020-05-04 17:54:29,421 [repositories/kiln] Class org.apache.xerces.parsers.SAXParser not found
[INFO ] 2020-05-04 17:54:29,437 [repositories/kiln] POST data to repository
[INFO ] 2020-05-04 17:54:29,437 [repositories/kiln] no base URI specified, using dummy 'foo:bar'
[WARN ] 2020-05-04 17:54:29,437 [repositories/kiln] Class org.apache.xerces.parsers.SAXParser not found
[INFO ] 2020-05-04 17:54:29,453 [repositories/kiln] POST transaction to repository
[WARN ] 2020-05-04 17:54:29,453 [repositories/kiln] Class org.apache.xerces.parsers.SAXParser not found
[INFO ] 2020-05-04 17:54:29,468 [repositories/kiln] POST data to repository
[INFO ] 2020-05-04 17:54:29,468 [repositories/kiln] no base URI specified, using dummy 'foo:bar'
[WARN ] 2020-05-04 17:54:29,468 [repositories/kiln] Class org.apache.xerces.parsers.SAXParser not found
[INFO ] 2020-05-04 17:54:29,484 [repositories/kiln] POST transaction to repository
[WARN ] 2020-05-04 17:54:29,484 [repositories/kiln] Class org.apache.xerces.parsers.SAXParser not found
[INFO ] 2020-05-04 17:54:29,484 [repositories/kiln] POST data to repository
[INFO ] 2020-05-04 17:54:29,484 [repositories/kiln] no base URI specified, using dummy 'foo:bar'
[WARN ] 2020-05-04 17:54:29,484 [repositories/kiln] Class org.apache.xerces.parsers.SAXParser not found
[INFO ] 2020-05-04 17:54:29,500 [repositories/kiln] POST transaction to repository
[WARN ] 2020-05-04 17:54:29,500 [repositories/kiln] Class org.apache.xerces.parsers.SAXParser not found
[INFO ] 2020-05-04 17:54:29,515 [repositories/kiln] POST data to repository
[INFO ] 2020-05-04 17:54:29,515 [repositories/kiln] no base URI specified, using dummy 'foo:bar'
[WARN ] 2020-05-04 17:54:29,515 [repositories/kiln] Class org.apache.xerces.parsers.SAXParser not found
[INFO ] 2020-05-04 17:54:29,531 [repositories/kiln] POST transaction to repository
[WARN ] 2020-05-04 17:54:29,531 [repositories/kiln] Class org.apache.xerces.parsers.SAXParser not found
[INFO ] 2020-05-04 17:54:29,890 [repositories/kiln] POST data to repository
[INFO ] 2020-05-04 17:54:29,890 [repositories/kiln] no base URI specified, using dummy 'foo:bar'
[WARN ] 2020-05-04 17:54:29,890 [repositories/kiln] Class org.apache.xerces.parsers.SAXParser not found
[INFO ] 2020-05-04 18:05:42,896 [repositories/kiln] POST transaction to repository
[WARN ] 2020-05-04 18:05:42,896 [repositories/kiln] Class org.apache.xerces.parsers.SAXParser not found
[INFO ] 2020-05-04 18:05:43,333 [repositories/kiln] POST data to repository
[INFO ] 2020-05-04 18:05:43,333 [repositories/kiln] no base URI specified, using dummy 'foo:bar'
[WARN ] 2020-05-04 18:05:43,333 [repositories/kiln] Class org.apache.xerces.parsers.SAXParser not found
[INFO ] 2020-05-04 18:05:43,536 [repositories/kiln] POST transaction to repository
[WARN ] 2020-05-04 18:05:43,536 [repositories/kiln] Class org.apache.xerces.parsers.SAXParser not found
[INFO ] 2020-05-04 18:05:43,911 [repositories/kiln] POST data to repository
[INFO ] 2020-05-04 18:05:43,911 [repositories/kiln] no base URI specified, using dummy 'foo:bar'
[WARN ] 2020-05-04 18:05:43,911 [repositories/kiln] Class org.apache.xerces.parsers.SAXParser not found
[INFO ] 2020-05-04 18:05:44,099 [repositories/kiln] POST transaction to repository
[WARN ] 2020-05-04 18:05:44,099 [repositories/kiln] Class org.apache.xerces.parsers.SAXParser not found
[INFO ] 2020-05-04 18:05:44,427 [repositories/kiln] POST data to repository
[INFO ] 2020-05-04 18:05:44,427 [repositories/kiln] no base URI specified, using dummy 'foo:bar'
[WARN ] 2020-05-04 18:05:44,427 [repositories/kiln] Class org.apache.xerces.parsers.SAXParser not found
[INFO ] 2020-05-04 18:05:44,614 [repositories/kiln] POST transaction to repository
[WARN ] 2020-05-04 18:05:44,614 [repositories/kiln] Class org.apache.xerces.parsers.SAXParser not found
[INFO ] 2020-05-04 18:05:44,958 [repositories/kiln] POST data to repository
[INFO ] 2020-05-04 18:05:44,958 [repositories/kiln] no base URI specified, using dummy 'foo:bar'
[WARN ] 2020-05-04 18:05:44,958 [repositories/kiln] Class org.apache.xerces.parsers.SAXParser not found
[INFO ] 2020-05-04 18:05:45,161 [repositories/kiln] POST transaction to repository
[WARN ] 2020-05-04 18:05:45,161 [repositories/kiln] Class org.apache.xerces.parsers.SAXParser not found
[INFO ] 2020-05-04 18:05:45,489 [repositories/kiln] POST data to repository
[INFO ] 2020-05-04 18:05:45,489 [repositories/kiln] no base URI specified, using dummy 'foo:bar'
[WARN ] 2020-05-04 18:05:45,489 [repositories/kiln] Class org.apache.xerces.parsers.SAXParser not found
[INFO ] 2020-05-04 18:05:45,676 [repositories/kiln] POST transaction to repository
[WARN ] 2020-05-04 18:05:45,676 [repositories/kiln] Class org.apache.xerces.parsers.SAXParser not found
[INFO ] 2020-05-04 18:05:45,958 [repositories/kiln] POST data to repository
[INFO ] 2020-05-04 18:05:45,958 [repositories/kiln] no base URI specified, using dummy 'foo:bar'
[WARN ] 2020-05-04 18:05:45,958 [repositories/kiln] Class org.apache.xerces.parsers.SAXParser not found
[INFO ] 2020-05-04 18:05:46,161 [repositories/kiln] POST transaction to repository
[WARN ] 2020-05-04 18:05:46,161 [repositories/kiln] Class org.apache.xerces.parsers.SAXParser not found
[INFO ] 2020-05-04 18:05:46,442 [repositories/kiln] POST data to repository
[INFO ] 2020-05-04 18:05:46,442 [repositories/kiln] no base URI specified, using dummy 'foo:bar'
[WARN ] 2020-05-04 18:05:46,442 [repositories/kiln] Class org.apache.xerces.parsers.SAXParser not found
[INFO ] 2020-05-04 18:05:46,645 [repositories/kiln] POST transaction to repository
[WARN ] 2020-05-04 18:05:46,645 [repositories/kiln] Class org.apache.xerces.parsers.SAXParser not found
[INFO ] 2020-05-04 18:05:46,942 [repositories/kiln] POST data to repository
[INFO ] 2020-05-04 18:05:46,942 [repositories/kiln] no base URI specified, using dummy 'foo:bar'
[WARN ] 2020-05-04 18:05:46,942 [repositories/kiln] Class org.apache.xerces.parsers.SAXParser not found
[INFO ] 2020-05-04 18:05:47,114 [repositories/kiln] POST transaction to repository
[WARN ] 2020-05-04 18:05:47,114 [repositories/kiln] Class org.apache.xerces.parsers.SAXParser not found
[INFO ] 2020-05-04 18:05:47,410 [repositories/kiln] POST data to repository
[INFO ] 2020-05-04 18:05:47,410 [repositories/kiln] no base URI specified, using dummy 'foo:bar'
[WARN ] 2020-05-04 18:05:47,410 [repositories/kiln] Class org.apache.xerces.parsers.SAXParser not found
[INFO ] 2020-05-04 18:05:47,645 [repositories/kiln] POST transaction to repository
[WARN ] 2020-05-04 18:05:47,645 [repositories/kiln] Class org.apache.xerces.parsers.SAXParser not found
[INFO ] 2020-05-04 18:05:48,020 [repositories/kiln] POST data to repository
[INFO ] 2020-05-04 18:05:48,020 [repositories/kiln] no base URI specified, using dummy 'foo:bar'
[WARN ] 2020-05-04 18:05:48,020 [repositories/kiln] Class org.apache.xerces.parsers.SAXParser not found
[INFO ] 2020-05-04 18:05:48,223 [repositories/kiln] POST transaction to repository
[WARN ] 2020-05-04 18:05:48,223 [repositories/kiln] Class org.apache.xerces.parsers.SAXParser not found
[INFO ] 2020-05-04 18:05:48,613 [repositories/kiln] POST data to repository
[INFO ] 2020-05-04 18:05:48,613 [repositories/kiln] no base URI specified, using dummy 'foo:bar'
[WARN ] 2020-05-04 18:05:48,613 [repositories/kiln] Class org.apache.xerces.parsers.SAXParser not found
[INFO ] 2020-05-04 18:05:48,785 [repositories/kiln] POST transaction to repository
[WARN ] 2020-05-04 18:05:48,785 [repositories/kiln] Class org.apache.xerces.parsers.SAXParser not found
[INFO ] 2020-05-04 18:05:49,082 [repositories/kiln] POST data to repository
[INFO ] 2020-05-04 18:05:49,082 [repositories/kiln] no base URI specified, using dummy 'foo:bar'
[WARN ] 2020-05-04 18:05:49,098 [repositories/kiln] Class org.apache.xerces.parsers.SAXParser not found
[INFO ] 2020-05-04 18:05:49,269 [repositories/kiln] POST transaction to repository
[WARN ] 2020-05-04 18:05:49,269 [repositories/kiln] Class org.apache.xerces.parsers.SAXParser not found
[INFO ] 2020-05-04 18:05:49,582 [repositories/kiln] POST data to repository
[INFO ] 2020-05-04 18:05:49,582 [repositories/kiln] no base URI specified, using dummy 'foo:bar'
[WARN ] 2020-05-04 18:05:49,582 [repositories/kiln] Class org.apache.xerces.parsers.SAXParser not found
[INFO ] 2020-05-04 18:05:50,050 [repositories/kiln] POST transaction to repository
[WARN ] 2020-05-04 18:05:50,050 [repositories/kiln] Class org.apache.xerces.parsers.SAXParser not found
[INFO ] 2020-05-04 18:05:50,347 [repositories/kiln] POST data to repository
[INFO ] 2020-05-04 18:05:50,347 [repositories/kiln] no base URI specified, using dummy 'foo:bar'
[WARN ] 2020-05-04 18:05:50,347 [repositories/kiln] Class org.apache.xerces.parsers.SAXParser not found
[INFO ] 2020-05-04 18:05:50,550 [repositories/kiln] POST transaction to repository
[WARN ] 2020-05-04 18:05:50,550 [repositories/kiln] Class org.apache.xerces.parsers.SAXParser not found
[INFO ] 2020-05-04 18:05:50,831 [repositories/kiln] POST data to repository
[INFO ] 2020-05-04 18:05:50,831 [repositories/kiln] no base URI specified, using dummy 'foo:bar'
[WARN ] 2020-05-04 18:05:50,831 [repositories/kiln] Class org.apache.xerces.parsers.SAXParser not found
[INFO ] 2020-05-04 18:05:51,050 [repositories/kiln] POST transaction to repository
[WARN ] 2020-05-04 18:05:51,050 [repositories/kiln] Class org.apache.xerces.parsers.SAXParser not found
[INFO ] 2020-05-04 18:05:51,331 [repositories/kiln] POST data to repository
[INFO ] 2020-05-04 18:05:51,331 [repositories/kiln] no base URI specified, using dummy 'foo:bar'
[WARN ] 2020-05-04 18:05:51,331 [repositories/kiln] Class org.apache.xerces.parsers.SAXParser not found
[INFO ] 2020-05-04 18:05:51,488 [repositories/kiln] POST transaction to repository
[WARN ] 2020-05-04 18:05:51,503 [repositories/kiln] Class org.apache.xerces.parsers.SAXParser not found
[INFO ] 2020-05-04 18:05:51,816 [repositories/kiln] POST data to repository
[INFO ] 2020-05-04 18:05:51,816 [repositories/kiln] no base URI specified, using dummy 'foo:bar'
[WARN ] 2020-05-04 18:05:51,816 [repositories/kiln] Class org.apache.xerces.parsers.SAXParser not found
[INFO ] 2020-05-04 18:05:51,987 [repositories/kiln] POST transaction to repository
[WARN ] 2020-05-04 18:05:51,987 [repositories/kiln] Class org.apache.xerces.parsers.SAXParser not found
[INFO ] 2020-05-04 18:05:52,315 [repositories/kiln] POST data to repository
[INFO ] 2020-05-04 18:05:52,315 [repositories/kiln] no base URI specified, using dummy 'foo:bar'
[WARN ] 2020-05-04 18:05:52,315 [repositories/kiln] Class org.apache.xerces.parsers.SAXParser not found
[INFO ] 2020-05-04 18:05:52,472 [repositories/kiln] POST transaction to repository
[WARN ] 2020-05-04 18:05:52,487 [repositories/kiln] Class org.apache.xerces.parsers.SAXParser not found
[INFO ] 2020-05-04 18:05:52,784 [repositories/kiln] POST data to repository
[INFO ] 2020-05-04 18:05:52,784 [repositories/kiln] no base URI specified, using dummy 'foo:bar'
[WARN ] 2020-05-04 18:05:52,784 [repositories/kiln] Class org.apache.xerces.parsers.SAXParser not found
[INFO ] 2020-05-04 18:05:52,956 [repositories/kiln] POST transaction to repository
[WARN ] 2020-05-04 18:05:52,956 [repositories/kiln] Class org.apache.xerces.parsers.SAXParser not found
[INFO ] 2020-05-04 18:05:53,268 [repositories/kiln] POST data to repository
[INFO ] 2020-05-04 18:05:53,268 [repositories/kiln] no base URI specified, using dummy 'foo:bar'
[WARN ] 2020-05-04 18:05:53,284 [repositories/kiln] Class org.apache.xerces.parsers.SAXParser not found
[INFO ] 2020-05-04 18:05:53,440 [repositories/kiln] POST transaction to repository
[WARN ] 2020-05-04 18:05:53,440 [repositories/kiln] Class org.apache.xerces.parsers.SAXParser not found
[INFO ] 2020-05-04 18:05:53,737 [repositories/kiln] POST data to repository
[INFO ] 2020-05-04 18:05:53,737 [repositories/kiln] no base URI specified, using dummy 'foo:bar'
[WARN ] 2020-05-04 18:05:53,753 [repositories/kiln] Class org.apache.xerces.parsers.SAXParser not found
[INFO ] 2020-05-04 18:05:53,971 [repositories/kiln] POST transaction to repository
[WARN ] 2020-05-04 18:05:53,971 [repositories/kiln] Class org.apache.xerces.parsers.SAXParser not found
[INFO ] 2020-05-04 18:05:54,268 [repositories/kiln] POST data to repository
[INFO ] 2020-05-04 18:05:54,268 [repositories/kiln] no base URI specified, using dummy 'foo:bar'
[WARN ] 2020-05-04 18:05:54,268 [repositories/kiln] Class org.apache.xerces.parsers.SAXParser not found
[INFO ] 2020-05-04 18:05:54,456 [repositories/kiln] POST transaction to repository
[WARN ] 2020-05-04 18:05:54,456 [repositories/kiln] Class org.apache.xerces.parsers.SAXParser not found
[INFO ] 2020-05-04 18:05:54,471 [repositories/kiln] POST data to repository
[INFO ] 2020-05-04 18:05:54,471 [repositories/kiln] no base URI specified, using dummy 'foo:bar'
[WARN ] 2020-05-04 18:05:54,471 [repositories/kiln] Class org.apache.xerces.parsers.SAXParser not found
[ERROR] 2020-05-04 18:05:54,471 [repositories/kiln] [Rio fatal] Fin prématurée du fichier. (1, 39)
[INFO ] 2020-05-04 18:05:54,471 [repositories/kiln] Client sent bad request (400): MALFORMED DATA: Fin prématurée du fichier. [line 1, column 39]
[WARN ] 2020-05-04 18:05:54,471 [repositories/kiln] Rolling back transaction due to connection close
java.lang.Throwable: null
	at org.openrdf.sail.helpers.SailConnectionBase.close(SailConnectionBase.java:240)
	at org.openrdf.sail.helpers.SailConnectionWrapper.close(SailConnectionWrapper.java:88)
	at org.openrdf.sail.helpers.SailConnectionWrapper.close(SailConnectionWrapper.java:88)
	at org.openrdf.repository.sail.SailRepositoryConnection.close(SailRepositoryConnection.java:129)
	at org.openrdf.http.server.repository.RepositoryInterceptor.cleanUpResources(RepositoryInterceptor.java:150)
	at org.openrdf.http.server.ServerInterceptor.afterCompletion(ServerInterceptor.java:55)
	at org.openrdf.http.server.ServerInterceptor$$FastClassByCGLIB$$966e62ef.invoke(<generated>)
	at net.sf.cglib.proxy.MethodProxy.invoke(MethodProxy.java:191)
	at org.springframework.aop.framework.Cglib2AopProxy$CglibMethodInvocation.invokeJoinpoint(Cglib2AopProxy.java:700)
	at org.springframework.aop.framework.ReflectiveMethodInvocation.proceed(ReflectiveMethodInvocation.java:149)
	at org.springframework.aop.support.DelegatingIntroductionInterceptor.doProceed(DelegatingIntroductionInterceptor.java:131)
	at org.springframework.aop.support.DelegatingIntroductionInterceptor.invoke(DelegatingIntroductionInterceptor.java:119)
	at org.springframework.aop.framework.ReflectiveMethodInvocation.proceed(ReflectiveMethodInvocation.java:171)
	at org.springframework.aop.framework.Cglib2AopProxy$DynamicAdvisedInterceptor.intercept(Cglib2AopProxy.java:635)
	at org.openrdf.http.server.repository.RepositoryInterceptor$$EnhancerByCGLIB$$41dab463.afterCompletion(<generated>)
	at org.springframework.web.servlet.DispatcherServlet.triggerAfterCompletion(DispatcherServlet.java:1244)
	at org.springframework.web.servlet.DispatcherServlet.doDispatch(DispatcherServlet.java:915)
	at org.springframework.web.servlet.DispatcherServlet.doService(DispatcherServlet.java:807)
	at org.springframework.web.servlet.FrameworkServlet.processRequest(FrameworkServlet.java:571)
	at org.springframework.web.servlet.FrameworkServlet.doPost(FrameworkServlet.java:511)
	at javax.servlet.http.HttpServlet.service(HttpServlet.java:755)
	at javax.servlet.http.HttpServlet.service(HttpServlet.java:848)
	at org.eclipse.jetty.servlet.ServletHolder.handle(ServletHolder.java:698)
	at org.eclipse.jetty.servlet.ServletHandler.doHandle(ServletHandler.java:505)
	at org.eclipse.jetty.server.handler.ScopedHandler.handle(ScopedHandler.java:138)
	at org.eclipse.jetty.security.SecurityHandler.handle(SecurityHandler.java:564)
	at org.eclipse.jetty.server.session.SessionHandler.doHandle(SessionHandler.java:213)
	at org.eclipse.jetty.server.handler.ContextHandler.doHandle(ContextHandler.java:1094)
	at org.eclipse.jetty.servlet.ServletHandler.doScope(ServletHandler.java:432)
	at org.eclipse.jetty.server.session.SessionHandler.doScope(SessionHandler.java:175)
	at org.eclipse.jetty.server.handler.ContextHandler.doScope(ContextHandler.java:1028)
	at org.eclipse.jetty.server.handler.ScopedHandler.handle(ScopedHandler.java:136)
	at org.eclipse.jetty.server.handler.ContextHandlerCollection.handle(ContextHandlerCollection.java:258)
	at org.eclipse.jetty.server.handler.HandlerCollection.handle(HandlerCollection.java:109)
	at org.eclipse.jetty.server.handler.HandlerWrapper.handle(HandlerWrapper.java:97)
	at org.eclipse.jetty.server.Server.handle(Server.java:445)
	at org.eclipse.jetty.server.HttpChannel.handle(HttpChannel.java:267)
	at org.eclipse.jetty.server.HttpConnection.onFillable(HttpConnection.java:224)
	at org.eclipse.jetty.io.AbstractConnection$ReadCallback.run(AbstractConnection.java:358)
	at org.eclipse.jetty.util.thread.QueuedThreadPool.runJob(QueuedThreadPool.java:601)
	at org.eclipse.jetty.util.thread.QueuedThreadPool$3.run(QueuedThreadPool.java:532)
	at java.lang.Thread.run(Unknown Source)
[INFO ] 2020-05-04 18:05:54,487 [repositories/kiln] POST transaction to repository
[WARN ] 2020-05-04 18:05:54,487 [repositories/kiln] Class org.apache.xerces.parsers.SAXParser not found
[INFO ] 2020-05-04 18:05:54,768 [repositories/kiln] POST data to repository
[INFO ] 2020-05-04 18:05:54,768 [repositories/kiln] no base URI specified, using dummy 'foo:bar'
[WARN ] 2020-05-04 18:05:54,768 [repositories/kiln] Class org.apache.xerces.parsers.SAXParser not found
[INFO ] 2020-05-04 18:05:54,955 [repositories/kiln] POST transaction to repository
[WARN ] 2020-05-04 18:05:54,955 [repositories/kiln] Class org.apache.xerces.parsers.SAXParser not found
[INFO ] 2020-05-04 18:05:55,268 [repositories/kiln] POST data to repository
[INFO ] 2020-05-04 18:05:55,268 [repositories/kiln] no base URI specified, using dummy 'foo:bar'
[WARN ] 2020-05-04 18:05:55,268 [repositories/kiln] Class org.apache.xerces.parsers.SAXParser not found
[INFO ] 2020-05-04 18:05:55,440 [repositories/kiln] POST transaction to repository
[WARN ] 2020-05-04 18:05:55,455 [repositories/kiln] Class org.apache.xerces.parsers.SAXParser not found
[INFO ] 2020-05-04 18:05:55,768 [repositories/kiln] POST data to repository
[INFO ] 2020-05-04 18:05:55,768 [repositories/kiln] no base URI specified, using dummy 'foo:bar'
[WARN ] 2020-05-04 18:05:55,768 [repositories/kiln] Class org.apache.xerces.parsers.SAXParser not found
[INFO ] 2020-05-04 18:05:55,955 [repositories/kiln] POST transaction to repository
[WARN ] 2020-05-04 18:05:55,955 [repositories/kiln] Class org.apache.xerces.parsers.SAXParser not found
[INFO ] 2020-05-04 18:05:56,268 [repositories/kiln] POST data to repository
[INFO ] 2020-05-04 18:05:56,268 [repositories/kiln] no base URI specified, using dummy 'foo:bar'
[WARN ] 2020-05-04 18:05:56,268 [repositories/kiln] Class org.apache.xerces.parsers.SAXParser not found
[INFO ] 2020-05-04 18:05:56,439 [repositories/kiln] POST transaction to repository
[WARN ] 2020-05-04 18:05:56,439 [repositories/kiln] Class org.apache.xerces.parsers.SAXParser not found
[INFO ] 2020-05-04 18:05:56,705 [repositories/kiln] POST data to repository
[INFO ] 2020-05-04 18:05:56,705 [repositories/kiln] no base URI specified, using dummy 'foo:bar'
[WARN ] 2020-05-04 18:05:56,705 [repositories/kiln] Class org.apache.xerces.parsers.SAXParser not found
[INFO ] 2020-05-04 18:05:56,908 [repositories/kiln] POST transaction to repository
[WARN ] 2020-05-04 18:05:56,908 [repositories/kiln] Class org.apache.xerces.parsers.SAXParser not found
[INFO ] 2020-05-04 18:05:57,174 [repositories/kiln] POST data to repository
[INFO ] 2020-05-04 18:05:57,174 [repositories/kiln] no base URI specified, using dummy 'foo:bar'
[WARN ] 2020-05-04 18:05:57,174 [repositories/kiln] Class org.apache.xerces.parsers.SAXParser not found
[INFO ] 2020-05-04 18:05:57,377 [repositories/kiln] POST transaction to repository
[WARN ] 2020-05-04 18:05:57,377 [repositories/kiln] Class org.apache.xerces.parsers.SAXParser not found
[INFO ] 2020-05-04 18:05:57,658 [repositories/kiln] POST data to repository
[INFO ] 2020-05-04 18:05:57,658 [repositories/kiln] no base URI specified, using dummy 'foo:bar'
[WARN ] 2020-05-04 18:05:57,658 [repositories/kiln] Class org.apache.xerces.parsers.SAXParser not found
[INFO ] 2020-05-04 18:05:57,845 [repositories/kiln] POST transaction to repository
[WARN ] 2020-05-04 18:05:57,845 [repositories/kiln] Class org.apache.xerces.parsers.SAXParser not found
[INFO ] 2020-05-04 18:05:58,158 [repositories/kiln] POST data to repository
[INFO ] 2020-05-04 18:05:58,158 [repositories/kiln] no base URI specified, using dummy 'foo:bar'
[WARN ] 2020-05-04 18:05:58,158 [repositories/kiln] Class org.apache.xerces.parsers.SAXParser not found
[INFO ] 2020-05-04 18:05:58,330 [repositories/kiln] POST transaction to repository
[WARN ] 2020-05-04 18:05:58,330 [repositories/kiln] Class org.apache.xerces.parsers.SAXParser not found
[INFO ] 2020-05-04 18:05:58,642 [repositories/kiln] POST data to repository
[INFO ] 2020-05-04 18:05:58,642 [repositories/kiln] no base URI specified, using dummy 'foo:bar'
[WARN ] 2020-05-04 18:05:58,642 [repositories/kiln] Class org.apache.xerces.parsers.SAXParser not found
[INFO ] 2020-05-04 18:05:58,830 [repositories/kiln] POST transaction to repository
[WARN ] 2020-05-04 18:05:58,830 [repositories/kiln] Class org.apache.xerces.parsers.SAXParser not found
[INFO ] 2020-05-04 18:05:59,142 [repositories/kiln] POST data to repository
[INFO ] 2020-05-04 18:05:59,142 [repositories/kiln] no base URI specified, using dummy 'foo:bar'
[WARN ] 2020-05-04 18:05:59,142 [repositories/kiln] Class org.apache.xerces.parsers.SAXParser not found
[INFO ] 2020-05-04 18:05:59,314 [repositories/kiln] POST transaction to repository
[WARN ] 2020-05-04 18:05:59,314 [repositories/kiln] Class org.apache.xerces.parsers.SAXParser not found
[INFO ] 2020-05-04 18:05:59,626 [repositories/kiln] POST data to repository
[INFO ] 2020-05-04 18:05:59,626 [repositories/kiln] no base URI specified, using dummy 'foo:bar'
[WARN ] 2020-05-04 18:05:59,626 [repositories/kiln] Class org.apache.xerces.parsers.SAXParser not found
[INFO ] 2020-05-04 18:05:59,782 [repositories/kiln] POST transaction to repository
[WARN ] 2020-05-04 18:05:59,798 [repositories/kiln] Class org.apache.xerces.parsers.SAXParser not found
[INFO ] 2020-05-04 18:06:00,095 [repositories/kiln] POST data to repository
[INFO ] 2020-05-04 18:06:00,095 [repositories/kiln] no base URI specified, using dummy 'foo:bar'
[WARN ] 2020-05-04 18:06:00,095 [repositories/kiln] Class org.apache.xerces.parsers.SAXParser not found
[INFO ] 2020-05-04 18:06:00,314 [repositories/kiln] POST transaction to repository
[WARN ] 2020-05-04 18:06:00,314 [repositories/kiln] Class org.apache.xerces.parsers.SAXParser not found
[INFO ] 2020-05-04 18:06:00,610 [repositories/kiln] POST data to repository
[INFO ] 2020-05-04 18:06:00,610 [repositories/kiln] no base URI specified, using dummy 'foo:bar'
[WARN ] 2020-05-04 18:06:00,610 [repositories/kiln] Class org.apache.xerces.parsers.SAXParser not found
[INFO ] 2020-05-04 18:06:00,782 [repositories/kiln] POST transaction to repository
[WARN ] 2020-05-04 18:06:00,782 [repositories/kiln] Class org.apache.xerces.parsers.SAXParser not found
[INFO ] 2020-05-04 18:06:00,798 [repositories/kiln] POST data to repository
[INFO ] 2020-05-04 18:06:00,798 [repositories/kiln] no base URI specified, using dummy 'foo:bar'
[WARN ] 2020-05-04 18:06:00,798 [repositories/kiln] Class org.apache.xerces.parsers.SAXParser not found
[INFO ] 2020-05-04 18:06:00,813 [repositories/kiln] POST transaction to repository
[WARN ] 2020-05-04 18:06:00,813 [repositories/kiln] Class org.apache.xerces.parsers.SAXParser not found
[INFO ] 2020-05-04 18:06:00,813 [repositories/kiln] POST data to repository
[INFO ] 2020-05-04 18:06:00,813 [repositories/kiln] no base URI specified, using dummy 'foo:bar'
[WARN ] 2020-05-04 18:06:00,813 [repositories/kiln] Class org.apache.xerces.parsers.SAXParser not found
[INFO ] 2020-05-04 18:06:00,829 [repositories/kiln] POST transaction to repository
[WARN ] 2020-05-04 18:06:00,829 [repositories/kiln] Class org.apache.xerces.parsers.SAXParser not found
[INFO ] 2020-05-04 18:06:00,860 [repositories/kiln] POST data to repository
[INFO ] 2020-05-04 18:06:00,860 [repositories/kiln] no base URI specified, using dummy 'foo:bar'
[WARN ] 2020-05-04 18:06:00,860 [repositories/kiln] Class org.apache.xerces.parsers.SAXParser not found
[INFO ] 2020-05-04 18:06:00,927 [repositories/kiln] POST transaction to repository
[WARN ] 2020-05-04 18:06:00,927 [repositories/kiln] Class org.apache.xerces.parsers.SAXParser not found
[INFO ] 2020-05-04 18:06:00,927 [repositories/kiln] POST data to repository
[INFO ] 2020-05-04 18:06:00,927 [repositories/kiln] no base URI specified, using dummy 'foo:bar'
[WARN ] 2020-05-04 18:06:00,944 [repositories/kiln] Class org.apache.xerces.parsers.SAXParser not found
[INFO ] 2020-05-04 18:06:00,945 [repositories/kiln] POST transaction to repository
[WARN ] 2020-05-04 18:06:00,945 [repositories/kiln] Class org.apache.xerces.parsers.SAXParser not found
[INFO ] 2020-05-04 18:06:00,960 [repositories/kiln] POST data to repository
[INFO ] 2020-05-04 18:06:00,960 [repositories/kiln] no base URI specified, using dummy 'foo:bar'
[WARN ] 2020-05-04 18:06:00,960 [repositories/kiln] Class org.apache.xerces.parsers.SAXParser not found
[INFO ] 2020-05-04 18:06:00,992 [repositories/kiln] POST transaction to repository
[WARN ] 2020-05-04 18:06:00,992 [repositories/kiln] Class org.apache.xerces.parsers.SAXParser not found
[INFO ] 2020-05-04 18:06:00,992 [repositories/kiln] POST data to repository
[INFO ] 2020-05-04 18:06:00,992 [repositories/kiln] no base URI specified, using dummy 'foo:bar'
[WARN ] 2020-05-04 18:06:01,007 [repositories/kiln] Class org.apache.xerces.parsers.SAXParser not found
[INFO ] 2020-05-04 18:06:01,007 [repositories/kiln] POST transaction to repository
[WARN ] 2020-05-04 18:06:01,007 [repositories/kiln] Class org.apache.xerces.parsers.SAXParser not found
[INFO ] 2020-05-04 18:06:01,023 [repositories/kiln] POST data to repository
[INFO ] 2020-05-04 18:06:01,023 [repositories/kiln] no base URI specified, using dummy 'foo:bar'
[WARN ] 2020-05-04 18:06:01,023 [repositories/kiln] Class org.apache.xerces.parsers.SAXParser not found
[INFO ] 2020-05-04 18:06:01,023 [repositories/kiln] POST transaction to repository
[WARN ] 2020-05-04 18:06:01,038 [repositories/kiln] Class org.apache.xerces.parsers.SAXParser not found
[INFO ] 2020-05-04 18:06:01,038 [repositories/kiln] POST data to repository
[INFO ] 2020-05-04 18:06:01,038 [repositories/kiln] no base URI specified, using dummy 'foo:bar'
[WARN ] 2020-05-04 18:06:01,038 [repositories/kiln] Class org.apache.xerces.parsers.SAXParser not found
[INFO ] 2020-05-04 18:06:01,054 [repositories/kiln] POST transaction to repository
[WARN ] 2020-05-04 18:06:01,054 [repositories/kiln] Class org.apache.xerces.parsers.SAXParser not found
[INFO ] 2020-05-04 18:06:01,070 [repositories/kiln] POST data to repository
[INFO ] 2020-05-04 18:06:01,070 [repositories/kiln] no base URI specified, using dummy 'foo:bar'
[WARN ] 2020-05-04 18:06:01,070 [repositories/kiln] Class org.apache.xerces.parsers.SAXParser not found
[INFO ] 2020-05-04 18:06:01,085 [repositories/kiln] POST transaction to repository
[WARN ] 2020-05-04 18:06:01,085 [repositories/kiln] Class org.apache.xerces.parsers.SAXParser not found
[INFO ] 2020-05-04 18:06:01,085 [repositories/kiln] POST data to repository
[INFO ] 2020-05-04 18:06:01,085 [repositories/kiln] no base URI specified, using dummy 'foo:bar'
[WARN ] 2020-05-04 18:06:01,085 [repositories/kiln] Class org.apache.xerces.parsers.SAXParser not found
[INFO ] 2020-05-04 18:06:01,101 [repositories/kiln] POST transaction to repository
[WARN ] 2020-05-04 18:06:01,101 [repositories/kiln] Class org.apache.xerces.parsers.SAXParser not found
[INFO ] 2020-05-04 18:06:01,117 [repositories/kiln] POST data to repository
[INFO ] 2020-05-04 18:06:01,117 [repositories/kiln] no base URI specified, using dummy 'foo:bar'
[WARN ] 2020-05-04 18:06:01,117 [repositories/kiln] Class org.apache.xerces.parsers.SAXParser not found
[INFO ] 2020-05-04 18:06:01,132 [repositories/kiln] POST transaction to repository
[WARN ] 2020-05-04 18:06:01,132 [repositories/kiln] Class org.apache.xerces.parsers.SAXParser not found
[INFO ] 2020-05-04 18:06:01,132 [repositories/kiln] POST data to repository
[INFO ] 2020-05-04 18:06:01,132 [repositories/kiln] no base URI specified, using dummy 'foo:bar'
[WARN ] 2020-05-04 18:06:01,132 [repositories/kiln] Class org.apache.xerces.parsers.SAXParser not found
[INFO ] 2020-05-04 18:06:01,148 [repositories/kiln] POST transaction to repository
[WARN ] 2020-05-04 18:06:01,148 [repositories/kiln] Class org.apache.xerces.parsers.SAXParser not found
[INFO ] 2020-05-04 18:06:01,163 [repositories/kiln] POST data to repository
[INFO ] 2020-05-04 18:06:01,163 [repositories/kiln] no base URI specified, using dummy 'foo:bar'
[WARN ] 2020-05-04 18:06:01,163 [repositories/kiln] Class org.apache.xerces.parsers.SAXParser not found
[INFO ] 2020-05-04 18:06:01,179 [repositories/kiln] POST transaction to repository
[WARN ] 2020-05-04 18:06:01,179 [repositories/kiln] Class org.apache.xerces.parsers.SAXParser not found
[INFO ] 2020-05-04 18:06:01,179 [repositories/kiln] POST data to repository
[INFO ] 2020-05-04 18:06:01,179 [repositories/kiln] no base URI specified, using dummy 'foo:bar'
[WARN ] 2020-05-04 18:06:01,179 [repositories/kiln] Class org.apache.xerces.parsers.SAXParser not found
[INFO ] 2020-05-04 18:06:01,210 [repositories/kiln] POST transaction to repository
[WARN ] 2020-05-04 18:06:01,210 [repositories/kiln] Class org.apache.xerces.parsers.SAXParser not found
[INFO ] 2020-05-04 18:06:01,226 [repositories/kiln] POST data to repository
[INFO ] 2020-05-04 18:06:01,226 [repositories/kiln] no base URI specified, using dummy 'foo:bar'
[WARN ] 2020-05-04 18:06:01,226 [repositories/kiln] Class org.apache.xerces.parsers.SAXParser not found
[INFO ] 2020-05-04 18:06:01,242 [repositories/kiln] POST transaction to repository
[WARN ] 2020-05-04 18:06:01,242 [repositories/kiln] Class org.apache.xerces.parsers.SAXParser not found
[INFO ] 2020-05-04 18:06:01,242 [repositories/kiln] POST data to repository
[INFO ] 2020-05-04 18:06:01,242 [repositories/kiln] no base URI specified, using dummy 'foo:bar'
[WARN ] 2020-05-04 18:06:01,242 [repositories/kiln] Class org.apache.xerces.parsers.SAXParser not found
[INFO ] 2020-05-04 18:06:01,257 [repositories/kiln] POST transaction to repository
[WARN ] 2020-05-04 18:06:01,257 [repositories/kiln] Class org.apache.xerces.parsers.SAXParser not found
[INFO ] 2020-05-04 18:06:01,273 [repositories/kiln] POST data to repository
[INFO ] 2020-05-04 18:06:01,273 [repositories/kiln] no base URI specified, using dummy 'foo:bar'
[WARN ] 2020-05-04 18:06:01,273 [repositories/kiln] Class org.apache.xerces.parsers.SAXParser not found
[INFO ] 2020-05-04 18:06:01,273 [repositories/kiln] POST transaction to repository
[WARN ] 2020-05-04 18:06:01,288 [repositories/kiln] Class org.apache.xerces.parsers.SAXParser not found
[INFO ] 2020-05-04 18:06:01,288 [repositories/kiln] POST data to repository
[INFO ] 2020-05-04 18:06:01,288 [repositories/kiln] no base URI specified, using dummy 'foo:bar'
[WARN ] 2020-05-04 18:06:01,288 [repositories/kiln] Class org.apache.xerces.parsers.SAXParser not found
[INFO ] 2020-05-04 18:06:01,304 [repositories/kiln] POST transaction to repository
[WARN ] 2020-05-04 18:06:01,304 [repositories/kiln] Class org.apache.xerces.parsers.SAXParser not found
[INFO ] 2020-05-04 18:06:01,304 [repositories/kiln] POST data to repository
[INFO ] 2020-05-04 18:06:01,304 [repositories/kiln] no base URI specified, using dummy 'foo:bar'
[WARN ] 2020-05-04 18:06:01,304 [repositories/kiln] Class org.apache.xerces.parsers.SAXParser not found
[INFO ] 2020-05-04 18:06:01,320 [repositories/kiln] POST transaction to repository
[WARN ] 2020-05-04 18:06:01,320 [repositories/kiln] Class org.apache.xerces.parsers.SAXParser not found
[INFO ] 2020-05-04 18:06:01,335 [repositories/kiln] POST data to repository
[INFO ] 2020-05-04 18:06:01,335 [repositories/kiln] no base URI specified, using dummy 'foo:bar'
[WARN ] 2020-05-04 18:06:01,335 [repositories/kiln] Class org.apache.xerces.parsers.SAXParser not found
[INFO ] 2020-05-04 18:06:01,335 [repositories/kiln] POST transaction to repository
[WARN ] 2020-05-04 18:06:01,351 [repositories/kiln] Class org.apache.xerces.parsers.SAXParser not found
[INFO ] 2020-05-04 18:06:01,351 [repositories/kiln] POST data to repository
[INFO ] 2020-05-04 18:06:01,351 [repositories/kiln] no base URI specified, using dummy 'foo:bar'
[WARN ] 2020-05-04 18:06:01,351 [repositories/kiln] Class org.apache.xerces.parsers.SAXParser not found
[INFO ] 2020-05-04 18:06:01,367 [repositories/kiln] POST transaction to repository
[WARN ] 2020-05-04 18:06:01,367 [repositories/kiln] Class org.apache.xerces.parsers.SAXParser not found
[INFO ] 2020-05-04 18:06:01,382 [repositories/kiln] POST data to repository
[INFO ] 2020-05-04 18:06:01,382 [repositories/kiln] no base URI specified, using dummy 'foo:bar'
[WARN ] 2020-05-04 18:06:01,382 [repositories/kiln] Class org.apache.xerces.parsers.SAXParser not found
[INFO ] 2020-05-04 18:06:01,398 [repositories/kiln] POST transaction to repository
[WARN ] 2020-05-04 18:06:01,398 [repositories/kiln] Class org.apache.xerces.parsers.SAXParser not found
[INFO ] 2020-05-04 18:06:01,398 [repositories/kiln] POST data to repository
[INFO ] 2020-05-04 18:06:01,398 [repositories/kiln] no base URI specified, using dummy 'foo:bar'
[WARN ] 2020-05-04 18:06:01,398 [repositories/kiln] Class org.apache.xerces.parsers.SAXParser not found
[INFO ] 2020-05-04 18:06:01,413 [repositories/kiln] POST transaction to repository
[WARN ] 2020-05-04 18:06:01,413 [repositories/kiln] Class org.apache.xerces.parsers.SAXParser not found
[INFO ] 2020-05-04 18:06:01,413 [repositories/kiln] POST data to repository
[INFO ] 2020-05-04 18:06:01,413 [repositories/kiln] no base URI specified, using dummy 'foo:bar'
[WARN ] 2020-05-04 18:06:01,413 [repositories/kiln] Class org.apache.xerces.parsers.SAXParser not found
[INFO ] 2020-05-04 18:06:01,429 [repositories/kiln] POST transaction to repository
[WARN ] 2020-05-04 18:06:01,429 [repositories/kiln] Class org.apache.xerces.parsers.SAXParser not found
[INFO ] 2020-05-04 18:06:01,445 [repositories/kiln] POST data to repository
[INFO ] 2020-05-04 18:06:01,445 [repositories/kiln] no base URI specified, using dummy 'foo:bar'
[WARN ] 2020-05-04 18:06:01,445 [repositories/kiln] Class org.apache.xerces.parsers.SAXParser not found
[INFO ] 2020-05-04 18:06:01,460 [repositories/kiln] POST transaction to repository
[WARN ] 2020-05-04 18:06:01,460 [repositories/kiln] Class org.apache.xerces.parsers.SAXParser not found
[INFO ] 2020-05-04 18:06:01,460 [repositories/kiln] POST data to repository
[INFO ] 2020-05-04 18:06:01,460 [repositories/kiln] no base URI specified, using dummy 'foo:bar'
[WARN ] 2020-05-04 18:06:01,460 [repositories/kiln] Class org.apache.xerces.parsers.SAXParser not found
[INFO ] 2020-05-04 18:06:01,507 [repositories/kiln] POST transaction to repository
[WARN ] 2020-05-04 18:06:01,507 [repositories/kiln] Class org.apache.xerces.parsers.SAXParser not found
[INFO ] 2020-05-04 18:06:01,523 [repositories/kiln] POST data to repository
[INFO ] 2020-05-04 18:06:01,523 [repositories/kiln] no base URI specified, using dummy 'foo:bar'
[WARN ] 2020-05-04 18:06:01,523 [repositories/kiln] Class org.apache.xerces.parsers.SAXParser not found
[INFO ] 2020-05-04 18:06:01,523 [repositories/kiln] POST transaction to repository
[WARN ] 2020-05-04 18:06:01,538 [repositories/kiln] Class org.apache.xerces.parsers.SAXParser not found
[INFO ] 2020-05-04 18:06:01,538 [repositories/kiln] POST data to repository
[INFO ] 2020-05-04 18:06:01,538 [repositories/kiln] no base URI specified, using dummy 'foo:bar'
[WARN ] 2020-05-04 18:06:01,538 [repositories/kiln] Class org.apache.xerces.parsers.SAXParser not found
[INFO ] 2020-05-04 18:06:01,554 [repositories/kiln] POST transaction to repository
[WARN ] 2020-05-04 18:06:01,554 [repositories/kiln] Class org.apache.xerces.parsers.SAXParser not found
[INFO ] 2020-05-04 18:06:01,570 [repositories/kiln] POST data to repository
[INFO ] 2020-05-04 18:06:01,570 [repositories/kiln] no base URI specified, using dummy 'foo:bar'
[WARN ] 2020-05-04 18:06:01,570 [repositories/kiln] Class org.apache.xerces.parsers.SAXParser not found
[INFO ] 2020-05-04 18:06:01,585 [repositories/kiln] POST transaction to repository
[WARN ] 2020-05-04 18:06:01,585 [repositories/kiln] Class org.apache.xerces.parsers.SAXParser not found
[INFO ] 2020-05-04 18:06:01,585 [repositories/kiln] POST data to repository
[INFO ] 2020-05-04 18:06:01,585 [repositories/kiln] no base URI specified, using dummy 'foo:bar'
[WARN ] 2020-05-04 18:06:01,585 [repositories/kiln] Class org.apache.xerces.parsers.SAXParser not found
[INFO ] 2020-05-04 18:06:01,601 [repositories/kiln] POST transaction to repository
[WARN ] 2020-05-04 18:06:01,601 [repositories/kiln] Class org.apache.xerces.parsers.SAXParser not found
[INFO ] 2020-05-04 18:06:01,616 [repositories/kiln] POST data to repository
[INFO ] 2020-05-04 18:06:01,616 [repositories/kiln] no base URI specified, using dummy 'foo:bar'
[WARN ] 2020-05-04 18:06:01,616 [repositories/kiln] Class org.apache.xerces.parsers.SAXParser not found
[INFO ] 2020-05-04 18:06:01,632 [repositories/kiln] POST transaction to repository
[WARN ] 2020-05-04 18:06:01,632 [repositories/kiln] Class org.apache.xerces.parsers.SAXParser not found
[INFO ] 2020-05-04 18:06:01,632 [repositories/kiln] POST data to repository
[INFO ] 2020-05-04 18:06:01,632 [repositories/kiln] no base URI specified, using dummy 'foo:bar'
[WARN ] 2020-05-04 18:06:01,632 [repositories/kiln] Class org.apache.xerces.parsers.SAXParser not found
[INFO ] 2020-05-04 18:06:01,648 [repositories/kiln] POST transaction to repository
[WARN ] 2020-05-04 18:06:01,648 [repositories/kiln] Class org.apache.xerces.parsers.SAXParser not found
[INFO ] 2020-05-04 18:06:01,663 [repositories/kiln] POST data to repository
[INFO ] 2020-05-04 18:06:01,663 [repositories/kiln] no base URI specified, using dummy 'foo:bar'
[WARN ] 2020-05-04 18:06:01,663 [repositories/kiln] Class org.apache.xerces.parsers.SAXParser not found
[INFO ] 2020-05-04 18:06:01,663 [repositories/kiln] POST transaction to repository
[WARN ] 2020-05-04 18:06:01,663 [repositories/kiln] Class org.apache.xerces.parsers.SAXParser not found
[INFO ] 2020-05-04 18:06:01,679 [repositories/kiln] POST data to repository
[INFO ] 2020-05-04 18:06:01,679 [repositories/kiln] no base URI specified, using dummy 'foo:bar'
[WARN ] 2020-05-04 18:06:01,679 [repositories/kiln] Class org.apache.xerces.parsers.SAXParser not found
[INFO ] 2020-05-04 18:06:01,695 [repositories/kiln] POST transaction to repository
[WARN ] 2020-05-04 18:06:01,695 [repositories/kiln] Class org.apache.xerces.parsers.SAXParser not found
[INFO ] 2020-05-04 18:06:01,695 [repositories/kiln] POST data to repository
[INFO ] 2020-05-04 18:06:01,695 [repositories/kiln] no base URI specified, using dummy 'foo:bar'
[WARN ] 2020-05-04 18:06:01,695 [repositories/kiln] Class org.apache.xerces.parsers.SAXParser not found
[INFO ] 2020-05-04 18:06:01,710 [repositories/kiln] POST transaction to repository
[WARN ] 2020-05-04 18:06:01,710 [repositories/kiln] Class org.apache.xerces.parsers.SAXParser not found
[INFO ] 2020-05-04 18:06:01,726 [repositories/kiln] POST data to repository
[INFO ] 2020-05-04 18:06:01,726 [repositories/kiln] no base URI specified, using dummy 'foo:bar'
[WARN ] 2020-05-04 18:06:01,726 [repositories/kiln] Class org.apache.xerces.parsers.SAXParser not found
[INFO ] 2020-05-04 18:06:01,726 [repositories/kiln] POST transaction to repository
[WARN ] 2020-05-04 18:06:01,726 [repositories/kiln] Class org.apache.xerces.parsers.SAXParser not found
[INFO ] 2020-05-04 18:06:01,741 [repositories/kiln] POST data to repository
[INFO ] 2020-05-04 18:06:01,741 [repositories/kiln] no base URI specified, using dummy 'foo:bar'
[WARN ] 2020-05-04 18:06:01,741 [repositories/kiln] Class org.apache.xerces.parsers.SAXParser not found
[INFO ] 2020-05-04 18:06:01,757 [repositories/kiln] POST transaction to repository
[WARN ] 2020-05-04 18:06:01,757 [repositories/kiln] Class org.apache.xerces.parsers.SAXParser not found
[INFO ] 2020-05-04 18:06:01,773 [repositories/kiln] POST data to repository
[INFO ] 2020-05-04 18:06:01,773 [repositories/kiln] no base URI specified, using dummy 'foo:bar'
[WARN ] 2020-05-04 18:06:01,773 [repositories/kiln] Class org.apache.xerces.parsers.SAXParser not found
[INFO ] 2020-05-04 18:06:01,773 [repositories/kiln] POST transaction to repository
[WARN ] 2020-05-04 18:06:01,788 [repositories/kiln] Class org.apache.xerces.parsers.SAXParser not found
[INFO ] 2020-05-04 18:06:01,788 [repositories/kiln] POST data to repository
[INFO ] 2020-05-04 18:06:01,788 [repositories/kiln] no base URI specified, using dummy 'foo:bar'
[WARN ] 2020-05-04 18:06:01,788 [repositories/kiln] Class org.apache.xerces.parsers.SAXParser not found
[INFO ] 2020-05-04 18:06:01,804 [repositories/kiln] POST transaction to repository
[WARN ] 2020-05-04 18:06:01,804 [repositories/kiln] Class org.apache.xerces.parsers.SAXParser not found
[INFO ] 2020-05-04 18:06:01,820 [repositories/kiln] POST data to repository
[INFO ] 2020-05-04 18:06:01,820 [repositories/kiln] no base URI specified, using dummy 'foo:bar'
[WARN ] 2020-05-04 18:06:01,820 [repositories/kiln] Class org.apache.xerces.parsers.SAXParser not found
[INFO ] 2020-05-04 18:06:01,835 [repositories/kiln] POST transaction to repository
[WARN ] 2020-05-04 18:06:01,835 [repositories/kiln] Class org.apache.xerces.parsers.SAXParser not found
[INFO ] 2020-05-04 18:06:01,835 [repositories/kiln] POST data to repository
[INFO ] 2020-05-04 18:06:01,835 [repositories/kiln] no base URI specified, using dummy 'foo:bar'
[WARN ] 2020-05-04 18:06:01,835 [repositories/kiln] Class org.apache.xerces.parsers.SAXParser not found
[INFO ] 2020-05-04 18:06:01,851 [repositories/kiln] POST transaction to repository
[WARN ] 2020-05-04 18:06:01,851 [repositories/kiln] Class org.apache.xerces.parsers.SAXParser not found
[INFO ] 2020-05-04 18:06:01,866 [repositories/kiln] POST data to repository
[INFO ] 2020-05-04 18:06:01,866 [repositories/kiln] no base URI specified, using dummy 'foo:bar'
[WARN ] 2020-05-04 18:06:01,866 [repositories/kiln] Class org.apache.xerces.parsers.SAXParser not found
[INFO ] 2020-05-04 18:06:01,882 [repositories/kiln] POST transaction to repository
[WARN ] 2020-05-04 18:06:01,882 [repositories/kiln] Class org.apache.xerces.parsers.SAXParser not found
[INFO ] 2020-05-04 18:06:01,882 [repositories/kiln] POST data to repository
[INFO ] 2020-05-04 18:06:01,882 [repositories/kiln] no base URI specified, using dummy 'foo:bar'
[WARN ] 2020-05-04 18:06:01,898 [repositories/kiln] Class org.apache.xerces.parsers.SAXParser not found
[INFO ] 2020-05-04 18:06:01,913 [repositories/kiln] POST transaction to repository
[WARN ] 2020-05-04 18:06:01,913 [repositories/kiln] Class org.apache.xerces.parsers.SAXParser not found
[INFO ] 2020-05-04 18:06:01,913 [repositories/kiln] POST data to repository
[INFO ] 2020-05-04 18:06:01,913 [repositories/kiln] no base URI specified, using dummy 'foo:bar'
[WARN ] 2020-05-04 18:06:01,913 [repositories/kiln] Class org.apache.xerces.parsers.SAXParser not found
[INFO ] 2020-05-04 18:06:01,929 [repositories/kiln] POST transaction to repository
[WARN ] 2020-05-04 18:06:01,929 [repositories/kiln] Class org.apache.xerces.parsers.SAXParser not found
[INFO ] 2020-05-04 18:06:02,288 [repositories/kiln] POST data to repository
[INFO ] 2020-05-04 18:06:02,288 [repositories/kiln] no base URI specified, using dummy 'foo:bar'
[WARN ] 2020-05-04 18:06:02,288 [repositories/kiln] Class org.apache.xerces.parsers.SAXParser not found
[INFO ] 2020-05-04 18:06:09,395 [repositories/kiln] POST query -1227659729
[INFO ] 2020-05-04 18:06:09,457 [repositories/kiln] Request for query -1227659729 is finished
[INFO ] 2020-05-04 18:26:17,680 [repositories/kiln] POST query -1227659729
[INFO ] 2020-05-04 18:26:17,774 [repositories/kiln] Request for query -1227659729 is finished
[INFO ] 2020-05-04 18:26:22,301 [repositories/kiln] POST query -1227659729
[INFO ] 2020-05-04 18:26:22,333 [repositories/kiln] Request for query -1227659729 is finished
[INFO ] 2020-05-04 18:26:36,051 [repositories/kiln] POST query -1227659729
[INFO ] 2020-05-04 18:26:36,082 [repositories/kiln] Request for query -1227659729 is finished
[INFO ] 2020-05-04 18:28:42,042 [repositories/kiln] POST query -1227659729
[INFO ] 2020-05-04 18:28:42,073 [repositories/kiln] Request for query -1227659729 is finished
[INFO ] 2020-05-04 18:29:21,079 [repositories/kiln] POST query -1227659729
[INFO ] 2020-05-04 18:29:21,141 [repositories/kiln] Request for query -1227659729 is finished
[INFO ] 2020-05-04 18:29:26,186 [repositories/kiln] POST query -1227659729
[INFO ] 2020-05-04 18:29:26,233 [repositories/kiln] Request for query -1227659729 is finished
