[INFO ] 2019-05-23 15:14:32,387 [main] Logback logging API implementation is configured.
[WARN ] 2019-05-23 15:14:32,652 [main] Removing invalid lock 6104@DESKTOP-6MSIDIV
[INFO ] 2019-05-23 15:14:33,011 [main] FrameworkServlet 'openrdf-http-server': initialization completed in 1232 ms
[WARN ] 2019-05-23 15:20:04,007 [repositories/kiln] Removing invalid lock 2464@DESKTOP-6MSIDIV
[INFO ] 2019-05-23 15:20:04,225 [repositories/kiln] POST query -1227659729
[INFO ] 2019-05-23 15:20:04,537 [repositories/kiln] Request for query -1227659729 is finished
[INFO ] 2019-05-23 15:48:27,584 [repositories/kiln] POST query -1227659729
[INFO ] 2019-05-23 15:48:27,818 [repositories/kiln] Request for query -1227659729 is finished
[INFO ] 2019-05-23 15:48:51,749 [repositories/kiln] POST query -1227659729
[INFO ] 2019-05-23 15:48:51,827 [repositories/kiln] Request for query -1227659729 is finished
[INFO ] 2019-05-23 15:50:16,354 [repositories/kiln] POST query -1227659729
[INFO ] 2019-05-23 15:50:16,432 [repositories/kiln] Request for query -1227659729 is finished
[INFO ] 2019-05-23 15:50:46,370 [repositories/kiln] POST query -1227659729
[INFO ] 2019-05-23 15:50:46,432 [repositories/kiln] Request for query -1227659729 is finished
[INFO ] 2019-05-23 15:51:22,098 [repositories/kiln] POST query -1227659729
[INFO ] 2019-05-23 15:51:22,129 [repositories/kiln] Request for query -1227659729 is finished
[INFO ] 2019-05-23 15:51:43,175 [repositories/kiln] POST query -1227659729
[INFO ] 2019-05-23 15:51:43,253 [repositories/kiln] Request for query -1227659729 is finished
[INFO ] 2019-05-23 15:51:48,089 [repositories/kiln] POST query -1227659729
[INFO ] 2019-05-23 15:51:48,136 [repositories/kiln] Request for query -1227659729 is finished
[INFO ] 2019-05-23 15:51:49,507 [repositories/kiln] POST query -1227659729
[INFO ] 2019-05-23 15:51:49,561 [repositories/kiln] Request for query -1227659729 is finished
[INFO ] 2019-05-23 15:51:53,105 [repositories/kiln] POST query -1227659729
[INFO ] 2019-05-23 15:51:53,163 [repositories/kiln] Request for query -1227659729 is finished
[INFO ] 2019-05-23 15:51:56,849 [repositories/kiln] POST query -1227659729
[INFO ] 2019-05-23 15:51:56,865 [repositories/kiln] Request for query -1227659729 is finished
