[INFO ] 2019-02-03 14:07:26,230 [main] Logback logging API implementation is configured.
[WARN ] 2019-02-03 14:07:26,792 [main] Removing invalid lock 5440@DESKTOP-6MSIDIV
[INFO ] 2019-02-03 14:07:27,230 [main] FrameworkServlet 'openrdf-http-server': initialization completed in 1783 ms
[WARN ] 2019-02-03 14:38:20,982 [repositories/kiln] Removing invalid lock 7668@User-PC
[INFO ] 2019-02-03 14:38:21,216 [repositories/kiln] POST query -1227659729
[INFO ] 2019-02-03 14:38:21,638 [repositories/kiln] Request for query -1227659729 is finished
[INFO ] 2019-02-03 15:06:18,808 [repositories/kiln] POST query -1227659729
[INFO ] 2019-02-03 15:06:18,970 [repositories/kiln] Request for query -1227659729 is finished
[INFO ] 2019-02-03 15:07:58,265 [repositories/kiln] POST query -1227659729
[INFO ] 2019-02-03 15:07:58,411 [repositories/kiln] Request for query -1227659729 is finished
[INFO ] 2019-02-03 15:08:02,413 [repositories/kiln] POST query -1227659729
[INFO ] 2019-02-03 15:08:02,491 [repositories/kiln] Request for query -1227659729 is finished
[INFO ] 2019-02-03 15:08:13,943 [repositories/kiln] POST query -1227659729
[INFO ] 2019-02-03 15:08:13,990 [repositories/kiln] Request for query -1227659729 is finished
[INFO ] 2019-02-03 15:08:21,655 [repositories/kiln] POST query -1227659729
[INFO ] 2019-02-03 15:08:21,736 [repositories/kiln] Request for query -1227659729 is finished
[INFO ] 2019-02-03 15:08:25,815 [repositories/kiln] POST query -1227659729
[INFO ] 2019-02-03 15:08:25,877 [repositories/kiln] Request for query -1227659729 is finished
[INFO ] 2019-02-03 15:08:29,981 [repositories/kiln] POST query -1227659729
[INFO ] 2019-02-03 15:08:30,043 [repositories/kiln] Request for query -1227659729 is finished
[INFO ] 2019-02-03 15:10:21,195 [repositories/kiln] POST query -1227659729
[INFO ] 2019-02-03 15:10:21,236 [repositories/kiln] Request for query -1227659729 is finished
[INFO ] 2019-02-03 15:11:30,075 [repositories/kiln] POST query -1227659729
[INFO ] 2019-02-03 15:11:30,153 [repositories/kiln] Request for query -1227659729 is finished
[INFO ] 2019-02-03 15:16:06,375 [repositories/kiln] POST query -1227659729
[INFO ] 2019-02-03 15:16:06,406 [repositories/kiln] Request for query -1227659729 is finished
[INFO ] 2019-02-03 15:16:20,515 [repositories/kiln] POST query -1227659729
[INFO ] 2019-02-03 15:16:20,578 [repositories/kiln] Request for query -1227659729 is finished
[INFO ] 2019-02-03 15:20:06,884 [repositories/kiln] POST query -1227659729
[INFO ] 2019-02-03 15:20:06,947 [repositories/kiln] Request for query -1227659729 is finished
[INFO ] 2019-02-03 15:22:02,184 [repositories/kiln] POST query -1227659729
[INFO ] 2019-02-03 15:22:02,218 [repositories/kiln] Request for query -1227659729 is finished
[INFO ] 2019-02-03 15:22:07,817 [repositories/kiln] POST query -1227659729
[INFO ] 2019-02-03 15:22:07,869 [repositories/kiln] Request for query -1227659729 is finished
[INFO ] 2019-02-03 15:23:51,608 [repositories/kiln] POST query -1227659729
[INFO ] 2019-02-03 15:23:51,644 [repositories/kiln] Request for query -1227659729 is finished
[INFO ] 2019-02-03 15:23:59,956 [repositories/kiln] POST query -1227659729
[INFO ] 2019-02-03 15:24:00,003 [repositories/kiln] Request for query -1227659729 is finished
[INFO ] 2019-02-03 15:24:05,947 [repositories/kiln] POST query -1227659729
[INFO ] 2019-02-03 15:24:05,969 [repositories/kiln] Request for query -1227659729 is finished
[INFO ] 2019-02-03 15:25:51,563 [repositories/kiln] POST query -1227659729
[INFO ] 2019-02-03 15:25:51,610 [repositories/kiln] Request for query -1227659729 is finished
[INFO ] 2019-02-03 15:26:31,845 [repositories/kiln] POST query -1227659729
[INFO ] 2019-02-03 15:26:31,867 [repositories/kiln] Request for query -1227659729 is finished
[INFO ] 2019-02-03 15:27:20,265 [repositories/kiln] POST query -1227659729
[INFO ] 2019-02-03 15:27:20,318 [repositories/kiln] Request for query -1227659729 is finished
[INFO ] 2019-02-03 15:27:28,449 [repositories/kiln] POST query -1227659729
[INFO ] 2019-02-03 15:27:28,498 [repositories/kiln] Request for query -1227659729 is finished
[INFO ] 2019-02-03 15:27:34,093 [repositories/kiln] POST query -1227659729
[INFO ] 2019-02-03 15:27:34,132 [repositories/kiln] Request for query -1227659729 is finished
[INFO ] 2019-02-03 15:27:45,167 [repositories/kiln] POST query -1227659729
[INFO ] 2019-02-03 15:27:45,214 [repositories/kiln] Request for query -1227659729 is finished
[INFO ] 2019-02-03 15:27:54,534 [repositories/kiln] POST query -1227659729
[INFO ] 2019-02-03 15:27:54,565 [repositories/kiln] Request for query -1227659729 is finished
[INFO ] 2019-02-03 15:28:16,437 [repositories/kiln] POST transaction to repository
[WARN ] 2019-02-03 15:28:16,687 [repositories/kiln] Class org.apache.xerces.parsers.SAXParser not found
[INFO ] 2019-02-03 15:28:17,874 [repositories/kiln] POST data to repository
[INFO ] 2019-02-03 15:28:17,936 [repositories/kiln] no base URI specified, using dummy 'foo:bar'
[WARN ] 2019-02-03 15:28:17,983 [repositories/kiln] Class org.apache.xerces.parsers.SAXParser not found
[INFO ] 2019-02-03 15:28:18,343 [repositories/kiln] POST transaction to repository
[WARN ] 2019-02-03 15:28:18,343 [repositories/kiln] Class org.apache.xerces.parsers.SAXParser not found
[INFO ] 2019-02-03 15:28:18,827 [repositories/kiln] POST data to repository
[INFO ] 2019-02-03 15:28:18,827 [repositories/kiln] no base URI specified, using dummy 'foo:bar'
[WARN ] 2019-02-03 15:28:18,827 [repositories/kiln] Class org.apache.xerces.parsers.SAXParser not found
[INFO ] 2019-02-03 15:28:19,046 [repositories/kiln] POST transaction to repository
[WARN ] 2019-02-03 15:28:19,046 [repositories/kiln] Class org.apache.xerces.parsers.SAXParser not found
[INFO ] 2019-02-03 15:28:19,436 [repositories/kiln] POST data to repository
[INFO ] 2019-02-03 15:28:19,436 [repositories/kiln] no base URI specified, using dummy 'foo:bar'
[WARN ] 2019-02-03 15:28:19,436 [repositories/kiln] Class org.apache.xerces.parsers.SAXParser not found
[INFO ] 2019-02-03 15:28:19,686 [repositories/kiln] POST transaction to repository
[WARN ] 2019-02-03 15:28:19,686 [repositories/kiln] Class org.apache.xerces.parsers.SAXParser not found
[INFO ] 2019-02-03 15:28:20,077 [repositories/kiln] POST data to repository
[INFO ] 2019-02-03 15:28:20,077 [repositories/kiln] no base URI specified, using dummy 'foo:bar'
[WARN ] 2019-02-03 15:28:20,077 [repositories/kiln] Class org.apache.xerces.parsers.SAXParser not found
[INFO ] 2019-02-03 15:28:20,311 [repositories/kiln] POST transaction to repository
[WARN ] 2019-02-03 15:28:20,311 [repositories/kiln] Class org.apache.xerces.parsers.SAXParser not found
[INFO ] 2019-02-03 15:28:20,717 [repositories/kiln] POST data to repository
[INFO ] 2019-02-03 15:28:20,717 [repositories/kiln] no base URI specified, using dummy 'foo:bar'
[WARN ] 2019-02-03 15:28:20,717 [repositories/kiln] Class org.apache.xerces.parsers.SAXParser not found
[INFO ] 2019-02-03 15:28:20,920 [repositories/kiln] POST transaction to repository
[WARN ] 2019-02-03 15:28:20,920 [repositories/kiln] Class org.apache.xerces.parsers.SAXParser not found
[INFO ] 2019-02-03 15:28:21,342 [repositories/kiln] POST data to repository
[INFO ] 2019-02-03 15:28:21,342 [repositories/kiln] no base URI specified, using dummy 'foo:bar'
[WARN ] 2019-02-03 15:28:21,342 [repositories/kiln] Class org.apache.xerces.parsers.SAXParser not found
[INFO ] 2019-02-03 15:28:21,561 [repositories/kiln] POST transaction to repository
[WARN ] 2019-02-03 15:28:21,561 [repositories/kiln] Class org.apache.xerces.parsers.SAXParser not found
[INFO ] 2019-02-03 15:28:22,014 [repositories/kiln] POST data to repository
[INFO ] 2019-02-03 15:28:22,014 [repositories/kiln] no base URI specified, using dummy 'foo:bar'
[WARN ] 2019-02-03 15:28:22,014 [repositories/kiln] Class org.apache.xerces.parsers.SAXParser not found
[INFO ] 2019-02-03 15:28:22,217 [repositories/kiln] POST transaction to repository
[WARN ] 2019-02-03 15:28:22,217 [repositories/kiln] Class org.apache.xerces.parsers.SAXParser not found
[INFO ] 2019-02-03 15:28:22,654 [repositories/kiln] POST data to repository
[INFO ] 2019-02-03 15:28:22,654 [repositories/kiln] no base URI specified, using dummy 'foo:bar'
[WARN ] 2019-02-03 15:28:22,654 [repositories/kiln] Class org.apache.xerces.parsers.SAXParser not found
[INFO ] 2019-02-03 15:28:22,888 [repositories/kiln] POST transaction to repository
[WARN ] 2019-02-03 15:28:22,888 [repositories/kiln] Class org.apache.xerces.parsers.SAXParser not found
[INFO ] 2019-02-03 15:28:23,295 [repositories/kiln] POST data to repository
[INFO ] 2019-02-03 15:28:23,295 [repositories/kiln] no base URI specified, using dummy 'foo:bar'
[WARN ] 2019-02-03 15:28:23,295 [repositories/kiln] Class org.apache.xerces.parsers.SAXParser not found
[INFO ] 2019-02-03 15:28:23,482 [repositories/kiln] POST transaction to repository
[WARN ] 2019-02-03 15:28:23,482 [repositories/kiln] Class org.apache.xerces.parsers.SAXParser not found
[INFO ] 2019-02-03 15:28:23,888 [repositories/kiln] POST data to repository
[INFO ] 2019-02-03 15:28:23,888 [repositories/kiln] no base URI specified, using dummy 'foo:bar'
[WARN ] 2019-02-03 15:28:23,888 [repositories/kiln] Class org.apache.xerces.parsers.SAXParser not found
[INFO ] 2019-02-03 15:28:24,091 [repositories/kiln] POST transaction to repository
[WARN ] 2019-02-03 15:28:24,107 [repositories/kiln] Class org.apache.xerces.parsers.SAXParser not found
[INFO ] 2019-02-03 15:28:24,607 [repositories/kiln] POST data to repository
[INFO ] 2019-02-03 15:28:24,622 [repositories/kiln] no base URI specified, using dummy 'foo:bar'
[WARN ] 2019-02-03 15:28:24,622 [repositories/kiln] Class org.apache.xerces.parsers.SAXParser not found
[INFO ] 2019-02-03 15:28:24,810 [repositories/kiln] POST transaction to repository
[WARN ] 2019-02-03 15:28:24,810 [repositories/kiln] Class org.apache.xerces.parsers.SAXParser not found
[INFO ] 2019-02-03 15:28:25,185 [repositories/kiln] POST data to repository
[INFO ] 2019-02-03 15:28:25,185 [repositories/kiln] no base URI specified, using dummy 'foo:bar'
[WARN ] 2019-02-03 15:28:25,185 [repositories/kiln] Class org.apache.xerces.parsers.SAXParser not found
[INFO ] 2019-02-03 15:28:25,403 [repositories/kiln] POST transaction to repository
[WARN ] 2019-02-03 15:28:25,403 [repositories/kiln] Class org.apache.xerces.parsers.SAXParser not found
[INFO ] 2019-02-03 15:28:25,732 [repositories/kiln] POST data to repository
[INFO ] 2019-02-03 15:28:25,732 [repositories/kiln] no base URI specified, using dummy 'foo:bar'
[WARN ] 2019-02-03 15:28:25,732 [repositories/kiln] Class org.apache.xerces.parsers.SAXParser not found
[INFO ] 2019-02-03 15:28:25,966 [repositories/kiln] POST transaction to repository
[WARN ] 2019-02-03 15:28:25,966 [repositories/kiln] Class org.apache.xerces.parsers.SAXParser not found
[INFO ] 2019-02-03 15:28:26,310 [repositories/kiln] POST data to repository
[INFO ] 2019-02-03 15:28:26,310 [repositories/kiln] no base URI specified, using dummy 'foo:bar'
[WARN ] 2019-02-03 15:28:26,310 [repositories/kiln] Class org.apache.xerces.parsers.SAXParser not found
[INFO ] 2019-02-03 15:28:26,513 [repositories/kiln] POST transaction to repository
[WARN ] 2019-02-03 15:28:26,513 [repositories/kiln] Class org.apache.xerces.parsers.SAXParser not found
[INFO ] 2019-02-03 15:28:26,966 [repositories/kiln] POST data to repository
[INFO ] 2019-02-03 15:28:26,966 [repositories/kiln] no base URI specified, using dummy 'foo:bar'
[WARN ] 2019-02-03 15:28:26,966 [repositories/kiln] Class org.apache.xerces.parsers.SAXParser not found
[INFO ] 2019-02-03 15:28:27,153 [repositories/kiln] POST transaction to repository
[WARN ] 2019-02-03 15:28:27,153 [repositories/kiln] Class org.apache.xerces.parsers.SAXParser not found
[INFO ] 2019-02-03 15:28:27,528 [repositories/kiln] POST data to repository
[INFO ] 2019-02-03 15:28:27,528 [repositories/kiln] no base URI specified, using dummy 'foo:bar'
[WARN ] 2019-02-03 15:28:27,528 [repositories/kiln] Class org.apache.xerces.parsers.SAXParser not found
[INFO ] 2019-02-03 15:28:27,715 [repositories/kiln] POST transaction to repository
[WARN ] 2019-02-03 15:28:27,731 [repositories/kiln] Class org.apache.xerces.parsers.SAXParser not found
[INFO ] 2019-02-03 15:28:28,215 [repositories/kiln] POST data to repository
[INFO ] 2019-02-03 15:28:28,215 [repositories/kiln] no base URI specified, using dummy 'foo:bar'
[WARN ] 2019-02-03 15:28:28,215 [repositories/kiln] Class org.apache.xerces.parsers.SAXParser not found
[INFO ] 2019-02-03 15:28:28,434 [repositories/kiln] POST transaction to repository
[WARN ] 2019-02-03 15:28:28,434 [repositories/kiln] Class org.apache.xerces.parsers.SAXParser not found
[INFO ] 2019-02-03 15:28:28,903 [repositories/kiln] POST data to repository
[INFO ] 2019-02-03 15:28:28,903 [repositories/kiln] no base URI specified, using dummy 'foo:bar'
[WARN ] 2019-02-03 15:28:28,903 [repositories/kiln] Class org.apache.xerces.parsers.SAXParser not found
[INFO ] 2019-02-03 15:28:29,090 [repositories/kiln] POST transaction to repository
[WARN ] 2019-02-03 15:28:29,090 [repositories/kiln] Class org.apache.xerces.parsers.SAXParser not found
[INFO ] 2019-02-03 15:28:29,528 [repositories/kiln] POST data to repository
[INFO ] 2019-02-03 15:28:29,528 [repositories/kiln] no base URI specified, using dummy 'foo:bar'
[WARN ] 2019-02-03 15:28:29,528 [repositories/kiln] Class org.apache.xerces.parsers.SAXParser not found
[INFO ] 2019-02-03 15:28:29,762 [repositories/kiln] POST transaction to repository
[WARN ] 2019-02-03 15:28:29,762 [repositories/kiln] Class org.apache.xerces.parsers.SAXParser not found
[INFO ] 2019-02-03 15:28:30,106 [repositories/kiln] POST data to repository
[INFO ] 2019-02-03 15:28:30,106 [repositories/kiln] no base URI specified, using dummy 'foo:bar'
[WARN ] 2019-02-03 15:28:30,106 [repositories/kiln] Class org.apache.xerces.parsers.SAXParser not found
[INFO ] 2019-02-03 15:28:30,324 [repositories/kiln] POST transaction to repository
[WARN ] 2019-02-03 15:28:30,324 [repositories/kiln] Class org.apache.xerces.parsers.SAXParser not found
[INFO ] 2019-02-03 15:28:30,652 [repositories/kiln] POST data to repository
[INFO ] 2019-02-03 15:28:30,652 [repositories/kiln] no base URI specified, using dummy 'foo:bar'
[WARN ] 2019-02-03 15:28:30,652 [repositories/kiln] Class org.apache.xerces.parsers.SAXParser not found
[INFO ] 2019-02-03 15:28:30,871 [repositories/kiln] POST transaction to repository
[WARN ] 2019-02-03 15:28:30,871 [repositories/kiln] Class org.apache.xerces.parsers.SAXParser not found
[INFO ] 2019-02-03 15:28:31,246 [repositories/kiln] POST data to repository
[INFO ] 2019-02-03 15:28:31,246 [repositories/kiln] no base URI specified, using dummy 'foo:bar'
[WARN ] 2019-02-03 15:28:31,246 [repositories/kiln] Class org.apache.xerces.parsers.SAXParser not found
[INFO ] 2019-02-03 15:28:31,433 [repositories/kiln] POST transaction to repository
[WARN ] 2019-02-03 15:28:31,433 [repositories/kiln] Class org.apache.xerces.parsers.SAXParser not found
[INFO ] 2019-02-03 15:28:31,558 [repositories/kiln] POST data to repository
[INFO ] 2019-02-03 15:28:31,558 [repositories/kiln] no base URI specified, using dummy 'foo:bar'
[WARN ] 2019-02-03 15:28:31,558 [repositories/kiln] Class org.apache.xerces.parsers.SAXParser not found
[ERROR] 2019-02-03 15:28:32,105 [repositories/kiln] [Rio fatal] Fin prématurée du fichier. (1, 39)
[INFO ] 2019-02-03 15:28:32,105 [repositories/kiln] Client sent bad request (400): MALFORMED DATA: Fin prématurée du fichier. [line 1, column 39]
[INFO ] 2019-02-03 15:28:32,121 [repositories/kiln] POST transaction to repository
[WARN ] 2019-02-03 15:28:32,246 [repositories/kiln] Class org.apache.xerces.parsers.SAXParser not found
[WARN ] 2019-02-03 15:28:32,324 [repositories/kiln] Rolling back transaction due to connection close
java.lang.Throwable: null
	at org.openrdf.sail.helpers.SailConnectionBase.close(SailConnectionBase.java:240)
	at org.openrdf.sail.helpers.SailConnectionWrapper.close(SailConnectionWrapper.java:88)
	at org.openrdf.sail.helpers.SailConnectionWrapper.close(SailConnectionWrapper.java:88)
	at org.openrdf.repository.sail.SailRepositoryConnection.close(SailRepositoryConnection.java:129)
	at org.openrdf.http.server.repository.RepositoryInterceptor.cleanUpResources(RepositoryInterceptor.java:150)
	at org.openrdf.http.server.ServerInterceptor.afterCompletion(ServerInterceptor.java:55)
	at org.openrdf.http.server.ServerInterceptor$$FastClassByCGLIB$$966e62ef.invoke(<generated>)
	at net.sf.cglib.proxy.MethodProxy.invoke(MethodProxy.java:191)
	at org.springframework.aop.framework.Cglib2AopProxy$CglibMethodInvocation.invokeJoinpoint(Cglib2AopProxy.java:700)
	at org.springframework.aop.framework.ReflectiveMethodInvocation.proceed(ReflectiveMethodInvocation.java:149)
	at org.springframework.aop.support.DelegatingIntroductionInterceptor.doProceed(DelegatingIntroductionInterceptor.java:131)
	at org.springframework.aop.support.DelegatingIntroductionInterceptor.invoke(DelegatingIntroductionInterceptor.java:119)
	at org.springframework.aop.framework.ReflectiveMethodInvocation.proceed(ReflectiveMethodInvocation.java:171)
	at org.springframework.aop.framework.Cglib2AopProxy$DynamicAdvisedInterceptor.intercept(Cglib2AopProxy.java:635)
	at org.openrdf.http.server.repository.RepositoryInterceptor$$EnhancerByCGLIB$$41dab463.afterCompletion(<generated>)
	at org.springframework.web.servlet.DispatcherServlet.triggerAfterCompletion(DispatcherServlet.java:1244)
	at org.springframework.web.servlet.DispatcherServlet.doDispatch(DispatcherServlet.java:915)
	at org.springframework.web.servlet.DispatcherServlet.doService(DispatcherServlet.java:807)
	at org.springframework.web.servlet.FrameworkServlet.processRequest(FrameworkServlet.java:571)
	at org.springframework.web.servlet.FrameworkServlet.doPost(FrameworkServlet.java:511)
	at javax.servlet.http.HttpServlet.service(HttpServlet.java:755)
	at javax.servlet.http.HttpServlet.service(HttpServlet.java:848)
	at org.eclipse.jetty.servlet.ServletHolder.handle(ServletHolder.java:698)
	at org.eclipse.jetty.servlet.ServletHandler.doHandle(ServletHandler.java:505)
	at org.eclipse.jetty.server.handler.ScopedHandler.handle(ScopedHandler.java:138)
	at org.eclipse.jetty.security.SecurityHandler.handle(SecurityHandler.java:564)
	at org.eclipse.jetty.server.session.SessionHandler.doHandle(SessionHandler.java:213)
	at org.eclipse.jetty.server.handler.ContextHandler.doHandle(ContextHandler.java:1094)
	at org.eclipse.jetty.servlet.ServletHandler.doScope(ServletHandler.java:432)
	at org.eclipse.jetty.server.session.SessionHandler.doScope(SessionHandler.java:175)
	at org.eclipse.jetty.server.handler.ContextHandler.doScope(ContextHandler.java:1028)
	at org.eclipse.jetty.server.handler.ScopedHandler.handle(ScopedHandler.java:136)
	at org.eclipse.jetty.server.handler.ContextHandlerCollection.handle(ContextHandlerCollection.java:258)
	at org.eclipse.jetty.server.handler.HandlerCollection.handle(HandlerCollection.java:109)
	at org.eclipse.jetty.server.handler.HandlerWrapper.handle(HandlerWrapper.java:97)
	at org.eclipse.jetty.server.Server.handle(Server.java:445)
	at org.eclipse.jetty.server.HttpChannel.handle(HttpChannel.java:267)
	at org.eclipse.jetty.server.HttpConnection.onFillable(HttpConnection.java:224)
	at org.eclipse.jetty.io.AbstractConnection$ReadCallback.run(AbstractConnection.java:358)
	at org.eclipse.jetty.util.thread.QueuedThreadPool.runJob(QueuedThreadPool.java:601)
	at org.eclipse.jetty.util.thread.QueuedThreadPool$3.run(QueuedThreadPool.java:532)
	at java.lang.Thread.run(Unknown Source)
[INFO ] 2019-02-03 15:28:32,636 [repositories/kiln] POST data to repository
[INFO ] 2019-02-03 15:28:32,636 [repositories/kiln] no base URI specified, using dummy 'foo:bar'
[WARN ] 2019-02-03 15:28:32,636 [repositories/kiln] Class org.apache.xerces.parsers.SAXParser not found
[INFO ] 2019-02-03 15:28:32,839 [repositories/kiln] POST transaction to repository
[WARN ] 2019-02-03 15:28:32,839 [repositories/kiln] Class org.apache.xerces.parsers.SAXParser not found
[INFO ] 2019-02-03 15:28:33,183 [repositories/kiln] POST data to repository
[INFO ] 2019-02-03 15:28:33,183 [repositories/kiln] no base URI specified, using dummy 'foo:bar'
[WARN ] 2019-02-03 15:28:33,183 [repositories/kiln] Class org.apache.xerces.parsers.SAXParser not found
[INFO ] 2019-02-03 15:28:33,386 [repositories/kiln] POST transaction to repository
[WARN ] 2019-02-03 15:28:33,386 [repositories/kiln] Class org.apache.xerces.parsers.SAXParser not found
[INFO ] 2019-02-03 15:28:33,745 [repositories/kiln] POST data to repository
[INFO ] 2019-02-03 15:28:33,745 [repositories/kiln] no base URI specified, using dummy 'foo:bar'
[WARN ] 2019-02-03 15:28:33,745 [repositories/kiln] Class org.apache.xerces.parsers.SAXParser not found
[INFO ] 2019-02-03 15:28:33,948 [repositories/kiln] POST transaction to repository
[WARN ] 2019-02-03 15:28:33,948 [repositories/kiln] Class org.apache.xerces.parsers.SAXParser not found
[INFO ] 2019-02-03 15:28:34,276 [repositories/kiln] POST data to repository
[INFO ] 2019-02-03 15:28:34,276 [repositories/kiln] no base URI specified, using dummy 'foo:bar'
[WARN ] 2019-02-03 15:28:34,276 [repositories/kiln] Class org.apache.xerces.parsers.SAXParser not found
[INFO ] 2019-02-03 15:28:34,542 [repositories/kiln] POST transaction to repository
[WARN ] 2019-02-03 15:28:34,542 [repositories/kiln] Class org.apache.xerces.parsers.SAXParser not found
[INFO ] 2019-02-03 15:28:35,214 [repositories/kiln] POST data to repository
[INFO ] 2019-02-03 15:28:35,214 [repositories/kiln] no base URI specified, using dummy 'foo:bar'
[WARN ] 2019-02-03 15:28:35,214 [repositories/kiln] Class org.apache.xerces.parsers.SAXParser not found
[INFO ] 2019-02-03 15:28:35,401 [repositories/kiln] POST transaction to repository
[WARN ] 2019-02-03 15:28:35,401 [repositories/kiln] Class org.apache.xerces.parsers.SAXParser not found
[INFO ] 2019-02-03 15:28:35,792 [repositories/kiln] POST data to repository
[INFO ] 2019-02-03 15:28:35,792 [repositories/kiln] no base URI specified, using dummy 'foo:bar'
[WARN ] 2019-02-03 15:28:35,792 [repositories/kiln] Class org.apache.xerces.parsers.SAXParser not found
[INFO ] 2019-02-03 15:28:35,995 [repositories/kiln] POST transaction to repository
[WARN ] 2019-02-03 15:28:35,995 [repositories/kiln] Class org.apache.xerces.parsers.SAXParser not found
[INFO ] 2019-02-03 15:28:36,338 [repositories/kiln] POST data to repository
[INFO ] 2019-02-03 15:28:36,338 [repositories/kiln] no base URI specified, using dummy 'foo:bar'
[WARN ] 2019-02-03 15:28:36,338 [repositories/kiln] Class org.apache.xerces.parsers.SAXParser not found
[INFO ] 2019-02-03 15:28:36,557 [repositories/kiln] POST transaction to repository
[WARN ] 2019-02-03 15:28:36,557 [repositories/kiln] Class org.apache.xerces.parsers.SAXParser not found
[INFO ] 2019-02-03 15:28:36,916 [repositories/kiln] POST data to repository
[INFO ] 2019-02-03 15:28:36,916 [repositories/kiln] no base URI specified, using dummy 'foo:bar'
[WARN ] 2019-02-03 15:28:36,916 [repositories/kiln] Class org.apache.xerces.parsers.SAXParser not found
[INFO ] 2019-02-03 15:28:37,119 [repositories/kiln] POST transaction to repository
[WARN ] 2019-02-03 15:28:37,119 [repositories/kiln] Class org.apache.xerces.parsers.SAXParser not found
[INFO ] 2019-02-03 15:28:37,494 [repositories/kiln] POST data to repository
[INFO ] 2019-02-03 15:28:37,494 [repositories/kiln] no base URI specified, using dummy 'foo:bar'
[WARN ] 2019-02-03 15:28:37,494 [repositories/kiln] Class org.apache.xerces.parsers.SAXParser not found
[INFO ] 2019-02-03 15:28:37,682 [repositories/kiln] POST transaction to repository
[WARN ] 2019-02-03 15:28:37,682 [repositories/kiln] Class org.apache.xerces.parsers.SAXParser not found
[INFO ] 2019-02-03 15:28:38,010 [repositories/kiln] POST data to repository
[INFO ] 2019-02-03 15:28:38,010 [repositories/kiln] no base URI specified, using dummy 'foo:bar'
[WARN ] 2019-02-03 15:28:38,010 [repositories/kiln] Class org.apache.xerces.parsers.SAXParser not found
[INFO ] 2019-02-03 15:28:38,229 [repositories/kiln] POST transaction to repository
[WARN ] 2019-02-03 15:28:38,229 [repositories/kiln] Class org.apache.xerces.parsers.SAXParser not found
[INFO ] 2019-02-03 15:28:38,666 [repositories/kiln] POST data to repository
[INFO ] 2019-02-03 15:28:38,666 [repositories/kiln] no base URI specified, using dummy 'foo:bar'
[WARN ] 2019-02-03 15:28:38,666 [repositories/kiln] Class org.apache.xerces.parsers.SAXParser not found
[INFO ] 2019-02-03 15:28:39,088 [repositories/kiln] POST transaction to repository
[WARN ] 2019-02-03 15:28:39,088 [repositories/kiln] Class org.apache.xerces.parsers.SAXParser not found
[INFO ] 2019-02-03 15:28:39,510 [repositories/kiln] POST data to repository
[INFO ] 2019-02-03 15:28:39,510 [repositories/kiln] no base URI specified, using dummy 'foo:bar'
[WARN ] 2019-02-03 15:28:39,510 [repositories/kiln] Class org.apache.xerces.parsers.SAXParser not found
[INFO ] 2019-02-03 15:28:39,728 [repositories/kiln] POST transaction to repository
[WARN ] 2019-02-03 15:28:39,728 [repositories/kiln] Class org.apache.xerces.parsers.SAXParser not found
[INFO ] 2019-02-03 15:28:41,072 [repositories/kiln] POST data to repository
[INFO ] 2019-02-03 15:28:41,072 [repositories/kiln] no base URI specified, using dummy 'foo:bar'
[WARN ] 2019-02-03 15:28:41,072 [repositories/kiln] Class org.apache.xerces.parsers.SAXParser not found
[INFO ] 2019-02-03 15:28:41,306 [repositories/kiln] POST transaction to repository
[WARN ] 2019-02-03 15:28:41,322 [repositories/kiln] Class org.apache.xerces.parsers.SAXParser not found
[INFO ] 2019-02-03 15:28:41,322 [repositories/kiln] POST data to repository
[INFO ] 2019-02-03 15:28:41,322 [repositories/kiln] no base URI specified, using dummy 'foo:bar'
[WARN ] 2019-02-03 15:28:41,322 [repositories/kiln] Class org.apache.xerces.parsers.SAXParser not found
[INFO ] 2019-02-03 15:28:41,337 [repositories/kiln] POST transaction to repository
[WARN ] 2019-02-03 15:28:41,337 [repositories/kiln] Class org.apache.xerces.parsers.SAXParser not found
[INFO ] 2019-02-03 15:28:41,353 [repositories/kiln] POST data to repository
[INFO ] 2019-02-03 15:28:41,353 [repositories/kiln] no base URI specified, using dummy 'foo:bar'
[WARN ] 2019-02-03 15:28:41,368 [repositories/kiln] Class org.apache.xerces.parsers.SAXParser not found
[INFO ] 2019-02-03 15:28:41,384 [repositories/kiln] POST transaction to repository
[WARN ] 2019-02-03 15:28:41,384 [repositories/kiln] Class org.apache.xerces.parsers.SAXParser not found
[INFO ] 2019-02-03 15:28:41,400 [repositories/kiln] POST data to repository
[INFO ] 2019-02-03 15:28:41,400 [repositories/kiln] no base URI specified, using dummy 'foo:bar'
[WARN ] 2019-02-03 15:28:41,400 [repositories/kiln] Class org.apache.xerces.parsers.SAXParser not found
[INFO ] 2019-02-03 15:28:41,415 [repositories/kiln] POST transaction to repository
[WARN ] 2019-02-03 15:28:41,415 [repositories/kiln] Class org.apache.xerces.parsers.SAXParser not found
[INFO ] 2019-02-03 15:28:41,431 [repositories/kiln] POST data to repository
[INFO ] 2019-02-03 15:28:41,431 [repositories/kiln] no base URI specified, using dummy 'foo:bar'
[WARN ] 2019-02-03 15:28:41,431 [repositories/kiln] Class org.apache.xerces.parsers.SAXParser not found
[INFO ] 2019-02-03 15:28:41,447 [repositories/kiln] POST transaction to repository
[WARN ] 2019-02-03 15:28:41,447 [repositories/kiln] Class org.apache.xerces.parsers.SAXParser not found
[INFO ] 2019-02-03 15:28:41,462 [repositories/kiln] POST data to repository
[INFO ] 2019-02-03 15:28:41,462 [repositories/kiln] no base URI specified, using dummy 'foo:bar'
[WARN ] 2019-02-03 15:28:41,462 [repositories/kiln] Class org.apache.xerces.parsers.SAXParser not found
[INFO ] 2019-02-03 15:28:41,478 [repositories/kiln] POST transaction to repository
[WARN ] 2019-02-03 15:28:41,478 [repositories/kiln] Class org.apache.xerces.parsers.SAXParser not found
[INFO ] 2019-02-03 15:28:41,493 [repositories/kiln] POST data to repository
[INFO ] 2019-02-03 15:28:41,493 [repositories/kiln] no base URI specified, using dummy 'foo:bar'
[WARN ] 2019-02-03 15:28:41,493 [repositories/kiln] Class org.apache.xerces.parsers.SAXParser not found
[INFO ] 2019-02-03 15:28:41,509 [repositories/kiln] POST transaction to repository
[WARN ] 2019-02-03 15:28:41,509 [repositories/kiln] Class org.apache.xerces.parsers.SAXParser not found
[INFO ] 2019-02-03 15:28:41,525 [repositories/kiln] POST data to repository
[INFO ] 2019-02-03 15:28:41,525 [repositories/kiln] no base URI specified, using dummy 'foo:bar'
[WARN ] 2019-02-03 15:28:41,525 [repositories/kiln] Class org.apache.xerces.parsers.SAXParser not found
[INFO ] 2019-02-03 15:28:41,540 [repositories/kiln] POST transaction to repository
[WARN ] 2019-02-03 15:28:41,540 [repositories/kiln] Class org.apache.xerces.parsers.SAXParser not found
[INFO ] 2019-02-03 15:28:41,540 [repositories/kiln] POST data to repository
[INFO ] 2019-02-03 15:28:41,540 [repositories/kiln] no base URI specified, using dummy 'foo:bar'
[WARN ] 2019-02-03 15:28:41,556 [repositories/kiln] Class org.apache.xerces.parsers.SAXParser not found
[INFO ] 2019-02-03 15:28:41,556 [repositories/kiln] POST transaction to repository
[WARN ] 2019-02-03 15:28:41,556 [repositories/kiln] Class org.apache.xerces.parsers.SAXParser not found
[INFO ] 2019-02-03 15:28:41,572 [repositories/kiln] POST data to repository
[INFO ] 2019-02-03 15:28:41,572 [repositories/kiln] no base URI specified, using dummy 'foo:bar'
[WARN ] 2019-02-03 15:28:41,572 [repositories/kiln] Class org.apache.xerces.parsers.SAXParser not found
[INFO ] 2019-02-03 15:28:41,587 [repositories/kiln] POST transaction to repository
[WARN ] 2019-02-03 15:28:41,587 [repositories/kiln] Class org.apache.xerces.parsers.SAXParser not found
[INFO ] 2019-02-03 15:28:41,587 [repositories/kiln] POST data to repository
[INFO ] 2019-02-03 15:28:41,587 [repositories/kiln] no base URI specified, using dummy 'foo:bar'
[WARN ] 2019-02-03 15:28:41,603 [repositories/kiln] Class org.apache.xerces.parsers.SAXParser not found
[INFO ] 2019-02-03 15:28:41,603 [repositories/kiln] POST transaction to repository
[WARN ] 2019-02-03 15:28:41,603 [repositories/kiln] Class org.apache.xerces.parsers.SAXParser not found
[INFO ] 2019-02-03 15:28:41,618 [repositories/kiln] POST data to repository
[INFO ] 2019-02-03 15:28:41,618 [repositories/kiln] no base URI specified, using dummy 'foo:bar'
[WARN ] 2019-02-03 15:28:41,618 [repositories/kiln] Class org.apache.xerces.parsers.SAXParser not found
[INFO ] 2019-02-03 15:28:41,634 [repositories/kiln] POST transaction to repository
[WARN ] 2019-02-03 15:28:41,634 [repositories/kiln] Class org.apache.xerces.parsers.SAXParser not found
[INFO ] 2019-02-03 15:28:41,650 [repositories/kiln] POST data to repository
[INFO ] 2019-02-03 15:28:41,650 [repositories/kiln] no base URI specified, using dummy 'foo:bar'
[WARN ] 2019-02-03 15:28:41,650 [repositories/kiln] Class org.apache.xerces.parsers.SAXParser not found
[INFO ] 2019-02-03 15:28:41,665 [repositories/kiln] POST transaction to repository
[WARN ] 2019-02-03 15:28:41,665 [repositories/kiln] Class org.apache.xerces.parsers.SAXParser not found
[INFO ] 2019-02-03 15:28:41,681 [repositories/kiln] POST data to repository
[INFO ] 2019-02-03 15:28:41,681 [repositories/kiln] no base URI specified, using dummy 'foo:bar'
[WARN ] 2019-02-03 15:28:41,681 [repositories/kiln] Class org.apache.xerces.parsers.SAXParser not found
[INFO ] 2019-02-03 15:28:41,696 [repositories/kiln] POST transaction to repository
[WARN ] 2019-02-03 15:28:41,696 [repositories/kiln] Class org.apache.xerces.parsers.SAXParser not found
[INFO ] 2019-02-03 15:28:41,696 [repositories/kiln] POST data to repository
[INFO ] 2019-02-03 15:28:41,696 [repositories/kiln] no base URI specified, using dummy 'foo:bar'
[WARN ] 2019-02-03 15:28:41,696 [repositories/kiln] Class org.apache.xerces.parsers.SAXParser not found
[INFO ] 2019-02-03 15:28:41,712 [repositories/kiln] POST transaction to repository
[WARN ] 2019-02-03 15:28:41,712 [repositories/kiln] Class org.apache.xerces.parsers.SAXParser not found
[INFO ] 2019-02-03 15:28:41,728 [repositories/kiln] POST data to repository
[INFO ] 2019-02-03 15:28:41,728 [repositories/kiln] no base URI specified, using dummy 'foo:bar'
[WARN ] 2019-02-03 15:28:41,728 [repositories/kiln] Class org.apache.xerces.parsers.SAXParser not found
[INFO ] 2019-02-03 15:28:41,759 [repositories/kiln] POST transaction to repository
[WARN ] 2019-02-03 15:28:41,759 [repositories/kiln] Class org.apache.xerces.parsers.SAXParser not found
[INFO ] 2019-02-03 15:28:41,759 [repositories/kiln] POST data to repository
[INFO ] 2019-02-03 15:28:41,759 [repositories/kiln] no base URI specified, using dummy 'foo:bar'
[WARN ] 2019-02-03 15:28:41,775 [repositories/kiln] Class org.apache.xerces.parsers.SAXParser not found
[INFO ] 2019-02-03 15:28:41,775 [repositories/kiln] POST transaction to repository
[WARN ] 2019-02-03 15:28:41,775 [repositories/kiln] Class org.apache.xerces.parsers.SAXParser not found
[INFO ] 2019-02-03 15:28:41,790 [repositories/kiln] POST data to repository
[INFO ] 2019-02-03 15:28:41,790 [repositories/kiln] no base URI specified, using dummy 'foo:bar'
[WARN ] 2019-02-03 15:28:41,790 [repositories/kiln] Class org.apache.xerces.parsers.SAXParser not found
[INFO ] 2019-02-03 15:28:41,806 [repositories/kiln] POST transaction to repository
[WARN ] 2019-02-03 15:28:41,806 [repositories/kiln] Class org.apache.xerces.parsers.SAXParser not found
[INFO ] 2019-02-03 15:28:41,821 [repositories/kiln] POST data to repository
[INFO ] 2019-02-03 15:28:41,821 [repositories/kiln] no base URI specified, using dummy 'foo:bar'
[WARN ] 2019-02-03 15:28:41,821 [repositories/kiln] Class org.apache.xerces.parsers.SAXParser not found
[INFO ] 2019-02-03 15:28:41,837 [repositories/kiln] POST transaction to repository
[WARN ] 2019-02-03 15:28:41,837 [repositories/kiln] Class org.apache.xerces.parsers.SAXParser not found
[INFO ] 2019-02-03 15:28:41,837 [repositories/kiln] POST data to repository
[INFO ] 2019-02-03 15:28:41,837 [repositories/kiln] no base URI specified, using dummy 'foo:bar'
[WARN ] 2019-02-03 15:28:41,837 [repositories/kiln] Class org.apache.xerces.parsers.SAXParser not found
[INFO ] 2019-02-03 15:28:41,853 [repositories/kiln] POST transaction to repository
[WARN ] 2019-02-03 15:28:41,853 [repositories/kiln] Class org.apache.xerces.parsers.SAXParser not found
[INFO ] 2019-02-03 15:28:41,868 [repositories/kiln] POST data to repository
[INFO ] 2019-02-03 15:28:41,868 [repositories/kiln] no base URI specified, using dummy 'foo:bar'
[WARN ] 2019-02-03 15:28:41,868 [repositories/kiln] Class org.apache.xerces.parsers.SAXParser not found
[INFO ] 2019-02-03 15:28:41,884 [repositories/kiln] POST transaction to repository
[WARN ] 2019-02-03 15:28:41,884 [repositories/kiln] Class org.apache.xerces.parsers.SAXParser not found
[INFO ] 2019-02-03 15:28:41,900 [repositories/kiln] POST data to repository
[INFO ] 2019-02-03 15:28:41,900 [repositories/kiln] no base URI specified, using dummy 'foo:bar'
[WARN ] 2019-02-03 15:28:41,900 [repositories/kiln] Class org.apache.xerces.parsers.SAXParser not found
[INFO ] 2019-02-03 15:28:41,915 [repositories/kiln] POST transaction to repository
[WARN ] 2019-02-03 15:28:41,915 [repositories/kiln] Class org.apache.xerces.parsers.SAXParser not found
[INFO ] 2019-02-03 15:28:41,931 [repositories/kiln] POST data to repository
[INFO ] 2019-02-03 15:28:41,931 [repositories/kiln] no base URI specified, using dummy 'foo:bar'
[WARN ] 2019-02-03 15:28:41,931 [repositories/kiln] Class org.apache.xerces.parsers.SAXParser not found
[INFO ] 2019-02-03 15:28:41,946 [repositories/kiln] POST transaction to repository
[WARN ] 2019-02-03 15:28:41,946 [repositories/kiln] Class org.apache.xerces.parsers.SAXParser not found
[INFO ] 2019-02-03 15:28:41,962 [repositories/kiln] POST data to repository
[INFO ] 2019-02-03 15:28:41,962 [repositories/kiln] no base URI specified, using dummy 'foo:bar'
[WARN ] 2019-02-03 15:28:41,962 [repositories/kiln] Class org.apache.xerces.parsers.SAXParser not found
[INFO ] 2019-02-03 15:28:41,978 [repositories/kiln] POST transaction to repository
[WARN ] 2019-02-03 15:28:41,978 [repositories/kiln] Class org.apache.xerces.parsers.SAXParser not found
[INFO ] 2019-02-03 15:28:41,993 [repositories/kiln] POST data to repository
[INFO ] 2019-02-03 15:28:41,993 [repositories/kiln] no base URI specified, using dummy 'foo:bar'
[WARN ] 2019-02-03 15:28:41,993 [repositories/kiln] Class org.apache.xerces.parsers.SAXParser not found
[INFO ] 2019-02-03 15:28:42,009 [repositories/kiln] POST transaction to repository
[WARN ] 2019-02-03 15:28:42,009 [repositories/kiln] Class org.apache.xerces.parsers.SAXParser not found
[INFO ] 2019-02-03 15:28:42,025 [repositories/kiln] POST data to repository
[INFO ] 2019-02-03 15:28:42,025 [repositories/kiln] no base URI specified, using dummy 'foo:bar'
[WARN ] 2019-02-03 15:28:42,025 [repositories/kiln] Class org.apache.xerces.parsers.SAXParser not found
[INFO ] 2019-02-03 15:28:42,040 [repositories/kiln] POST transaction to repository
[WARN ] 2019-02-03 15:28:42,040 [repositories/kiln] Class org.apache.xerces.parsers.SAXParser not found
[INFO ] 2019-02-03 15:28:42,056 [repositories/kiln] POST data to repository
[INFO ] 2019-02-03 15:28:42,056 [repositories/kiln] no base URI specified, using dummy 'foo:bar'
[WARN ] 2019-02-03 15:28:42,056 [repositories/kiln] Class org.apache.xerces.parsers.SAXParser not found
[INFO ] 2019-02-03 15:28:42,071 [repositories/kiln] POST transaction to repository
[WARN ] 2019-02-03 15:28:42,071 [repositories/kiln] Class org.apache.xerces.parsers.SAXParser not found
[INFO ] 2019-02-03 15:28:42,087 [repositories/kiln] POST data to repository
[INFO ] 2019-02-03 15:28:42,087 [repositories/kiln] no base URI specified, using dummy 'foo:bar'
[WARN ] 2019-02-03 15:28:42,103 [repositories/kiln] Class org.apache.xerces.parsers.SAXParser not found
[INFO ] 2019-02-03 15:28:42,118 [repositories/kiln] POST transaction to repository
[WARN ] 2019-02-03 15:28:42,118 [repositories/kiln] Class org.apache.xerces.parsers.SAXParser not found
[INFO ] 2019-02-03 15:28:42,134 [repositories/kiln] POST data to repository
[INFO ] 2019-02-03 15:28:42,134 [repositories/kiln] no base URI specified, using dummy 'foo:bar'
[WARN ] 2019-02-03 15:28:42,134 [repositories/kiln] Class org.apache.xerces.parsers.SAXParser not found
[INFO ] 2019-02-03 15:28:42,150 [repositories/kiln] POST transaction to repository
[WARN ] 2019-02-03 15:28:42,150 [repositories/kiln] Class org.apache.xerces.parsers.SAXParser not found
[INFO ] 2019-02-03 15:28:42,181 [repositories/kiln] POST data to repository
[INFO ] 2019-02-03 15:28:42,181 [repositories/kiln] no base URI specified, using dummy 'foo:bar'
[WARN ] 2019-02-03 15:28:42,181 [repositories/kiln] Class org.apache.xerces.parsers.SAXParser not found
[INFO ] 2019-02-03 15:28:42,196 [repositories/kiln] POST transaction to repository
[WARN ] 2019-02-03 15:28:42,196 [repositories/kiln] Class org.apache.xerces.parsers.SAXParser not found
[INFO ] 2019-02-03 15:28:42,212 [repositories/kiln] POST data to repository
[INFO ] 2019-02-03 15:28:42,212 [repositories/kiln] no base URI specified, using dummy 'foo:bar'
[WARN ] 2019-02-03 15:28:42,212 [repositories/kiln] Class org.apache.xerces.parsers.SAXParser not found
[INFO ] 2019-02-03 15:28:42,228 [repositories/kiln] POST transaction to repository
[WARN ] 2019-02-03 15:28:42,228 [repositories/kiln] Class org.apache.xerces.parsers.SAXParser not found
[INFO ] 2019-02-03 15:28:42,243 [repositories/kiln] POST data to repository
[INFO ] 2019-02-03 15:28:42,243 [repositories/kiln] no base URI specified, using dummy 'foo:bar'
[WARN ] 2019-02-03 15:28:42,243 [repositories/kiln] Class org.apache.xerces.parsers.SAXParser not found
[INFO ] 2019-02-03 15:28:42,259 [repositories/kiln] POST transaction to repository
[WARN ] 2019-02-03 15:28:42,259 [repositories/kiln] Class org.apache.xerces.parsers.SAXParser not found
[INFO ] 2019-02-03 15:28:42,275 [repositories/kiln] POST data to repository
[INFO ] 2019-02-03 15:28:42,275 [repositories/kiln] no base URI specified, using dummy 'foo:bar'
[WARN ] 2019-02-03 15:28:42,275 [repositories/kiln] Class org.apache.xerces.parsers.SAXParser not found
[INFO ] 2019-02-03 15:28:42,290 [repositories/kiln] POST transaction to repository
[WARN ] 2019-02-03 15:28:42,290 [repositories/kiln] Class org.apache.xerces.parsers.SAXParser not found
[INFO ] 2019-02-03 15:28:42,290 [repositories/kiln] POST data to repository
[INFO ] 2019-02-03 15:28:42,290 [repositories/kiln] no base URI specified, using dummy 'foo:bar'
[WARN ] 2019-02-03 15:28:42,306 [repositories/kiln] Class org.apache.xerces.parsers.SAXParser not found
[INFO ] 2019-02-03 15:28:42,306 [repositories/kiln] POST transaction to repository
[WARN ] 2019-02-03 15:28:42,306 [repositories/kiln] Class org.apache.xerces.parsers.SAXParser not found
[INFO ] 2019-02-03 15:28:42,321 [repositories/kiln] POST data to repository
[INFO ] 2019-02-03 15:28:42,321 [repositories/kiln] no base URI specified, using dummy 'foo:bar'
[WARN ] 2019-02-03 15:28:42,321 [repositories/kiln] Class org.apache.xerces.parsers.SAXParser not found
[INFO ] 2019-02-03 15:28:42,337 [repositories/kiln] POST transaction to repository
[WARN ] 2019-02-03 15:28:42,337 [repositories/kiln] Class org.apache.xerces.parsers.SAXParser not found
[INFO ] 2019-02-03 15:28:42,337 [repositories/kiln] POST data to repository
[INFO ] 2019-02-03 15:28:42,337 [repositories/kiln] no base URI specified, using dummy 'foo:bar'
[WARN ] 2019-02-03 15:28:42,337 [repositories/kiln] Class org.apache.xerces.parsers.SAXParser not found
[INFO ] 2019-02-03 15:28:42,353 [repositories/kiln] POST transaction to repository
[WARN ] 2019-02-03 15:28:42,353 [repositories/kiln] Class org.apache.xerces.parsers.SAXParser not found
[INFO ] 2019-02-03 15:28:42,368 [repositories/kiln] POST data to repository
[INFO ] 2019-02-03 15:28:42,368 [repositories/kiln] no base URI specified, using dummy 'foo:bar'
[WARN ] 2019-02-03 15:28:42,368 [repositories/kiln] Class org.apache.xerces.parsers.SAXParser not found
[INFO ] 2019-02-03 15:28:42,384 [repositories/kiln] POST transaction to repository
[WARN ] 2019-02-03 15:28:42,384 [repositories/kiln] Class org.apache.xerces.parsers.SAXParser not found
[INFO ] 2019-02-03 15:28:42,399 [repositories/kiln] POST data to repository
[INFO ] 2019-02-03 15:28:42,399 [repositories/kiln] no base URI specified, using dummy 'foo:bar'
[WARN ] 2019-02-03 15:28:42,399 [repositories/kiln] Class org.apache.xerces.parsers.SAXParser not found
[INFO ] 2019-02-03 15:28:42,415 [repositories/kiln] POST transaction to repository
[WARN ] 2019-02-03 15:28:42,415 [repositories/kiln] Class org.apache.xerces.parsers.SAXParser not found
[INFO ] 2019-02-03 15:28:42,415 [repositories/kiln] POST data to repository
[INFO ] 2019-02-03 15:28:42,415 [repositories/kiln] no base URI specified, using dummy 'foo:bar'
[WARN ] 2019-02-03 15:28:42,415 [repositories/kiln] Class org.apache.xerces.parsers.SAXParser not found
[INFO ] 2019-02-03 15:28:42,431 [repositories/kiln] POST transaction to repository
[WARN ] 2019-02-03 15:28:42,431 [repositories/kiln] Class org.apache.xerces.parsers.SAXParser not found
[INFO ] 2019-02-03 15:28:42,446 [repositories/kiln] POST data to repository
[INFO ] 2019-02-03 15:28:42,446 [repositories/kiln] no base URI specified, using dummy 'foo:bar'
[WARN ] 2019-02-03 15:28:42,446 [repositories/kiln] Class org.apache.xerces.parsers.SAXParser not found
[INFO ] 2019-02-03 15:28:42,462 [repositories/kiln] POST transaction to repository
[WARN ] 2019-02-03 15:28:42,462 [repositories/kiln] Class org.apache.xerces.parsers.SAXParser not found
[INFO ] 2019-02-03 15:28:42,478 [repositories/kiln] POST data to repository
[INFO ] 2019-02-03 15:28:42,478 [repositories/kiln] no base URI specified, using dummy 'foo:bar'
[WARN ] 2019-02-03 15:28:42,478 [repositories/kiln] Class org.apache.xerces.parsers.SAXParser not found
[INFO ] 2019-02-03 15:28:42,493 [repositories/kiln] POST transaction to repository
[WARN ] 2019-02-03 15:28:42,493 [repositories/kiln] Class org.apache.xerces.parsers.SAXParser not found
[INFO ] 2019-02-03 15:28:42,493 [repositories/kiln] POST data to repository
[INFO ] 2019-02-03 15:28:42,493 [repositories/kiln] no base URI specified, using dummy 'foo:bar'
[WARN ] 2019-02-03 15:28:42,493 [repositories/kiln] Class org.apache.xerces.parsers.SAXParser not found
[INFO ] 2019-02-03 15:28:42,509 [repositories/kiln] POST transaction to repository
[WARN ] 2019-02-03 15:28:42,509 [repositories/kiln] Class org.apache.xerces.parsers.SAXParser not found
[INFO ] 2019-02-03 15:28:42,524 [repositories/kiln] POST data to repository
[INFO ] 2019-02-03 15:28:42,524 [repositories/kiln] no base URI specified, using dummy 'foo:bar'
[WARN ] 2019-02-03 15:28:42,524 [repositories/kiln] Class org.apache.xerces.parsers.SAXParser not found
[INFO ] 2019-02-03 15:28:42,540 [repositories/kiln] POST transaction to repository
[WARN ] 2019-02-03 15:28:42,540 [repositories/kiln] Class org.apache.xerces.parsers.SAXParser not found
[INFO ] 2019-02-03 15:28:42,556 [repositories/kiln] POST data to repository
[INFO ] 2019-02-03 15:28:42,556 [repositories/kiln] no base URI specified, using dummy 'foo:bar'
[WARN ] 2019-02-03 15:28:42,556 [repositories/kiln] Class org.apache.xerces.parsers.SAXParser not found
[INFO ] 2019-02-03 15:28:42,571 [repositories/kiln] POST transaction to repository
[WARN ] 2019-02-03 15:28:42,571 [repositories/kiln] Class org.apache.xerces.parsers.SAXParser not found
[INFO ] 2019-02-03 15:28:42,571 [repositories/kiln] POST data to repository
[INFO ] 2019-02-03 15:28:42,571 [repositories/kiln] no base URI specified, using dummy 'foo:bar'
[WARN ] 2019-02-03 15:28:42,587 [repositories/kiln] Class org.apache.xerces.parsers.SAXParser not found
[INFO ] 2019-02-03 15:28:42,587 [repositories/kiln] POST transaction to repository
[WARN ] 2019-02-03 15:28:42,587 [repositories/kiln] Class org.apache.xerces.parsers.SAXParser not found
[INFO ] 2019-02-03 15:28:42,946 [repositories/kiln] POST data to repository
[INFO ] 2019-02-03 15:28:42,946 [repositories/kiln] no base URI specified, using dummy 'foo:bar'
[WARN ] 2019-02-03 15:28:42,946 [repositories/kiln] Class org.apache.xerces.parsers.SAXParser not found
[INFO ] 2019-02-03 15:28:53,070 [repositories/kiln] POST query -1227659729
[INFO ] 2019-02-03 15:28:53,117 [repositories/kiln] Request for query -1227659729 is finished
[INFO ] 2019-02-03 15:28:56,978 [repositories/kiln] POST query -1227659729
[INFO ] 2019-02-03 15:28:57,034 [repositories/kiln] Request for query -1227659729 is finished
[INFO ] 2019-02-03 15:29:01,996 [repositories/kiln] POST query -1227659729
[INFO ] 2019-02-03 15:29:02,043 [repositories/kiln] Request for query -1227659729 is finished
[INFO ] 2019-02-03 15:29:25,564 [repositories/kiln] POST query -1227659729
[INFO ] 2019-02-03 15:29:25,595 [repositories/kiln] Request for query -1227659729 is finished
[INFO ] 2019-02-03 15:29:32,713 [repositories/kiln] POST query -1227659729
[INFO ] 2019-02-03 15:29:32,735 [repositories/kiln] Request for query -1227659729 is finished
[INFO ] 2019-02-03 15:29:35,766 [repositories/kiln] POST query -1227659729
[INFO ] 2019-02-03 15:29:35,797 [repositories/kiln] Request for query -1227659729 is finished
[INFO ] 2019-02-03 15:30:50,848 [repositories/kiln] POST query -1227659729
[INFO ] 2019-02-03 15:30:50,885 [repositories/kiln] Request for query -1227659729 is finished
[INFO ] 2019-02-03 15:31:32,635 [repositories/kiln] POST query -1227659729
[INFO ] 2019-02-03 15:31:32,666 [repositories/kiln] Request for query -1227659729 is finished
[INFO ] 2019-02-03 15:31:38,181 [repositories/kiln] POST query -1227659729
[INFO ] 2019-02-03 15:31:38,250 [repositories/kiln] Request for query -1227659729 is finished
[INFO ] 2019-02-03 15:31:58,699 [repositories/kiln] POST query -1227659729
[INFO ] 2019-02-03 15:31:58,730 [repositories/kiln] Request for query -1227659729 is finished
[INFO ] 2019-02-03 15:32:09,317 [repositories/kiln] POST query -1227659729
[INFO ] 2019-02-03 15:32:09,348 [repositories/kiln] Request for query -1227659729 is finished
[INFO ] 2019-02-03 15:32:19,785 [repositories/kiln] POST query -1227659729
[INFO ] 2019-02-03 15:32:19,832 [repositories/kiln] Request for query -1227659729 is finished
[INFO ] 2019-02-03 15:32:26,429 [repositories/kiln] POST query -1227659729
[INFO ] 2019-02-03 15:32:26,476 [repositories/kiln] Request for query -1227659729 is finished
[INFO ] 2019-02-03 15:32:32,344 [repositories/kiln] POST query -1227659729
[INFO ] 2019-02-03 15:32:32,391 [repositories/kiln] Request for query -1227659729 is finished
[INFO ] 2019-02-03 15:32:41,269 [repositories/kiln] POST query -1227659729
[INFO ] 2019-02-03 15:32:41,285 [repositories/kiln] Request for query -1227659729 is finished
[INFO ] 2019-02-03 15:32:45,801 [repositories/kiln] POST query -1227659729
[INFO ] 2019-02-03 15:32:45,833 [repositories/kiln] Request for query -1227659729 is finished
[INFO ] 2019-02-03 15:32:51,086 [repositories/kiln] POST query -1227659729
[INFO ] 2019-02-03 15:32:51,117 [repositories/kiln] Request for query -1227659729 is finished
[INFO ] 2019-02-03 15:33:00,469 [repositories/kiln] POST query -1227659729
[INFO ] 2019-02-03 15:33:00,500 [repositories/kiln] Request for query -1227659729 is finished
[INFO ] 2019-02-03 15:33:05,900 [repositories/kiln] POST query -1227659729
[INFO ] 2019-02-03 15:33:05,931 [repositories/kiln] Request for query -1227659729 is finished
[INFO ] 2019-02-03 15:33:13,601 [repositories/kiln] POST query -1227659729
[INFO ] 2019-02-03 15:33:13,648 [repositories/kiln] Request for query -1227659729 is finished
[INFO ] 2019-02-03 15:33:18,197 [repositories/kiln] POST query -1227659729
[INFO ] 2019-02-03 15:33:18,219 [repositories/kiln] Request for query -1227659729 is finished
[INFO ] 2019-02-03 15:33:26,334 [repositories/kiln] POST query -1227659729
[INFO ] 2019-02-03 15:33:26,366 [repositories/kiln] Request for query -1227659729 is finished
[INFO ] 2019-02-03 15:33:33,183 [repositories/kiln] POST query -1227659729
[INFO ] 2019-02-03 15:33:33,230 [repositories/kiln] Request for query -1227659729 is finished
[INFO ] 2019-02-03 15:33:38,684 [repositories/kiln] POST query -1227659729
[INFO ] 2019-02-03 15:33:38,731 [repositories/kiln] Request for query -1227659729 is finished
[INFO ] 2019-02-03 15:33:42,551 [repositories/kiln] POST query -1227659729
[INFO ] 2019-02-03 15:33:42,582 [repositories/kiln] Request for query -1227659729 is finished
