[INFO ] 2019-03-13 13:40:46,360 [main] Logback logging API implementation is configured.
[WARN ] 2019-03-13 13:40:46,704 [main] Removing invalid lock 9500@DESKTOP-6MSIDIV
[INFO ] 2019-03-13 13:40:47,013 [main] FrameworkServlet 'openrdf-http-server': initialization completed in 2705 ms
[WARN ] 2019-03-13 14:00:25,803 [repositories/kiln] Removing invalid lock 5184@DESKTOP-6MSIDIV
[INFO ] 2019-03-13 14:00:26,022 [repositories/kiln] POST query -1227659729
[INFO ] 2019-03-13 14:00:26,552 [repositories/kiln] Request for query -1227659729 is finished
[INFO ] 2019-03-13 14:01:06,452 [repositories/kiln] POST query -1227659729
[INFO ] 2019-03-13 14:01:06,577 [repositories/kiln] Request for query -1227659729 is finished
[INFO ] 2019-03-13 14:01:13,463 [repositories/kiln] POST query -1227659729
[INFO ] 2019-03-13 14:01:13,541 [repositories/kiln] Request for query -1227659729 is finished
[INFO ] 2019-03-13 14:14:07,614 [main] Logback logging API implementation is configured.
[WARN ] 2019-03-13 14:14:07,941 [main] Removing invalid lock 2596@User-PC
[INFO ] 2019-03-13 14:14:08,238 [main] FrameworkServlet 'openrdf-http-server': initialization completed in 1395 ms
[WARN ] 2019-03-13 14:15:17,893 [repositories/kiln] Removing invalid lock 2596@User-PC
[INFO ] 2019-03-13 14:15:18,111 [repositories/kiln] POST query -1227659729
[INFO ] 2019-03-13 14:15:18,501 [repositories/kiln] Request for query -1227659729 is finished
[INFO ] 2019-03-13 14:16:04,405 [main] Logback logging API implementation is configured.
[WARN ] 2019-03-13 14:16:04,685 [main] Removing invalid lock 5028@User-PC
[INFO ] 2019-03-13 14:16:05,372 [main] FrameworkServlet 'openrdf-http-server': initialization completed in 1560 ms
[WARN ] 2019-03-13 14:32:01,425 [repositories/kiln] Removing invalid lock 5028@User-PC
[INFO ] 2019-03-13 14:32:01,643 [repositories/kiln] POST query -1227659729
[INFO ] 2019-03-13 14:32:02,111 [repositories/kiln] Request for query -1227659729 is finished
[INFO ] 2019-03-13 14:33:17,632 [main] Logback logging API implementation is configured.
[WARN ] 2019-03-13 14:33:17,912 [main] Removing invalid lock 9040@User-PC
[INFO ] 2019-03-13 14:33:18,210 [main] FrameworkServlet 'openrdf-http-server': initialization completed in 1171 ms
[WARN ] 2019-03-13 14:33:44,355 [repositories/kiln] Removing invalid lock 9040@User-PC
[INFO ] 2019-03-13 14:33:44,527 [repositories/kiln] POST transaction to repository
[WARN ] 2019-03-13 14:33:44,543 [repositories/kiln] Class org.apache.xerces.parsers.SAXParser not found
[INFO ] 2019-03-13 14:33:45,729 [repositories/kiln] POST data to repository
[INFO ] 2019-03-13 14:33:45,760 [repositories/kiln] no base URI specified, using dummy 'foo:bar'
[WARN ] 2019-03-13 14:33:45,776 [repositories/kiln] Class org.apache.xerces.parsers.SAXParser not found
[INFO ] 2019-03-13 14:33:46,088 [repositories/kiln] POST transaction to repository
[WARN ] 2019-03-13 14:33:46,088 [repositories/kiln] Class org.apache.xerces.parsers.SAXParser not found
[INFO ] 2019-03-13 14:33:46,572 [repositories/kiln] POST data to repository
[INFO ] 2019-03-13 14:33:46,572 [repositories/kiln] no base URI specified, using dummy 'foo:bar'
[WARN ] 2019-03-13 14:33:46,572 [repositories/kiln] Class org.apache.xerces.parsers.SAXParser not found
[INFO ] 2019-03-13 14:33:46,774 [repositories/kiln] POST transaction to repository
[WARN ] 2019-03-13 14:33:46,774 [repositories/kiln] Class org.apache.xerces.parsers.SAXParser not found
[INFO ] 2019-03-13 14:33:47,180 [repositories/kiln] POST data to repository
[INFO ] 2019-03-13 14:33:47,180 [repositories/kiln] no base URI specified, using dummy 'foo:bar'
[WARN ] 2019-03-13 14:33:47,180 [repositories/kiln] Class org.apache.xerces.parsers.SAXParser not found
[INFO ] 2019-03-13 14:33:47,383 [repositories/kiln] POST transaction to repository
[WARN ] 2019-03-13 14:33:47,383 [repositories/kiln] Class org.apache.xerces.parsers.SAXParser not found
[INFO ] 2019-03-13 14:33:47,757 [repositories/kiln] POST data to repository
[INFO ] 2019-03-13 14:33:47,757 [repositories/kiln] no base URI specified, using dummy 'foo:bar'
[WARN ] 2019-03-13 14:33:47,773 [repositories/kiln] Class org.apache.xerces.parsers.SAXParser not found
[INFO ] 2019-03-13 14:33:47,991 [repositories/kiln] POST transaction to repository
[WARN ] 2019-03-13 14:33:47,991 [repositories/kiln] Class org.apache.xerces.parsers.SAXParser not found
[INFO ] 2019-03-13 14:33:48,350 [repositories/kiln] POST data to repository
[INFO ] 2019-03-13 14:33:48,350 [repositories/kiln] no base URI specified, using dummy 'foo:bar'
[WARN ] 2019-03-13 14:33:48,350 [repositories/kiln] Class org.apache.xerces.parsers.SAXParser not found
[INFO ] 2019-03-13 14:33:48,522 [repositories/kiln] POST transaction to repository
[WARN ] 2019-03-13 14:33:48,522 [repositories/kiln] Class org.apache.xerces.parsers.SAXParser not found
[INFO ] 2019-03-13 14:33:48,865 [repositories/kiln] POST data to repository
[INFO ] 2019-03-13 14:33:48,865 [repositories/kiln] no base URI specified, using dummy 'foo:bar'
[WARN ] 2019-03-13 14:33:48,865 [repositories/kiln] Class org.apache.xerces.parsers.SAXParser not found
[INFO ] 2019-03-13 14:33:49,052 [repositories/kiln] POST transaction to repository
[WARN ] 2019-03-13 14:33:49,052 [repositories/kiln] Class org.apache.xerces.parsers.SAXParser not found
[INFO ] 2019-03-13 14:33:49,442 [repositories/kiln] POST data to repository
[INFO ] 2019-03-13 14:33:49,442 [repositories/kiln] no base URI specified, using dummy 'foo:bar'
[WARN ] 2019-03-13 14:33:49,442 [repositories/kiln] Class org.apache.xerces.parsers.SAXParser not found
[INFO ] 2019-03-13 14:33:49,614 [repositories/kiln] POST transaction to repository
[WARN ] 2019-03-13 14:33:49,614 [repositories/kiln] Class org.apache.xerces.parsers.SAXParser not found
[INFO ] 2019-03-13 14:33:49,941 [repositories/kiln] POST data to repository
[INFO ] 2019-03-13 14:33:49,941 [repositories/kiln] no base URI specified, using dummy 'foo:bar'
[WARN ] 2019-03-13 14:33:49,941 [repositories/kiln] Class org.apache.xerces.parsers.SAXParser not found
[INFO ] 2019-03-13 14:33:50,160 [repositories/kiln] POST transaction to repository
[WARN ] 2019-03-13 14:33:50,160 [repositories/kiln] Class org.apache.xerces.parsers.SAXParser not found
[INFO ] 2019-03-13 14:33:50,487 [repositories/kiln] POST data to repository
[INFO ] 2019-03-13 14:33:50,487 [repositories/kiln] no base URI specified, using dummy 'foo:bar'
[WARN ] 2019-03-13 14:33:50,487 [repositories/kiln] Class org.apache.xerces.parsers.SAXParser not found
[INFO ] 2019-03-13 14:33:50,674 [repositories/kiln] POST transaction to repository
[WARN ] 2019-03-13 14:33:50,674 [repositories/kiln] Class org.apache.xerces.parsers.SAXParser not found
[INFO ] 2019-03-13 14:33:50,971 [repositories/kiln] POST data to repository
[INFO ] 2019-03-13 14:33:50,971 [repositories/kiln] no base URI specified, using dummy 'foo:bar'
[WARN ] 2019-03-13 14:33:50,971 [repositories/kiln] Class org.apache.xerces.parsers.SAXParser not found
[INFO ] 2019-03-13 14:33:51,158 [repositories/kiln] POST transaction to repository
[WARN ] 2019-03-13 14:33:51,158 [repositories/kiln] Class org.apache.xerces.parsers.SAXParser not found
[INFO ] 2019-03-13 14:33:51,454 [repositories/kiln] POST data to repository
[INFO ] 2019-03-13 14:33:51,454 [repositories/kiln] no base URI specified, using dummy 'foo:bar'
[WARN ] 2019-03-13 14:33:51,454 [repositories/kiln] Class org.apache.xerces.parsers.SAXParser not found
[INFO ] 2019-03-13 14:33:51,626 [repositories/kiln] POST transaction to repository
[WARN ] 2019-03-13 14:33:51,642 [repositories/kiln] Class org.apache.xerces.parsers.SAXParser not found
[INFO ] 2019-03-13 14:33:51,954 [repositories/kiln] POST data to repository
[INFO ] 2019-03-13 14:33:51,954 [repositories/kiln] no base URI specified, using dummy 'foo:bar'
[WARN ] 2019-03-13 14:33:51,954 [repositories/kiln] Class org.apache.xerces.parsers.SAXParser not found
[INFO ] 2019-03-13 14:33:52,125 [repositories/kiln] POST transaction to repository
[WARN ] 2019-03-13 14:33:52,125 [repositories/kiln] Class org.apache.xerces.parsers.SAXParser not found
[INFO ] 2019-03-13 14:33:52,453 [repositories/kiln] POST data to repository
[INFO ] 2019-03-13 14:33:52,453 [repositories/kiln] no base URI specified, using dummy 'foo:bar'
[WARN ] 2019-03-13 14:33:52,453 [repositories/kiln] Class org.apache.xerces.parsers.SAXParser not found
[INFO ] 2019-03-13 14:33:52,624 [repositories/kiln] POST transaction to repository
[WARN ] 2019-03-13 14:33:52,624 [repositories/kiln] Class org.apache.xerces.parsers.SAXParser not found
[INFO ] 2019-03-13 14:33:52,921 [repositories/kiln] POST data to repository
[INFO ] 2019-03-13 14:33:52,921 [repositories/kiln] no base URI specified, using dummy 'foo:bar'
[WARN ] 2019-03-13 14:33:52,921 [repositories/kiln] Class org.apache.xerces.parsers.SAXParser not found
[INFO ] 2019-03-13 14:33:53,092 [repositories/kiln] POST transaction to repository
[WARN ] 2019-03-13 14:33:53,092 [repositories/kiln] Class org.apache.xerces.parsers.SAXParser not found
[INFO ] 2019-03-13 14:33:53,420 [repositories/kiln] POST data to repository
[INFO ] 2019-03-13 14:33:53,420 [repositories/kiln] no base URI specified, using dummy 'foo:bar'
[WARN ] 2019-03-13 14:33:53,436 [repositories/kiln] Class org.apache.xerces.parsers.SAXParser not found
[INFO ] 2019-03-13 14:33:53,592 [repositories/kiln] POST transaction to repository
[WARN ] 2019-03-13 14:33:53,592 [repositories/kiln] Class org.apache.xerces.parsers.SAXParser not found
[INFO ] 2019-03-13 14:33:53,857 [repositories/kiln] POST data to repository
[INFO ] 2019-03-13 14:33:53,857 [repositories/kiln] no base URI specified, using dummy 'foo:bar'
[WARN ] 2019-03-13 14:33:53,872 [repositories/kiln] Class org.apache.xerces.parsers.SAXParser not found
[INFO ] 2019-03-13 14:33:54,060 [repositories/kiln] POST transaction to repository
[WARN ] 2019-03-13 14:33:54,060 [repositories/kiln] Class org.apache.xerces.parsers.SAXParser not found
[INFO ] 2019-03-13 14:33:54,356 [repositories/kiln] POST data to repository
[INFO ] 2019-03-13 14:33:54,356 [repositories/kiln] no base URI specified, using dummy 'foo:bar'
[WARN ] 2019-03-13 14:33:54,356 [repositories/kiln] Class org.apache.xerces.parsers.SAXParser not found
[INFO ] 2019-03-13 14:33:54,543 [repositories/kiln] POST transaction to repository
[WARN ] 2019-03-13 14:33:54,543 [repositories/kiln] Class org.apache.xerces.parsers.SAXParser not found
[INFO ] 2019-03-13 14:33:54,808 [repositories/kiln] POST data to repository
[INFO ] 2019-03-13 14:33:54,808 [repositories/kiln] no base URI specified, using dummy 'foo:bar'
[WARN ] 2019-03-13 14:33:54,808 [repositories/kiln] Class org.apache.xerces.parsers.SAXParser not found
[INFO ] 2019-03-13 14:33:54,964 [repositories/kiln] POST transaction to repository
[WARN ] 2019-03-13 14:33:54,964 [repositories/kiln] Class org.apache.xerces.parsers.SAXParser not found
[INFO ] 2019-03-13 14:33:55,370 [repositories/kiln] POST data to repository
[INFO ] 2019-03-13 14:33:55,370 [repositories/kiln] no base URI specified, using dummy 'foo:bar'
[WARN ] 2019-03-13 14:33:55,370 [repositories/kiln] Class org.apache.xerces.parsers.SAXParser not found
[INFO ] 2019-03-13 14:33:55,542 [repositories/kiln] POST transaction to repository
[WARN ] 2019-03-13 14:33:55,542 [repositories/kiln] Class org.apache.xerces.parsers.SAXParser not found
[INFO ] 2019-03-13 14:33:55,854 [repositories/kiln] POST data to repository
[INFO ] 2019-03-13 14:33:55,854 [repositories/kiln] no base URI specified, using dummy 'foo:bar'
[WARN ] 2019-03-13 14:33:55,854 [repositories/kiln] Class org.apache.xerces.parsers.SAXParser not found
[INFO ] 2019-03-13 14:33:56,041 [repositories/kiln] POST transaction to repository
[WARN ] 2019-03-13 14:33:56,041 [repositories/kiln] Class org.apache.xerces.parsers.SAXParser not found
[INFO ] 2019-03-13 14:33:56,384 [repositories/kiln] POST data to repository
[INFO ] 2019-03-13 14:33:56,384 [repositories/kiln] no base URI specified, using dummy 'foo:bar'
[WARN ] 2019-03-13 14:33:56,384 [repositories/kiln] Class org.apache.xerces.parsers.SAXParser not found
[INFO ] 2019-03-13 14:33:56,556 [repositories/kiln] POST transaction to repository
[WARN ] 2019-03-13 14:33:56,556 [repositories/kiln] Class org.apache.xerces.parsers.SAXParser not found
[INFO ] 2019-03-13 14:33:56,836 [repositories/kiln] POST data to repository
[INFO ] 2019-03-13 14:33:56,836 [repositories/kiln] no base URI specified, using dummy 'foo:bar'
[WARN ] 2019-03-13 14:33:56,836 [repositories/kiln] Class org.apache.xerces.parsers.SAXParser not found
[INFO ] 2019-03-13 14:33:56,992 [repositories/kiln] POST transaction to repository
[WARN ] 2019-03-13 14:33:56,992 [repositories/kiln] Class org.apache.xerces.parsers.SAXParser not found
[INFO ] 2019-03-13 14:33:57,008 [repositories/kiln] POST data to repository
[INFO ] 2019-03-13 14:33:57,008 [repositories/kiln] no base URI specified, using dummy 'foo:bar'
[WARN ] 2019-03-13 14:33:57,008 [repositories/kiln] Class org.apache.xerces.parsers.SAXParser not found
[ERROR] 2019-03-13 14:33:57,008 [repositories/kiln] [Rio fatal] Fine del file anticipata. (1, 39)
[INFO ] 2019-03-13 14:33:57,008 [repositories/kiln] Client sent bad request (400): MALFORMED DATA: Fine del file anticipata. [line 1, column 39]
[WARN ] 2019-03-13 14:33:57,024 [repositories/kiln] Rolling back transaction due to connection close
java.lang.Throwable: null
	at org.openrdf.sail.helpers.SailConnectionBase.close(SailConnectionBase.java:240)
	at org.openrdf.sail.helpers.SailConnectionWrapper.close(SailConnectionWrapper.java:88)
	at org.openrdf.sail.helpers.SailConnectionWrapper.close(SailConnectionWrapper.java:88)
	at org.openrdf.repository.sail.SailRepositoryConnection.close(SailRepositoryConnection.java:129)
	at org.openrdf.http.server.repository.RepositoryInterceptor.cleanUpResources(RepositoryInterceptor.java:150)
	at org.openrdf.http.server.ServerInterceptor.afterCompletion(ServerInterceptor.java:55)
	at org.openrdf.http.server.ServerInterceptor$$FastClassByCGLIB$$966e62ef.invoke(<generated>)
	at net.sf.cglib.proxy.MethodProxy.invoke(MethodProxy.java:191)
	at org.springframework.aop.framework.Cglib2AopProxy$CglibMethodInvocation.invokeJoinpoint(Cglib2AopProxy.java:700)
	at org.springframework.aop.framework.ReflectiveMethodInvocation.proceed(ReflectiveMethodInvocation.java:149)
	at org.springframework.aop.support.DelegatingIntroductionInterceptor.doProceed(DelegatingIntroductionInterceptor.java:131)
	at org.springframework.aop.support.DelegatingIntroductionInterceptor.invoke(DelegatingIntroductionInterceptor.java:119)
	at org.springframework.aop.framework.ReflectiveMethodInvocation.proceed(ReflectiveMethodInvocation.java:171)
	at org.springframework.aop.framework.Cglib2AopProxy$DynamicAdvisedInterceptor.intercept(Cglib2AopProxy.java:635)
	at org.openrdf.http.server.repository.RepositoryInterceptor$$EnhancerByCGLIB$$1a3b6f3c.afterCompletion(<generated>)
	at org.springframework.web.servlet.DispatcherServlet.triggerAfterCompletion(DispatcherServlet.java:1244)
	at org.springframework.web.servlet.DispatcherServlet.doDispatch(DispatcherServlet.java:915)
	at org.springframework.web.servlet.DispatcherServlet.doService(DispatcherServlet.java:807)
	at org.springframework.web.servlet.FrameworkServlet.processRequest(FrameworkServlet.java:571)
	at org.springframework.web.servlet.FrameworkServlet.doPost(FrameworkServlet.java:511)
	at javax.servlet.http.HttpServlet.service(HttpServlet.java:755)
	at javax.servlet.http.HttpServlet.service(HttpServlet.java:848)
	at org.eclipse.jetty.servlet.ServletHolder.handle(ServletHolder.java:698)
	at org.eclipse.jetty.servlet.ServletHandler.doHandle(ServletHandler.java:505)
	at org.eclipse.jetty.server.handler.ScopedHandler.handle(ScopedHandler.java:138)
	at org.eclipse.jetty.security.SecurityHandler.handle(SecurityHandler.java:564)
	at org.eclipse.jetty.server.session.SessionHandler.doHandle(SessionHandler.java:213)
	at org.eclipse.jetty.server.handler.ContextHandler.doHandle(ContextHandler.java:1094)
	at org.eclipse.jetty.servlet.ServletHandler.doScope(ServletHandler.java:432)
	at org.eclipse.jetty.server.session.SessionHandler.doScope(SessionHandler.java:175)
	at org.eclipse.jetty.server.handler.ContextHandler.doScope(ContextHandler.java:1028)
	at org.eclipse.jetty.server.handler.ScopedHandler.handle(ScopedHandler.java:136)
	at org.eclipse.jetty.server.handler.ContextHandlerCollection.handle(ContextHandlerCollection.java:258)
	at org.eclipse.jetty.server.handler.HandlerCollection.handle(HandlerCollection.java:109)
	at org.eclipse.jetty.server.handler.HandlerWrapper.handle(HandlerWrapper.java:97)
	at org.eclipse.jetty.server.Server.handle(Server.java:445)
	at org.eclipse.jetty.server.HttpChannel.handle(HttpChannel.java:267)
	at org.eclipse.jetty.server.HttpConnection.onFillable(HttpConnection.java:224)
	at org.eclipse.jetty.io.AbstractConnection$ReadCallback.run(AbstractConnection.java:358)
	at org.eclipse.jetty.util.thread.QueuedThreadPool.runJob(QueuedThreadPool.java:601)
	at org.eclipse.jetty.util.thread.QueuedThreadPool$3.run(QueuedThreadPool.java:532)
	at java.lang.Thread.run(Unknown Source)
[INFO ] 2019-03-13 14:33:57,039 [repositories/kiln] POST transaction to repository
[WARN ] 2019-03-13 14:33:57,039 [repositories/kiln] Class org.apache.xerces.parsers.SAXParser not found
[INFO ] 2019-03-13 14:33:57,367 [repositories/kiln] POST data to repository
[INFO ] 2019-03-13 14:33:57,367 [repositories/kiln] no base URI specified, using dummy 'foo:bar'
[WARN ] 2019-03-13 14:33:57,367 [repositories/kiln] Class org.apache.xerces.parsers.SAXParser not found
[INFO ] 2019-03-13 14:33:57,523 [repositories/kiln] POST transaction to repository
[WARN ] 2019-03-13 14:33:57,523 [repositories/kiln] Class org.apache.xerces.parsers.SAXParser not found
[INFO ] 2019-03-13 14:33:57,804 [repositories/kiln] POST data to repository
[INFO ] 2019-03-13 14:33:57,804 [repositories/kiln] no base URI specified, using dummy 'foo:bar'
[WARN ] 2019-03-13 14:33:57,804 [repositories/kiln] Class org.apache.xerces.parsers.SAXParser not found
[INFO ] 2019-03-13 14:33:57,991 [repositories/kiln] POST transaction to repository
[WARN ] 2019-03-13 14:33:58,006 [repositories/kiln] Class org.apache.xerces.parsers.SAXParser not found
[INFO ] 2019-03-13 14:33:58,287 [repositories/kiln] POST data to repository
[INFO ] 2019-03-13 14:33:58,287 [repositories/kiln] no base URI specified, using dummy 'foo:bar'
[WARN ] 2019-03-13 14:33:58,287 [repositories/kiln] Class org.apache.xerces.parsers.SAXParser not found
[INFO ] 2019-03-13 14:33:58,443 [repositories/kiln] POST transaction to repository
[WARN ] 2019-03-13 14:33:58,443 [repositories/kiln] Class org.apache.xerces.parsers.SAXParser not found
[INFO ] 2019-03-13 14:33:58,755 [repositories/kiln] POST data to repository
[INFO ] 2019-03-13 14:33:58,755 [repositories/kiln] no base URI specified, using dummy 'foo:bar'
[WARN ] 2019-03-13 14:33:58,755 [repositories/kiln] Class org.apache.xerces.parsers.SAXParser not found
[INFO ] 2019-03-13 14:33:58,942 [repositories/kiln] POST transaction to repository
[WARN ] 2019-03-13 14:33:58,942 [repositories/kiln] Class org.apache.xerces.parsers.SAXParser not found
[INFO ] 2019-03-13 14:33:59,254 [repositories/kiln] POST data to repository
[INFO ] 2019-03-13 14:33:59,254 [repositories/kiln] no base URI specified, using dummy 'foo:bar'
[WARN ] 2019-03-13 14:33:59,254 [repositories/kiln] Class org.apache.xerces.parsers.SAXParser not found
[INFO ] 2019-03-13 14:33:59,442 [repositories/kiln] POST transaction to repository
[WARN ] 2019-03-13 14:33:59,442 [repositories/kiln] Class org.apache.xerces.parsers.SAXParser not found
[INFO ] 2019-03-13 14:33:59,738 [repositories/kiln] POST data to repository
[INFO ] 2019-03-13 14:33:59,738 [repositories/kiln] no base URI specified, using dummy 'foo:bar'
[WARN ] 2019-03-13 14:33:59,738 [repositories/kiln] Class org.apache.xerces.parsers.SAXParser not found
[INFO ] 2019-03-13 14:33:59,910 [repositories/kiln] POST transaction to repository
[WARN ] 2019-03-13 14:33:59,910 [repositories/kiln] Class org.apache.xerces.parsers.SAXParser not found
[INFO ] 2019-03-13 14:34:00,190 [repositories/kiln] POST data to repository
[INFO ] 2019-03-13 14:34:00,190 [repositories/kiln] no base URI specified, using dummy 'foo:bar'
[WARN ] 2019-03-13 14:34:00,190 [repositories/kiln] Class org.apache.xerces.parsers.SAXParser not found
[INFO ] 2019-03-13 14:34:00,393 [repositories/kiln] POST transaction to repository
[WARN ] 2019-03-13 14:34:00,393 [repositories/kiln] Class org.apache.xerces.parsers.SAXParser not found
[INFO ] 2019-03-13 14:34:00,690 [repositories/kiln] POST data to repository
[INFO ] 2019-03-13 14:34:00,690 [repositories/kiln] no base URI specified, using dummy 'foo:bar'
[WARN ] 2019-03-13 14:34:00,690 [repositories/kiln] Class org.apache.xerces.parsers.SAXParser not found
[INFO ] 2019-03-13 14:34:00,861 [repositories/kiln] POST transaction to repository
[WARN ] 2019-03-13 14:34:00,861 [repositories/kiln] Class org.apache.xerces.parsers.SAXParser not found
[INFO ] 2019-03-13 14:34:01,204 [repositories/kiln] POST data to repository
[INFO ] 2019-03-13 14:34:01,204 [repositories/kiln] no base URI specified, using dummy 'foo:bar'
[WARN ] 2019-03-13 14:34:01,204 [repositories/kiln] Class org.apache.xerces.parsers.SAXParser not found
[INFO ] 2019-03-13 14:34:01,360 [repositories/kiln] POST transaction to repository
[WARN ] 2019-03-13 14:34:01,360 [repositories/kiln] Class org.apache.xerces.parsers.SAXParser not found
[INFO ] 2019-03-13 14:34:01,672 [repositories/kiln] POST data to repository
[INFO ] 2019-03-13 14:34:01,672 [repositories/kiln] no base URI specified, using dummy 'foo:bar'
[WARN ] 2019-03-13 14:34:01,672 [repositories/kiln] Class org.apache.xerces.parsers.SAXParser not found
[INFO ] 2019-03-13 14:34:01,828 [repositories/kiln] POST transaction to repository
[WARN ] 2019-03-13 14:34:01,828 [repositories/kiln] Class org.apache.xerces.parsers.SAXParser not found
[INFO ] 2019-03-13 14:34:02,140 [repositories/kiln] POST data to repository
[INFO ] 2019-03-13 14:34:02,140 [repositories/kiln] no base URI specified, using dummy 'foo:bar'
[WARN ] 2019-03-13 14:34:02,140 [repositories/kiln] Class org.apache.xerces.parsers.SAXParser not found
[INFO ] 2019-03-13 14:34:02,296 [repositories/kiln] POST transaction to repository
[WARN ] 2019-03-13 14:34:02,296 [repositories/kiln] Class org.apache.xerces.parsers.SAXParser not found
[INFO ] 2019-03-13 14:34:02,593 [repositories/kiln] POST data to repository
[INFO ] 2019-03-13 14:34:02,593 [repositories/kiln] no base URI specified, using dummy 'foo:bar'
[WARN ] 2019-03-13 14:34:02,593 [repositories/kiln] Class org.apache.xerces.parsers.SAXParser not found
[INFO ] 2019-03-13 14:34:02,764 [repositories/kiln] POST transaction to repository
[WARN ] 2019-03-13 14:34:02,764 [repositories/kiln] Class org.apache.xerces.parsers.SAXParser not found
[INFO ] 2019-03-13 14:34:03,030 [repositories/kiln] POST data to repository
[INFO ] 2019-03-13 14:34:03,030 [repositories/kiln] no base URI specified, using dummy 'foo:bar'
[WARN ] 2019-03-13 14:34:03,030 [repositories/kiln] Class org.apache.xerces.parsers.SAXParser not found
[INFO ] 2019-03-13 14:34:03,232 [repositories/kiln] POST transaction to repository
[WARN ] 2019-03-13 14:34:03,232 [repositories/kiln] Class org.apache.xerces.parsers.SAXParser not found
[INFO ] 2019-03-13 14:34:03,248 [repositories/kiln] POST data to repository
[INFO ] 2019-03-13 14:34:03,248 [repositories/kiln] no base URI specified, using dummy 'foo:bar'
[WARN ] 2019-03-13 14:34:03,248 [repositories/kiln] Class org.apache.xerces.parsers.SAXParser not found
[INFO ] 2019-03-13 14:34:03,264 [repositories/kiln] POST transaction to repository
[WARN ] 2019-03-13 14:34:03,264 [repositories/kiln] Class org.apache.xerces.parsers.SAXParser not found
[INFO ] 2019-03-13 14:34:03,279 [repositories/kiln] POST data to repository
[INFO ] 2019-03-13 14:34:03,279 [repositories/kiln] no base URI specified, using dummy 'foo:bar'
[WARN ] 2019-03-13 14:34:03,279 [repositories/kiln] Class org.apache.xerces.parsers.SAXParser not found
[INFO ] 2019-03-13 14:34:03,295 [repositories/kiln] POST transaction to repository
[WARN ] 2019-03-13 14:34:03,295 [repositories/kiln] Class org.apache.xerces.parsers.SAXParser not found
[INFO ] 2019-03-13 14:34:03,310 [repositories/kiln] POST data to repository
[INFO ] 2019-03-13 14:34:03,310 [repositories/kiln] no base URI specified, using dummy 'foo:bar'
[WARN ] 2019-03-13 14:34:03,310 [repositories/kiln] Class org.apache.xerces.parsers.SAXParser not found
[INFO ] 2019-03-13 14:34:03,326 [repositories/kiln] POST transaction to repository
[WARN ] 2019-03-13 14:34:03,326 [repositories/kiln] Class org.apache.xerces.parsers.SAXParser not found
[INFO ] 2019-03-13 14:34:03,342 [repositories/kiln] POST data to repository
[INFO ] 2019-03-13 14:34:03,342 [repositories/kiln] no base URI specified, using dummy 'foo:bar'
[WARN ] 2019-03-13 14:34:03,342 [repositories/kiln] Class org.apache.xerces.parsers.SAXParser not found
[INFO ] 2019-03-13 14:34:03,357 [repositories/kiln] POST transaction to repository
[WARN ] 2019-03-13 14:34:03,357 [repositories/kiln] Class org.apache.xerces.parsers.SAXParser not found
[INFO ] 2019-03-13 14:34:03,373 [repositories/kiln] POST data to repository
[INFO ] 2019-03-13 14:34:03,373 [repositories/kiln] no base URI specified, using dummy 'foo:bar'
[WARN ] 2019-03-13 14:34:03,373 [repositories/kiln] Class org.apache.xerces.parsers.SAXParser not found
[INFO ] 2019-03-13 14:34:03,388 [repositories/kiln] POST transaction to repository
[WARN ] 2019-03-13 14:34:03,388 [repositories/kiln] Class org.apache.xerces.parsers.SAXParser not found
[INFO ] 2019-03-13 14:34:03,388 [repositories/kiln] POST data to repository
[INFO ] 2019-03-13 14:34:03,388 [repositories/kiln] no base URI specified, using dummy 'foo:bar'
[WARN ] 2019-03-13 14:34:03,388 [repositories/kiln] Class org.apache.xerces.parsers.SAXParser not found
[INFO ] 2019-03-13 14:34:03,404 [repositories/kiln] POST transaction to repository
[WARN ] 2019-03-13 14:34:03,404 [repositories/kiln] Class org.apache.xerces.parsers.SAXParser not found
[INFO ] 2019-03-13 14:34:03,435 [repositories/kiln] POST data to repository
[INFO ] 2019-03-13 14:34:03,435 [repositories/kiln] no base URI specified, using dummy 'foo:bar'
[WARN ] 2019-03-13 14:34:03,435 [repositories/kiln] Class org.apache.xerces.parsers.SAXParser not found
[INFO ] 2019-03-13 14:34:03,451 [repositories/kiln] POST transaction to repository
[WARN ] 2019-03-13 14:34:03,451 [repositories/kiln] Class org.apache.xerces.parsers.SAXParser not found
[INFO ] 2019-03-13 14:34:03,451 [repositories/kiln] POST data to repository
[INFO ] 2019-03-13 14:34:03,451 [repositories/kiln] no base URI specified, using dummy 'foo:bar'
[WARN ] 2019-03-13 14:34:03,451 [repositories/kiln] Class org.apache.xerces.parsers.SAXParser not found
[INFO ] 2019-03-13 14:34:03,466 [repositories/kiln] POST transaction to repository
[WARN ] 2019-03-13 14:34:03,466 [repositories/kiln] Class org.apache.xerces.parsers.SAXParser not found
[INFO ] 2019-03-13 14:34:03,482 [repositories/kiln] POST data to repository
[INFO ] 2019-03-13 14:34:03,482 [repositories/kiln] no base URI specified, using dummy 'foo:bar'
[WARN ] 2019-03-13 14:34:03,482 [repositories/kiln] Class org.apache.xerces.parsers.SAXParser not found
[INFO ] 2019-03-13 14:34:03,498 [repositories/kiln] POST transaction to repository
[WARN ] 2019-03-13 14:34:03,498 [repositories/kiln] Class org.apache.xerces.parsers.SAXParser not found
[INFO ] 2019-03-13 14:34:03,513 [repositories/kiln] POST data to repository
[INFO ] 2019-03-13 14:34:03,513 [repositories/kiln] no base URI specified, using dummy 'foo:bar'
[WARN ] 2019-03-13 14:34:03,513 [repositories/kiln] Class org.apache.xerces.parsers.SAXParser not found
[INFO ] 2019-03-13 14:34:03,529 [repositories/kiln] POST transaction to repository
[WARN ] 2019-03-13 14:34:03,529 [repositories/kiln] Class org.apache.xerces.parsers.SAXParser not found
[INFO ] 2019-03-13 14:34:03,529 [repositories/kiln] POST data to repository
[INFO ] 2019-03-13 14:34:03,529 [repositories/kiln] no base URI specified, using dummy 'foo:bar'
[WARN ] 2019-03-13 14:34:03,529 [repositories/kiln] Class org.apache.xerces.parsers.SAXParser not found
[INFO ] 2019-03-13 14:34:03,544 [repositories/kiln] POST transaction to repository
[WARN ] 2019-03-13 14:34:03,544 [repositories/kiln] Class org.apache.xerces.parsers.SAXParser not found
[INFO ] 2019-03-13 14:34:03,560 [repositories/kiln] POST data to repository
[INFO ] 2019-03-13 14:34:03,560 [repositories/kiln] no base URI specified, using dummy 'foo:bar'
[WARN ] 2019-03-13 14:34:03,560 [repositories/kiln] Class org.apache.xerces.parsers.SAXParser not found
[INFO ] 2019-03-13 14:34:03,576 [repositories/kiln] POST transaction to repository
[WARN ] 2019-03-13 14:34:03,576 [repositories/kiln] Class org.apache.xerces.parsers.SAXParser not found
[INFO ] 2019-03-13 14:34:03,591 [repositories/kiln] POST data to repository
[INFO ] 2019-03-13 14:34:03,591 [repositories/kiln] no base URI specified, using dummy 'foo:bar'
[WARN ] 2019-03-13 14:34:03,591 [repositories/kiln] Class org.apache.xerces.parsers.SAXParser not found
[INFO ] 2019-03-13 14:34:03,622 [repositories/kiln] POST transaction to repository
[WARN ] 2019-03-13 14:34:03,622 [repositories/kiln] Class org.apache.xerces.parsers.SAXParser not found
[INFO ] 2019-03-13 14:34:03,622 [repositories/kiln] POST data to repository
[INFO ] 2019-03-13 14:34:03,638 [repositories/kiln] no base URI specified, using dummy 'foo:bar'
[WARN ] 2019-03-13 14:34:03,638 [repositories/kiln] Class org.apache.xerces.parsers.SAXParser not found
[INFO ] 2019-03-13 14:34:03,654 [repositories/kiln] POST transaction to repository
[WARN ] 2019-03-13 14:34:03,654 [repositories/kiln] Class org.apache.xerces.parsers.SAXParser not found
[INFO ] 2019-03-13 14:34:03,669 [repositories/kiln] POST data to repository
[INFO ] 2019-03-13 14:34:03,669 [repositories/kiln] no base URI specified, using dummy 'foo:bar'
[WARN ] 2019-03-13 14:34:03,669 [repositories/kiln] Class org.apache.xerces.parsers.SAXParser not found
[INFO ] 2019-03-13 14:34:03,685 [repositories/kiln] POST transaction to repository
[WARN ] 2019-03-13 14:34:03,685 [repositories/kiln] Class org.apache.xerces.parsers.SAXParser not found
[INFO ] 2019-03-13 14:34:03,700 [repositories/kiln] POST data to repository
[INFO ] 2019-03-13 14:34:03,700 [repositories/kiln] no base URI specified, using dummy 'foo:bar'
[WARN ] 2019-03-13 14:34:03,700 [repositories/kiln] Class org.apache.xerces.parsers.SAXParser not found
[INFO ] 2019-03-13 14:34:03,716 [repositories/kiln] POST transaction to repository
[WARN ] 2019-03-13 14:34:03,716 [repositories/kiln] Class org.apache.xerces.parsers.SAXParser not found
[INFO ] 2019-03-13 14:34:03,716 [repositories/kiln] POST data to repository
[INFO ] 2019-03-13 14:34:03,716 [repositories/kiln] no base URI specified, using dummy 'foo:bar'
[WARN ] 2019-03-13 14:34:03,732 [repositories/kiln] Class org.apache.xerces.parsers.SAXParser not found
[INFO ] 2019-03-13 14:34:03,747 [repositories/kiln] POST transaction to repository
[WARN ] 2019-03-13 14:34:03,747 [repositories/kiln] Class org.apache.xerces.parsers.SAXParser not found
[INFO ] 2019-03-13 14:34:03,747 [repositories/kiln] POST data to repository
[INFO ] 2019-03-13 14:34:03,747 [repositories/kiln] no base URI specified, using dummy 'foo:bar'
[WARN ] 2019-03-13 14:34:03,763 [repositories/kiln] Class org.apache.xerces.parsers.SAXParser not found
[INFO ] 2019-03-13 14:34:03,778 [repositories/kiln] POST transaction to repository
[WARN ] 2019-03-13 14:34:03,778 [repositories/kiln] Class org.apache.xerces.parsers.SAXParser not found
[INFO ] 2019-03-13 14:34:03,778 [repositories/kiln] POST data to repository
[INFO ] 2019-03-13 14:34:03,794 [repositories/kiln] no base URI specified, using dummy 'foo:bar'
[WARN ] 2019-03-13 14:34:03,794 [repositories/kiln] Class org.apache.xerces.parsers.SAXParser not found
[INFO ] 2019-03-13 14:34:03,810 [repositories/kiln] POST transaction to repository
[WARN ] 2019-03-13 14:34:03,810 [repositories/kiln] Class org.apache.xerces.parsers.SAXParser not found
[INFO ] 2019-03-13 14:34:03,825 [repositories/kiln] POST data to repository
[INFO ] 2019-03-13 14:34:03,825 [repositories/kiln] no base URI specified, using dummy 'foo:bar'
[WARN ] 2019-03-13 14:34:03,825 [repositories/kiln] Class org.apache.xerces.parsers.SAXParser not found
[INFO ] 2019-03-13 14:34:03,841 [repositories/kiln] POST transaction to repository
[WARN ] 2019-03-13 14:34:03,841 [repositories/kiln] Class org.apache.xerces.parsers.SAXParser not found
[INFO ] 2019-03-13 14:34:03,841 [repositories/kiln] POST data to repository
[INFO ] 2019-03-13 14:34:03,856 [repositories/kiln] no base URI specified, using dummy 'foo:bar'
[WARN ] 2019-03-13 14:34:03,856 [repositories/kiln] Class org.apache.xerces.parsers.SAXParser not found
[INFO ] 2019-03-13 14:34:03,856 [repositories/kiln] POST transaction to repository
[WARN ] 2019-03-13 14:34:03,856 [repositories/kiln] Class org.apache.xerces.parsers.SAXParser not found
[INFO ] 2019-03-13 14:34:03,872 [repositories/kiln] POST data to repository
[INFO ] 2019-03-13 14:34:03,872 [repositories/kiln] no base URI specified, using dummy 'foo:bar'
[WARN ] 2019-03-13 14:34:03,872 [repositories/kiln] Class org.apache.xerces.parsers.SAXParser not found
[INFO ] 2019-03-13 14:34:03,888 [repositories/kiln] POST transaction to repository
[WARN ] 2019-03-13 14:34:03,888 [repositories/kiln] Class org.apache.xerces.parsers.SAXParser not found
[INFO ] 2019-03-13 14:34:03,903 [repositories/kiln] POST data to repository
[INFO ] 2019-03-13 14:34:03,903 [repositories/kiln] no base URI specified, using dummy 'foo:bar'
[WARN ] 2019-03-13 14:34:03,903 [repositories/kiln] Class org.apache.xerces.parsers.SAXParser not found
[INFO ] 2019-03-13 14:34:03,903 [repositories/kiln] POST transaction to repository
[WARN ] 2019-03-13 14:34:03,903 [repositories/kiln] Class org.apache.xerces.parsers.SAXParser not found
[INFO ] 2019-03-13 14:34:03,919 [repositories/kiln] POST data to repository
[INFO ] 2019-03-13 14:34:03,919 [repositories/kiln] no base URI specified, using dummy 'foo:bar'
[WARN ] 2019-03-13 14:34:03,919 [repositories/kiln] Class org.apache.xerces.parsers.SAXParser not found
[INFO ] 2019-03-13 14:34:03,934 [repositories/kiln] POST transaction to repository
[WARN ] 2019-03-13 14:34:03,934 [repositories/kiln] Class org.apache.xerces.parsers.SAXParser not found
[INFO ] 2019-03-13 14:34:03,950 [repositories/kiln] POST data to repository
[INFO ] 2019-03-13 14:34:03,950 [repositories/kiln] no base URI specified, using dummy 'foo:bar'
[WARN ] 2019-03-13 14:34:03,950 [repositories/kiln] Class org.apache.xerces.parsers.SAXParser not found
[INFO ] 2019-03-13 14:34:03,966 [repositories/kiln] POST transaction to repository
[WARN ] 2019-03-13 14:34:03,966 [repositories/kiln] Class org.apache.xerces.parsers.SAXParser not found
[INFO ] 2019-03-13 14:34:03,981 [repositories/kiln] POST data to repository
[INFO ] 2019-03-13 14:34:03,981 [repositories/kiln] no base URI specified, using dummy 'foo:bar'
[WARN ] 2019-03-13 14:34:03,981 [repositories/kiln] Class org.apache.xerces.parsers.SAXParser not found
[INFO ] 2019-03-13 14:34:03,997 [repositories/kiln] POST transaction to repository
[WARN ] 2019-03-13 14:34:03,997 [repositories/kiln] Class org.apache.xerces.parsers.SAXParser not found
[INFO ] 2019-03-13 14:34:04,012 [repositories/kiln] POST data to repository
[INFO ] 2019-03-13 14:34:04,012 [repositories/kiln] no base URI specified, using dummy 'foo:bar'
[WARN ] 2019-03-13 14:34:04,012 [repositories/kiln] Class org.apache.xerces.parsers.SAXParser not found
[INFO ] 2019-03-13 14:34:04,028 [repositories/kiln] POST transaction to repository
[WARN ] 2019-03-13 14:34:04,028 [repositories/kiln] Class org.apache.xerces.parsers.SAXParser not found
[INFO ] 2019-03-13 14:34:04,044 [repositories/kiln] POST data to repository
[INFO ] 2019-03-13 14:34:04,044 [repositories/kiln] no base URI specified, using dummy 'foo:bar'
[WARN ] 2019-03-13 14:34:04,044 [repositories/kiln] Class org.apache.xerces.parsers.SAXParser not found
[INFO ] 2019-03-13 14:34:04,059 [repositories/kiln] POST transaction to repository
[WARN ] 2019-03-13 14:34:04,075 [repositories/kiln] Class org.apache.xerces.parsers.SAXParser not found
[INFO ] 2019-03-13 14:34:04,075 [repositories/kiln] POST data to repository
[INFO ] 2019-03-13 14:34:04,075 [repositories/kiln] no base URI specified, using dummy 'foo:bar'
[WARN ] 2019-03-13 14:34:04,090 [repositories/kiln] Class org.apache.xerces.parsers.SAXParser not found
[INFO ] 2019-03-13 14:34:04,106 [repositories/kiln] POST transaction to repository
[WARN ] 2019-03-13 14:34:04,106 [repositories/kiln] Class org.apache.xerces.parsers.SAXParser not found
[INFO ] 2019-03-13 14:34:04,122 [repositories/kiln] POST data to repository
[INFO ] 2019-03-13 14:34:04,122 [repositories/kiln] no base URI specified, using dummy 'foo:bar'
[WARN ] 2019-03-13 14:34:04,122 [repositories/kiln] Class org.apache.xerces.parsers.SAXParser not found
[INFO ] 2019-03-13 14:34:04,137 [repositories/kiln] POST transaction to repository
[WARN ] 2019-03-13 14:34:04,137 [repositories/kiln] Class org.apache.xerces.parsers.SAXParser not found
[INFO ] 2019-03-13 14:34:04,153 [repositories/kiln] POST data to repository
[INFO ] 2019-03-13 14:34:04,153 [repositories/kiln] no base URI specified, using dummy 'foo:bar'
[WARN ] 2019-03-13 14:34:04,153 [repositories/kiln] Class org.apache.xerces.parsers.SAXParser not found
[INFO ] 2019-03-13 14:34:04,168 [repositories/kiln] POST transaction to repository
[WARN ] 2019-03-13 14:34:04,168 [repositories/kiln] Class org.apache.xerces.parsers.SAXParser not found
[INFO ] 2019-03-13 14:34:04,184 [repositories/kiln] POST data to repository
[INFO ] 2019-03-13 14:34:04,184 [repositories/kiln] no base URI specified, using dummy 'foo:bar'
[WARN ] 2019-03-13 14:34:04,184 [repositories/kiln] Class org.apache.xerces.parsers.SAXParser not found
[INFO ] 2019-03-13 14:34:04,200 [repositories/kiln] POST transaction to repository
[WARN ] 2019-03-13 14:34:04,200 [repositories/kiln] Class org.apache.xerces.parsers.SAXParser not found
[INFO ] 2019-03-13 14:34:04,215 [repositories/kiln] POST data to repository
[INFO ] 2019-03-13 14:34:04,215 [repositories/kiln] no base URI specified, using dummy 'foo:bar'
[WARN ] 2019-03-13 14:34:04,215 [repositories/kiln] Class org.apache.xerces.parsers.SAXParser not found
[INFO ] 2019-03-13 14:34:04,231 [repositories/kiln] POST transaction to repository
[WARN ] 2019-03-13 14:34:04,231 [repositories/kiln] Class org.apache.xerces.parsers.SAXParser not found
[INFO ] 2019-03-13 14:34:04,246 [repositories/kiln] POST data to repository
[INFO ] 2019-03-13 14:34:04,246 [repositories/kiln] no base URI specified, using dummy 'foo:bar'
[WARN ] 2019-03-13 14:34:04,246 [repositories/kiln] Class org.apache.xerces.parsers.SAXParser not found
[INFO ] 2019-03-13 14:34:04,262 [repositories/kiln] POST transaction to repository
[WARN ] 2019-03-13 14:34:04,262 [repositories/kiln] Class org.apache.xerces.parsers.SAXParser not found
[INFO ] 2019-03-13 14:34:04,262 [repositories/kiln] POST data to repository
[INFO ] 2019-03-13 14:34:04,262 [repositories/kiln] no base URI specified, using dummy 'foo:bar'
[WARN ] 2019-03-13 14:34:04,262 [repositories/kiln] Class org.apache.xerces.parsers.SAXParser not found
[INFO ] 2019-03-13 14:34:04,278 [repositories/kiln] POST transaction to repository
[WARN ] 2019-03-13 14:34:04,278 [repositories/kiln] Class org.apache.xerces.parsers.SAXParser not found
[INFO ] 2019-03-13 14:34:04,293 [repositories/kiln] POST data to repository
[INFO ] 2019-03-13 14:34:04,293 [repositories/kiln] no base URI specified, using dummy 'foo:bar'
[WARN ] 2019-03-13 14:34:04,293 [repositories/kiln] Class org.apache.xerces.parsers.SAXParser not found
[INFO ] 2019-03-13 14:34:04,309 [repositories/kiln] POST transaction to repository
[WARN ] 2019-03-13 14:34:04,309 [repositories/kiln] Class org.apache.xerces.parsers.SAXParser not found
[INFO ] 2019-03-13 14:34:04,324 [repositories/kiln] POST data to repository
[INFO ] 2019-03-13 14:34:04,324 [repositories/kiln] no base URI specified, using dummy 'foo:bar'
[WARN ] 2019-03-13 14:34:04,324 [repositories/kiln] Class org.apache.xerces.parsers.SAXParser not found
[INFO ] 2019-03-13 14:34:04,340 [repositories/kiln] POST transaction to repository
[WARN ] 2019-03-13 14:34:04,340 [repositories/kiln] Class org.apache.xerces.parsers.SAXParser not found
[INFO ] 2019-03-13 14:34:04,356 [repositories/kiln] POST data to repository
[INFO ] 2019-03-13 14:34:04,356 [repositories/kiln] no base URI specified, using dummy 'foo:bar'
[WARN ] 2019-03-13 14:34:04,356 [repositories/kiln] Class org.apache.xerces.parsers.SAXParser not found
[INFO ] 2019-03-13 14:34:04,371 [repositories/kiln] POST transaction to repository
[WARN ] 2019-03-13 14:34:04,371 [repositories/kiln] Class org.apache.xerces.parsers.SAXParser not found
[INFO ] 2019-03-13 14:34:04,387 [repositories/kiln] POST data to repository
[INFO ] 2019-03-13 14:34:04,387 [repositories/kiln] no base URI specified, using dummy 'foo:bar'
[WARN ] 2019-03-13 14:34:04,387 [repositories/kiln] Class org.apache.xerces.parsers.SAXParser not found
[INFO ] 2019-03-13 14:34:04,402 [repositories/kiln] POST transaction to repository
[WARN ] 2019-03-13 14:34:04,402 [repositories/kiln] Class org.apache.xerces.parsers.SAXParser not found
[INFO ] 2019-03-13 14:34:04,402 [repositories/kiln] POST data to repository
[INFO ] 2019-03-13 14:34:04,402 [repositories/kiln] no base URI specified, using dummy 'foo:bar'
[WARN ] 2019-03-13 14:34:04,402 [repositories/kiln] Class org.apache.xerces.parsers.SAXParser not found
[INFO ] 2019-03-13 14:34:04,418 [repositories/kiln] POST transaction to repository
[WARN ] 2019-03-13 14:34:04,418 [repositories/kiln] Class org.apache.xerces.parsers.SAXParser not found
[INFO ] 2019-03-13 14:34:04,434 [repositories/kiln] POST data to repository
[INFO ] 2019-03-13 14:34:04,434 [repositories/kiln] no base URI specified, using dummy 'foo:bar'
[WARN ] 2019-03-13 14:34:04,434 [repositories/kiln] Class org.apache.xerces.parsers.SAXParser not found
[INFO ] 2019-03-13 14:34:04,449 [repositories/kiln] POST transaction to repository
[WARN ] 2019-03-13 14:34:04,449 [repositories/kiln] Class org.apache.xerces.parsers.SAXParser not found
[INFO ] 2019-03-13 14:34:04,465 [repositories/kiln] POST data to repository
[INFO ] 2019-03-13 14:34:04,465 [repositories/kiln] no base URI specified, using dummy 'foo:bar'
[WARN ] 2019-03-13 14:34:04,465 [repositories/kiln] Class org.apache.xerces.parsers.SAXParser not found
[INFO ] 2019-03-13 14:34:04,480 [repositories/kiln] POST transaction to repository
[WARN ] 2019-03-13 14:34:04,480 [repositories/kiln] Class org.apache.xerces.parsers.SAXParser not found
[INFO ] 2019-03-13 14:34:04,480 [repositories/kiln] POST data to repository
[INFO ] 2019-03-13 14:34:04,480 [repositories/kiln] no base URI specified, using dummy 'foo:bar'
[WARN ] 2019-03-13 14:34:04,496 [repositories/kiln] Class org.apache.xerces.parsers.SAXParser not found
[INFO ] 2019-03-13 14:34:04,496 [repositories/kiln] POST transaction to repository
[WARN ] 2019-03-13 14:34:04,496 [repositories/kiln] Class org.apache.xerces.parsers.SAXParser not found
[INFO ] 2019-03-13 14:34:04,512 [repositories/kiln] POST data to repository
[INFO ] 2019-03-13 14:34:04,512 [repositories/kiln] no base URI specified, using dummy 'foo:bar'
[WARN ] 2019-03-13 14:34:04,512 [repositories/kiln] Class org.apache.xerces.parsers.SAXParser not found
[INFO ] 2019-03-13 14:34:04,527 [repositories/kiln] POST transaction to repository
[WARN ] 2019-03-13 14:34:04,527 [repositories/kiln] Class org.apache.xerces.parsers.SAXParser not found
[INFO ] 2019-03-13 14:34:04,855 [repositories/kiln] POST data to repository
[INFO ] 2019-03-13 14:34:04,855 [repositories/kiln] no base URI specified, using dummy 'foo:bar'
[WARN ] 2019-03-13 14:34:04,855 [repositories/kiln] Class org.apache.xerces.parsers.SAXParser not found
[INFO ] 2019-03-13 14:34:21,486 [repositories/kiln] POST query -1227659729
[INFO ] 2019-03-13 14:34:21,939 [repositories/kiln] Request for query -1227659729 is finished
[INFO ] 2019-03-13 14:36:35,956 [main] Logback logging API implementation is configured.
[WARN ] 2019-03-13 14:36:36,268 [main] Removing invalid lock 5176@User-PC
[INFO ] 2019-03-13 14:36:36,596 [main] FrameworkServlet 'openrdf-http-server': initialization completed in 1342 ms
[WARN ] 2019-03-13 14:38:07,795 [repositories/kiln] Removing invalid lock 5176@User-PC
[INFO ] 2019-03-13 14:38:07,967 [repositories/kiln] POST query -1227659729
[INFO ] 2019-03-13 14:38:08,326 [repositories/kiln] Request for query -1227659729 is finished
[INFO ] 2019-03-13 14:38:22,945 [repositories/kiln] POST query -1227659729
[INFO ] 2019-03-13 14:38:23,039 [repositories/kiln] Request for query -1227659729 is finished
[INFO ] 2019-03-13 14:38:36,096 [repositories/kiln] POST query -1227659729
[INFO ] 2019-03-13 14:38:36,158 [repositories/kiln] Request for query -1227659729 is finished
[INFO ] 2019-03-13 14:50:03,293 [repositories/kiln] POST query -1227659729
[INFO ] 2019-03-13 14:50:03,355 [repositories/kiln] Request for query -1227659729 is finished
[INFO ] 2019-03-13 14:50:11,360 [repositories/kiln] POST query -1227659729
[INFO ] 2019-03-13 14:50:11,422 [repositories/kiln] Request for query -1227659729 is finished
[INFO ] 2019-03-13 14:50:32,140 [repositories/kiln] POST query -1227659729
[INFO ] 2019-03-13 14:50:32,202 [repositories/kiln] Request for query -1227659729 is finished
[INFO ] 2019-03-13 14:52:01,868 [repositories/kiln] POST query -1227659729
[INFO ] 2019-03-13 14:52:01,899 [repositories/kiln] Request for query -1227659729 is finished
[INFO ] 2019-03-13 14:52:29,046 [repositories/kiln] POST query -1227659729
[INFO ] 2019-03-13 14:52:29,108 [repositories/kiln] Request for query -1227659729 is finished
[INFO ] 2019-03-13 14:53:39,945 [main] Logback logging API implementation is configured.
[WARN ] 2019-03-13 14:53:40,195 [main] Removing invalid lock 8000@User-PC
[INFO ] 2019-03-13 14:53:40,476 [main] FrameworkServlet 'openrdf-http-server': initialization completed in 1077 ms
[WARN ] 2019-03-13 15:03:07,505 [repositories/kiln] Removing invalid lock 8000@User-PC
[INFO ] 2019-03-13 15:03:07,708 [repositories/kiln] POST query -1227659729
[INFO ] 2019-03-13 15:03:08,144 [repositories/kiln] Request for query -1227659729 is finished
[INFO ] 2019-03-13 15:03:23,483 [repositories/kiln] POST query -1227659729
[INFO ] 2019-03-13 15:03:23,592 [repositories/kiln] Request for query -1227659729 is finished
[INFO ] 2019-03-13 15:10:22,494 [repositories/kiln] POST query -1227659729
[INFO ] 2019-03-13 15:10:22,572 [repositories/kiln] Request for query -1227659729 is finished
[INFO ] 2019-03-13 15:11:51,007 [main] Logback logging API implementation is configured.
[WARN ] 2019-03-13 15:11:51,241 [main] Removing invalid lock 3536@User-PC
[INFO ] 2019-03-13 15:11:51,522 [main] FrameworkServlet 'openrdf-http-server': initialization completed in 1061 ms
[WARN ] 2019-03-13 15:15:02,198 [repositories/kiln] Removing invalid lock 3536@User-PC
[INFO ] 2019-03-13 15:15:02,354 [repositories/kiln] POST query -1227659729
[INFO ] 2019-03-13 15:15:02,728 [repositories/kiln] Request for query -1227659729 is finished
[INFO ] 2019-03-13 15:27:21,183 [repositories/kiln] POST query -1227659729
[INFO ] 2019-03-13 15:27:21,229 [repositories/kiln] Request for query -1227659729 is finished
[INFO ] 2019-03-13 15:31:27,050 [repositories/kiln] POST query -1227659729
[INFO ] 2019-03-13 15:31:27,128 [repositories/kiln] Request for query -1227659729 is finished
[INFO ] 2019-03-13 15:32:32,406 [main] Logback logging API implementation is configured.
[WARN ] 2019-03-13 15:32:32,640 [main] Removing invalid lock 7196@User-PC
[INFO ] 2019-03-13 15:32:32,936 [main] FrameworkServlet 'openrdf-http-server': initialization completed in 1045 ms
[WARN ] 2019-03-13 15:33:06,555 [repositories/kiln] Removing invalid lock 7196@User-PC
[INFO ] 2019-03-13 15:33:06,742 [repositories/kiln] POST query -1227659729
[INFO ] 2019-03-13 15:33:07,210 [repositories/kiln] Request for query -1227659729 is finished
[INFO ] 2019-03-13 15:34:17,530 [main] Logback logging API implementation is configured.
[WARN ] 2019-03-13 15:34:17,764 [main] Removing invalid lock 2936@User-PC
[INFO ] 2019-03-13 15:34:18,044 [main] FrameworkServlet 'openrdf-http-server': initialization completed in 1045 ms
[WARN ] 2019-03-13 15:40:04,950 [repositories/kiln] Removing invalid lock 2936@User-PC
[INFO ] 2019-03-13 15:40:05,137 [repositories/kiln] POST query -1227659729
[INFO ] 2019-03-13 15:40:05,605 [repositories/kiln] Request for query -1227659729 is finished
[INFO ] 2019-03-13 15:40:29,847 [repositories/kiln] POST query -1227659729
[INFO ] 2019-03-13 15:40:29,956 [repositories/kiln] Request for query -1227659729 is finished
[INFO ] 2019-03-13 15:40:45,916 [repositories/kiln] POST query -1227659729
[INFO ] 2019-03-13 15:40:46,010 [repositories/kiln] Request for query -1227659729 is finished
[INFO ] 2019-03-13 15:41:46,880 [main] Logback logging API implementation is configured.
[WARN ] 2019-03-13 15:41:47,192 [main] Removing invalid lock 6872@User-PC
[INFO ] 2019-03-13 15:41:47,473 [main] FrameworkServlet 'openrdf-http-server': initialization completed in 1186 ms
[WARN ] 2019-03-13 15:44:44,432 [repositories/kiln] Removing invalid lock 6872@User-PC
[INFO ] 2019-03-13 15:44:44,650 [repositories/kiln] POST query -1227659729
[INFO ] 2019-03-13 15:44:45,087 [repositories/kiln] Request for query -1227659729 is finished
[INFO ] 2019-03-13 15:44:53,590 [repositories/kiln] POST query -1227659729
[INFO ] 2019-03-13 15:44:53,637 [repositories/kiln] Request for query -1227659729 is finished
[INFO ] 2019-03-13 15:53:07,428 [main] Logback logging API implementation is configured.
[WARN ] 2019-03-13 15:53:07,677 [main] Removing invalid lock 7884@User-PC
[INFO ] 2019-03-13 15:53:07,974 [main] FrameworkServlet 'openrdf-http-server': initialization completed in 1264 ms
[WARN ] 2019-03-13 15:56:55,103 [repositories/kiln] Removing invalid lock 7884@User-PC
[INFO ] 2019-03-13 15:56:55,305 [repositories/kiln] POST query -1227659729
[INFO ] 2019-03-13 15:56:55,711 [repositories/kiln] Request for query -1227659729 is finished
[INFO ] 2019-03-13 15:57:42,297 [repositories/kiln] POST query -1227659729
[INFO ] 2019-03-13 15:57:42,375 [repositories/kiln] Request for query -1227659729 is finished
[INFO ] 2019-03-13 15:57:55,915 [repositories/kiln] POST query -1227659729
[INFO ] 2019-03-13 15:57:55,993 [repositories/kiln] Request for query -1227659729 is finished
