[INFO ] 2019-05-26 11:07:25,216 [main] Logback logging API implementation is configured.
[WARN ] 2019-05-26 11:07:25,575 [main] Removing invalid lock 2504@User-PC
[INFO ] 2019-05-26 11:07:25,840 [main] FrameworkServlet 'openrdf-http-server': initialization completed in 1312 ms
[WARN ] 2019-05-26 11:15:55,537 [repositories/kiln] Removing invalid lock 2504@User-PC
[INFO ] 2019-05-26 11:15:55,725 [repositories/kiln] POST query -1227659729
[INFO ] 2019-05-26 11:15:56,131 [repositories/kiln] Request for query -1227659729 is finished
[INFO ] 2019-05-26 11:16:04,677 [repositories/kiln] POST query -1227659729
[INFO ] 2019-05-26 11:16:04,802 [repositories/kiln] Request for query -1227659729 is finished
[INFO ] 2019-05-26 11:16:52,842 [repositories/kiln] POST query -1227659729
[INFO ] 2019-05-26 11:16:52,930 [repositories/kiln] Request for query -1227659729 is finished
[INFO ] 2019-05-26 11:17:02,554 [repositories/kiln] POST query -1227659729
[INFO ] 2019-05-26 11:17:02,632 [repositories/kiln] Request for query -1227659729 is finished
[INFO ] 2019-05-26 11:18:16,481 [repositories/kiln] POST query -1227659729
[INFO ] 2019-05-26 11:18:16,559 [repositories/kiln] Request for query -1227659729 is finished
[INFO ] 2019-05-26 11:18:46,354 [repositories/kiln] POST query -1227659729
[INFO ] 2019-05-26 11:18:46,432 [repositories/kiln] Request for query -1227659729 is finished
[INFO ] 2019-05-26 11:18:55,314 [repositories/kiln] POST query -1227659729
[INFO ] 2019-05-26 11:18:55,377 [repositories/kiln] Request for query -1227659729 is finished
[INFO ] 2019-05-26 11:18:57,463 [repositories/kiln] POST query -1227659729
[INFO ] 2019-05-26 11:18:57,541 [repositories/kiln] Request for query -1227659729 is finished
[INFO ] 2019-05-26 11:19:01,746 [repositories/kiln] POST query -1227659729
[INFO ] 2019-05-26 11:19:01,827 [repositories/kiln] Request for query -1227659729 is finished
[INFO ] 2019-05-26 11:19:04,650 [repositories/kiln] POST query -1227659729
[INFO ] 2019-05-26 11:19:04,705 [repositories/kiln] Request for query -1227659729 is finished
[INFO ] 2019-05-26 11:19:08,900 [repositories/kiln] POST query -1227659729
[INFO ] 2019-05-26 11:19:08,944 [repositories/kiln] Request for query -1227659729 is finished
[INFO ] 2019-05-26 11:19:14,976 [repositories/kiln] POST query -1227659729
[INFO ] 2019-05-26 11:19:15,021 [repositories/kiln] Request for query -1227659729 is finished
[INFO ] 2019-05-26 11:19:16,970 [repositories/kiln] POST query -1227659729
[INFO ] 2019-05-26 11:19:17,017 [repositories/kiln] Request for query -1227659729 is finished
[INFO ] 2019-05-26 11:19:30,512 [repositories/kiln] POST query -1227659729
[INFO ] 2019-05-26 11:19:30,561 [repositories/kiln] Request for query -1227659729 is finished
[INFO ] 2019-05-26 11:19:35,176 [repositories/kiln] POST query -1227659729
[INFO ] 2019-05-26 11:19:35,223 [repositories/kiln] Request for query -1227659729 is finished
[INFO ] 2019-05-26 11:19:44,683 [repositories/kiln] POST query -1227659729
[INFO ] 2019-05-26 11:19:44,711 [repositories/kiln] Request for query -1227659729 is finished
[INFO ] 2019-05-26 12:11:49,661 [repositories/kiln] POST query -1227659729
[INFO ] 2019-05-26 12:11:49,696 [repositories/kiln] Request for query -1227659729 is finished
[INFO ] 2019-05-26 12:11:56,391 [repositories/kiln] POST query -1227659729
[INFO ] 2019-05-26 12:11:56,428 [repositories/kiln] Request for query -1227659729 is finished
[INFO ] 2019-05-26 12:14:47,324 [repositories/kiln] POST query -1227659729
[INFO ] 2019-05-26 12:14:47,355 [repositories/kiln] Request for query -1227659729 is finished
[INFO ] 2019-05-26 12:20:07,225 [repositories/kiln] POST query -1227659729
[INFO ] 2019-05-26 12:20:07,330 [repositories/kiln] Request for query -1227659729 is finished
[INFO ] 2019-05-26 12:26:03,117 [repositories/kiln] POST query -1227659729
[INFO ] 2019-05-26 12:26:03,148 [repositories/kiln] Request for query -1227659729 is finished
[INFO ] 2019-05-26 12:28:52,198 [repositories/kiln] POST query -1227659729
[INFO ] 2019-05-26 12:28:52,230 [repositories/kiln] Request for query -1227659729 is finished
[INFO ] 2019-05-26 15:20:06,446 [main] Logback logging API implementation is configured.
[WARN ] 2019-05-26 15:20:11,797 [main] Removing invalid lock 2452@DESKTOP-6MSIDIV
[INFO ] 2019-05-26 15:20:12,366 [main] FrameworkServlet 'openrdf-http-server': initialization completed in 8560 ms
[WARN ] 2019-05-26 15:23:53,583 [repositories/kiln] Removing invalid lock 2452@DESKTOP-6MSIDIV
[INFO ] 2019-05-26 15:23:53,786 [repositories/kiln] POST query -1227659729
[INFO ] 2019-05-26 15:23:54,239 [repositories/kiln] Request for query -1227659729 is finished
[INFO ] 2019-05-26 15:23:59,857 [repositories/kiln] POST query -1227659729
[INFO ] 2019-05-26 15:24:00,023 [repositories/kiln] Request for query -1227659729 is finished
[INFO ] 2019-05-26 15:27:21,406 [repositories/kiln] POST query -1227659729
[INFO ] 2019-05-26 15:27:21,513 [repositories/kiln] Request for query -1227659729 is finished
[INFO ] 2019-05-26 15:27:37,663 [repositories/kiln] POST query -1227659729
[INFO ] 2019-05-26 15:27:37,742 [repositories/kiln] Request for query -1227659729 is finished
[INFO ] 2019-05-26 15:27:45,681 [repositories/kiln] POST query -1227659729
[INFO ] 2019-05-26 15:27:45,760 [repositories/kiln] Request for query -1227659729 is finished
[INFO ] 2019-05-26 15:27:53,777 [repositories/kiln] POST query -1227659729
[INFO ] 2019-05-26 15:27:53,870 [repositories/kiln] Request for query -1227659729 is finished
[INFO ] 2019-05-26 16:46:23,076 [main] Logback logging API implementation is configured.
[WARN ] 2019-05-26 16:46:23,451 [main] Removing invalid lock 13196@DESKTOP-6MSIDIV
[INFO ] 2019-05-26 16:46:23,810 [main] FrameworkServlet 'openrdf-http-server': initialization completed in 1374 ms
[INFO ] 2019-05-26 17:05:39,680 [main] Logback logging API implementation is configured.
[WARN ] 2019-05-26 17:05:39,977 [main] Removing invalid lock 4612@DESKTOP-6MSIDIV
[INFO ] 2019-05-26 17:05:40,243 [main] FrameworkServlet 'openrdf-http-server': initialization completed in 1125 ms
