[INFO ] 2019-05-25 14:07:44,920 [main] Logback logging API implementation is configured.
[WARN ] 2019-05-25 14:07:45,427 [main] Removing invalid lock 7144@User-PC
[INFO ] 2019-05-25 14:07:45,832 [main] FrameworkServlet 'openrdf-http-server': initialization completed in 1782 ms
[INFO ] 2019-05-25 15:59:52,900 [main] Logback logging API implementation is configured.
[WARN ] 2019-05-25 15:59:53,615 [main] Removing invalid lock 7432@User-PC
[INFO ] 2019-05-25 15:59:54,656 [main] FrameworkServlet 'openrdf-http-server': initialization completed in 3570 ms
[INFO ] 2019-05-25 16:56:17,982 [main] Logback logging API implementation is configured.
[WARN ] 2019-05-25 16:56:18,723 [main] Removing invalid lock 6232@User-PC
[INFO ] 2019-05-25 16:56:19,701 [main] FrameworkServlet 'openrdf-http-server': initialization completed in 3482 ms
[WARN ] 2019-05-25 17:19:21,089 [repositories/kiln] Removing invalid lock 7432@User-PC
[INFO ] 2019-05-25 17:19:21,758 [repositories/kiln] POST query -1227659729
[INFO ] 2019-05-25 17:19:22,860 [repositories/kiln] Request for query -1227659729 is finished
[INFO ] 2019-05-25 17:19:35,261 [repositories/kiln] POST query -1227659729
[INFO ] 2019-05-25 17:19:35,895 [repositories/kiln] Request for query -1227659729 is finished
[INFO ] 2019-05-25 17:25:58,607 [repositories/kiln] POST query -1227659729
[INFO ] 2019-05-25 17:25:58,961 [repositories/kiln] Request for query -1227659729 is finished
[INFO ] 2019-05-25 17:26:11,053 [repositories/kiln] POST query -1227659729
[INFO ] 2019-05-25 17:26:11,280 [repositories/kiln] Request for query -1227659729 is finished
[INFO ] 2019-05-25 17:30:27,906 [repositories/kiln] POST query -1227659729
[INFO ] 2019-05-25 17:30:28,314 [repositories/kiln] Request for query -1227659729 is finished
[INFO ] 2019-05-25 17:34:26,489 [repositories/kiln] POST query -1227659729
[INFO ] 2019-05-25 17:34:26,743 [repositories/kiln] Request for query -1227659729 is finished
[INFO ] 2019-05-25 17:35:22,723 [repositories/kiln] POST query -1227659729
[INFO ] 2019-05-25 17:35:23,037 [repositories/kiln] Request for query -1227659729 is finished
[INFO ] 2019-05-25 17:37:44,126 [repositories/kiln] POST query -1227659729
[INFO ] 2019-05-25 17:37:44,322 [repositories/kiln] Request for query -1227659729 is finished
