[INFO ] 2019-03-23 15:37:25,693 [main] Logback logging API implementation is configured.
[WARN ] 2019-03-23 15:37:25,896 [main] Removing invalid lock 7540@DESKTOP-6MSIDIV
[INFO ] 2019-03-23 15:37:26,350 [main] FrameworkServlet 'openrdf-http-server': initialization completed in 1141 ms
[INFO ] 2019-03-23 15:44:18,734 [main] Logback logging API implementation is configured.
[WARN ] 2019-03-23 15:44:18,968 [main] Removing invalid lock 1544@DESKTOP-6MSIDIV
[INFO ] 2019-03-23 15:44:19,249 [main] FrameworkServlet 'openrdf-http-server': initialization completed in 1656 ms
[WARN ] 2019-03-23 15:44:38,700 [repositories/kiln] Removing invalid lock 7196@User-PC
[INFO ] 2019-03-23 15:44:38,903 [repositories/kiln] POST query -1227659729
[INFO ] 2019-03-23 15:44:39,325 [repositories/kiln] Request for query -1227659729 is finished
[INFO ] 2019-03-23 16:43:21,264 [main] Logback logging API implementation is configured.
[WARN ] 2019-03-23 16:43:21,545 [main] Removing invalid lock 204@DESKTOP-6MSIDIV
[INFO ] 2019-03-23 16:43:22,107 [main] FrameworkServlet 'openrdf-http-server': initialization completed in 1469 ms
[WARN ] 2019-03-23 16:44:38,229 [repositories/kiln] Removing invalid lock 204@DESKTOP-6MSIDIV
[INFO ] 2019-03-23 16:44:38,635 [repositories/kiln] POST query -1227659729
[INFO ] 2019-03-23 16:44:38,994 [repositories/kiln] Request for query -1227659729 is finished
[INFO ] 2019-03-23 16:53:41,203 [repositories/kiln] POST query -1227659729
[INFO ] 2019-03-23 16:53:41,305 [repositories/kiln] Request for query -1227659729 is finished
[INFO ] 2019-03-23 16:54:50,399 [repositories/kiln] POST query -1227659729
[INFO ] 2019-03-23 16:54:50,493 [repositories/kiln] Request for query -1227659729 is finished
[INFO ] 2019-03-23 16:58:29,130 [repositories/kiln] POST query -1227659729
[INFO ] 2019-03-23 16:58:29,208 [repositories/kiln] Request for query -1227659729 is finished
[INFO ] 2019-03-23 16:59:12,240 [repositories/kiln] POST query -1227659729
[INFO ] 2019-03-23 16:59:12,341 [repositories/kiln] Request for query -1227659729 is finished
