[INFO ] 2019-02-26 14:00:34,836 [main] Logback logging API implementation is configured.
[WARN ] 2019-02-26 14:00:35,180 [main] Removing invalid lock 8752@DESKTOP-6MSIDIV
[INFO ] 2019-02-26 14:00:35,524 [main] FrameworkServlet 'openrdf-http-server': initialization completed in 1379 ms
[WARN ] 2019-02-26 14:09:07,669 [repositories/kiln] Removing invalid lock 8752@DESKTOP-6MSIDIV
[INFO ] 2019-02-26 14:09:07,888 [repositories/kiln] POST query -1227659729
[INFO ] 2019-02-26 14:09:08,263 [repositories/kiln] Request for query -1227659729 is finished
[INFO ] 2019-02-26 14:33:09,827 [repositories/kiln] POST query -1227659729
[INFO ] 2019-02-26 14:33:09,940 [repositories/kiln] Request for query -1227659729 is finished
[INFO ] 2019-02-26 14:59:03,178 [repositories/kiln] POST query -1227659729
[INFO ] 2019-02-26 14:59:03,256 [repositories/kiln] Request for query -1227659729 is finished
[INFO ] 2019-02-26 15:03:45,624 [repositories/kiln] POST query -1227659729
[INFO ] 2019-02-26 15:03:45,686 [repositories/kiln] Request for query -1227659729 is finished
[INFO ] 2019-02-26 15:05:21,989 [repositories/kiln] POST query -1227659729
[INFO ] 2019-02-26 15:05:22,036 [repositories/kiln] Request for query -1227659729 is finished
[INFO ] 2019-02-26 15:07:49,007 [repositories/kiln] POST query -1227659729
[INFO ] 2019-02-26 15:07:49,082 [repositories/kiln] Request for query -1227659729 is finished
[INFO ] 2019-02-26 15:09:02,902 [repositories/kiln] POST query -1227659729
[INFO ] 2019-02-26 15:09:02,964 [repositories/kiln] Request for query -1227659729 is finished
[INFO ] 2019-02-26 15:58:55,016 [repositories/kiln] POST query -1227659729
[INFO ] 2019-02-26 15:58:55,208 [repositories/kiln] Request for query -1227659729 is finished
