[INFO ] 2019-01-01 09:55:03,463 [main] Logback logging API implementation is configured.
[WARN ] 2019-01-01 09:55:03,714 [main] Removing invalid lock 3672@NuovoAvalon
[INFO ] 2019-01-01 09:55:04,028 [main] FrameworkServlet 'openrdf-http-server': initialization completed in 1402 ms
[WARN ] 2019-01-01 10:07:53,016 [repositories/kiln] Removing invalid lock 3672@NuovoAvalon
[INFO ] 2019-01-01 10:07:53,212 [repositories/kiln] POST transaction to repository
[WARN ] 2019-01-01 10:07:53,216 [repositories/kiln] Class org.apache.xerces.parsers.SAXParser not found
[INFO ] 2019-01-01 10:07:54,058 [repositories/kiln] POST data to repository
[INFO ] 2019-01-01 10:07:54,079 [repositories/kiln] no base URI specified, using dummy 'foo:bar'
[WARN ] 2019-01-01 10:07:54,096 [repositories/kiln] Class org.apache.xerces.parsers.SAXParser not found
[INFO ] 2019-01-01 10:07:54,345 [repositories/kiln] POST transaction to repository
[WARN ] 2019-01-01 10:07:54,346 [repositories/kiln] Class org.apache.xerces.parsers.SAXParser not found
[INFO ] 2019-01-01 10:07:54,822 [repositories/kiln] POST data to repository
[INFO ] 2019-01-01 10:07:54,822 [repositories/kiln] no base URI specified, using dummy 'foo:bar'
[WARN ] 2019-01-01 10:07:54,823 [repositories/kiln] Class org.apache.xerces.parsers.SAXParser not found
[INFO ] 2019-01-01 10:07:54,992 [repositories/kiln] POST transaction to repository
[WARN ] 2019-01-01 10:07:54,993 [repositories/kiln] Class org.apache.xerces.parsers.SAXParser not found
[INFO ] 2019-01-01 10:07:55,378 [repositories/kiln] POST data to repository
[INFO ] 2019-01-01 10:07:55,378 [repositories/kiln] no base URI specified, using dummy 'foo:bar'
[WARN ] 2019-01-01 10:07:55,379 [repositories/kiln] Class org.apache.xerces.parsers.SAXParser not found
[INFO ] 2019-01-01 10:07:55,571 [repositories/kiln] POST transaction to repository
[WARN ] 2019-01-01 10:07:55,571 [repositories/kiln] Class org.apache.xerces.parsers.SAXParser not found
[INFO ] 2019-01-01 10:07:55,885 [repositories/kiln] POST data to repository
[INFO ] 2019-01-01 10:07:55,885 [repositories/kiln] no base URI specified, using dummy 'foo:bar'
[WARN ] 2019-01-01 10:07:55,885 [repositories/kiln] Class org.apache.xerces.parsers.SAXParser not found
[INFO ] 2019-01-01 10:07:56,100 [repositories/kiln] POST transaction to repository
[WARN ] 2019-01-01 10:07:56,100 [repositories/kiln] Class org.apache.xerces.parsers.SAXParser not found
[INFO ] 2019-01-01 10:07:56,411 [repositories/kiln] POST data to repository
[INFO ] 2019-01-01 10:07:56,411 [repositories/kiln] no base URI specified, using dummy 'foo:bar'
[WARN ] 2019-01-01 10:07:56,412 [repositories/kiln] Class org.apache.xerces.parsers.SAXParser not found
[INFO ] 2019-01-01 10:07:56,596 [repositories/kiln] POST transaction to repository
[WARN ] 2019-01-01 10:07:56,596 [repositories/kiln] Class org.apache.xerces.parsers.SAXParser not found
[INFO ] 2019-01-01 10:07:56,883 [repositories/kiln] POST data to repository
[INFO ] 2019-01-01 10:07:56,883 [repositories/kiln] no base URI specified, using dummy 'foo:bar'
[WARN ] 2019-01-01 10:07:56,884 [repositories/kiln] Class org.apache.xerces.parsers.SAXParser not found
[INFO ] 2019-01-01 10:07:57,085 [repositories/kiln] POST transaction to repository
[WARN ] 2019-01-01 10:07:57,086 [repositories/kiln] Class org.apache.xerces.parsers.SAXParser not found
[INFO ] 2019-01-01 10:07:57,390 [repositories/kiln] POST data to repository
[INFO ] 2019-01-01 10:07:57,390 [repositories/kiln] no base URI specified, using dummy 'foo:bar'
[WARN ] 2019-01-01 10:07:57,391 [repositories/kiln] Class org.apache.xerces.parsers.SAXParser not found
[INFO ] 2019-01-01 10:07:57,533 [repositories/kiln] POST transaction to repository
[WARN ] 2019-01-01 10:07:57,534 [repositories/kiln] Class org.apache.xerces.parsers.SAXParser not found
[INFO ] 2019-01-01 10:07:57,985 [repositories/kiln] POST data to repository
[INFO ] 2019-01-01 10:07:57,987 [repositories/kiln] no base URI specified, using dummy 'foo:bar'
[WARN ] 2019-01-01 10:07:57,989 [repositories/kiln] Class org.apache.xerces.parsers.SAXParser not found
[INFO ] 2019-01-01 10:07:58,198 [repositories/kiln] POST transaction to repository
[WARN ] 2019-01-01 10:07:58,199 [repositories/kiln] Class org.apache.xerces.parsers.SAXParser not found
[INFO ] 2019-01-01 10:07:58,511 [repositories/kiln] POST data to repository
[INFO ] 2019-01-01 10:07:58,512 [repositories/kiln] no base URI specified, using dummy 'foo:bar'
[WARN ] 2019-01-01 10:07:58,512 [repositories/kiln] Class org.apache.xerces.parsers.SAXParser not found
[INFO ] 2019-01-01 10:07:58,662 [repositories/kiln] POST transaction to repository
[WARN ] 2019-01-01 10:07:58,662 [repositories/kiln] Class org.apache.xerces.parsers.SAXParser not found
[INFO ] 2019-01-01 10:07:58,947 [repositories/kiln] POST data to repository
[INFO ] 2019-01-01 10:07:58,955 [repositories/kiln] no base URI specified, using dummy 'foo:bar'
[WARN ] 2019-01-01 10:07:58,955 [repositories/kiln] Class org.apache.xerces.parsers.SAXParser not found
[INFO ] 2019-01-01 10:07:59,134 [repositories/kiln] POST transaction to repository
[WARN ] 2019-01-01 10:07:59,135 [repositories/kiln] Class org.apache.xerces.parsers.SAXParser not found
[INFO ] 2019-01-01 10:07:59,431 [repositories/kiln] POST data to repository
[INFO ] 2019-01-01 10:07:59,431 [repositories/kiln] no base URI specified, using dummy 'foo:bar'
[WARN ] 2019-01-01 10:07:59,432 [repositories/kiln] Class org.apache.xerces.parsers.SAXParser not found
[INFO ] 2019-01-01 10:07:59,581 [repositories/kiln] POST transaction to repository
[WARN ] 2019-01-01 10:07:59,582 [repositories/kiln] Class org.apache.xerces.parsers.SAXParser not found
[INFO ] 2019-01-01 10:07:59,844 [repositories/kiln] POST data to repository
[INFO ] 2019-01-01 10:07:59,844 [repositories/kiln] no base URI specified, using dummy 'foo:bar'
[WARN ] 2019-01-01 10:07:59,845 [repositories/kiln] Class org.apache.xerces.parsers.SAXParser not found
[INFO ] 2019-01-01 10:08:00,018 [repositories/kiln] POST transaction to repository
[WARN ] 2019-01-01 10:08:00,019 [repositories/kiln] Class org.apache.xerces.parsers.SAXParser not found
[INFO ] 2019-01-01 10:08:00,291 [repositories/kiln] POST data to repository
[INFO ] 2019-01-01 10:08:00,291 [repositories/kiln] no base URI specified, using dummy 'foo:bar'
[WARN ] 2019-01-01 10:08:00,292 [repositories/kiln] Class org.apache.xerces.parsers.SAXParser not found
[INFO ] 2019-01-01 10:08:00,460 [repositories/kiln] POST transaction to repository
[WARN ] 2019-01-01 10:08:00,460 [repositories/kiln] Class org.apache.xerces.parsers.SAXParser not found
[INFO ] 2019-01-01 10:08:00,732 [repositories/kiln] POST data to repository
[INFO ] 2019-01-01 10:08:00,732 [repositories/kiln] no base URI specified, using dummy 'foo:bar'
[WARN ] 2019-01-01 10:08:00,733 [repositories/kiln] Class org.apache.xerces.parsers.SAXParser not found
[INFO ] 2019-01-01 10:08:00,882 [repositories/kiln] POST transaction to repository
[WARN ] 2019-01-01 10:08:00,883 [repositories/kiln] Class org.apache.xerces.parsers.SAXParser not found
[INFO ] 2019-01-01 10:08:01,228 [repositories/kiln] POST data to repository
[INFO ] 2019-01-01 10:08:01,228 [repositories/kiln] no base URI specified, using dummy 'foo:bar'
[WARN ] 2019-01-01 10:08:01,228 [repositories/kiln] Class org.apache.xerces.parsers.SAXParser not found
[INFO ] 2019-01-01 10:08:01,376 [repositories/kiln] POST transaction to repository
[WARN ] 2019-01-01 10:08:01,376 [repositories/kiln] Class org.apache.xerces.parsers.SAXParser not found
[INFO ] 2019-01-01 10:08:01,667 [repositories/kiln] POST data to repository
[INFO ] 2019-01-01 10:08:01,668 [repositories/kiln] no base URI specified, using dummy 'foo:bar'
[WARN ] 2019-01-01 10:08:01,668 [repositories/kiln] Class org.apache.xerces.parsers.SAXParser not found
[INFO ] 2019-01-01 10:08:01,812 [repositories/kiln] POST transaction to repository
[WARN ] 2019-01-01 10:08:01,812 [repositories/kiln] Class org.apache.xerces.parsers.SAXParser not found
[INFO ] 2019-01-01 10:08:02,082 [repositories/kiln] POST data to repository
[INFO ] 2019-01-01 10:08:02,083 [repositories/kiln] no base URI specified, using dummy 'foo:bar'
[WARN ] 2019-01-01 10:08:02,084 [repositories/kiln] Class org.apache.xerces.parsers.SAXParser not found
[INFO ] 2019-01-01 10:08:02,233 [repositories/kiln] POST transaction to repository
[WARN ] 2019-01-01 10:08:02,234 [repositories/kiln] Class org.apache.xerces.parsers.SAXParser not found
[INFO ] 2019-01-01 10:08:02,500 [repositories/kiln] POST data to repository
[INFO ] 2019-01-01 10:08:02,500 [repositories/kiln] no base URI specified, using dummy 'foo:bar'
[WARN ] 2019-01-01 10:08:02,501 [repositories/kiln] Class org.apache.xerces.parsers.SAXParser not found
[INFO ] 2019-01-01 10:08:02,678 [repositories/kiln] POST transaction to repository
[WARN ] 2019-01-01 10:08:02,679 [repositories/kiln] Class org.apache.xerces.parsers.SAXParser not found
[INFO ] 2019-01-01 10:08:02,935 [repositories/kiln] POST data to repository
[INFO ] 2019-01-01 10:08:02,935 [repositories/kiln] no base URI specified, using dummy 'foo:bar'
[WARN ] 2019-01-01 10:08:02,936 [repositories/kiln] Class org.apache.xerces.parsers.SAXParser not found
[INFO ] 2019-01-01 10:08:03,086 [repositories/kiln] POST transaction to repository
[WARN ] 2019-01-01 10:08:03,087 [repositories/kiln] Class org.apache.xerces.parsers.SAXParser not found
[INFO ] 2019-01-01 10:08:03,352 [repositories/kiln] POST data to repository
[INFO ] 2019-01-01 10:08:03,352 [repositories/kiln] no base URI specified, using dummy 'foo:bar'
[WARN ] 2019-01-01 10:08:03,355 [repositories/kiln] Class org.apache.xerces.parsers.SAXParser not found
[INFO ] 2019-01-01 10:08:03,500 [repositories/kiln] POST transaction to repository
[WARN ] 2019-01-01 10:08:03,500 [repositories/kiln] Class org.apache.xerces.parsers.SAXParser not found
[INFO ] 2019-01-01 10:08:03,798 [repositories/kiln] POST data to repository
[INFO ] 2019-01-01 10:08:03,798 [repositories/kiln] no base URI specified, using dummy 'foo:bar'
[WARN ] 2019-01-01 10:08:03,799 [repositories/kiln] Class org.apache.xerces.parsers.SAXParser not found
[INFO ] 2019-01-01 10:08:03,940 [repositories/kiln] POST transaction to repository
[WARN ] 2019-01-01 10:08:03,941 [repositories/kiln] Class org.apache.xerces.parsers.SAXParser not found
[INFO ] 2019-01-01 10:08:03,963 [repositories/kiln] POST data to repository
[INFO ] 2019-01-01 10:08:03,963 [repositories/kiln] no base URI specified, using dummy 'foo:bar'
[WARN ] 2019-01-01 10:08:03,964 [repositories/kiln] Class org.apache.xerces.parsers.SAXParser not found
[ERROR] 2019-01-01 10:08:03,979 [repositories/kiln] [Rio fatal] Fine del file anticipata. (1, 39)
[INFO ] 2019-01-01 10:08:03,981 [repositories/kiln] Client sent bad request (400): MALFORMED DATA: Fine del file anticipata. [line 1, column 39]
[WARN ] 2019-01-01 10:08:03,991 [repositories/kiln] Rolling back transaction due to connection close
java.lang.Throwable: null
	at org.openrdf.sail.helpers.SailConnectionBase.close(SailConnectionBase.java:240)
	at org.openrdf.sail.helpers.SailConnectionWrapper.close(SailConnectionWrapper.java:88)
	at org.openrdf.sail.helpers.SailConnectionWrapper.close(SailConnectionWrapper.java:88)
	at org.openrdf.repository.sail.SailRepositoryConnection.close(SailRepositoryConnection.java:129)
	at org.openrdf.http.server.repository.RepositoryInterceptor.cleanUpResources(RepositoryInterceptor.java:150)
	at org.openrdf.http.server.ServerInterceptor.afterCompletion(ServerInterceptor.java:55)
	at org.openrdf.http.server.ServerInterceptor$$FastClassByCGLIB$$966e62ef.invoke(<generated>)
	at net.sf.cglib.proxy.MethodProxy.invoke(MethodProxy.java:191)
	at org.springframework.aop.framework.Cglib2AopProxy$CglibMethodInvocation.invokeJoinpoint(Cglib2AopProxy.java:700)
	at org.springframework.aop.framework.ReflectiveMethodInvocation.proceed(ReflectiveMethodInvocation.java:149)
	at org.springframework.aop.support.DelegatingIntroductionInterceptor.doProceed(DelegatingIntroductionInterceptor.java:131)
	at org.springframework.aop.support.DelegatingIntroductionInterceptor.invoke(DelegatingIntroductionInterceptor.java:119)
	at org.springframework.aop.framework.ReflectiveMethodInvocation.proceed(ReflectiveMethodInvocation.java:171)
	at org.springframework.aop.framework.Cglib2AopProxy$DynamicAdvisedInterceptor.intercept(Cglib2AopProxy.java:635)
	at org.openrdf.http.server.repository.RepositoryInterceptor$$EnhancerByCGLIB$$27bc2a85.afterCompletion(<generated>)
	at org.springframework.web.servlet.DispatcherServlet.triggerAfterCompletion(DispatcherServlet.java:1244)
	at org.springframework.web.servlet.DispatcherServlet.doDispatch(DispatcherServlet.java:915)
	at org.springframework.web.servlet.DispatcherServlet.doService(DispatcherServlet.java:807)
	at org.springframework.web.servlet.FrameworkServlet.processRequest(FrameworkServlet.java:571)
	at org.springframework.web.servlet.FrameworkServlet.doPost(FrameworkServlet.java:511)
	at javax.servlet.http.HttpServlet.service(HttpServlet.java:755)
	at javax.servlet.http.HttpServlet.service(HttpServlet.java:848)
	at org.eclipse.jetty.servlet.ServletHolder.handle(ServletHolder.java:698)
	at org.eclipse.jetty.servlet.ServletHandler.doHandle(ServletHandler.java:505)
	at org.eclipse.jetty.server.handler.ScopedHandler.handle(ScopedHandler.java:138)
	at org.eclipse.jetty.security.SecurityHandler.handle(SecurityHandler.java:564)
	at org.eclipse.jetty.server.session.SessionHandler.doHandle(SessionHandler.java:213)
	at org.eclipse.jetty.server.handler.ContextHandler.doHandle(ContextHandler.java:1094)
	at org.eclipse.jetty.servlet.ServletHandler.doScope(ServletHandler.java:432)
	at org.eclipse.jetty.server.session.SessionHandler.doScope(SessionHandler.java:175)
	at org.eclipse.jetty.server.handler.ContextHandler.doScope(ContextHandler.java:1028)
	at org.eclipse.jetty.server.handler.ScopedHandler.handle(ScopedHandler.java:136)
	at org.eclipse.jetty.server.handler.ContextHandlerCollection.handle(ContextHandlerCollection.java:258)
	at org.eclipse.jetty.server.handler.HandlerCollection.handle(HandlerCollection.java:109)
	at org.eclipse.jetty.server.handler.HandlerWrapper.handle(HandlerWrapper.java:97)
	at org.eclipse.jetty.server.Server.handle(Server.java:445)
	at org.eclipse.jetty.server.HttpChannel.handle(HttpChannel.java:267)
	at org.eclipse.jetty.server.HttpConnection.onFillable(HttpConnection.java:224)
	at org.eclipse.jetty.io.AbstractConnection$ReadCallback.run(AbstractConnection.java:358)
	at org.eclipse.jetty.util.thread.QueuedThreadPool.runJob(QueuedThreadPool.java:601)
	at org.eclipse.jetty.util.thread.QueuedThreadPool$3.run(QueuedThreadPool.java:532)
	at java.lang.Thread.run(Unknown Source)
[INFO ] 2019-01-01 10:08:04,014 [repositories/kiln] POST transaction to repository
[WARN ] 2019-01-01 10:08:04,015 [repositories/kiln] Class org.apache.xerces.parsers.SAXParser not found
[INFO ] 2019-01-01 10:08:04,319 [repositories/kiln] POST data to repository
[INFO ] 2019-01-01 10:08:04,319 [repositories/kiln] no base URI specified, using dummy 'foo:bar'
[WARN ] 2019-01-01 10:08:04,320 [repositories/kiln] Class org.apache.xerces.parsers.SAXParser not found
[INFO ] 2019-01-01 10:08:04,483 [repositories/kiln] POST transaction to repository
[WARN ] 2019-01-01 10:08:04,483 [repositories/kiln] Class org.apache.xerces.parsers.SAXParser not found
[INFO ] 2019-01-01 10:08:04,760 [repositories/kiln] POST data to repository
[INFO ] 2019-01-01 10:08:04,760 [repositories/kiln] no base URI specified, using dummy 'foo:bar'
[WARN ] 2019-01-01 10:08:04,761 [repositories/kiln] Class org.apache.xerces.parsers.SAXParser not found
[INFO ] 2019-01-01 10:08:04,921 [repositories/kiln] POST transaction to repository
[WARN ] 2019-01-01 10:08:04,924 [repositories/kiln] Class org.apache.xerces.parsers.SAXParser not found
[INFO ] 2019-01-01 10:08:05,179 [repositories/kiln] POST data to repository
[INFO ] 2019-01-01 10:08:05,179 [repositories/kiln] no base URI specified, using dummy 'foo:bar'
[WARN ] 2019-01-01 10:08:05,179 [repositories/kiln] Class org.apache.xerces.parsers.SAXParser not found
[INFO ] 2019-01-01 10:08:05,352 [repositories/kiln] POST transaction to repository
[WARN ] 2019-01-01 10:08:05,353 [repositories/kiln] Class org.apache.xerces.parsers.SAXParser not found
[INFO ] 2019-01-01 10:08:05,605 [repositories/kiln] POST data to repository
[INFO ] 2019-01-01 10:08:05,605 [repositories/kiln] no base URI specified, using dummy 'foo:bar'
[WARN ] 2019-01-01 10:08:05,605 [repositories/kiln] Class org.apache.xerces.parsers.SAXParser not found
[INFO ] 2019-01-01 10:08:05,757 [repositories/kiln] POST transaction to repository
[WARN ] 2019-01-01 10:08:05,757 [repositories/kiln] Class org.apache.xerces.parsers.SAXParser not found
[INFO ] 2019-01-01 10:08:06,034 [repositories/kiln] POST data to repository
[INFO ] 2019-01-01 10:08:06,034 [repositories/kiln] no base URI specified, using dummy 'foo:bar'
[WARN ] 2019-01-01 10:08:06,034 [repositories/kiln] Class org.apache.xerces.parsers.SAXParser not found
[INFO ] 2019-01-01 10:08:06,189 [repositories/kiln] POST transaction to repository
[WARN ] 2019-01-01 10:08:06,190 [repositories/kiln] Class org.apache.xerces.parsers.SAXParser not found
[INFO ] 2019-01-01 10:08:06,485 [repositories/kiln] POST data to repository
[INFO ] 2019-01-01 10:08:06,485 [repositories/kiln] no base URI specified, using dummy 'foo:bar'
[WARN ] 2019-01-01 10:08:06,488 [repositories/kiln] Class org.apache.xerces.parsers.SAXParser not found
[INFO ] 2019-01-01 10:08:06,642 [repositories/kiln] POST transaction to repository
[WARN ] 2019-01-01 10:08:06,643 [repositories/kiln] Class org.apache.xerces.parsers.SAXParser not found
[INFO ] 2019-01-01 10:08:06,898 [repositories/kiln] POST data to repository
[INFO ] 2019-01-01 10:08:06,898 [repositories/kiln] no base URI specified, using dummy 'foo:bar'
[WARN ] 2019-01-01 10:08:06,899 [repositories/kiln] Class org.apache.xerces.parsers.SAXParser not found
[INFO ] 2019-01-01 10:08:07,068 [repositories/kiln] POST transaction to repository
[WARN ] 2019-01-01 10:08:07,069 [repositories/kiln] Class org.apache.xerces.parsers.SAXParser not found
[INFO ] 2019-01-01 10:08:07,319 [repositories/kiln] POST data to repository
[INFO ] 2019-01-01 10:08:07,319 [repositories/kiln] no base URI specified, using dummy 'foo:bar'
[WARN ] 2019-01-01 10:08:07,321 [repositories/kiln] Class org.apache.xerces.parsers.SAXParser not found
[INFO ] 2019-01-01 10:08:07,467 [repositories/kiln] POST transaction to repository
[WARN ] 2019-01-01 10:08:07,468 [repositories/kiln] Class org.apache.xerces.parsers.SAXParser not found
[INFO ] 2019-01-01 10:08:07,776 [repositories/kiln] POST data to repository
[INFO ] 2019-01-01 10:08:07,778 [repositories/kiln] no base URI specified, using dummy 'foo:bar'
[WARN ] 2019-01-01 10:08:07,779 [repositories/kiln] Class org.apache.xerces.parsers.SAXParser not found
[INFO ] 2019-01-01 10:08:07,932 [repositories/kiln] POST transaction to repository
[WARN ] 2019-01-01 10:08:07,932 [repositories/kiln] Class org.apache.xerces.parsers.SAXParser not found
[INFO ] 2019-01-01 10:08:08,234 [repositories/kiln] POST data to repository
[INFO ] 2019-01-01 10:08:08,235 [repositories/kiln] no base URI specified, using dummy 'foo:bar'
[WARN ] 2019-01-01 10:08:08,236 [repositories/kiln] Class org.apache.xerces.parsers.SAXParser not found
[INFO ] 2019-01-01 10:08:08,380 [repositories/kiln] POST transaction to repository
[WARN ] 2019-01-01 10:08:08,381 [repositories/kiln] Class org.apache.xerces.parsers.SAXParser not found
[INFO ] 2019-01-01 10:08:08,660 [repositories/kiln] POST data to repository
[INFO ] 2019-01-01 10:08:08,660 [repositories/kiln] no base URI specified, using dummy 'foo:bar'
[WARN ] 2019-01-01 10:08:08,661 [repositories/kiln] Class org.apache.xerces.parsers.SAXParser not found
[INFO ] 2019-01-01 10:08:08,814 [repositories/kiln] POST transaction to repository
[WARN ] 2019-01-01 10:08:08,815 [repositories/kiln] Class org.apache.xerces.parsers.SAXParser not found
[INFO ] 2019-01-01 10:08:09,078 [repositories/kiln] POST data to repository
[INFO ] 2019-01-01 10:08:09,078 [repositories/kiln] no base URI specified, using dummy 'foo:bar'
[WARN ] 2019-01-01 10:08:09,078 [repositories/kiln] Class org.apache.xerces.parsers.SAXParser not found
[INFO ] 2019-01-01 10:08:09,251 [repositories/kiln] POST transaction to repository
[WARN ] 2019-01-01 10:08:09,252 [repositories/kiln] Class org.apache.xerces.parsers.SAXParser not found
[INFO ] 2019-01-01 10:08:09,261 [repositories/kiln] POST data to repository
[INFO ] 2019-01-01 10:08:09,262 [repositories/kiln] no base URI specified, using dummy 'foo:bar'
[WARN ] 2019-01-01 10:08:09,262 [repositories/kiln] Class org.apache.xerces.parsers.SAXParser not found
[INFO ] 2019-01-01 10:08:09,274 [repositories/kiln] POST transaction to repository
[WARN ] 2019-01-01 10:08:09,274 [repositories/kiln] Class org.apache.xerces.parsers.SAXParser not found
[INFO ] 2019-01-01 10:08:09,283 [repositories/kiln] POST data to repository
[INFO ] 2019-01-01 10:08:09,283 [repositories/kiln] no base URI specified, using dummy 'foo:bar'
[WARN ] 2019-01-01 10:08:09,284 [repositories/kiln] Class org.apache.xerces.parsers.SAXParser not found
[INFO ] 2019-01-01 10:08:09,297 [repositories/kiln] POST transaction to repository
[WARN ] 2019-01-01 10:08:09,298 [repositories/kiln] Class org.apache.xerces.parsers.SAXParser not found
[INFO ] 2019-01-01 10:08:09,310 [repositories/kiln] POST data to repository
[INFO ] 2019-01-01 10:08:09,310 [repositories/kiln] no base URI specified, using dummy 'foo:bar'
[WARN ] 2019-01-01 10:08:09,311 [repositories/kiln] Class org.apache.xerces.parsers.SAXParser not found
[INFO ] 2019-01-01 10:08:09,326 [repositories/kiln] POST transaction to repository
[WARN ] 2019-01-01 10:08:09,326 [repositories/kiln] Class org.apache.xerces.parsers.SAXParser not found
[INFO ] 2019-01-01 10:08:09,336 [repositories/kiln] POST data to repository
[INFO ] 2019-01-01 10:08:09,336 [repositories/kiln] no base URI specified, using dummy 'foo:bar'
[WARN ] 2019-01-01 10:08:09,337 [repositories/kiln] Class org.apache.xerces.parsers.SAXParser not found
[INFO ] 2019-01-01 10:08:09,350 [repositories/kiln] POST transaction to repository
[WARN ] 2019-01-01 10:08:09,351 [repositories/kiln] Class org.apache.xerces.parsers.SAXParser not found
[INFO ] 2019-01-01 10:08:09,365 [repositories/kiln] POST data to repository
[INFO ] 2019-01-01 10:08:09,365 [repositories/kiln] no base URI specified, using dummy 'foo:bar'
[WARN ] 2019-01-01 10:08:09,366 [repositories/kiln] Class org.apache.xerces.parsers.SAXParser not found
[INFO ] 2019-01-01 10:08:09,384 [repositories/kiln] POST transaction to repository
[WARN ] 2019-01-01 10:08:09,384 [repositories/kiln] Class org.apache.xerces.parsers.SAXParser not found
[INFO ] 2019-01-01 10:08:09,409 [repositories/kiln] POST data to repository
[INFO ] 2019-01-01 10:08:09,410 [repositories/kiln] no base URI specified, using dummy 'foo:bar'
[WARN ] 2019-01-01 10:08:09,410 [repositories/kiln] Class org.apache.xerces.parsers.SAXParser not found
[INFO ] 2019-01-01 10:08:09,426 [repositories/kiln] POST transaction to repository
[WARN ] 2019-01-01 10:08:09,426 [repositories/kiln] Class org.apache.xerces.parsers.SAXParser not found
[INFO ] 2019-01-01 10:08:09,445 [repositories/kiln] POST data to repository
[INFO ] 2019-01-01 10:08:09,445 [repositories/kiln] no base URI specified, using dummy 'foo:bar'
[WARN ] 2019-01-01 10:08:09,446 [repositories/kiln] Class org.apache.xerces.parsers.SAXParser not found
[INFO ] 2019-01-01 10:08:09,466 [repositories/kiln] POST transaction to repository
[WARN ] 2019-01-01 10:08:09,467 [repositories/kiln] Class org.apache.xerces.parsers.SAXParser not found
[INFO ] 2019-01-01 10:08:09,478 [repositories/kiln] POST data to repository
[INFO ] 2019-01-01 10:08:09,478 [repositories/kiln] no base URI specified, using dummy 'foo:bar'
[WARN ] 2019-01-01 10:08:09,479 [repositories/kiln] Class org.apache.xerces.parsers.SAXParser not found
[INFO ] 2019-01-01 10:08:09,496 [repositories/kiln] POST transaction to repository
[WARN ] 2019-01-01 10:08:09,497 [repositories/kiln] Class org.apache.xerces.parsers.SAXParser not found
[INFO ] 2019-01-01 10:08:09,525 [repositories/kiln] POST data to repository
[INFO ] 2019-01-01 10:08:09,525 [repositories/kiln] no base URI specified, using dummy 'foo:bar'
[WARN ] 2019-01-01 10:08:09,526 [repositories/kiln] Class org.apache.xerces.parsers.SAXParser not found
[INFO ] 2019-01-01 10:08:09,545 [repositories/kiln] POST transaction to repository
[WARN ] 2019-01-01 10:08:09,546 [repositories/kiln] Class org.apache.xerces.parsers.SAXParser not found
[INFO ] 2019-01-01 10:08:09,558 [repositories/kiln] POST data to repository
[INFO ] 2019-01-01 10:08:09,558 [repositories/kiln] no base URI specified, using dummy 'foo:bar'
[WARN ] 2019-01-01 10:08:09,558 [repositories/kiln] Class org.apache.xerces.parsers.SAXParser not found
[INFO ] 2019-01-01 10:08:09,573 [repositories/kiln] POST transaction to repository
[WARN ] 2019-01-01 10:08:09,573 [repositories/kiln] Class org.apache.xerces.parsers.SAXParser not found
[INFO ] 2019-01-01 10:08:09,599 [repositories/kiln] POST data to repository
[INFO ] 2019-01-01 10:08:09,599 [repositories/kiln] no base URI specified, using dummy 'foo:bar'
[WARN ] 2019-01-01 10:08:09,600 [repositories/kiln] Class org.apache.xerces.parsers.SAXParser not found
[INFO ] 2019-01-01 10:08:09,617 [repositories/kiln] POST transaction to repository
[WARN ] 2019-01-01 10:08:09,617 [repositories/kiln] Class org.apache.xerces.parsers.SAXParser not found
[INFO ] 2019-01-01 10:08:09,645 [repositories/kiln] POST data to repository
[INFO ] 2019-01-01 10:08:09,646 [repositories/kiln] no base URI specified, using dummy 'foo:bar'
[WARN ] 2019-01-01 10:08:09,646 [repositories/kiln] Class org.apache.xerces.parsers.SAXParser not found
[INFO ] 2019-01-01 10:08:09,660 [repositories/kiln] POST transaction to repository
[WARN ] 2019-01-01 10:08:09,660 [repositories/kiln] Class org.apache.xerces.parsers.SAXParser not found
[INFO ] 2019-01-01 10:08:09,672 [repositories/kiln] POST data to repository
[INFO ] 2019-01-01 10:08:09,672 [repositories/kiln] no base URI specified, using dummy 'foo:bar'
[WARN ] 2019-01-01 10:08:09,672 [repositories/kiln] Class org.apache.xerces.parsers.SAXParser not found
[INFO ] 2019-01-01 10:08:09,687 [repositories/kiln] POST transaction to repository
[WARN ] 2019-01-01 10:08:09,688 [repositories/kiln] Class org.apache.xerces.parsers.SAXParser not found
[INFO ] 2019-01-01 10:08:09,701 [repositories/kiln] POST data to repository
[INFO ] 2019-01-01 10:08:09,702 [repositories/kiln] no base URI specified, using dummy 'foo:bar'
[WARN ] 2019-01-01 10:08:09,704 [repositories/kiln] Class org.apache.xerces.parsers.SAXParser not found
[INFO ] 2019-01-01 10:08:09,716 [repositories/kiln] POST transaction to repository
[WARN ] 2019-01-01 10:08:09,717 [repositories/kiln] Class org.apache.xerces.parsers.SAXParser not found
[INFO ] 2019-01-01 10:08:09,742 [repositories/kiln] POST data to repository
[INFO ] 2019-01-01 10:08:09,742 [repositories/kiln] no base URI specified, using dummy 'foo:bar'
[WARN ] 2019-01-01 10:08:09,743 [repositories/kiln] Class org.apache.xerces.parsers.SAXParser not found
[INFO ] 2019-01-01 10:08:09,758 [repositories/kiln] POST transaction to repository
[WARN ] 2019-01-01 10:08:09,759 [repositories/kiln] Class org.apache.xerces.parsers.SAXParser not found
[INFO ] 2019-01-01 10:08:09,771 [repositories/kiln] POST data to repository
[INFO ] 2019-01-01 10:08:09,774 [repositories/kiln] no base URI specified, using dummy 'foo:bar'
[WARN ] 2019-01-01 10:08:09,782 [repositories/kiln] Class org.apache.xerces.parsers.SAXParser not found
[INFO ] 2019-01-01 10:08:09,794 [repositories/kiln] POST transaction to repository
[WARN ] 2019-01-01 10:08:09,794 [repositories/kiln] Class org.apache.xerces.parsers.SAXParser not found
[INFO ] 2019-01-01 10:08:10,163 [repositories/kiln] POST data to repository
[INFO ] 2019-01-01 10:08:10,164 [repositories/kiln] no base URI specified, using dummy 'foo:bar'
[WARN ] 2019-01-01 10:08:10,164 [repositories/kiln] Class org.apache.xerces.parsers.SAXParser not found
[INFO ] 2019-01-01 10:10:27,237 [repositories/kiln] POST query -1227659729
[INFO ] 2019-01-01 10:10:27,894 [repositories/kiln] Request for query -1227659729 is finished
[INFO ] 2019-01-01 10:10:37,663 [repositories/kiln] POST query -1227659729
[INFO ] 2019-01-01 10:10:37,821 [repositories/kiln] Request for query -1227659729 is finished
[INFO ] 2019-01-01 10:10:50,903 [repositories/kiln] POST query -1227659729
[INFO ] 2019-01-01 10:10:50,953 [repositories/kiln] Request for query -1227659729 is finished
[INFO ] 2019-01-01 10:11:04,889 [repositories/kiln] POST query -1227659729
[INFO ] 2019-01-01 10:11:04,929 [repositories/kiln] Request for query -1227659729 is finished
[INFO ] 2019-01-01 10:11:19,135 [repositories/kiln] POST query -1227659729
[INFO ] 2019-01-01 10:11:19,177 [repositories/kiln] Request for query -1227659729 is finished
[INFO ] 2019-01-01 10:11:34,507 [repositories/kiln] POST query -1227659729
[INFO ] 2019-01-01 10:11:34,593 [repositories/kiln] Request for query -1227659729 is finished
[INFO ] 2019-01-01 10:11:49,226 [repositories/kiln] POST query -1227659729
[INFO ] 2019-01-01 10:11:49,256 [repositories/kiln] Request for query -1227659729 is finished
[INFO ] 2019-01-01 10:11:58,708 [repositories/kiln] POST query -1227659729
[INFO ] 2019-01-01 10:11:58,740 [repositories/kiln] Request for query -1227659729 is finished
[INFO ] 2019-01-01 10:21:52,724 [repositories/kiln] POST query -1227659729
[INFO ] 2019-01-01 10:21:52,757 [repositories/kiln] Request for query -1227659729 is finished
[INFO ] 2019-01-01 10:22:01,299 [repositories/kiln] POST query -1227659729
[INFO ] 2019-01-01 10:22:01,342 [repositories/kiln] Request for query -1227659729 is finished
[INFO ] 2019-01-01 10:22:17,475 [repositories/kiln] POST query -1227659729
[INFO ] 2019-01-01 10:22:17,505 [repositories/kiln] Request for query -1227659729 is finished
[INFO ] 2019-01-01 10:22:28,624 [repositories/kiln] POST query -1227659729
[INFO ] 2019-01-01 10:22:28,647 [repositories/kiln] Request for query -1227659729 is finished
[INFO ] 2019-01-01 10:22:32,048 [repositories/kiln] POST query -1227659729
[INFO ] 2019-01-01 10:22:32,087 [repositories/kiln] Request for query -1227659729 is finished
[INFO ] 2019-01-01 10:32:22,844 [repositories/kiln] POST query -1227659729
[INFO ] 2019-01-01 10:32:22,872 [repositories/kiln] Request for query -1227659729 is finished
[INFO ] 2019-01-01 10:34:01,327 [repositories/kiln] POST query -1227659729
[INFO ] 2019-01-01 10:34:01,358 [repositories/kiln] Request for query -1227659729 is finished
[INFO ] 2019-01-01 10:34:24,256 [repositories/kiln] POST query -1227659729
[INFO ] 2019-01-01 10:34:24,280 [repositories/kiln] Request for query -1227659729 is finished
[INFO ] 2019-01-01 10:34:31,745 [repositories/kiln] POST query -1227659729
[INFO ] 2019-01-01 10:34:31,797 [repositories/kiln] Request for query -1227659729 is finished
[INFO ] 2019-01-01 10:43:28,870 [repositories/kiln] POST query -1227659729
[INFO ] 2019-01-01 10:43:28,900 [repositories/kiln] Request for query -1227659729 is finished
[INFO ] 2019-01-01 10:43:36,913 [repositories/kiln] POST query -1227659729
[INFO ] 2019-01-01 10:43:36,938 [repositories/kiln] Request for query -1227659729 is finished
[INFO ] 2019-01-01 10:43:48,504 [repositories/kiln] POST query -1227659729
[INFO ] 2019-01-01 10:43:48,529 [repositories/kiln] Request for query -1227659729 is finished
[INFO ] 2019-01-01 10:44:00,367 [repositories/kiln] POST query -1227659729
[INFO ] 2019-01-01 10:44:00,393 [repositories/kiln] Request for query -1227659729 is finished
[INFO ] 2019-01-01 10:44:18,514 [repositories/kiln] POST query -1227659729
[INFO ] 2019-01-01 10:44:18,537 [repositories/kiln] Request for query -1227659729 is finished
[INFO ] 2019-01-01 11:21:20,366 [repositories/kiln] POST transaction to repository
[WARN ] 2019-01-01 11:21:20,553 [repositories/kiln] Class org.apache.xerces.parsers.SAXParser not found
[INFO ] 2019-01-01 11:21:21,117 [repositories/kiln] POST data to repository
[INFO ] 2019-01-01 11:21:21,120 [repositories/kiln] no base URI specified, using dummy 'foo:bar'
[WARN ] 2019-01-01 11:21:21,140 [repositories/kiln] Class org.apache.xerces.parsers.SAXParser not found
[INFO ] 2019-01-01 11:21:21,344 [repositories/kiln] POST transaction to repository
[WARN ] 2019-01-01 11:21:21,344 [repositories/kiln] Class org.apache.xerces.parsers.SAXParser not found
[INFO ] 2019-01-01 11:21:21,667 [repositories/kiln] POST data to repository
[INFO ] 2019-01-01 11:21:21,667 [repositories/kiln] no base URI specified, using dummy 'foo:bar'
[WARN ] 2019-01-01 11:21:21,668 [repositories/kiln] Class org.apache.xerces.parsers.SAXParser not found
[INFO ] 2019-01-01 11:21:21,828 [repositories/kiln] POST transaction to repository
[WARN ] 2019-01-01 11:21:21,828 [repositories/kiln] Class org.apache.xerces.parsers.SAXParser not found
[INFO ] 2019-01-01 11:21:22,118 [repositories/kiln] POST data to repository
[INFO ] 2019-01-01 11:21:22,118 [repositories/kiln] no base URI specified, using dummy 'foo:bar'
[WARN ] 2019-01-01 11:21:22,118 [repositories/kiln] Class org.apache.xerces.parsers.SAXParser not found
[INFO ] 2019-01-01 11:21:22,304 [repositories/kiln] POST transaction to repository
[WARN ] 2019-01-01 11:21:22,305 [repositories/kiln] Class org.apache.xerces.parsers.SAXParser not found
[INFO ] 2019-01-01 11:21:22,584 [repositories/kiln] POST data to repository
[INFO ] 2019-01-01 11:21:22,584 [repositories/kiln] no base URI specified, using dummy 'foo:bar'
[WARN ] 2019-01-01 11:21:22,585 [repositories/kiln] Class org.apache.xerces.parsers.SAXParser not found
[INFO ] 2019-01-01 11:21:22,745 [repositories/kiln] POST transaction to repository
[WARN ] 2019-01-01 11:21:22,746 [repositories/kiln] Class org.apache.xerces.parsers.SAXParser not found
[INFO ] 2019-01-01 11:21:23,021 [repositories/kiln] POST data to repository
[INFO ] 2019-01-01 11:21:23,021 [repositories/kiln] no base URI specified, using dummy 'foo:bar'
[WARN ] 2019-01-01 11:21:23,022 [repositories/kiln] Class org.apache.xerces.parsers.SAXParser not found
[INFO ] 2019-01-01 11:21:23,181 [repositories/kiln] POST transaction to repository
[WARN ] 2019-01-01 11:21:23,182 [repositories/kiln] Class org.apache.xerces.parsers.SAXParser not found
[INFO ] 2019-01-01 11:21:23,437 [repositories/kiln] POST data to repository
[INFO ] 2019-01-01 11:21:23,438 [repositories/kiln] no base URI specified, using dummy 'foo:bar'
[WARN ] 2019-01-01 11:21:23,438 [repositories/kiln] Class org.apache.xerces.parsers.SAXParser not found
[INFO ] 2019-01-01 11:21:23,593 [repositories/kiln] POST transaction to repository
[WARN ] 2019-01-01 11:21:23,594 [repositories/kiln] Class org.apache.xerces.parsers.SAXParser not found
[INFO ] 2019-01-01 11:21:23,865 [repositories/kiln] POST data to repository
[INFO ] 2019-01-01 11:21:23,865 [repositories/kiln] no base URI specified, using dummy 'foo:bar'
[WARN ] 2019-01-01 11:21:23,866 [repositories/kiln] Class org.apache.xerces.parsers.SAXParser not found
[INFO ] 2019-01-01 11:21:24,010 [repositories/kiln] POST transaction to repository
[WARN ] 2019-01-01 11:21:24,011 [repositories/kiln] Class org.apache.xerces.parsers.SAXParser not found
[INFO ] 2019-01-01 11:21:24,274 [repositories/kiln] POST data to repository
[INFO ] 2019-01-01 11:21:24,274 [repositories/kiln] no base URI specified, using dummy 'foo:bar'
[WARN ] 2019-01-01 11:21:24,275 [repositories/kiln] Class org.apache.xerces.parsers.SAXParser not found
[INFO ] 2019-01-01 11:21:24,443 [repositories/kiln] POST transaction to repository
[WARN ] 2019-01-01 11:21:24,444 [repositories/kiln] Class org.apache.xerces.parsers.SAXParser not found
[INFO ] 2019-01-01 11:21:24,746 [repositories/kiln] POST data to repository
[INFO ] 2019-01-01 11:21:24,746 [repositories/kiln] no base URI specified, using dummy 'foo:bar'
[WARN ] 2019-01-01 11:21:24,747 [repositories/kiln] Class org.apache.xerces.parsers.SAXParser not found
[INFO ] 2019-01-01 11:21:24,904 [repositories/kiln] POST transaction to repository
[WARN ] 2019-01-01 11:21:24,905 [repositories/kiln] Class org.apache.xerces.parsers.SAXParser not found
[INFO ] 2019-01-01 11:21:25,380 [repositories/kiln] POST data to repository
[INFO ] 2019-01-01 11:21:25,381 [repositories/kiln] no base URI specified, using dummy 'foo:bar'
[WARN ] 2019-01-01 11:21:25,381 [repositories/kiln] Class org.apache.xerces.parsers.SAXParser not found
[INFO ] 2019-01-01 11:21:25,529 [repositories/kiln] POST transaction to repository
[WARN ] 2019-01-01 11:21:25,529 [repositories/kiln] Class org.apache.xerces.parsers.SAXParser not found
[INFO ] 2019-01-01 11:21:25,904 [repositories/kiln] POST data to repository
[INFO ] 2019-01-01 11:21:25,904 [repositories/kiln] no base URI specified, using dummy 'foo:bar'
[WARN ] 2019-01-01 11:21:25,905 [repositories/kiln] Class org.apache.xerces.parsers.SAXParser not found
[INFO ] 2019-01-01 11:21:26,052 [repositories/kiln] POST transaction to repository
[WARN ] 2019-01-01 11:21:26,052 [repositories/kiln] Class org.apache.xerces.parsers.SAXParser not found
[INFO ] 2019-01-01 11:21:26,297 [repositories/kiln] POST data to repository
[INFO ] 2019-01-01 11:21:26,297 [repositories/kiln] no base URI specified, using dummy 'foo:bar'
[WARN ] 2019-01-01 11:21:26,298 [repositories/kiln] Class org.apache.xerces.parsers.SAXParser not found
[INFO ] 2019-01-01 11:21:26,442 [repositories/kiln] POST transaction to repository
[WARN ] 2019-01-01 11:21:26,443 [repositories/kiln] Class org.apache.xerces.parsers.SAXParser not found
[INFO ] 2019-01-01 11:21:26,722 [repositories/kiln] POST data to repository
[INFO ] 2019-01-01 11:21:26,722 [repositories/kiln] no base URI specified, using dummy 'foo:bar'
[WARN ] 2019-01-01 11:21:26,723 [repositories/kiln] Class org.apache.xerces.parsers.SAXParser not found
[INFO ] 2019-01-01 11:21:26,865 [repositories/kiln] POST transaction to repository
[WARN ] 2019-01-01 11:21:26,866 [repositories/kiln] Class org.apache.xerces.parsers.SAXParser not found
[INFO ] 2019-01-01 11:21:27,155 [repositories/kiln] POST data to repository
[INFO ] 2019-01-01 11:21:27,155 [repositories/kiln] no base URI specified, using dummy 'foo:bar'
[WARN ] 2019-01-01 11:21:27,155 [repositories/kiln] Class org.apache.xerces.parsers.SAXParser not found
[INFO ] 2019-01-01 11:21:27,299 [repositories/kiln] POST transaction to repository
[WARN ] 2019-01-01 11:21:27,299 [repositories/kiln] Class org.apache.xerces.parsers.SAXParser not found
[INFO ] 2019-01-01 11:21:27,567 [repositories/kiln] POST data to repository
[INFO ] 2019-01-01 11:21:27,567 [repositories/kiln] no base URI specified, using dummy 'foo:bar'
[WARN ] 2019-01-01 11:21:27,567 [repositories/kiln] Class org.apache.xerces.parsers.SAXParser not found
[INFO ] 2019-01-01 11:21:27,708 [repositories/kiln] POST transaction to repository
[WARN ] 2019-01-01 11:21:27,708 [repositories/kiln] Class org.apache.xerces.parsers.SAXParser not found
[INFO ] 2019-01-01 11:21:27,954 [repositories/kiln] POST data to repository
[INFO ] 2019-01-01 11:21:27,954 [repositories/kiln] no base URI specified, using dummy 'foo:bar'
[WARN ] 2019-01-01 11:21:27,955 [repositories/kiln] Class org.apache.xerces.parsers.SAXParser not found
[INFO ] 2019-01-01 11:21:28,120 [repositories/kiln] POST transaction to repository
[WARN ] 2019-01-01 11:21:28,121 [repositories/kiln] Class org.apache.xerces.parsers.SAXParser not found
[INFO ] 2019-01-01 11:21:28,371 [repositories/kiln] POST data to repository
[INFO ] 2019-01-01 11:21:28,371 [repositories/kiln] no base URI specified, using dummy 'foo:bar'
[WARN ] 2019-01-01 11:21:28,371 [repositories/kiln] Class org.apache.xerces.parsers.SAXParser not found
[INFO ] 2019-01-01 11:21:28,541 [repositories/kiln] POST transaction to repository
[WARN ] 2019-01-01 11:21:28,542 [repositories/kiln] Class org.apache.xerces.parsers.SAXParser not found
[INFO ] 2019-01-01 11:21:28,827 [repositories/kiln] POST data to repository
[INFO ] 2019-01-01 11:21:28,827 [repositories/kiln] no base URI specified, using dummy 'foo:bar'
[WARN ] 2019-01-01 11:21:28,828 [repositories/kiln] Class org.apache.xerces.parsers.SAXParser not found
[INFO ] 2019-01-01 11:21:28,973 [repositories/kiln] POST transaction to repository
[WARN ] 2019-01-01 11:21:28,974 [repositories/kiln] Class org.apache.xerces.parsers.SAXParser not found
[INFO ] 2019-01-01 11:21:29,242 [repositories/kiln] POST data to repository
[INFO ] 2019-01-01 11:21:29,242 [repositories/kiln] no base URI specified, using dummy 'foo:bar'
[WARN ] 2019-01-01 11:21:29,243 [repositories/kiln] Class org.apache.xerces.parsers.SAXParser not found
[INFO ] 2019-01-01 11:21:29,384 [repositories/kiln] POST transaction to repository
[WARN ] 2019-01-01 11:21:29,385 [repositories/kiln] Class org.apache.xerces.parsers.SAXParser not found
[INFO ] 2019-01-01 11:21:29,630 [repositories/kiln] POST data to repository
[INFO ] 2019-01-01 11:21:29,630 [repositories/kiln] no base URI specified, using dummy 'foo:bar'
[WARN ] 2019-01-01 11:21:29,630 [repositories/kiln] Class org.apache.xerces.parsers.SAXParser not found
[INFO ] 2019-01-01 11:21:29,810 [repositories/kiln] POST transaction to repository
[WARN ] 2019-01-01 11:21:29,810 [repositories/kiln] Class org.apache.xerces.parsers.SAXParser not found
[INFO ] 2019-01-01 11:21:30,058 [repositories/kiln] POST data to repository
[INFO ] 2019-01-01 11:21:30,058 [repositories/kiln] no base URI specified, using dummy 'foo:bar'
[WARN ] 2019-01-01 11:21:30,059 [repositories/kiln] Class org.apache.xerces.parsers.SAXParser not found
[INFO ] 2019-01-01 11:21:30,210 [repositories/kiln] POST transaction to repository
[WARN ] 2019-01-01 11:21:30,211 [repositories/kiln] Class org.apache.xerces.parsers.SAXParser not found
[INFO ] 2019-01-01 11:21:30,218 [repositories/kiln] POST data to repository
[INFO ] 2019-01-01 11:21:30,218 [repositories/kiln] no base URI specified, using dummy 'foo:bar'
[WARN ] 2019-01-01 11:21:30,219 [repositories/kiln] Class org.apache.xerces.parsers.SAXParser not found
[ERROR] 2019-01-01 11:21:30,314 [repositories/kiln] [Rio fatal] Fine del file anticipata. (1, 39)
[INFO ] 2019-01-01 11:21:30,314 [repositories/kiln] Client sent bad request (400): MALFORMED DATA: Fine del file anticipata. [line 1, column 39]
[INFO ] 2019-01-01 11:21:30,351 [repositories/kiln] POST transaction to repository
[WARN ] 2019-01-01 11:21:30,352 [repositories/kiln] Class org.apache.xerces.parsers.SAXParser not found
[WARN ] 2019-01-01 11:21:30,357 [repositories/kiln] Rolling back transaction due to connection close
java.lang.Throwable: null
	at org.openrdf.sail.helpers.SailConnectionBase.close(SailConnectionBase.java:240)
	at org.openrdf.sail.helpers.SailConnectionWrapper.close(SailConnectionWrapper.java:88)
	at org.openrdf.sail.helpers.SailConnectionWrapper.close(SailConnectionWrapper.java:88)
	at org.openrdf.repository.sail.SailRepositoryConnection.close(SailRepositoryConnection.java:129)
	at org.openrdf.http.server.repository.RepositoryInterceptor.cleanUpResources(RepositoryInterceptor.java:150)
	at org.openrdf.http.server.ServerInterceptor.afterCompletion(ServerInterceptor.java:55)
	at org.openrdf.http.server.ServerInterceptor$$FastClassByCGLIB$$966e62ef.invoke(<generated>)
	at net.sf.cglib.proxy.MethodProxy.invoke(MethodProxy.java:191)
	at org.springframework.aop.framework.Cglib2AopProxy$CglibMethodInvocation.invokeJoinpoint(Cglib2AopProxy.java:700)
	at org.springframework.aop.framework.ReflectiveMethodInvocation.proceed(ReflectiveMethodInvocation.java:149)
	at org.springframework.aop.support.DelegatingIntroductionInterceptor.doProceed(DelegatingIntroductionInterceptor.java:131)
	at org.springframework.aop.support.DelegatingIntroductionInterceptor.invoke(DelegatingIntroductionInterceptor.java:119)
	at org.springframework.aop.framework.ReflectiveMethodInvocation.proceed(ReflectiveMethodInvocation.java:171)
	at org.springframework.aop.framework.Cglib2AopProxy$DynamicAdvisedInterceptor.intercept(Cglib2AopProxy.java:635)
	at org.openrdf.http.server.repository.RepositoryInterceptor$$EnhancerByCGLIB$$27bc2a85.afterCompletion(<generated>)
	at org.springframework.web.servlet.DispatcherServlet.triggerAfterCompletion(DispatcherServlet.java:1244)
	at org.springframework.web.servlet.DispatcherServlet.doDispatch(DispatcherServlet.java:915)
	at org.springframework.web.servlet.DispatcherServlet.doService(DispatcherServlet.java:807)
	at org.springframework.web.servlet.FrameworkServlet.processRequest(FrameworkServlet.java:571)
	at org.springframework.web.servlet.FrameworkServlet.doPost(FrameworkServlet.java:511)
	at javax.servlet.http.HttpServlet.service(HttpServlet.java:755)
	at javax.servlet.http.HttpServlet.service(HttpServlet.java:848)
	at org.eclipse.jetty.servlet.ServletHolder.handle(ServletHolder.java:698)
	at org.eclipse.jetty.servlet.ServletHandler.doHandle(ServletHandler.java:505)
	at org.eclipse.jetty.server.handler.ScopedHandler.handle(ScopedHandler.java:138)
	at org.eclipse.jetty.security.SecurityHandler.handle(SecurityHandler.java:564)
	at org.eclipse.jetty.server.session.SessionHandler.doHandle(SessionHandler.java:213)
	at org.eclipse.jetty.server.handler.ContextHandler.doHandle(ContextHandler.java:1094)
	at org.eclipse.jetty.servlet.ServletHandler.doScope(ServletHandler.java:432)
	at org.eclipse.jetty.server.session.SessionHandler.doScope(SessionHandler.java:175)
	at org.eclipse.jetty.server.handler.ContextHandler.doScope(ContextHandler.java:1028)
	at org.eclipse.jetty.server.handler.ScopedHandler.handle(ScopedHandler.java:136)
	at org.eclipse.jetty.server.handler.ContextHandlerCollection.handle(ContextHandlerCollection.java:258)
	at org.eclipse.jetty.server.handler.HandlerCollection.handle(HandlerCollection.java:109)
	at org.eclipse.jetty.server.handler.HandlerWrapper.handle(HandlerWrapper.java:97)
	at org.eclipse.jetty.server.Server.handle(Server.java:445)
	at org.eclipse.jetty.server.HttpChannel.handle(HttpChannel.java:267)
	at org.eclipse.jetty.server.HttpConnection.onFillable(HttpConnection.java:224)
	at org.eclipse.jetty.io.AbstractConnection$ReadCallback.run(AbstractConnection.java:358)
	at org.eclipse.jetty.util.thread.QueuedThreadPool.runJob(QueuedThreadPool.java:601)
	at org.eclipse.jetty.util.thread.QueuedThreadPool$3.run(QueuedThreadPool.java:532)
	at java.lang.Thread.run(Unknown Source)
[INFO ] 2019-01-01 11:21:30,631 [repositories/kiln] POST data to repository
[INFO ] 2019-01-01 11:21:30,631 [repositories/kiln] no base URI specified, using dummy 'foo:bar'
[WARN ] 2019-01-01 11:21:30,632 [repositories/kiln] Class org.apache.xerces.parsers.SAXParser not found
[INFO ] 2019-01-01 11:21:30,780 [repositories/kiln] POST transaction to repository
[WARN ] 2019-01-01 11:21:30,780 [repositories/kiln] Class org.apache.xerces.parsers.SAXParser not found
[INFO ] 2019-01-01 11:21:31,061 [repositories/kiln] POST data to repository
[INFO ] 2019-01-01 11:21:31,061 [repositories/kiln] no base URI specified, using dummy 'foo:bar'
[WARN ] 2019-01-01 11:21:31,062 [repositories/kiln] Class org.apache.xerces.parsers.SAXParser not found
[INFO ] 2019-01-01 11:21:31,208 [repositories/kiln] POST transaction to repository
[WARN ] 2019-01-01 11:21:31,209 [repositories/kiln] Class org.apache.xerces.parsers.SAXParser not found
[INFO ] 2019-01-01 11:21:31,472 [repositories/kiln] POST data to repository
[INFO ] 2019-01-01 11:21:31,472 [repositories/kiln] no base URI specified, using dummy 'foo:bar'
[WARN ] 2019-01-01 11:21:31,474 [repositories/kiln] Class org.apache.xerces.parsers.SAXParser not found
[INFO ] 2019-01-01 11:21:31,617 [repositories/kiln] POST transaction to repository
[WARN ] 2019-01-01 11:21:31,618 [repositories/kiln] Class org.apache.xerces.parsers.SAXParser not found
[INFO ] 2019-01-01 11:21:31,844 [repositories/kiln] POST data to repository
[INFO ] 2019-01-01 11:21:31,844 [repositories/kiln] no base URI specified, using dummy 'foo:bar'
[WARN ] 2019-01-01 11:21:31,844 [repositories/kiln] Class org.apache.xerces.parsers.SAXParser not found
[INFO ] 2019-01-01 11:21:31,993 [repositories/kiln] POST transaction to repository
[WARN ] 2019-01-01 11:21:31,994 [repositories/kiln] Class org.apache.xerces.parsers.SAXParser not found
[INFO ] 2019-01-01 11:21:32,255 [repositories/kiln] POST data to repository
[INFO ] 2019-01-01 11:21:32,257 [repositories/kiln] no base URI specified, using dummy 'foo:bar'
[WARN ] 2019-01-01 11:21:32,257 [repositories/kiln] Class org.apache.xerces.parsers.SAXParser not found
[INFO ] 2019-01-01 11:21:32,421 [repositories/kiln] POST transaction to repository
[WARN ] 2019-01-01 11:21:32,421 [repositories/kiln] Class org.apache.xerces.parsers.SAXParser not found
[INFO ] 2019-01-01 11:21:32,744 [repositories/kiln] POST data to repository
[INFO ] 2019-01-01 11:21:32,744 [repositories/kiln] no base URI specified, using dummy 'foo:bar'
[WARN ] 2019-01-01 11:21:32,745 [repositories/kiln] Class org.apache.xerces.parsers.SAXParser not found
[INFO ] 2019-01-01 11:21:32,892 [repositories/kiln] POST transaction to repository
[WARN ] 2019-01-01 11:21:32,893 [repositories/kiln] Class org.apache.xerces.parsers.SAXParser not found
[INFO ] 2019-01-01 11:21:33,161 [repositories/kiln] POST data to repository
[INFO ] 2019-01-01 11:21:33,161 [repositories/kiln] no base URI specified, using dummy 'foo:bar'
[WARN ] 2019-01-01 11:21:33,161 [repositories/kiln] Class org.apache.xerces.parsers.SAXParser not found
[INFO ] 2019-01-01 11:21:33,303 [repositories/kiln] POST transaction to repository
[WARN ] 2019-01-01 11:21:33,304 [repositories/kiln] Class org.apache.xerces.parsers.SAXParser not found
[INFO ] 2019-01-01 11:21:33,547 [repositories/kiln] POST data to repository
[INFO ] 2019-01-01 11:21:33,547 [repositories/kiln] no base URI specified, using dummy 'foo:bar'
[WARN ] 2019-01-01 11:21:33,547 [repositories/kiln] Class org.apache.xerces.parsers.SAXParser not found
[INFO ] 2019-01-01 11:21:33,714 [repositories/kiln] POST transaction to repository
[WARN ] 2019-01-01 11:21:33,714 [repositories/kiln] Class org.apache.xerces.parsers.SAXParser not found
[INFO ] 2019-01-01 11:21:33,958 [repositories/kiln] POST data to repository
[INFO ] 2019-01-01 11:21:33,958 [repositories/kiln] no base URI specified, using dummy 'foo:bar'
[WARN ] 2019-01-01 11:21:33,959 [repositories/kiln] Class org.apache.xerces.parsers.SAXParser not found
[INFO ] 2019-01-01 11:21:34,105 [repositories/kiln] POST transaction to repository
[WARN ] 2019-01-01 11:21:34,105 [repositories/kiln] Class org.apache.xerces.parsers.SAXParser not found
[INFO ] 2019-01-01 11:21:34,408 [repositories/kiln] POST data to repository
[INFO ] 2019-01-01 11:21:34,408 [repositories/kiln] no base URI specified, using dummy 'foo:bar'
[WARN ] 2019-01-01 11:21:34,409 [repositories/kiln] Class org.apache.xerces.parsers.SAXParser not found
[INFO ] 2019-01-01 11:21:34,551 [repositories/kiln] POST transaction to repository
[WARN ] 2019-01-01 11:21:34,552 [repositories/kiln] Class org.apache.xerces.parsers.SAXParser not found
[INFO ] 2019-01-01 11:21:34,832 [repositories/kiln] POST data to repository
[INFO ] 2019-01-01 11:21:34,832 [repositories/kiln] no base URI specified, using dummy 'foo:bar'
[WARN ] 2019-01-01 11:21:34,833 [repositories/kiln] Class org.apache.xerces.parsers.SAXParser not found
[INFO ] 2019-01-01 11:21:34,975 [repositories/kiln] POST transaction to repository
[WARN ] 2019-01-01 11:21:34,976 [repositories/kiln] Class org.apache.xerces.parsers.SAXParser not found
[INFO ] 2019-01-01 11:21:35,223 [repositories/kiln] POST data to repository
[INFO ] 2019-01-01 11:21:35,223 [repositories/kiln] no base URI specified, using dummy 'foo:bar'
[WARN ] 2019-01-01 11:21:35,224 [repositories/kiln] Class org.apache.xerces.parsers.SAXParser not found
[INFO ] 2019-01-01 11:21:35,391 [repositories/kiln] POST transaction to repository
[WARN ] 2019-01-01 11:21:35,391 [repositories/kiln] Class org.apache.xerces.parsers.SAXParser not found
[INFO ] 2019-01-01 11:21:35,397 [repositories/kiln] POST data to repository
[INFO ] 2019-01-01 11:21:35,397 [repositories/kiln] no base URI specified, using dummy 'foo:bar'
[WARN ] 2019-01-01 11:21:35,397 [repositories/kiln] Class org.apache.xerces.parsers.SAXParser not found
[INFO ] 2019-01-01 11:21:35,434 [repositories/kiln] POST transaction to repository
[WARN ] 2019-01-01 11:21:35,435 [repositories/kiln] Class org.apache.xerces.parsers.SAXParser not found
[INFO ] 2019-01-01 11:21:35,441 [repositories/kiln] POST data to repository
[INFO ] 2019-01-01 11:21:35,441 [repositories/kiln] no base URI specified, using dummy 'foo:bar'
[WARN ] 2019-01-01 11:21:35,442 [repositories/kiln] Class org.apache.xerces.parsers.SAXParser not found
[INFO ] 2019-01-01 11:21:35,451 [repositories/kiln] POST transaction to repository
[WARN ] 2019-01-01 11:21:35,451 [repositories/kiln] Class org.apache.xerces.parsers.SAXParser not found
[INFO ] 2019-01-01 11:21:35,458 [repositories/kiln] POST data to repository
[INFO ] 2019-01-01 11:21:35,458 [repositories/kiln] no base URI specified, using dummy 'foo:bar'
[WARN ] 2019-01-01 11:21:35,458 [repositories/kiln] Class org.apache.xerces.parsers.SAXParser not found
[INFO ] 2019-01-01 11:21:35,467 [repositories/kiln] POST transaction to repository
[WARN ] 2019-01-01 11:21:35,468 [repositories/kiln] Class org.apache.xerces.parsers.SAXParser not found
[INFO ] 2019-01-01 11:21:35,474 [repositories/kiln] POST data to repository
[INFO ] 2019-01-01 11:21:35,474 [repositories/kiln] no base URI specified, using dummy 'foo:bar'
[WARN ] 2019-01-01 11:21:35,475 [repositories/kiln] Class org.apache.xerces.parsers.SAXParser not found
[INFO ] 2019-01-01 11:21:35,483 [repositories/kiln] POST transaction to repository
[WARN ] 2019-01-01 11:21:35,484 [repositories/kiln] Class org.apache.xerces.parsers.SAXParser not found
[INFO ] 2019-01-01 11:21:35,499 [repositories/kiln] POST data to repository
[INFO ] 2019-01-01 11:21:35,500 [repositories/kiln] no base URI specified, using dummy 'foo:bar'
[WARN ] 2019-01-01 11:21:35,500 [repositories/kiln] Class org.apache.xerces.parsers.SAXParser not found
[INFO ] 2019-01-01 11:21:35,512 [repositories/kiln] POST transaction to repository
[WARN ] 2019-01-01 11:21:35,512 [repositories/kiln] Class org.apache.xerces.parsers.SAXParser not found
[INFO ] 2019-01-01 11:21:35,519 [repositories/kiln] POST data to repository
[INFO ] 2019-01-01 11:21:35,519 [repositories/kiln] no base URI specified, using dummy 'foo:bar'
[WARN ] 2019-01-01 11:21:35,519 [repositories/kiln] Class org.apache.xerces.parsers.SAXParser not found
[INFO ] 2019-01-01 11:21:35,532 [repositories/kiln] POST transaction to repository
[WARN ] 2019-01-01 11:21:35,533 [repositories/kiln] Class org.apache.xerces.parsers.SAXParser not found
[INFO ] 2019-01-01 11:21:35,541 [repositories/kiln] POST data to repository
[INFO ] 2019-01-01 11:21:35,541 [repositories/kiln] no base URI specified, using dummy 'foo:bar'
[WARN ] 2019-01-01 11:21:35,542 [repositories/kiln] Class org.apache.xerces.parsers.SAXParser not found
[INFO ] 2019-01-01 11:21:35,551 [repositories/kiln] POST transaction to repository
[WARN ] 2019-01-01 11:21:35,552 [repositories/kiln] Class org.apache.xerces.parsers.SAXParser not found
[INFO ] 2019-01-01 11:21:35,558 [repositories/kiln] POST data to repository
[INFO ] 2019-01-01 11:21:35,559 [repositories/kiln] no base URI specified, using dummy 'foo:bar'
[WARN ] 2019-01-01 11:21:35,559 [repositories/kiln] Class org.apache.xerces.parsers.SAXParser not found
[INFO ] 2019-01-01 11:21:35,580 [repositories/kiln] POST transaction to repository
[WARN ] 2019-01-01 11:21:35,581 [repositories/kiln] Class org.apache.xerces.parsers.SAXParser not found
[INFO ] 2019-01-01 11:21:35,587 [repositories/kiln] POST data to repository
[INFO ] 2019-01-01 11:21:35,587 [repositories/kiln] no base URI specified, using dummy 'foo:bar'
[WARN ] 2019-01-01 11:21:35,588 [repositories/kiln] Class org.apache.xerces.parsers.SAXParser not found
[INFO ] 2019-01-01 11:21:35,598 [repositories/kiln] POST transaction to repository
[WARN ] 2019-01-01 11:21:35,599 [repositories/kiln] Class org.apache.xerces.parsers.SAXParser not found
[INFO ] 2019-01-01 11:21:35,605 [repositories/kiln] POST data to repository
[INFO ] 2019-01-01 11:21:35,605 [repositories/kiln] no base URI specified, using dummy 'foo:bar'
[WARN ] 2019-01-01 11:21:35,605 [repositories/kiln] Class org.apache.xerces.parsers.SAXParser not found
[INFO ] 2019-01-01 11:21:35,615 [repositories/kiln] POST transaction to repository
[WARN ] 2019-01-01 11:21:35,616 [repositories/kiln] Class org.apache.xerces.parsers.SAXParser not found
[INFO ] 2019-01-01 11:21:35,622 [repositories/kiln] POST data to repository
[INFO ] 2019-01-01 11:21:35,622 [repositories/kiln] no base URI specified, using dummy 'foo:bar'
[WARN ] 2019-01-01 11:21:35,623 [repositories/kiln] Class org.apache.xerces.parsers.SAXParser not found
[INFO ] 2019-01-01 11:21:35,633 [repositories/kiln] POST transaction to repository
[WARN ] 2019-01-01 11:21:35,634 [repositories/kiln] Class org.apache.xerces.parsers.SAXParser not found
[INFO ] 2019-01-01 11:21:35,641 [repositories/kiln] POST data to repository
[INFO ] 2019-01-01 11:21:35,641 [repositories/kiln] no base URI specified, using dummy 'foo:bar'
[WARN ] 2019-01-01 11:21:35,642 [repositories/kiln] Class org.apache.xerces.parsers.SAXParser not found
[INFO ] 2019-01-01 11:21:35,652 [repositories/kiln] POST transaction to repository
[WARN ] 2019-01-01 11:21:35,652 [repositories/kiln] Class org.apache.xerces.parsers.SAXParser not found
[INFO ] 2019-01-01 11:21:35,659 [repositories/kiln] POST data to repository
[INFO ] 2019-01-01 11:21:35,659 [repositories/kiln] no base URI specified, using dummy 'foo:bar'
[WARN ] 2019-01-01 11:21:35,660 [repositories/kiln] Class org.apache.xerces.parsers.SAXParser not found
[INFO ] 2019-01-01 11:21:35,669 [repositories/kiln] POST transaction to repository
[WARN ] 2019-01-01 11:21:35,670 [repositories/kiln] Class org.apache.xerces.parsers.SAXParser not found
[INFO ] 2019-01-01 11:21:35,678 [repositories/kiln] POST data to repository
[INFO ] 2019-01-01 11:21:35,678 [repositories/kiln] no base URI specified, using dummy 'foo:bar'
[WARN ] 2019-01-01 11:21:35,679 [repositories/kiln] Class org.apache.xerces.parsers.SAXParser not found
[INFO ] 2019-01-01 11:21:35,693 [repositories/kiln] POST transaction to repository
[WARN ] 2019-01-01 11:21:35,693 [repositories/kiln] Class org.apache.xerces.parsers.SAXParser not found
[INFO ] 2019-01-01 11:21:35,700 [repositories/kiln] POST data to repository
[INFO ] 2019-01-01 11:21:35,700 [repositories/kiln] no base URI specified, using dummy 'foo:bar'
[WARN ] 2019-01-01 11:21:35,701 [repositories/kiln] Class org.apache.xerces.parsers.SAXParser not found
[INFO ] 2019-01-01 11:21:35,714 [repositories/kiln] POST transaction to repository
[WARN ] 2019-01-01 11:21:35,715 [repositories/kiln] Class org.apache.xerces.parsers.SAXParser not found
[INFO ] 2019-01-01 11:21:35,722 [repositories/kiln] POST data to repository
[INFO ] 2019-01-01 11:21:35,722 [repositories/kiln] no base URI specified, using dummy 'foo:bar'
[WARN ] 2019-01-01 11:21:35,724 [repositories/kiln] Class org.apache.xerces.parsers.SAXParser not found
[INFO ] 2019-01-01 11:21:35,735 [repositories/kiln] POST transaction to repository
[WARN ] 2019-01-01 11:21:35,736 [repositories/kiln] Class org.apache.xerces.parsers.SAXParser not found
[INFO ] 2019-01-01 11:21:35,752 [repositories/kiln] POST data to repository
[INFO ] 2019-01-01 11:21:35,752 [repositories/kiln] no base URI specified, using dummy 'foo:bar'
[WARN ] 2019-01-01 11:21:35,752 [repositories/kiln] Class org.apache.xerces.parsers.SAXParser not found
[INFO ] 2019-01-01 11:21:35,762 [repositories/kiln] POST transaction to repository
[WARN ] 2019-01-01 11:21:35,763 [repositories/kiln] Class org.apache.xerces.parsers.SAXParser not found
[INFO ] 2019-01-01 11:21:35,792 [repositories/kiln] POST data to repository
[INFO ] 2019-01-01 11:21:35,792 [repositories/kiln] no base URI specified, using dummy 'foo:bar'
[WARN ] 2019-01-01 11:21:35,793 [repositories/kiln] Class org.apache.xerces.parsers.SAXParser not found
[INFO ] 2019-01-01 11:21:35,802 [repositories/kiln] POST transaction to repository
[WARN ] 2019-01-01 11:21:35,803 [repositories/kiln] Class org.apache.xerces.parsers.SAXParser not found
[INFO ] 2019-01-01 11:21:35,831 [repositories/kiln] POST data to repository
[INFO ] 2019-01-01 11:21:35,831 [repositories/kiln] no base URI specified, using dummy 'foo:bar'
[WARN ] 2019-01-01 11:21:35,831 [repositories/kiln] Class org.apache.xerces.parsers.SAXParser not found
[INFO ] 2019-01-01 11:21:35,841 [repositories/kiln] POST transaction to repository
[WARN ] 2019-01-01 11:21:35,842 [repositories/kiln] Class org.apache.xerces.parsers.SAXParser not found
[INFO ] 2019-01-01 11:21:35,850 [repositories/kiln] POST data to repository
[INFO ] 2019-01-01 11:21:35,850 [repositories/kiln] no base URI specified, using dummy 'foo:bar'
[WARN ] 2019-01-01 11:21:35,851 [repositories/kiln] Class org.apache.xerces.parsers.SAXParser not found
[INFO ] 2019-01-01 11:21:35,860 [repositories/kiln] POST transaction to repository
[WARN ] 2019-01-01 11:21:35,861 [repositories/kiln] Class org.apache.xerces.parsers.SAXParser not found
[INFO ] 2019-01-01 11:21:36,139 [repositories/kiln] POST data to repository
[INFO ] 2019-01-01 11:21:36,139 [repositories/kiln] no base URI specified, using dummy 'foo:bar'
[WARN ] 2019-01-01 11:21:36,140 [repositories/kiln] Class org.apache.xerces.parsers.SAXParser not found
[INFO ] 2019-01-01 11:21:51,321 [repositories/kiln] POST query -1227659729
[INFO ] 2019-01-01 11:21:51,376 [repositories/kiln] Request for query -1227659729 is finished
[INFO ] 2019-01-01 11:21:57,169 [repositories/kiln] POST query -1227659729
[INFO ] 2019-01-01 11:21:57,199 [repositories/kiln] Request for query -1227659729 is finished
[INFO ] 2019-01-01 11:22:49,140 [repositories/kiln] POST query -1227659729
[INFO ] 2019-01-01 11:22:49,215 [repositories/kiln] Request for query -1227659729 is finished
[INFO ] 2019-01-01 11:23:03,239 [repositories/kiln] POST query -1227659729
[INFO ] 2019-01-01 11:23:03,265 [repositories/kiln] Request for query -1227659729 is finished
[INFO ] 2019-01-01 11:24:36,945 [repositories/kiln] POST query -1227659729
[INFO ] 2019-01-01 11:24:36,974 [repositories/kiln] Request for query -1227659729 is finished
[INFO ] 2019-01-01 11:24:41,959 [repositories/kiln] POST query -1227659729
[INFO ] 2019-01-01 11:24:41,994 [repositories/kiln] Request for query -1227659729 is finished
[INFO ] 2019-01-01 11:24:51,444 [repositories/kiln] POST query -1227659729
[INFO ] 2019-01-01 11:24:51,475 [repositories/kiln] Request for query -1227659729 is finished
[INFO ] 2019-01-01 11:24:55,530 [repositories/kiln] POST query -1227659729
[INFO ] 2019-01-01 11:24:55,556 [repositories/kiln] Request for query -1227659729 is finished
